[2022-09-14 05:12:49,270] {taskinstance.py:1159} INFO - Dependencies all met for <TaskInstance: user_processing.extract_user __airflow_temporary_run_2022-09-14T05:12:47.933629+00:00__ [queued]>
[2022-09-14 05:12:49,279] {taskinstance.py:1159} INFO - Dependencies all met for <TaskInstance: user_processing.extract_user __airflow_temporary_run_2022-09-14T05:12:47.933629+00:00__ [queued]>
[2022-09-14 05:12:49,280] {taskinstance.py:1356} INFO - 
--------------------------------------------------------------------------------
[2022-09-14 05:12:49,281] {taskinstance.py:1357} INFO - Starting attempt 1 of 1
[2022-09-14 05:12:49,281] {taskinstance.py:1358} INFO - 
--------------------------------------------------------------------------------
[2022-09-14 05:12:49,291] {taskinstance.py:1377} INFO - Executing <Task(SimpleHttpOperator): extract_user> on 2022-09-14 00:00:00+00:00
[2022-09-14 05:12:49,300] {standard_task_runner.py:52} INFO - Started process 14211 to run task
[2022-09-14 05:12:49,310] {standard_task_runner.py:79} INFO - Running: ['***', 'tasks', 'run', 'user_processing', 'extract_user', '__***_temporary_run_2022-09-14T05:12:47.933629+00:00__', '--job-id', '42', '--raw', '--subdir', 'DAGS_FOLDER/user_processing.py', '--cfg-path', '/tmp/tmpqo48mq8g', '--error-file', '/tmp/tmpstpc50kv']
[2022-09-14 05:12:49,312] {standard_task_runner.py:80} INFO - Job 42: Subtask extract_user
[2022-09-14 05:12:49,374] {task_command.py:369} INFO - Running <TaskInstance: user_processing.extract_user __airflow_temporary_run_2022-09-14T05:12:47.933629+00:00__ [running]> on host 5282528dd996
[2022-09-14 05:12:49,475] {taskinstance.py:1571} INFO - Exporting the following env vars:
AIRFLOW_CTX_DAG_OWNER=***
AIRFLOW_CTX_DAG_ID=user_processing
AIRFLOW_CTX_TASK_ID=extract_user
AIRFLOW_CTX_EXECUTION_DATE=2022-09-14T00:00:00+00:00
AIRFLOW_CTX_TRY_NUMBER=1
AIRFLOW_CTX_DAG_RUN_ID=__***_temporary_run_2022-09-14T05:12:47.933629+00:00__
[2022-09-14 05:12:49,481] {http.py:102} INFO - Calling HTTP method
[2022-09-14 05:12:49,494] {base.py:68} INFO - Using connection ID 'user_api' for task execution.
[2022-09-14 05:12:49,496] {http.py:129} INFO - Sending 'GET' to url: https://randomuser.me/api/
[2022-09-14 05:12:54,381] {local_task_job.py:221} WARNING - State of this instance has been externally set to None. Terminating instance.
[2022-09-14 05:12:54,388] {process_utils.py:129} INFO - Sending Signals.SIGTERM to group 14211. PIDs of all processes in the group: [14211]
[2022-09-14 05:12:54,392] {process_utils.py:80} INFO - Sending the signal Signals.SIGTERM to group 14211
[2022-09-14 05:12:54,395] {taskinstance.py:1541} ERROR - Received SIGTERM. Terminating subprocesses.
[2022-09-14 05:12:54,415] {taskinstance.py:1889} ERROR - Task failed with exception
Traceback (most recent call last):
  File "/home/airflow/.local/lib/python3.7/site-packages/airflow/providers/http/operators/http.py", line 104, in execute
    response = http.run(self.endpoint, self.data, self.headers, self.extra_options)
  File "/home/airflow/.local/lib/python3.7/site-packages/airflow/providers/http/hooks/http.py", line 130, in run
    return self.run_and_check(session, prepped_request, extra_options)
  File "/home/airflow/.local/lib/python3.7/site-packages/airflow/providers/http/hooks/http.py", line 180, in run_and_check
    response = session.send(prepped_request, **send_kwargs)
  File "/home/airflow/.local/lib/python3.7/site-packages/requests/sessions.py", line 645, in send
    r = adapter.send(request, **kwargs)
  File "/home/airflow/.local/lib/python3.7/site-packages/requests/adapters.py", line 450, in send
    timeout=timeout
  File "/home/airflow/.local/lib/python3.7/site-packages/urllib3/connectionpool.py", line 710, in urlopen
    chunked=chunked,
  File "/home/airflow/.local/lib/python3.7/site-packages/urllib3/connectionpool.py", line 449, in _make_request
    six.raise_from(e, None)
  File "<string>", line 3, in raise_from
  File "/home/airflow/.local/lib/python3.7/site-packages/urllib3/connectionpool.py", line 444, in _make_request
    httplib_response = conn.getresponse()
  File "/usr/local/lib/python3.7/http/client.py", line 1373, in getresponse
    response.begin()
  File "/usr/local/lib/python3.7/http/client.py", line 319, in begin
    version, status, reason = self._read_status()
  File "/usr/local/lib/python3.7/http/client.py", line 280, in _read_status
    line = str(self.fp.readline(_MAXLINE + 1), "iso-8859-1")
  File "/usr/local/lib/python3.7/socket.py", line 589, in readinto
    return self._sock.recv_into(b)
  File "/usr/local/lib/python3.7/ssl.py", line 1071, in recv_into
    return self.read(nbytes, buffer)
  File "/usr/local/lib/python3.7/ssl.py", line 929, in read
    return self._sslobj.read(len, buffer)
  File "/home/airflow/.local/lib/python3.7/site-packages/airflow/models/taskinstance.py", line 1543, in signal_handler
    raise AirflowException("Task received SIGTERM signal")
airflow.exceptions.AirflowException: Task received SIGTERM signal
[2022-09-14 05:12:54,426] {taskinstance.py:1400} INFO - Marking task as FAILED. dag_id=user_processing, task_id=extract_user, execution_date=20220914T000000, start_date=20220914T051249, end_date=20220914T051254
[2022-09-14 05:12:54,437] {standard_task_runner.py:97} ERROR - Failed to execute job 42 for task extract_user ((psycopg2.errors.ForeignKeyViolation) insert or update on table "task_fail" violates foreign key constraint "task_fail_ti_fkey"
DETAIL:  Key (dag_id, task_id, run_id, map_index)=(user_processing, extract_user, __airflow_temporary_run_2022-09-14T05:12:47.933629+00:00__, -1) is not present in table "task_instance".

[SQL: INSERT INTO task_fail (task_id, dag_id, run_id, map_index, start_date, end_date, duration) VALUES (%(task_id)s, %(dag_id)s, %(run_id)s, %(map_index)s, %(start_date)s, %(end_date)s, %(duration)s) RETURNING task_fail.id]
[parameters: {'task_id': 'extract_user', 'dag_id': 'user_processing', 'run_id': '__airflow_temporary_run_2022-09-14T05:12:47.933629+00:00__', 'map_index': -1, 'start_date': datetime.datetime(2022, 9, 14, 5, 12, 49, 271989, tzinfo=Timezone('UTC')), 'end_date': datetime.datetime(2022, 9, 14, 5, 12, 54, 422201, tzinfo=Timezone('UTC')), 'duration': 5}]
(Background on this error at: http://sqlalche.me/e/14/gkpj); 14211)
[2022-09-14 05:12:54,487] {process_utils.py:75} INFO - Process psutil.Process(pid=14211, status='terminated', exitcode=1, started='05:12:48') (14211) terminated with exit code 1
