[2023-03-13 22:45:13,281] {taskinstance.py:1159} INFO - Dependencies all met for <TaskInstance: group_dag.transform_b scheduled__2023-03-12T00:00:00+00:00 [queued]>
[2023-03-13 22:45:13,305] {taskinstance.py:1159} INFO - Dependencies all met for <TaskInstance: group_dag.transform_b scheduled__2023-03-12T00:00:00+00:00 [queued]>
[2023-03-13 22:45:13,309] {taskinstance.py:1356} INFO - 
--------------------------------------------------------------------------------
[2023-03-13 22:45:13,316] {taskinstance.py:1357} INFO - Starting attempt 1 of 1
[2023-03-13 22:45:13,317] {taskinstance.py:1358} INFO - 
--------------------------------------------------------------------------------
[2023-03-13 22:45:13,347] {taskinstance.py:1377} INFO - Executing <Task(BashOperator): transform_b> on 2023-03-12 00:00:00+00:00
[2023-03-13 22:45:13,368] {standard_task_runner.py:52} INFO - Started process 9117 to run task
[2023-03-13 22:45:13,404] {standard_task_runner.py:79} INFO - Running: ['***', 'tasks', 'run', 'group_dag', 'transform_b', 'scheduled__2023-03-12T00:00:00+00:00', '--job-id', '176', '--raw', '--subdir', 'DAGS_FOLDER/group_dag.py', '--cfg-path', '/tmp/tmp_jf3c9_g', '--error-file', '/tmp/tmp3j06lyfs']
[2023-03-13 22:45:13,406] {standard_task_runner.py:80} INFO - Job 176: Subtask transform_b
[2023-03-13 22:45:13,519] {task_command.py:369} INFO - Running <TaskInstance: group_dag.transform_b scheduled__2023-03-12T00:00:00+00:00 [running]> on host 5282528dd996
[2023-03-13 22:45:13,662] {taskinstance.py:1571} INFO - Exporting the following env vars:
AIRFLOW_CTX_DAG_OWNER=***
AIRFLOW_CTX_DAG_ID=group_dag
AIRFLOW_CTX_TASK_ID=transform_b
AIRFLOW_CTX_EXECUTION_DATE=2023-03-12T00:00:00+00:00
AIRFLOW_CTX_TRY_NUMBER=1
AIRFLOW_CTX_DAG_RUN_ID=scheduled__2023-03-12T00:00:00+00:00
[2023-03-13 22:45:13,666] {subprocess.py:62} INFO - Tmp dir root location: 
 /tmp
[2023-03-13 22:45:13,670] {subprocess.py:74} INFO - Running command: ['bash', '-c', 'sleep 10']
[2023-03-13 22:45:13,713] {subprocess.py:85} INFO - Output:
[2023-03-13 22:45:23,722] {subprocess.py:96} INFO - Command exited with return code 0
[2023-03-13 22:45:23,792] {taskinstance.py:1400} INFO - Marking task as SUCCESS. dag_id=group_dag, task_id=transform_b, execution_date=20230312T000000, start_date=20230313T224513, end_date=20230313T224523
[2023-03-13 22:45:23,856] {local_task_job.py:156} INFO - Task exited with return code 0
[2023-03-13 22:45:23,924] {local_task_job.py:273} INFO - 0 downstream tasks scheduled from follow-on schedule check
