[2023-03-15 00:00:24,835] {processor.py:153} INFO - Started process (PID=87137) to work on /home/airflow/.local/lib/python3.7/site-packages/airflow/example_dags/example_external_task_marker_dag.py
[2023-03-15 00:00:24,836] {processor.py:641} INFO - Processing file /home/airflow/.local/lib/python3.7/site-packages/airflow/example_dags/example_external_task_marker_dag.py for tasks to queue
[2023-03-15 00:00:24,836] {logging_mixin.py:115} INFO - [2023-03-15 00:00:24,836] {dagbag.py:507} INFO - Filling up the DagBag from /home/airflow/.local/lib/python3.7/site-packages/airflow/example_dags/example_external_task_marker_dag.py
[2023-03-15 00:00:24,840] {processor.py:651} INFO - DAG(s) dict_keys(['example_external_task_marker_parent', 'example_external_task_marker_child']) retrieved from /home/airflow/.local/lib/python3.7/site-packages/airflow/example_dags/example_external_task_marker_dag.py
[2023-03-15 00:00:24,869] {logging_mixin.py:115} INFO - [2023-03-15 00:00:24,869] {dag.py:2371} INFO - Sync 2 DAGs
[2023-03-15 00:00:24,884] {logging_mixin.py:115} INFO - [2023-03-15 00:00:24,884] {dag.py:2919} INFO - Setting next_dagrun for example_external_task_marker_child to None, run_after=None
[2023-03-15 00:00:24,885] {logging_mixin.py:115} INFO - [2023-03-15 00:00:24,885] {dag.py:2919} INFO - Setting next_dagrun for example_external_task_marker_parent to None, run_after=None
[2023-03-15 00:00:24,892] {processor.py:161} INFO - Processing /home/airflow/.local/lib/python3.7/site-packages/airflow/example_dags/example_external_task_marker_dag.py took 0.060 seconds
[2023-03-15 00:00:55,535] {processor.py:153} INFO - Started process (PID=87203) to work on /home/airflow/.local/lib/python3.7/site-packages/airflow/example_dags/example_external_task_marker_dag.py
[2023-03-15 00:00:55,536] {processor.py:641} INFO - Processing file /home/airflow/.local/lib/python3.7/site-packages/airflow/example_dags/example_external_task_marker_dag.py for tasks to queue
[2023-03-15 00:00:55,536] {logging_mixin.py:115} INFO - [2023-03-15 00:00:55,536] {dagbag.py:507} INFO - Filling up the DagBag from /home/airflow/.local/lib/python3.7/site-packages/airflow/example_dags/example_external_task_marker_dag.py
[2023-03-15 00:00:55,540] {processor.py:651} INFO - DAG(s) dict_keys(['example_external_task_marker_parent', 'example_external_task_marker_child']) retrieved from /home/airflow/.local/lib/python3.7/site-packages/airflow/example_dags/example_external_task_marker_dag.py
[2023-03-15 00:00:55,568] {logging_mixin.py:115} INFO - [2023-03-15 00:00:55,568] {dag.py:2371} INFO - Sync 2 DAGs
[2023-03-15 00:00:55,581] {logging_mixin.py:115} INFO - [2023-03-15 00:00:55,581] {dag.py:2919} INFO - Setting next_dagrun for example_external_task_marker_child to None, run_after=None
[2023-03-15 00:00:55,582] {logging_mixin.py:115} INFO - [2023-03-15 00:00:55,582] {dag.py:2919} INFO - Setting next_dagrun for example_external_task_marker_parent to None, run_after=None
[2023-03-15 00:00:55,588] {processor.py:161} INFO - Processing /home/airflow/.local/lib/python3.7/site-packages/airflow/example_dags/example_external_task_marker_dag.py took 0.056 seconds
[2023-03-15 00:01:26,611] {processor.py:153} INFO - Started process (PID=87270) to work on /home/airflow/.local/lib/python3.7/site-packages/airflow/example_dags/example_external_task_marker_dag.py
[2023-03-15 00:01:26,613] {processor.py:641} INFO - Processing file /home/airflow/.local/lib/python3.7/site-packages/airflow/example_dags/example_external_task_marker_dag.py for tasks to queue
[2023-03-15 00:01:26,613] {logging_mixin.py:115} INFO - [2023-03-15 00:01:26,613] {dagbag.py:507} INFO - Filling up the DagBag from /home/airflow/.local/lib/python3.7/site-packages/airflow/example_dags/example_external_task_marker_dag.py
[2023-03-15 00:01:26,617] {processor.py:651} INFO - DAG(s) dict_keys(['example_external_task_marker_parent', 'example_external_task_marker_child']) retrieved from /home/airflow/.local/lib/python3.7/site-packages/airflow/example_dags/example_external_task_marker_dag.py
[2023-03-15 00:01:26,659] {logging_mixin.py:115} INFO - [2023-03-15 00:01:26,659] {dag.py:2371} INFO - Sync 2 DAGs
[2023-03-15 00:01:26,676] {logging_mixin.py:115} INFO - [2023-03-15 00:01:26,676] {dag.py:2919} INFO - Setting next_dagrun for example_external_task_marker_child to None, run_after=None
[2023-03-15 00:01:26,677] {logging_mixin.py:115} INFO - [2023-03-15 00:01:26,677] {dag.py:2919} INFO - Setting next_dagrun for example_external_task_marker_parent to None, run_after=None
[2023-03-15 00:01:26,684] {processor.py:161} INFO - Processing /home/airflow/.local/lib/python3.7/site-packages/airflow/example_dags/example_external_task_marker_dag.py took 0.075 seconds
[2023-03-15 00:01:58,274] {processor.py:153} INFO - Started process (PID=87337) to work on /home/airflow/.local/lib/python3.7/site-packages/airflow/example_dags/example_external_task_marker_dag.py
[2023-03-15 00:01:58,276] {processor.py:641} INFO - Processing file /home/airflow/.local/lib/python3.7/site-packages/airflow/example_dags/example_external_task_marker_dag.py for tasks to queue
[2023-03-15 00:01:58,277] {logging_mixin.py:115} INFO - [2023-03-15 00:01:58,277] {dagbag.py:507} INFO - Filling up the DagBag from /home/airflow/.local/lib/python3.7/site-packages/airflow/example_dags/example_external_task_marker_dag.py
[2023-03-15 00:01:58,286] {processor.py:651} INFO - DAG(s) dict_keys(['example_external_task_marker_parent', 'example_external_task_marker_child']) retrieved from /home/airflow/.local/lib/python3.7/site-packages/airflow/example_dags/example_external_task_marker_dag.py
[2023-03-15 00:01:58,344] {logging_mixin.py:115} INFO - [2023-03-15 00:01:58,344] {dag.py:2371} INFO - Sync 2 DAGs
[2023-03-15 00:01:58,404] {logging_mixin.py:115} INFO - [2023-03-15 00:01:58,403] {dag.py:2919} INFO - Setting next_dagrun for example_external_task_marker_child to None, run_after=None
[2023-03-15 00:01:58,407] {logging_mixin.py:115} INFO - [2023-03-15 00:01:58,406] {dag.py:2919} INFO - Setting next_dagrun for example_external_task_marker_parent to None, run_after=None
[2023-03-15 00:01:58,431] {processor.py:161} INFO - Processing /home/airflow/.local/lib/python3.7/site-packages/airflow/example_dags/example_external_task_marker_dag.py took 0.167 seconds
[2023-03-15 00:02:29,530] {processor.py:153} INFO - Started process (PID=87395) to work on /home/airflow/.local/lib/python3.7/site-packages/airflow/example_dags/example_external_task_marker_dag.py
[2023-03-15 00:02:29,536] {processor.py:641} INFO - Processing file /home/airflow/.local/lib/python3.7/site-packages/airflow/example_dags/example_external_task_marker_dag.py for tasks to queue
[2023-03-15 00:02:29,540] {logging_mixin.py:115} INFO - [2023-03-15 00:02:29,539] {dagbag.py:507} INFO - Filling up the DagBag from /home/airflow/.local/lib/python3.7/site-packages/airflow/example_dags/example_external_task_marker_dag.py
[2023-03-15 00:02:29,553] {processor.py:651} INFO - DAG(s) dict_keys(['example_external_task_marker_parent', 'example_external_task_marker_child']) retrieved from /home/airflow/.local/lib/python3.7/site-packages/airflow/example_dags/example_external_task_marker_dag.py
[2023-03-15 00:02:29,616] {logging_mixin.py:115} INFO - [2023-03-15 00:02:29,616] {dag.py:2371} INFO - Sync 2 DAGs
[2023-03-15 00:02:29,632] {logging_mixin.py:115} INFO - [2023-03-15 00:02:29,632] {dag.py:2919} INFO - Setting next_dagrun for example_external_task_marker_child to None, run_after=None
[2023-03-15 00:02:29,633] {logging_mixin.py:115} INFO - [2023-03-15 00:02:29,633] {dag.py:2919} INFO - Setting next_dagrun for example_external_task_marker_parent to None, run_after=None
[2023-03-15 00:02:29,643] {processor.py:161} INFO - Processing /home/airflow/.local/lib/python3.7/site-packages/airflow/example_dags/example_external_task_marker_dag.py took 0.129 seconds
[2023-03-15 00:02:59,763] {processor.py:153} INFO - Started process (PID=87461) to work on /home/airflow/.local/lib/python3.7/site-packages/airflow/example_dags/example_external_task_marker_dag.py
[2023-03-15 00:02:59,765] {processor.py:641} INFO - Processing file /home/airflow/.local/lib/python3.7/site-packages/airflow/example_dags/example_external_task_marker_dag.py for tasks to queue
[2023-03-15 00:02:59,767] {logging_mixin.py:115} INFO - [2023-03-15 00:02:59,767] {dagbag.py:507} INFO - Filling up the DagBag from /home/airflow/.local/lib/python3.7/site-packages/airflow/example_dags/example_external_task_marker_dag.py
[2023-03-15 00:02:59,775] {processor.py:651} INFO - DAG(s) dict_keys(['example_external_task_marker_parent', 'example_external_task_marker_child']) retrieved from /home/airflow/.local/lib/python3.7/site-packages/airflow/example_dags/example_external_task_marker_dag.py
[2023-03-15 00:02:59,816] {logging_mixin.py:115} INFO - [2023-03-15 00:02:59,816] {dag.py:2371} INFO - Sync 2 DAGs
[2023-03-15 00:02:59,830] {logging_mixin.py:115} INFO - [2023-03-15 00:02:59,830] {dag.py:2919} INFO - Setting next_dagrun for example_external_task_marker_child to None, run_after=None
[2023-03-15 00:02:59,831] {logging_mixin.py:115} INFO - [2023-03-15 00:02:59,831] {dag.py:2919} INFO - Setting next_dagrun for example_external_task_marker_parent to None, run_after=None
[2023-03-15 00:02:59,841] {processor.py:161} INFO - Processing /home/airflow/.local/lib/python3.7/site-packages/airflow/example_dags/example_external_task_marker_dag.py took 0.085 seconds
[2023-03-15 00:03:30,484] {processor.py:153} INFO - Started process (PID=87528) to work on /home/airflow/.local/lib/python3.7/site-packages/airflow/example_dags/example_external_task_marker_dag.py
[2023-03-15 00:03:30,485] {processor.py:641} INFO - Processing file /home/airflow/.local/lib/python3.7/site-packages/airflow/example_dags/example_external_task_marker_dag.py for tasks to queue
[2023-03-15 00:03:30,486] {logging_mixin.py:115} INFO - [2023-03-15 00:03:30,486] {dagbag.py:507} INFO - Filling up the DagBag from /home/airflow/.local/lib/python3.7/site-packages/airflow/example_dags/example_external_task_marker_dag.py
[2023-03-15 00:03:30,492] {processor.py:651} INFO - DAG(s) dict_keys(['example_external_task_marker_parent', 'example_external_task_marker_child']) retrieved from /home/airflow/.local/lib/python3.7/site-packages/airflow/example_dags/example_external_task_marker_dag.py
[2023-03-15 00:03:30,550] {logging_mixin.py:115} INFO - [2023-03-15 00:03:30,550] {dag.py:2371} INFO - Sync 2 DAGs
[2023-03-15 00:03:30,565] {logging_mixin.py:115} INFO - [2023-03-15 00:03:30,565] {dag.py:2919} INFO - Setting next_dagrun for example_external_task_marker_child to None, run_after=None
[2023-03-15 00:03:30,566] {logging_mixin.py:115} INFO - [2023-03-15 00:03:30,566] {dag.py:2919} INFO - Setting next_dagrun for example_external_task_marker_parent to None, run_after=None
[2023-03-15 00:03:30,575] {processor.py:161} INFO - Processing /home/airflow/.local/lib/python3.7/site-packages/airflow/example_dags/example_external_task_marker_dag.py took 0.095 seconds
[2023-03-15 00:04:00,779] {processor.py:153} INFO - Started process (PID=87586) to work on /home/airflow/.local/lib/python3.7/site-packages/airflow/example_dags/example_external_task_marker_dag.py
[2023-03-15 00:04:00,780] {processor.py:641} INFO - Processing file /home/airflow/.local/lib/python3.7/site-packages/airflow/example_dags/example_external_task_marker_dag.py for tasks to queue
[2023-03-15 00:04:00,782] {logging_mixin.py:115} INFO - [2023-03-15 00:04:00,782] {dagbag.py:507} INFO - Filling up the DagBag from /home/airflow/.local/lib/python3.7/site-packages/airflow/example_dags/example_external_task_marker_dag.py
[2023-03-15 00:04:00,802] {processor.py:651} INFO - DAG(s) dict_keys(['example_external_task_marker_parent', 'example_external_task_marker_child']) retrieved from /home/airflow/.local/lib/python3.7/site-packages/airflow/example_dags/example_external_task_marker_dag.py
[2023-03-15 00:04:01,009] {logging_mixin.py:115} INFO - [2023-03-15 00:04:01,008] {dag.py:2371} INFO - Sync 2 DAGs
[2023-03-15 00:04:01,067] {logging_mixin.py:115} INFO - [2023-03-15 00:04:01,067] {dag.py:2919} INFO - Setting next_dagrun for example_external_task_marker_child to None, run_after=None
[2023-03-15 00:04:01,069] {logging_mixin.py:115} INFO - [2023-03-15 00:04:01,069] {dag.py:2919} INFO - Setting next_dagrun for example_external_task_marker_parent to None, run_after=None
[2023-03-15 00:04:01,098] {processor.py:161} INFO - Processing /home/airflow/.local/lib/python3.7/site-packages/airflow/example_dags/example_external_task_marker_dag.py took 0.328 seconds
[2023-03-15 00:04:31,435] {processor.py:153} INFO - Started process (PID=87653) to work on /home/airflow/.local/lib/python3.7/site-packages/airflow/example_dags/example_external_task_marker_dag.py
[2023-03-15 00:04:31,437] {processor.py:641} INFO - Processing file /home/airflow/.local/lib/python3.7/site-packages/airflow/example_dags/example_external_task_marker_dag.py for tasks to queue
[2023-03-15 00:04:31,439] {logging_mixin.py:115} INFO - [2023-03-15 00:04:31,439] {dagbag.py:507} INFO - Filling up the DagBag from /home/airflow/.local/lib/python3.7/site-packages/airflow/example_dags/example_external_task_marker_dag.py
[2023-03-15 00:04:31,450] {processor.py:651} INFO - DAG(s) dict_keys(['example_external_task_marker_parent', 'example_external_task_marker_child']) retrieved from /home/airflow/.local/lib/python3.7/site-packages/airflow/example_dags/example_external_task_marker_dag.py
[2023-03-15 00:04:31,528] {logging_mixin.py:115} INFO - [2023-03-15 00:04:31,527] {dag.py:2371} INFO - Sync 2 DAGs
[2023-03-15 00:04:31,557] {logging_mixin.py:115} INFO - [2023-03-15 00:04:31,557] {dag.py:2919} INFO - Setting next_dagrun for example_external_task_marker_child to None, run_after=None
[2023-03-15 00:04:31,558] {logging_mixin.py:115} INFO - [2023-03-15 00:04:31,558] {dag.py:2919} INFO - Setting next_dagrun for example_external_task_marker_parent to None, run_after=None
[2023-03-15 00:04:31,576] {processor.py:161} INFO - Processing /home/airflow/.local/lib/python3.7/site-packages/airflow/example_dags/example_external_task_marker_dag.py took 0.148 seconds
[2023-03-15 00:05:02,130] {processor.py:153} INFO - Started process (PID=87720) to work on /home/airflow/.local/lib/python3.7/site-packages/airflow/example_dags/example_external_task_marker_dag.py
[2023-03-15 00:05:02,132] {processor.py:641} INFO - Processing file /home/airflow/.local/lib/python3.7/site-packages/airflow/example_dags/example_external_task_marker_dag.py for tasks to queue
[2023-03-15 00:05:02,135] {logging_mixin.py:115} INFO - [2023-03-15 00:05:02,135] {dagbag.py:507} INFO - Filling up the DagBag from /home/airflow/.local/lib/python3.7/site-packages/airflow/example_dags/example_external_task_marker_dag.py
[2023-03-15 00:05:02,143] {processor.py:651} INFO - DAG(s) dict_keys(['example_external_task_marker_parent', 'example_external_task_marker_child']) retrieved from /home/airflow/.local/lib/python3.7/site-packages/airflow/example_dags/example_external_task_marker_dag.py
[2023-03-15 00:05:02,191] {logging_mixin.py:115} INFO - [2023-03-15 00:05:02,190] {dag.py:2371} INFO - Sync 2 DAGs
[2023-03-15 00:05:02,211] {logging_mixin.py:115} INFO - [2023-03-15 00:05:02,211] {dag.py:2919} INFO - Setting next_dagrun for example_external_task_marker_child to None, run_after=None
[2023-03-15 00:05:02,212] {logging_mixin.py:115} INFO - [2023-03-15 00:05:02,211] {dag.py:2919} INFO - Setting next_dagrun for example_external_task_marker_parent to None, run_after=None
[2023-03-15 00:05:02,220] {processor.py:161} INFO - Processing /home/airflow/.local/lib/python3.7/site-packages/airflow/example_dags/example_external_task_marker_dag.py took 0.096 seconds
[2023-03-15 00:05:32,615] {processor.py:153} INFO - Started process (PID=87787) to work on /home/airflow/.local/lib/python3.7/site-packages/airflow/example_dags/example_external_task_marker_dag.py
[2023-03-15 00:05:32,616] {processor.py:641} INFO - Processing file /home/airflow/.local/lib/python3.7/site-packages/airflow/example_dags/example_external_task_marker_dag.py for tasks to queue
[2023-03-15 00:05:32,617] {logging_mixin.py:115} INFO - [2023-03-15 00:05:32,617] {dagbag.py:507} INFO - Filling up the DagBag from /home/airflow/.local/lib/python3.7/site-packages/airflow/example_dags/example_external_task_marker_dag.py
[2023-03-15 00:05:32,628] {processor.py:651} INFO - DAG(s) dict_keys(['example_external_task_marker_parent', 'example_external_task_marker_child']) retrieved from /home/airflow/.local/lib/python3.7/site-packages/airflow/example_dags/example_external_task_marker_dag.py
[2023-03-15 00:05:32,673] {logging_mixin.py:115} INFO - [2023-03-15 00:05:32,673] {dag.py:2371} INFO - Sync 2 DAGs
[2023-03-15 00:05:32,691] {logging_mixin.py:115} INFO - [2023-03-15 00:05:32,691] {dag.py:2919} INFO - Setting next_dagrun for example_external_task_marker_child to None, run_after=None
[2023-03-15 00:05:32,695] {logging_mixin.py:115} INFO - [2023-03-15 00:05:32,695] {dag.py:2919} INFO - Setting next_dagrun for example_external_task_marker_parent to None, run_after=None
[2023-03-15 00:05:32,708] {processor.py:161} INFO - Processing /home/airflow/.local/lib/python3.7/site-packages/airflow/example_dags/example_external_task_marker_dag.py took 0.102 seconds
[2023-03-15 00:06:03,100] {processor.py:153} INFO - Started process (PID=87846) to work on /home/airflow/.local/lib/python3.7/site-packages/airflow/example_dags/example_external_task_marker_dag.py
[2023-03-15 00:06:03,103] {processor.py:641} INFO - Processing file /home/airflow/.local/lib/python3.7/site-packages/airflow/example_dags/example_external_task_marker_dag.py for tasks to queue
[2023-03-15 00:06:03,105] {logging_mixin.py:115} INFO - [2023-03-15 00:06:03,105] {dagbag.py:507} INFO - Filling up the DagBag from /home/airflow/.local/lib/python3.7/site-packages/airflow/example_dags/example_external_task_marker_dag.py
[2023-03-15 00:06:03,127] {processor.py:651} INFO - DAG(s) dict_keys(['example_external_task_marker_parent', 'example_external_task_marker_child']) retrieved from /home/airflow/.local/lib/python3.7/site-packages/airflow/example_dags/example_external_task_marker_dag.py
[2023-03-15 00:06:03,205] {logging_mixin.py:115} INFO - [2023-03-15 00:06:03,205] {dag.py:2371} INFO - Sync 2 DAGs
[2023-03-15 00:06:03,223] {logging_mixin.py:115} INFO - [2023-03-15 00:06:03,223] {dag.py:2919} INFO - Setting next_dagrun for example_external_task_marker_child to None, run_after=None
[2023-03-15 00:06:03,224] {logging_mixin.py:115} INFO - [2023-03-15 00:06:03,224] {dag.py:2919} INFO - Setting next_dagrun for example_external_task_marker_parent to None, run_after=None
[2023-03-15 00:06:03,240] {processor.py:161} INFO - Processing /home/airflow/.local/lib/python3.7/site-packages/airflow/example_dags/example_external_task_marker_dag.py took 0.151 seconds
[2023-03-15 00:06:33,638] {processor.py:153} INFO - Started process (PID=87914) to work on /home/airflow/.local/lib/python3.7/site-packages/airflow/example_dags/example_external_task_marker_dag.py
[2023-03-15 00:06:33,641] {processor.py:641} INFO - Processing file /home/airflow/.local/lib/python3.7/site-packages/airflow/example_dags/example_external_task_marker_dag.py for tasks to queue
[2023-03-15 00:06:33,642] {logging_mixin.py:115} INFO - [2023-03-15 00:06:33,642] {dagbag.py:507} INFO - Filling up the DagBag from /home/airflow/.local/lib/python3.7/site-packages/airflow/example_dags/example_external_task_marker_dag.py
[2023-03-15 00:06:33,649] {processor.py:651} INFO - DAG(s) dict_keys(['example_external_task_marker_parent', 'example_external_task_marker_child']) retrieved from /home/airflow/.local/lib/python3.7/site-packages/airflow/example_dags/example_external_task_marker_dag.py
[2023-03-15 00:06:33,692] {logging_mixin.py:115} INFO - [2023-03-15 00:06:33,692] {dag.py:2371} INFO - Sync 2 DAGs
[2023-03-15 00:06:33,704] {logging_mixin.py:115} INFO - [2023-03-15 00:06:33,704] {dag.py:2919} INFO - Setting next_dagrun for example_external_task_marker_child to None, run_after=None
[2023-03-15 00:06:33,705] {logging_mixin.py:115} INFO - [2023-03-15 00:06:33,704] {dag.py:2919} INFO - Setting next_dagrun for example_external_task_marker_parent to None, run_after=None
[2023-03-15 00:06:33,711] {processor.py:161} INFO - Processing /home/airflow/.local/lib/python3.7/site-packages/airflow/example_dags/example_external_task_marker_dag.py took 0.080 seconds
[2023-03-15 00:07:03,776] {processor.py:153} INFO - Started process (PID=87982) to work on /home/airflow/.local/lib/python3.7/site-packages/airflow/example_dags/example_external_task_marker_dag.py
[2023-03-15 00:07:03,778] {processor.py:641} INFO - Processing file /home/airflow/.local/lib/python3.7/site-packages/airflow/example_dags/example_external_task_marker_dag.py for tasks to queue
[2023-03-15 00:07:03,778] {logging_mixin.py:115} INFO - [2023-03-15 00:07:03,778] {dagbag.py:507} INFO - Filling up the DagBag from /home/airflow/.local/lib/python3.7/site-packages/airflow/example_dags/example_external_task_marker_dag.py
[2023-03-15 00:07:03,782] {processor.py:651} INFO - DAG(s) dict_keys(['example_external_task_marker_parent', 'example_external_task_marker_child']) retrieved from /home/airflow/.local/lib/python3.7/site-packages/airflow/example_dags/example_external_task_marker_dag.py
[2023-03-15 00:07:03,822] {logging_mixin.py:115} INFO - [2023-03-15 00:07:03,822] {dag.py:2371} INFO - Sync 2 DAGs
[2023-03-15 00:07:03,842] {logging_mixin.py:115} INFO - [2023-03-15 00:07:03,842] {dag.py:2919} INFO - Setting next_dagrun for example_external_task_marker_child to None, run_after=None
[2023-03-15 00:07:03,843] {logging_mixin.py:115} INFO - [2023-03-15 00:07:03,842] {dag.py:2919} INFO - Setting next_dagrun for example_external_task_marker_parent to None, run_after=None
[2023-03-15 00:07:03,851] {processor.py:161} INFO - Processing /home/airflow/.local/lib/python3.7/site-packages/airflow/example_dags/example_external_task_marker_dag.py took 0.077 seconds
[2023-03-15 00:07:34,793] {processor.py:153} INFO - Started process (PID=88050) to work on /home/airflow/.local/lib/python3.7/site-packages/airflow/example_dags/example_external_task_marker_dag.py
[2023-03-15 00:07:34,794] {processor.py:641} INFO - Processing file /home/airflow/.local/lib/python3.7/site-packages/airflow/example_dags/example_external_task_marker_dag.py for tasks to queue
[2023-03-15 00:07:34,795] {logging_mixin.py:115} INFO - [2023-03-15 00:07:34,795] {dagbag.py:507} INFO - Filling up the DagBag from /home/airflow/.local/lib/python3.7/site-packages/airflow/example_dags/example_external_task_marker_dag.py
[2023-03-15 00:07:34,798] {processor.py:651} INFO - DAG(s) dict_keys(['example_external_task_marker_parent', 'example_external_task_marker_child']) retrieved from /home/airflow/.local/lib/python3.7/site-packages/airflow/example_dags/example_external_task_marker_dag.py
[2023-03-15 00:07:34,853] {logging_mixin.py:115} INFO - [2023-03-15 00:07:34,853] {dag.py:2371} INFO - Sync 2 DAGs
[2023-03-15 00:07:34,878] {logging_mixin.py:115} INFO - [2023-03-15 00:07:34,878] {dag.py:2919} INFO - Setting next_dagrun for example_external_task_marker_child to None, run_after=None
[2023-03-15 00:07:34,879] {logging_mixin.py:115} INFO - [2023-03-15 00:07:34,879] {dag.py:2919} INFO - Setting next_dagrun for example_external_task_marker_parent to None, run_after=None
[2023-03-15 00:07:34,890] {processor.py:161} INFO - Processing /home/airflow/.local/lib/python3.7/site-packages/airflow/example_dags/example_external_task_marker_dag.py took 0.099 seconds
