[2023-03-15 00:00:27,558] {processor.py:153} INFO - Started process (PID=87148) to work on /home/airflow/.local/lib/python3.7/site-packages/airflow/example_dags/example_branch_labels.py
[2023-03-15 00:00:27,559] {processor.py:641} INFO - Processing file /home/airflow/.local/lib/python3.7/site-packages/airflow/example_dags/example_branch_labels.py for tasks to queue
[2023-03-15 00:00:27,559] {logging_mixin.py:115} INFO - [2023-03-15 00:00:27,559] {dagbag.py:507} INFO - Filling up the DagBag from /home/airflow/.local/lib/python3.7/site-packages/airflow/example_dags/example_branch_labels.py
[2023-03-15 00:00:27,564] {processor.py:651} INFO - DAG(s) dict_keys(['example_branch_labels']) retrieved from /home/airflow/.local/lib/python3.7/site-packages/airflow/example_dags/example_branch_labels.py
[2023-03-15 00:00:27,585] {logging_mixin.py:115} INFO - [2023-03-15 00:00:27,585] {dag.py:2371} INFO - Sync 1 DAGs
[2023-03-15 00:00:27,598] {logging_mixin.py:115} INFO - [2023-03-15 00:00:27,598] {dag.py:2919} INFO - Setting next_dagrun for example_branch_labels to 2023-03-14T00:00:00+00:00, run_after=2023-03-15T00:00:00+00:00
[2023-03-15 00:00:27,605] {processor.py:161} INFO - Processing /home/airflow/.local/lib/python3.7/site-packages/airflow/example_dags/example_branch_labels.py took 0.050 seconds
[2023-03-15 00:00:58,017] {processor.py:153} INFO - Started process (PID=87214) to work on /home/airflow/.local/lib/python3.7/site-packages/airflow/example_dags/example_branch_labels.py
[2023-03-15 00:00:58,018] {processor.py:641} INFO - Processing file /home/airflow/.local/lib/python3.7/site-packages/airflow/example_dags/example_branch_labels.py for tasks to queue
[2023-03-15 00:00:58,019] {logging_mixin.py:115} INFO - [2023-03-15 00:00:58,019] {dagbag.py:507} INFO - Filling up the DagBag from /home/airflow/.local/lib/python3.7/site-packages/airflow/example_dags/example_branch_labels.py
[2023-03-15 00:00:58,023] {processor.py:651} INFO - DAG(s) dict_keys(['example_branch_labels']) retrieved from /home/airflow/.local/lib/python3.7/site-packages/airflow/example_dags/example_branch_labels.py
[2023-03-15 00:00:58,043] {logging_mixin.py:115} INFO - [2023-03-15 00:00:58,043] {dag.py:2371} INFO - Sync 1 DAGs
[2023-03-15 00:00:58,058] {logging_mixin.py:115} INFO - [2023-03-15 00:00:58,058] {dag.py:2919} INFO - Setting next_dagrun for example_branch_labels to 2023-03-14T00:00:00+00:00, run_after=2023-03-15T00:00:00+00:00
[2023-03-15 00:00:58,065] {processor.py:161} INFO - Processing /home/airflow/.local/lib/python3.7/site-packages/airflow/example_dags/example_branch_labels.py took 0.050 seconds
[2023-03-15 00:01:28,156] {processor.py:153} INFO - Started process (PID=87281) to work on /home/airflow/.local/lib/python3.7/site-packages/airflow/example_dags/example_branch_labels.py
[2023-03-15 00:01:28,157] {processor.py:641} INFO - Processing file /home/airflow/.local/lib/python3.7/site-packages/airflow/example_dags/example_branch_labels.py for tasks to queue
[2023-03-15 00:01:28,158] {logging_mixin.py:115} INFO - [2023-03-15 00:01:28,158] {dagbag.py:507} INFO - Filling up the DagBag from /home/airflow/.local/lib/python3.7/site-packages/airflow/example_dags/example_branch_labels.py
[2023-03-15 00:01:28,163] {processor.py:651} INFO - DAG(s) dict_keys(['example_branch_labels']) retrieved from /home/airflow/.local/lib/python3.7/site-packages/airflow/example_dags/example_branch_labels.py
[2023-03-15 00:01:28,183] {logging_mixin.py:115} INFO - [2023-03-15 00:01:28,183] {dag.py:2371} INFO - Sync 1 DAGs
[2023-03-15 00:01:28,197] {logging_mixin.py:115} INFO - [2023-03-15 00:01:28,197] {dag.py:2919} INFO - Setting next_dagrun for example_branch_labels to 2023-03-14T00:00:00+00:00, run_after=2023-03-15T00:00:00+00:00
[2023-03-15 00:01:28,204] {processor.py:161} INFO - Processing /home/airflow/.local/lib/python3.7/site-packages/airflow/example_dags/example_branch_labels.py took 0.050 seconds
[2023-03-15 00:01:59,613] {processor.py:153} INFO - Started process (PID=87348) to work on /home/airflow/.local/lib/python3.7/site-packages/airflow/example_dags/example_branch_labels.py
[2023-03-15 00:01:59,615] {processor.py:641} INFO - Processing file /home/airflow/.local/lib/python3.7/site-packages/airflow/example_dags/example_branch_labels.py for tasks to queue
[2023-03-15 00:01:59,615] {logging_mixin.py:115} INFO - [2023-03-15 00:01:59,615] {dagbag.py:507} INFO - Filling up the DagBag from /home/airflow/.local/lib/python3.7/site-packages/airflow/example_dags/example_branch_labels.py
[2023-03-15 00:01:59,620] {processor.py:651} INFO - DAG(s) dict_keys(['example_branch_labels']) retrieved from /home/airflow/.local/lib/python3.7/site-packages/airflow/example_dags/example_branch_labels.py
[2023-03-15 00:01:59,650] {logging_mixin.py:115} INFO - [2023-03-15 00:01:59,650] {dag.py:2371} INFO - Sync 1 DAGs
[2023-03-15 00:01:59,667] {logging_mixin.py:115} INFO - [2023-03-15 00:01:59,667] {dag.py:2919} INFO - Setting next_dagrun for example_branch_labels to 2023-03-14T00:00:00+00:00, run_after=2023-03-15T00:00:00+00:00
[2023-03-15 00:01:59,674] {processor.py:161} INFO - Processing /home/airflow/.local/lib/python3.7/site-packages/airflow/example_dags/example_branch_labels.py took 0.064 seconds
[2023-03-15 00:02:30,038] {processor.py:153} INFO - Started process (PID=87406) to work on /home/airflow/.local/lib/python3.7/site-packages/airflow/example_dags/example_branch_labels.py
[2023-03-15 00:02:30,039] {processor.py:641} INFO - Processing file /home/airflow/.local/lib/python3.7/site-packages/airflow/example_dags/example_branch_labels.py for tasks to queue
[2023-03-15 00:02:30,039] {logging_mixin.py:115} INFO - [2023-03-15 00:02:30,039] {dagbag.py:507} INFO - Filling up the DagBag from /home/airflow/.local/lib/python3.7/site-packages/airflow/example_dags/example_branch_labels.py
[2023-03-15 00:02:30,044] {processor.py:651} INFO - DAG(s) dict_keys(['example_branch_labels']) retrieved from /home/airflow/.local/lib/python3.7/site-packages/airflow/example_dags/example_branch_labels.py
[2023-03-15 00:02:30,066] {logging_mixin.py:115} INFO - [2023-03-15 00:02:30,066] {dag.py:2371} INFO - Sync 1 DAGs
[2023-03-15 00:02:30,082] {logging_mixin.py:115} INFO - [2023-03-15 00:02:30,082] {dag.py:2919} INFO - Setting next_dagrun for example_branch_labels to 2023-03-14T00:00:00+00:00, run_after=2023-03-15T00:00:00+00:00
[2023-03-15 00:02:30,089] {processor.py:161} INFO - Processing /home/airflow/.local/lib/python3.7/site-packages/airflow/example_dags/example_branch_labels.py took 0.053 seconds
[2023-03-15 00:03:00,280] {processor.py:153} INFO - Started process (PID=87472) to work on /home/airflow/.local/lib/python3.7/site-packages/airflow/example_dags/example_branch_labels.py
[2023-03-15 00:03:00,281] {processor.py:641} INFO - Processing file /home/airflow/.local/lib/python3.7/site-packages/airflow/example_dags/example_branch_labels.py for tasks to queue
[2023-03-15 00:03:00,282] {logging_mixin.py:115} INFO - [2023-03-15 00:03:00,282] {dagbag.py:507} INFO - Filling up the DagBag from /home/airflow/.local/lib/python3.7/site-packages/airflow/example_dags/example_branch_labels.py
[2023-03-15 00:03:00,287] {processor.py:651} INFO - DAG(s) dict_keys(['example_branch_labels']) retrieved from /home/airflow/.local/lib/python3.7/site-packages/airflow/example_dags/example_branch_labels.py
[2023-03-15 00:03:00,308] {logging_mixin.py:115} INFO - [2023-03-15 00:03:00,308] {dag.py:2371} INFO - Sync 1 DAGs
[2023-03-15 00:03:00,322] {logging_mixin.py:115} INFO - [2023-03-15 00:03:00,321] {dag.py:2919} INFO - Setting next_dagrun for example_branch_labels to 2023-03-14T00:00:00+00:00, run_after=2023-03-15T00:00:00+00:00
[2023-03-15 00:03:00,330] {processor.py:161} INFO - Processing /home/airflow/.local/lib/python3.7/site-packages/airflow/example_dags/example_branch_labels.py took 0.052 seconds
[2023-03-15 00:03:30,940] {processor.py:153} INFO - Started process (PID=87539) to work on /home/airflow/.local/lib/python3.7/site-packages/airflow/example_dags/example_branch_labels.py
[2023-03-15 00:03:30,942] {processor.py:641} INFO - Processing file /home/airflow/.local/lib/python3.7/site-packages/airflow/example_dags/example_branch_labels.py for tasks to queue
[2023-03-15 00:03:30,943] {logging_mixin.py:115} INFO - [2023-03-15 00:03:30,943] {dagbag.py:507} INFO - Filling up the DagBag from /home/airflow/.local/lib/python3.7/site-packages/airflow/example_dags/example_branch_labels.py
[2023-03-15 00:03:30,947] {processor.py:651} INFO - DAG(s) dict_keys(['example_branch_labels']) retrieved from /home/airflow/.local/lib/python3.7/site-packages/airflow/example_dags/example_branch_labels.py
[2023-03-15 00:03:30,968] {logging_mixin.py:115} INFO - [2023-03-15 00:03:30,968] {dag.py:2371} INFO - Sync 1 DAGs
[2023-03-15 00:03:30,984] {logging_mixin.py:115} INFO - [2023-03-15 00:03:30,984] {dag.py:2919} INFO - Setting next_dagrun for example_branch_labels to 2023-03-14T00:00:00+00:00, run_after=2023-03-15T00:00:00+00:00
[2023-03-15 00:03:30,994] {processor.py:161} INFO - Processing /home/airflow/.local/lib/python3.7/site-packages/airflow/example_dags/example_branch_labels.py took 0.056 seconds
[2023-03-15 00:04:01,857] {processor.py:153} INFO - Started process (PID=87606) to work on /home/airflow/.local/lib/python3.7/site-packages/airflow/example_dags/example_branch_labels.py
[2023-03-15 00:04:01,859] {processor.py:641} INFO - Processing file /home/airflow/.local/lib/python3.7/site-packages/airflow/example_dags/example_branch_labels.py for tasks to queue
[2023-03-15 00:04:01,865] {logging_mixin.py:115} INFO - [2023-03-15 00:04:01,865] {dagbag.py:507} INFO - Filling up the DagBag from /home/airflow/.local/lib/python3.7/site-packages/airflow/example_dags/example_branch_labels.py
[2023-03-15 00:04:01,873] {processor.py:651} INFO - DAG(s) dict_keys(['example_branch_labels']) retrieved from /home/airflow/.local/lib/python3.7/site-packages/airflow/example_dags/example_branch_labels.py
[2023-03-15 00:04:01,904] {logging_mixin.py:115} INFO - [2023-03-15 00:04:01,903] {dag.py:2371} INFO - Sync 1 DAGs
[2023-03-15 00:04:01,980] {logging_mixin.py:115} INFO - [2023-03-15 00:04:01,980] {dag.py:2919} INFO - Setting next_dagrun for example_branch_labels to 2023-03-14T00:00:00+00:00, run_after=2023-03-15T00:00:00+00:00
[2023-03-15 00:04:02,017] {processor.py:161} INFO - Processing /home/airflow/.local/lib/python3.7/site-packages/airflow/example_dags/example_branch_labels.py took 0.164 seconds
[2023-03-15 00:04:32,175] {processor.py:153} INFO - Started process (PID=87664) to work on /home/airflow/.local/lib/python3.7/site-packages/airflow/example_dags/example_branch_labels.py
[2023-03-15 00:04:32,176] {processor.py:641} INFO - Processing file /home/airflow/.local/lib/python3.7/site-packages/airflow/example_dags/example_branch_labels.py for tasks to queue
[2023-03-15 00:04:32,177] {logging_mixin.py:115} INFO - [2023-03-15 00:04:32,177] {dagbag.py:507} INFO - Filling up the DagBag from /home/airflow/.local/lib/python3.7/site-packages/airflow/example_dags/example_branch_labels.py
[2023-03-15 00:04:32,182] {processor.py:651} INFO - DAG(s) dict_keys(['example_branch_labels']) retrieved from /home/airflow/.local/lib/python3.7/site-packages/airflow/example_dags/example_branch_labels.py
[2023-03-15 00:04:32,204] {logging_mixin.py:115} INFO - [2023-03-15 00:04:32,204] {dag.py:2371} INFO - Sync 1 DAGs
[2023-03-15 00:04:32,218] {logging_mixin.py:115} INFO - [2023-03-15 00:04:32,217] {dag.py:2919} INFO - Setting next_dagrun for example_branch_labels to 2023-03-14T00:00:00+00:00, run_after=2023-03-15T00:00:00+00:00
[2023-03-15 00:04:32,223] {processor.py:161} INFO - Processing /home/airflow/.local/lib/python3.7/site-packages/airflow/example_dags/example_branch_labels.py took 0.052 seconds
[2023-03-15 00:05:02,684] {processor.py:153} INFO - Started process (PID=87731) to work on /home/airflow/.local/lib/python3.7/site-packages/airflow/example_dags/example_branch_labels.py
[2023-03-15 00:05:02,686] {processor.py:641} INFO - Processing file /home/airflow/.local/lib/python3.7/site-packages/airflow/example_dags/example_branch_labels.py for tasks to queue
[2023-03-15 00:05:02,687] {logging_mixin.py:115} INFO - [2023-03-15 00:05:02,687] {dagbag.py:507} INFO - Filling up the DagBag from /home/airflow/.local/lib/python3.7/site-packages/airflow/example_dags/example_branch_labels.py
[2023-03-15 00:05:02,692] {processor.py:651} INFO - DAG(s) dict_keys(['example_branch_labels']) retrieved from /home/airflow/.local/lib/python3.7/site-packages/airflow/example_dags/example_branch_labels.py
[2023-03-15 00:05:02,713] {logging_mixin.py:115} INFO - [2023-03-15 00:05:02,713] {dag.py:2371} INFO - Sync 1 DAGs
[2023-03-15 00:05:02,733] {logging_mixin.py:115} INFO - [2023-03-15 00:05:02,733] {dag.py:2919} INFO - Setting next_dagrun for example_branch_labels to 2023-03-14T00:00:00+00:00, run_after=2023-03-15T00:00:00+00:00
[2023-03-15 00:05:02,740] {processor.py:161} INFO - Processing /home/airflow/.local/lib/python3.7/site-packages/airflow/example_dags/example_branch_labels.py took 0.058 seconds
[2023-03-15 00:05:33,191] {processor.py:153} INFO - Started process (PID=87798) to work on /home/airflow/.local/lib/python3.7/site-packages/airflow/example_dags/example_branch_labels.py
[2023-03-15 00:05:33,192] {processor.py:641} INFO - Processing file /home/airflow/.local/lib/python3.7/site-packages/airflow/example_dags/example_branch_labels.py for tasks to queue
[2023-03-15 00:05:33,193] {logging_mixin.py:115} INFO - [2023-03-15 00:05:33,193] {dagbag.py:507} INFO - Filling up the DagBag from /home/airflow/.local/lib/python3.7/site-packages/airflow/example_dags/example_branch_labels.py
[2023-03-15 00:05:33,199] {processor.py:651} INFO - DAG(s) dict_keys(['example_branch_labels']) retrieved from /home/airflow/.local/lib/python3.7/site-packages/airflow/example_dags/example_branch_labels.py
[2023-03-15 00:05:33,221] {logging_mixin.py:115} INFO - [2023-03-15 00:05:33,221] {dag.py:2371} INFO - Sync 1 DAGs
[2023-03-15 00:05:33,235] {logging_mixin.py:115} INFO - [2023-03-15 00:05:33,235] {dag.py:2919} INFO - Setting next_dagrun for example_branch_labels to 2023-03-14T00:00:00+00:00, run_after=2023-03-15T00:00:00+00:00
[2023-03-15 00:05:33,243] {processor.py:161} INFO - Processing /home/airflow/.local/lib/python3.7/site-packages/airflow/example_dags/example_branch_labels.py took 0.055 seconds
[2023-03-15 00:06:03,687] {processor.py:153} INFO - Started process (PID=87857) to work on /home/airflow/.local/lib/python3.7/site-packages/airflow/example_dags/example_branch_labels.py
[2023-03-15 00:06:03,687] {processor.py:641} INFO - Processing file /home/airflow/.local/lib/python3.7/site-packages/airflow/example_dags/example_branch_labels.py for tasks to queue
[2023-03-15 00:06:03,688] {logging_mixin.py:115} INFO - [2023-03-15 00:06:03,688] {dagbag.py:507} INFO - Filling up the DagBag from /home/airflow/.local/lib/python3.7/site-packages/airflow/example_dags/example_branch_labels.py
[2023-03-15 00:06:03,692] {processor.py:651} INFO - DAG(s) dict_keys(['example_branch_labels']) retrieved from /home/airflow/.local/lib/python3.7/site-packages/airflow/example_dags/example_branch_labels.py
[2023-03-15 00:06:03,711] {logging_mixin.py:115} INFO - [2023-03-15 00:06:03,711] {dag.py:2371} INFO - Sync 1 DAGs
[2023-03-15 00:06:03,724] {logging_mixin.py:115} INFO - [2023-03-15 00:06:03,724] {dag.py:2919} INFO - Setting next_dagrun for example_branch_labels to 2023-03-14T00:00:00+00:00, run_after=2023-03-15T00:00:00+00:00
[2023-03-15 00:06:03,729] {processor.py:161} INFO - Processing /home/airflow/.local/lib/python3.7/site-packages/airflow/example_dags/example_branch_labels.py took 0.045 seconds
[2023-03-15 00:06:34,085] {processor.py:153} INFO - Started process (PID=87925) to work on /home/airflow/.local/lib/python3.7/site-packages/airflow/example_dags/example_branch_labels.py
[2023-03-15 00:06:34,086] {processor.py:641} INFO - Processing file /home/airflow/.local/lib/python3.7/site-packages/airflow/example_dags/example_branch_labels.py for tasks to queue
[2023-03-15 00:06:34,088] {logging_mixin.py:115} INFO - [2023-03-15 00:06:34,088] {dagbag.py:507} INFO - Filling up the DagBag from /home/airflow/.local/lib/python3.7/site-packages/airflow/example_dags/example_branch_labels.py
[2023-03-15 00:06:34,095] {processor.py:651} INFO - DAG(s) dict_keys(['example_branch_labels']) retrieved from /home/airflow/.local/lib/python3.7/site-packages/airflow/example_dags/example_branch_labels.py
[2023-03-15 00:06:34,126] {logging_mixin.py:115} INFO - [2023-03-15 00:06:34,126] {dag.py:2371} INFO - Sync 1 DAGs
[2023-03-15 00:06:34,141] {logging_mixin.py:115} INFO - [2023-03-15 00:06:34,141] {dag.py:2919} INFO - Setting next_dagrun for example_branch_labels to 2023-03-14T00:00:00+00:00, run_after=2023-03-15T00:00:00+00:00
[2023-03-15 00:06:34,147] {processor.py:161} INFO - Processing /home/airflow/.local/lib/python3.7/site-packages/airflow/example_dags/example_branch_labels.py took 0.065 seconds
[2023-03-15 00:07:04,277] {processor.py:153} INFO - Started process (PID=87993) to work on /home/airflow/.local/lib/python3.7/site-packages/airflow/example_dags/example_branch_labels.py
[2023-03-15 00:07:04,278] {processor.py:641} INFO - Processing file /home/airflow/.local/lib/python3.7/site-packages/airflow/example_dags/example_branch_labels.py for tasks to queue
[2023-03-15 00:07:04,279] {logging_mixin.py:115} INFO - [2023-03-15 00:07:04,279] {dagbag.py:507} INFO - Filling up the DagBag from /home/airflow/.local/lib/python3.7/site-packages/airflow/example_dags/example_branch_labels.py
[2023-03-15 00:07:04,283] {processor.py:651} INFO - DAG(s) dict_keys(['example_branch_labels']) retrieved from /home/airflow/.local/lib/python3.7/site-packages/airflow/example_dags/example_branch_labels.py
[2023-03-15 00:07:04,304] {logging_mixin.py:115} INFO - [2023-03-15 00:07:04,303] {dag.py:2371} INFO - Sync 1 DAGs
[2023-03-15 00:07:04,317] {logging_mixin.py:115} INFO - [2023-03-15 00:07:04,317] {dag.py:2919} INFO - Setting next_dagrun for example_branch_labels to 2023-03-14T00:00:00+00:00, run_after=2023-03-15T00:00:00+00:00
[2023-03-15 00:07:04,323] {processor.py:161} INFO - Processing /home/airflow/.local/lib/python3.7/site-packages/airflow/example_dags/example_branch_labels.py took 0.048 seconds
[2023-03-15 00:07:35,586] {processor.py:153} INFO - Started process (PID=88061) to work on /home/airflow/.local/lib/python3.7/site-packages/airflow/example_dags/example_branch_labels.py
[2023-03-15 00:07:35,588] {processor.py:641} INFO - Processing file /home/airflow/.local/lib/python3.7/site-packages/airflow/example_dags/example_branch_labels.py for tasks to queue
[2023-03-15 00:07:35,590] {logging_mixin.py:115} INFO - [2023-03-15 00:07:35,590] {dagbag.py:507} INFO - Filling up the DagBag from /home/airflow/.local/lib/python3.7/site-packages/airflow/example_dags/example_branch_labels.py
[2023-03-15 00:07:35,602] {processor.py:651} INFO - DAG(s) dict_keys(['example_branch_labels']) retrieved from /home/airflow/.local/lib/python3.7/site-packages/airflow/example_dags/example_branch_labels.py
[2023-03-15 00:07:35,632] {logging_mixin.py:115} INFO - [2023-03-15 00:07:35,632] {dag.py:2371} INFO - Sync 1 DAGs
[2023-03-15 00:07:35,648] {logging_mixin.py:115} INFO - [2023-03-15 00:07:35,648] {dag.py:2919} INFO - Setting next_dagrun for example_branch_labels to 2023-03-14T00:00:00+00:00, run_after=2023-03-15T00:00:00+00:00
[2023-03-15 00:07:35,657] {processor.py:161} INFO - Processing /home/airflow/.local/lib/python3.7/site-packages/airflow/example_dags/example_branch_labels.py took 0.074 seconds
