[2023-03-15 00:00:29,094] {processor.py:153} INFO - Started process (PID=87166) to work on /home/airflow/.local/lib/python3.7/site-packages/airflow/example_dags/example_subdag_operator.py
[2023-03-15 00:00:29,095] {processor.py:641} INFO - Processing file /home/airflow/.local/lib/python3.7/site-packages/airflow/example_dags/example_subdag_operator.py for tasks to queue
[2023-03-15 00:00:29,096] {logging_mixin.py:115} INFO - [2023-03-15 00:00:29,096] {dagbag.py:507} INFO - Filling up the DagBag from /home/airflow/.local/lib/python3.7/site-packages/airflow/example_dags/example_subdag_operator.py
[2023-03-15 00:00:29,127] {processor.py:651} INFO - DAG(s) dict_keys(['example_subdag_operator.section-1', 'example_subdag_operator.section-2', 'example_subdag_operator']) retrieved from /home/airflow/.local/lib/python3.7/site-packages/airflow/example_dags/example_subdag_operator.py
[2023-03-15 00:00:29,195] {logging_mixin.py:115} INFO - [2023-03-15 00:00:29,195] {dag.py:2371} INFO - Sync 3 DAGs
[2023-03-15 00:00:29,231] {logging_mixin.py:115} INFO - [2023-03-15 00:00:29,231] {dag.py:2919} INFO - Setting next_dagrun for example_subdag_operator to 2023-03-13T00:00:00+00:00, run_after=2023-03-13T00:00:00+00:00
[2023-03-15 00:00:29,232] {logging_mixin.py:115} INFO - [2023-03-15 00:00:29,232] {dag.py:2919} INFO - Setting next_dagrun for example_subdag_operator.section-1 to None, run_after=None
[2023-03-15 00:00:29,233] {logging_mixin.py:115} INFO - [2023-03-15 00:00:29,233] {dag.py:2919} INFO - Setting next_dagrun for example_subdag_operator.section-2 to None, run_after=None
[2023-03-15 00:00:29,245] {logging_mixin.py:115} INFO - [2023-03-15 00:00:29,245] {dag.py:2371} INFO - Sync 2 DAGs
[2023-03-15 00:00:29,261] {logging_mixin.py:115} INFO - [2023-03-15 00:00:29,260] {dag.py:2919} INFO - Setting next_dagrun for example_subdag_operator.section-1 to None, run_after=None
[2023-03-15 00:00:29,262] {logging_mixin.py:115} INFO - [2023-03-15 00:00:29,262] {dag.py:2919} INFO - Setting next_dagrun for example_subdag_operator.section-2 to None, run_after=None
[2023-03-15 00:00:29,269] {processor.py:161} INFO - Processing /home/airflow/.local/lib/python3.7/site-packages/airflow/example_dags/example_subdag_operator.py took 0.178 seconds
[2023-03-15 00:00:59,495] {processor.py:153} INFO - Started process (PID=87224) to work on /home/airflow/.local/lib/python3.7/site-packages/airflow/example_dags/example_subdag_operator.py
[2023-03-15 00:00:59,496] {processor.py:641} INFO - Processing file /home/airflow/.local/lib/python3.7/site-packages/airflow/example_dags/example_subdag_operator.py for tasks to queue
[2023-03-15 00:00:59,496] {logging_mixin.py:115} INFO - [2023-03-15 00:00:59,496] {dagbag.py:507} INFO - Filling up the DagBag from /home/airflow/.local/lib/python3.7/site-packages/airflow/example_dags/example_subdag_operator.py
[2023-03-15 00:00:59,518] {processor.py:651} INFO - DAG(s) dict_keys(['example_subdag_operator.section-1', 'example_subdag_operator.section-2', 'example_subdag_operator']) retrieved from /home/airflow/.local/lib/python3.7/site-packages/airflow/example_dags/example_subdag_operator.py
[2023-03-15 00:00:59,538] {logging_mixin.py:115} INFO - [2023-03-15 00:00:59,538] {dag.py:2371} INFO - Sync 3 DAGs
[2023-03-15 00:00:59,550] {logging_mixin.py:115} INFO - [2023-03-15 00:00:59,550] {dag.py:2919} INFO - Setting next_dagrun for example_subdag_operator to 2023-03-13T00:00:00+00:00, run_after=2023-03-13T00:00:00+00:00
[2023-03-15 00:00:59,551] {logging_mixin.py:115} INFO - [2023-03-15 00:00:59,551] {dag.py:2919} INFO - Setting next_dagrun for example_subdag_operator.section-1 to None, run_after=None
[2023-03-15 00:00:59,552] {logging_mixin.py:115} INFO - [2023-03-15 00:00:59,552] {dag.py:2919} INFO - Setting next_dagrun for example_subdag_operator.section-2 to None, run_after=None
[2023-03-15 00:00:59,556] {logging_mixin.py:115} INFO - [2023-03-15 00:00:59,556] {dag.py:2371} INFO - Sync 2 DAGs
[2023-03-15 00:00:59,559] {logging_mixin.py:115} INFO - [2023-03-15 00:00:59,559] {dag.py:2919} INFO - Setting next_dagrun for example_subdag_operator.section-1 to None, run_after=None
[2023-03-15 00:00:59,560] {logging_mixin.py:115} INFO - [2023-03-15 00:00:59,560] {dag.py:2919} INFO - Setting next_dagrun for example_subdag_operator.section-2 to None, run_after=None
[2023-03-15 00:00:59,564] {processor.py:161} INFO - Processing /home/airflow/.local/lib/python3.7/site-packages/airflow/example_dags/example_subdag_operator.py took 0.071 seconds
[2023-03-15 00:01:29,628] {processor.py:153} INFO - Started process (PID=87291) to work on /home/airflow/.local/lib/python3.7/site-packages/airflow/example_dags/example_subdag_operator.py
[2023-03-15 00:01:29,629] {processor.py:641} INFO - Processing file /home/airflow/.local/lib/python3.7/site-packages/airflow/example_dags/example_subdag_operator.py for tasks to queue
[2023-03-15 00:01:29,629] {logging_mixin.py:115} INFO - [2023-03-15 00:01:29,629] {dagbag.py:507} INFO - Filling up the DagBag from /home/airflow/.local/lib/python3.7/site-packages/airflow/example_dags/example_subdag_operator.py
[2023-03-15 00:01:29,650] {processor.py:651} INFO - DAG(s) dict_keys(['example_subdag_operator.section-1', 'example_subdag_operator.section-2', 'example_subdag_operator']) retrieved from /home/airflow/.local/lib/python3.7/site-packages/airflow/example_dags/example_subdag_operator.py
[2023-03-15 00:01:29,667] {logging_mixin.py:115} INFO - [2023-03-15 00:01:29,667] {dag.py:2371} INFO - Sync 3 DAGs
[2023-03-15 00:01:29,680] {logging_mixin.py:115} INFO - [2023-03-15 00:01:29,680] {dag.py:2919} INFO - Setting next_dagrun for example_subdag_operator to 2023-03-13T00:00:00+00:00, run_after=2023-03-13T00:00:00+00:00
[2023-03-15 00:01:29,680] {logging_mixin.py:115} INFO - [2023-03-15 00:01:29,680] {dag.py:2919} INFO - Setting next_dagrun for example_subdag_operator.section-1 to None, run_after=None
[2023-03-15 00:01:29,681] {logging_mixin.py:115} INFO - [2023-03-15 00:01:29,681] {dag.py:2919} INFO - Setting next_dagrun for example_subdag_operator.section-2 to None, run_after=None
[2023-03-15 00:01:29,685] {logging_mixin.py:115} INFO - [2023-03-15 00:01:29,685] {dag.py:2371} INFO - Sync 2 DAGs
[2023-03-15 00:01:29,688] {logging_mixin.py:115} INFO - [2023-03-15 00:01:29,688] {dag.py:2919} INFO - Setting next_dagrun for example_subdag_operator.section-1 to None, run_after=None
[2023-03-15 00:01:29,688] {logging_mixin.py:115} INFO - [2023-03-15 00:01:29,688] {dag.py:2919} INFO - Setting next_dagrun for example_subdag_operator.section-2 to None, run_after=None
[2023-03-15 00:01:29,692] {processor.py:161} INFO - Processing /home/airflow/.local/lib/python3.7/site-packages/airflow/example_dags/example_subdag_operator.py took 0.066 seconds
[2023-03-15 00:02:00,106] {processor.py:153} INFO - Started process (PID=87358) to work on /home/airflow/.local/lib/python3.7/site-packages/airflow/example_dags/example_subdag_operator.py
[2023-03-15 00:02:00,107] {processor.py:641} INFO - Processing file /home/airflow/.local/lib/python3.7/site-packages/airflow/example_dags/example_subdag_operator.py for tasks to queue
[2023-03-15 00:02:00,108] {logging_mixin.py:115} INFO - [2023-03-15 00:02:00,108] {dagbag.py:507} INFO - Filling up the DagBag from /home/airflow/.local/lib/python3.7/site-packages/airflow/example_dags/example_subdag_operator.py
[2023-03-15 00:02:00,139] {processor.py:651} INFO - DAG(s) dict_keys(['example_subdag_operator.section-1', 'example_subdag_operator.section-2', 'example_subdag_operator']) retrieved from /home/airflow/.local/lib/python3.7/site-packages/airflow/example_dags/example_subdag_operator.py
[2023-03-15 00:02:00,164] {logging_mixin.py:115} INFO - [2023-03-15 00:02:00,164] {dag.py:2371} INFO - Sync 3 DAGs
[2023-03-15 00:02:00,179] {logging_mixin.py:115} INFO - [2023-03-15 00:02:00,179] {dag.py:2919} INFO - Setting next_dagrun for example_subdag_operator to 2023-03-13T00:00:00+00:00, run_after=2023-03-13T00:00:00+00:00
[2023-03-15 00:02:00,179] {logging_mixin.py:115} INFO - [2023-03-15 00:02:00,179] {dag.py:2919} INFO - Setting next_dagrun for example_subdag_operator.section-1 to None, run_after=None
[2023-03-15 00:02:00,180] {logging_mixin.py:115} INFO - [2023-03-15 00:02:00,180] {dag.py:2919} INFO - Setting next_dagrun for example_subdag_operator.section-2 to None, run_after=None
[2023-03-15 00:02:00,186] {logging_mixin.py:115} INFO - [2023-03-15 00:02:00,186] {dag.py:2371} INFO - Sync 2 DAGs
[2023-03-15 00:02:00,191] {logging_mixin.py:115} INFO - [2023-03-15 00:02:00,191] {dag.py:2919} INFO - Setting next_dagrun for example_subdag_operator.section-1 to None, run_after=None
[2023-03-15 00:02:00,192] {logging_mixin.py:115} INFO - [2023-03-15 00:02:00,192] {dag.py:2919} INFO - Setting next_dagrun for example_subdag_operator.section-2 to None, run_after=None
[2023-03-15 00:02:00,200] {processor.py:161} INFO - Processing /home/airflow/.local/lib/python3.7/site-packages/airflow/example_dags/example_subdag_operator.py took 0.097 seconds
[2023-03-15 00:02:30,446] {processor.py:153} INFO - Started process (PID=87416) to work on /home/airflow/.local/lib/python3.7/site-packages/airflow/example_dags/example_subdag_operator.py
[2023-03-15 00:02:30,448] {processor.py:641} INFO - Processing file /home/airflow/.local/lib/python3.7/site-packages/airflow/example_dags/example_subdag_operator.py for tasks to queue
[2023-03-15 00:02:30,448] {logging_mixin.py:115} INFO - [2023-03-15 00:02:30,448] {dagbag.py:507} INFO - Filling up the DagBag from /home/airflow/.local/lib/python3.7/site-packages/airflow/example_dags/example_subdag_operator.py
[2023-03-15 00:02:30,482] {processor.py:651} INFO - DAG(s) dict_keys(['example_subdag_operator.section-1', 'example_subdag_operator.section-2', 'example_subdag_operator']) retrieved from /home/airflow/.local/lib/python3.7/site-packages/airflow/example_dags/example_subdag_operator.py
[2023-03-15 00:02:30,502] {logging_mixin.py:115} INFO - [2023-03-15 00:02:30,501] {dag.py:2371} INFO - Sync 3 DAGs
[2023-03-15 00:02:30,513] {logging_mixin.py:115} INFO - [2023-03-15 00:02:30,513] {dag.py:2919} INFO - Setting next_dagrun for example_subdag_operator to 2023-03-13T00:00:00+00:00, run_after=2023-03-13T00:00:00+00:00
[2023-03-15 00:02:30,514] {logging_mixin.py:115} INFO - [2023-03-15 00:02:30,514] {dag.py:2919} INFO - Setting next_dagrun for example_subdag_operator.section-1 to None, run_after=None
[2023-03-15 00:02:30,514] {logging_mixin.py:115} INFO - [2023-03-15 00:02:30,514] {dag.py:2919} INFO - Setting next_dagrun for example_subdag_operator.section-2 to None, run_after=None
[2023-03-15 00:02:30,518] {logging_mixin.py:115} INFO - [2023-03-15 00:02:30,518] {dag.py:2371} INFO - Sync 2 DAGs
[2023-03-15 00:02:30,521] {logging_mixin.py:115} INFO - [2023-03-15 00:02:30,521] {dag.py:2919} INFO - Setting next_dagrun for example_subdag_operator.section-1 to None, run_after=None
[2023-03-15 00:02:30,521] {logging_mixin.py:115} INFO - [2023-03-15 00:02:30,521] {dag.py:2919} INFO - Setting next_dagrun for example_subdag_operator.section-2 to None, run_after=None
[2023-03-15 00:02:30,526] {processor.py:161} INFO - Processing /home/airflow/.local/lib/python3.7/site-packages/airflow/example_dags/example_subdag_operator.py took 0.082 seconds
[2023-03-15 00:03:00,656] {processor.py:153} INFO - Started process (PID=87482) to work on /home/airflow/.local/lib/python3.7/site-packages/airflow/example_dags/example_subdag_operator.py
[2023-03-15 00:03:00,657] {processor.py:641} INFO - Processing file /home/airflow/.local/lib/python3.7/site-packages/airflow/example_dags/example_subdag_operator.py for tasks to queue
[2023-03-15 00:03:00,658] {logging_mixin.py:115} INFO - [2023-03-15 00:03:00,658] {dagbag.py:507} INFO - Filling up the DagBag from /home/airflow/.local/lib/python3.7/site-packages/airflow/example_dags/example_subdag_operator.py
[2023-03-15 00:03:00,678] {processor.py:651} INFO - DAG(s) dict_keys(['example_subdag_operator.section-1', 'example_subdag_operator.section-2', 'example_subdag_operator']) retrieved from /home/airflow/.local/lib/python3.7/site-packages/airflow/example_dags/example_subdag_operator.py
[2023-03-15 00:03:00,695] {logging_mixin.py:115} INFO - [2023-03-15 00:03:00,695] {dag.py:2371} INFO - Sync 3 DAGs
[2023-03-15 00:03:00,706] {logging_mixin.py:115} INFO - [2023-03-15 00:03:00,706] {dag.py:2919} INFO - Setting next_dagrun for example_subdag_operator to 2023-03-13T00:00:00+00:00, run_after=2023-03-13T00:00:00+00:00
[2023-03-15 00:03:00,707] {logging_mixin.py:115} INFO - [2023-03-15 00:03:00,707] {dag.py:2919} INFO - Setting next_dagrun for example_subdag_operator.section-1 to None, run_after=None
[2023-03-15 00:03:00,707] {logging_mixin.py:115} INFO - [2023-03-15 00:03:00,707] {dag.py:2919} INFO - Setting next_dagrun for example_subdag_operator.section-2 to None, run_after=None
[2023-03-15 00:03:00,711] {logging_mixin.py:115} INFO - [2023-03-15 00:03:00,711] {dag.py:2371} INFO - Sync 2 DAGs
[2023-03-15 00:03:00,714] {logging_mixin.py:115} INFO - [2023-03-15 00:03:00,714] {dag.py:2919} INFO - Setting next_dagrun for example_subdag_operator.section-1 to None, run_after=None
[2023-03-15 00:03:00,715] {logging_mixin.py:115} INFO - [2023-03-15 00:03:00,715] {dag.py:2919} INFO - Setting next_dagrun for example_subdag_operator.section-2 to None, run_after=None
[2023-03-15 00:03:00,719] {processor.py:161} INFO - Processing /home/airflow/.local/lib/python3.7/site-packages/airflow/example_dags/example_subdag_operator.py took 0.065 seconds
[2023-03-15 00:03:31,406] {processor.py:153} INFO - Started process (PID=87549) to work on /home/airflow/.local/lib/python3.7/site-packages/airflow/example_dags/example_subdag_operator.py
[2023-03-15 00:03:31,407] {processor.py:641} INFO - Processing file /home/airflow/.local/lib/python3.7/site-packages/airflow/example_dags/example_subdag_operator.py for tasks to queue
[2023-03-15 00:03:31,408] {logging_mixin.py:115} INFO - [2023-03-15 00:03:31,408] {dagbag.py:507} INFO - Filling up the DagBag from /home/airflow/.local/lib/python3.7/site-packages/airflow/example_dags/example_subdag_operator.py
[2023-03-15 00:03:31,429] {processor.py:651} INFO - DAG(s) dict_keys(['example_subdag_operator.section-1', 'example_subdag_operator.section-2', 'example_subdag_operator']) retrieved from /home/airflow/.local/lib/python3.7/site-packages/airflow/example_dags/example_subdag_operator.py
[2023-03-15 00:03:31,447] {logging_mixin.py:115} INFO - [2023-03-15 00:03:31,447] {dag.py:2371} INFO - Sync 3 DAGs
[2023-03-15 00:03:31,460] {logging_mixin.py:115} INFO - [2023-03-15 00:03:31,460] {dag.py:2919} INFO - Setting next_dagrun for example_subdag_operator to 2023-03-13T00:00:00+00:00, run_after=2023-03-13T00:00:00+00:00
[2023-03-15 00:03:31,461] {logging_mixin.py:115} INFO - [2023-03-15 00:03:31,461] {dag.py:2919} INFO - Setting next_dagrun for example_subdag_operator.section-1 to None, run_after=None
[2023-03-15 00:03:31,461] {logging_mixin.py:115} INFO - [2023-03-15 00:03:31,461] {dag.py:2919} INFO - Setting next_dagrun for example_subdag_operator.section-2 to None, run_after=None
[2023-03-15 00:03:31,465] {logging_mixin.py:115} INFO - [2023-03-15 00:03:31,465] {dag.py:2371} INFO - Sync 2 DAGs
[2023-03-15 00:03:31,468] {logging_mixin.py:115} INFO - [2023-03-15 00:03:31,468] {dag.py:2919} INFO - Setting next_dagrun for example_subdag_operator.section-1 to None, run_after=None
[2023-03-15 00:03:31,469] {logging_mixin.py:115} INFO - [2023-03-15 00:03:31,469] {dag.py:2919} INFO - Setting next_dagrun for example_subdag_operator.section-2 to None, run_after=None
[2023-03-15 00:03:31,473] {processor.py:161} INFO - Processing /home/airflow/.local/lib/python3.7/site-packages/airflow/example_dags/example_subdag_operator.py took 0.069 seconds
[2023-03-15 00:04:03,043] {processor.py:153} INFO - Started process (PID=87616) to work on /home/airflow/.local/lib/python3.7/site-packages/airflow/example_dags/example_subdag_operator.py
[2023-03-15 00:04:03,044] {processor.py:641} INFO - Processing file /home/airflow/.local/lib/python3.7/site-packages/airflow/example_dags/example_subdag_operator.py for tasks to queue
[2023-03-15 00:04:03,045] {logging_mixin.py:115} INFO - [2023-03-15 00:04:03,045] {dagbag.py:507} INFO - Filling up the DagBag from /home/airflow/.local/lib/python3.7/site-packages/airflow/example_dags/example_subdag_operator.py
[2023-03-15 00:04:03,070] {processor.py:651} INFO - DAG(s) dict_keys(['example_subdag_operator.section-1', 'example_subdag_operator.section-2', 'example_subdag_operator']) retrieved from /home/airflow/.local/lib/python3.7/site-packages/airflow/example_dags/example_subdag_operator.py
[2023-03-15 00:04:03,090] {logging_mixin.py:115} INFO - [2023-03-15 00:04:03,090] {dag.py:2371} INFO - Sync 3 DAGs
[2023-03-15 00:04:03,107] {logging_mixin.py:115} INFO - [2023-03-15 00:04:03,107] {dag.py:2919} INFO - Setting next_dagrun for example_subdag_operator to 2023-03-13T00:00:00+00:00, run_after=2023-03-13T00:00:00+00:00
[2023-03-15 00:04:03,108] {logging_mixin.py:115} INFO - [2023-03-15 00:04:03,108] {dag.py:2919} INFO - Setting next_dagrun for example_subdag_operator.section-1 to None, run_after=None
[2023-03-15 00:04:03,109] {logging_mixin.py:115} INFO - [2023-03-15 00:04:03,109] {dag.py:2919} INFO - Setting next_dagrun for example_subdag_operator.section-2 to None, run_after=None
[2023-03-15 00:04:03,113] {logging_mixin.py:115} INFO - [2023-03-15 00:04:03,113] {dag.py:2371} INFO - Sync 2 DAGs
[2023-03-15 00:04:03,117] {logging_mixin.py:115} INFO - [2023-03-15 00:04:03,117] {dag.py:2919} INFO - Setting next_dagrun for example_subdag_operator.section-1 to None, run_after=None
[2023-03-15 00:04:03,118] {logging_mixin.py:115} INFO - [2023-03-15 00:04:03,118] {dag.py:2919} INFO - Setting next_dagrun for example_subdag_operator.section-2 to None, run_after=None
[2023-03-15 00:04:03,122] {processor.py:161} INFO - Processing /home/airflow/.local/lib/python3.7/site-packages/airflow/example_dags/example_subdag_operator.py took 0.081 seconds
[2023-03-15 00:04:33,732] {processor.py:153} INFO - Started process (PID=87674) to work on /home/airflow/.local/lib/python3.7/site-packages/airflow/example_dags/example_subdag_operator.py
[2023-03-15 00:04:33,734] {processor.py:641} INFO - Processing file /home/airflow/.local/lib/python3.7/site-packages/airflow/example_dags/example_subdag_operator.py for tasks to queue
[2023-03-15 00:04:33,735] {logging_mixin.py:115} INFO - [2023-03-15 00:04:33,735] {dagbag.py:507} INFO - Filling up the DagBag from /home/airflow/.local/lib/python3.7/site-packages/airflow/example_dags/example_subdag_operator.py
[2023-03-15 00:04:33,761] {processor.py:651} INFO - DAG(s) dict_keys(['example_subdag_operator.section-1', 'example_subdag_operator.section-2', 'example_subdag_operator']) retrieved from /home/airflow/.local/lib/python3.7/site-packages/airflow/example_dags/example_subdag_operator.py
[2023-03-15 00:04:33,784] {logging_mixin.py:115} INFO - [2023-03-15 00:04:33,784] {dag.py:2371} INFO - Sync 3 DAGs
[2023-03-15 00:04:33,805] {logging_mixin.py:115} INFO - [2023-03-15 00:04:33,805] {dag.py:2919} INFO - Setting next_dagrun for example_subdag_operator to 2023-03-13T00:00:00+00:00, run_after=2023-03-13T00:00:00+00:00
[2023-03-15 00:04:33,806] {logging_mixin.py:115} INFO - [2023-03-15 00:04:33,806] {dag.py:2919} INFO - Setting next_dagrun for example_subdag_operator.section-1 to None, run_after=None
[2023-03-15 00:04:33,807] {logging_mixin.py:115} INFO - [2023-03-15 00:04:33,807] {dag.py:2919} INFO - Setting next_dagrun for example_subdag_operator.section-2 to None, run_after=None
[2023-03-15 00:04:33,816] {logging_mixin.py:115} INFO - [2023-03-15 00:04:33,816] {dag.py:2371} INFO - Sync 2 DAGs
[2023-03-15 00:04:33,822] {logging_mixin.py:115} INFO - [2023-03-15 00:04:33,822] {dag.py:2919} INFO - Setting next_dagrun for example_subdag_operator.section-1 to None, run_after=None
[2023-03-15 00:04:33,824] {logging_mixin.py:115} INFO - [2023-03-15 00:04:33,824] {dag.py:2919} INFO - Setting next_dagrun for example_subdag_operator.section-2 to None, run_after=None
[2023-03-15 00:04:33,829] {processor.py:161} INFO - Processing /home/airflow/.local/lib/python3.7/site-packages/airflow/example_dags/example_subdag_operator.py took 0.100 seconds
[2023-03-15 00:05:04,158] {processor.py:153} INFO - Started process (PID=87741) to work on /home/airflow/.local/lib/python3.7/site-packages/airflow/example_dags/example_subdag_operator.py
[2023-03-15 00:05:04,159] {processor.py:641} INFO - Processing file /home/airflow/.local/lib/python3.7/site-packages/airflow/example_dags/example_subdag_operator.py for tasks to queue
[2023-03-15 00:05:04,160] {logging_mixin.py:115} INFO - [2023-03-15 00:05:04,160] {dagbag.py:507} INFO - Filling up the DagBag from /home/airflow/.local/lib/python3.7/site-packages/airflow/example_dags/example_subdag_operator.py
[2023-03-15 00:05:04,178] {processor.py:651} INFO - DAG(s) dict_keys(['example_subdag_operator.section-1', 'example_subdag_operator.section-2', 'example_subdag_operator']) retrieved from /home/airflow/.local/lib/python3.7/site-packages/airflow/example_dags/example_subdag_operator.py
[2023-03-15 00:05:04,197] {logging_mixin.py:115} INFO - [2023-03-15 00:05:04,197] {dag.py:2371} INFO - Sync 3 DAGs
[2023-03-15 00:05:04,209] {logging_mixin.py:115} INFO - [2023-03-15 00:05:04,209] {dag.py:2919} INFO - Setting next_dagrun for example_subdag_operator to 2023-03-13T00:00:00+00:00, run_after=2023-03-13T00:00:00+00:00
[2023-03-15 00:05:04,210] {logging_mixin.py:115} INFO - [2023-03-15 00:05:04,210] {dag.py:2919} INFO - Setting next_dagrun for example_subdag_operator.section-1 to None, run_after=None
[2023-03-15 00:05:04,210] {logging_mixin.py:115} INFO - [2023-03-15 00:05:04,210] {dag.py:2919} INFO - Setting next_dagrun for example_subdag_operator.section-2 to None, run_after=None
[2023-03-15 00:05:04,215] {logging_mixin.py:115} INFO - [2023-03-15 00:05:04,214] {dag.py:2371} INFO - Sync 2 DAGs
[2023-03-15 00:05:04,218] {logging_mixin.py:115} INFO - [2023-03-15 00:05:04,218] {dag.py:2919} INFO - Setting next_dagrun for example_subdag_operator.section-1 to None, run_after=None
[2023-03-15 00:05:04,219] {logging_mixin.py:115} INFO - [2023-03-15 00:05:04,219] {dag.py:2919} INFO - Setting next_dagrun for example_subdag_operator.section-2 to None, run_after=None
[2023-03-15 00:05:04,223] {processor.py:161} INFO - Processing /home/airflow/.local/lib/python3.7/site-packages/airflow/example_dags/example_subdag_operator.py took 0.068 seconds
[2023-03-15 00:05:34,652] {processor.py:153} INFO - Started process (PID=87808) to work on /home/airflow/.local/lib/python3.7/site-packages/airflow/example_dags/example_subdag_operator.py
[2023-03-15 00:05:34,653] {processor.py:641} INFO - Processing file /home/airflow/.local/lib/python3.7/site-packages/airflow/example_dags/example_subdag_operator.py for tasks to queue
[2023-03-15 00:05:34,653] {logging_mixin.py:115} INFO - [2023-03-15 00:05:34,653] {dagbag.py:507} INFO - Filling up the DagBag from /home/airflow/.local/lib/python3.7/site-packages/airflow/example_dags/example_subdag_operator.py
[2023-03-15 00:05:34,675] {processor.py:651} INFO - DAG(s) dict_keys(['example_subdag_operator.section-1', 'example_subdag_operator.section-2', 'example_subdag_operator']) retrieved from /home/airflow/.local/lib/python3.7/site-packages/airflow/example_dags/example_subdag_operator.py
[2023-03-15 00:05:34,693] {logging_mixin.py:115} INFO - [2023-03-15 00:05:34,693] {dag.py:2371} INFO - Sync 3 DAGs
[2023-03-15 00:05:34,706] {logging_mixin.py:115} INFO - [2023-03-15 00:05:34,706] {dag.py:2919} INFO - Setting next_dagrun for example_subdag_operator to 2023-03-13T00:00:00+00:00, run_after=2023-03-13T00:00:00+00:00
[2023-03-15 00:05:34,707] {logging_mixin.py:115} INFO - [2023-03-15 00:05:34,707] {dag.py:2919} INFO - Setting next_dagrun for example_subdag_operator.section-1 to None, run_after=None
[2023-03-15 00:05:34,707] {logging_mixin.py:115} INFO - [2023-03-15 00:05:34,707] {dag.py:2919} INFO - Setting next_dagrun for example_subdag_operator.section-2 to None, run_after=None
[2023-03-15 00:05:34,712] {logging_mixin.py:115} INFO - [2023-03-15 00:05:34,712] {dag.py:2371} INFO - Sync 2 DAGs
[2023-03-15 00:05:34,716] {logging_mixin.py:115} INFO - [2023-03-15 00:05:34,716] {dag.py:2919} INFO - Setting next_dagrun for example_subdag_operator.section-1 to None, run_after=None
[2023-03-15 00:05:34,716] {logging_mixin.py:115} INFO - [2023-03-15 00:05:34,716] {dag.py:2919} INFO - Setting next_dagrun for example_subdag_operator.section-2 to None, run_after=None
[2023-03-15 00:05:34,720] {processor.py:161} INFO - Processing /home/airflow/.local/lib/python3.7/site-packages/airflow/example_dags/example_subdag_operator.py took 0.071 seconds
[2023-03-15 00:06:05,468] {processor.py:153} INFO - Started process (PID=87876) to work on /home/airflow/.local/lib/python3.7/site-packages/airflow/example_dags/example_subdag_operator.py
[2023-03-15 00:06:05,470] {processor.py:641} INFO - Processing file /home/airflow/.local/lib/python3.7/site-packages/airflow/example_dags/example_subdag_operator.py for tasks to queue
[2023-03-15 00:06:05,471] {logging_mixin.py:115} INFO - [2023-03-15 00:06:05,471] {dagbag.py:507} INFO - Filling up the DagBag from /home/airflow/.local/lib/python3.7/site-packages/airflow/example_dags/example_subdag_operator.py
[2023-03-15 00:06:05,498] {processor.py:651} INFO - DAG(s) dict_keys(['example_subdag_operator.section-1', 'example_subdag_operator.section-2', 'example_subdag_operator']) retrieved from /home/airflow/.local/lib/python3.7/site-packages/airflow/example_dags/example_subdag_operator.py
[2023-03-15 00:06:05,517] {logging_mixin.py:115} INFO - [2023-03-15 00:06:05,517] {dag.py:2371} INFO - Sync 3 DAGs
[2023-03-15 00:06:05,531] {logging_mixin.py:115} INFO - [2023-03-15 00:06:05,531] {dag.py:2919} INFO - Setting next_dagrun for example_subdag_operator to 2023-03-13T00:00:00+00:00, run_after=2023-03-13T00:00:00+00:00
[2023-03-15 00:06:05,532] {logging_mixin.py:115} INFO - [2023-03-15 00:06:05,532] {dag.py:2919} INFO - Setting next_dagrun for example_subdag_operator.section-1 to None, run_after=None
[2023-03-15 00:06:05,532] {logging_mixin.py:115} INFO - [2023-03-15 00:06:05,532] {dag.py:2919} INFO - Setting next_dagrun for example_subdag_operator.section-2 to None, run_after=None
[2023-03-15 00:06:05,537] {logging_mixin.py:115} INFO - [2023-03-15 00:06:05,537] {dag.py:2371} INFO - Sync 2 DAGs
[2023-03-15 00:06:05,540] {logging_mixin.py:115} INFO - [2023-03-15 00:06:05,540] {dag.py:2919} INFO - Setting next_dagrun for example_subdag_operator.section-1 to None, run_after=None
[2023-03-15 00:06:05,540] {logging_mixin.py:115} INFO - [2023-03-15 00:06:05,540] {dag.py:2919} INFO - Setting next_dagrun for example_subdag_operator.section-2 to None, run_after=None
[2023-03-15 00:06:05,544] {processor.py:161} INFO - Processing /home/airflow/.local/lib/python3.7/site-packages/airflow/example_dags/example_subdag_operator.py took 0.081 seconds
[2023-03-15 00:06:35,616] {processor.py:153} INFO - Started process (PID=87935) to work on /home/airflow/.local/lib/python3.7/site-packages/airflow/example_dags/example_subdag_operator.py
[2023-03-15 00:06:35,617] {processor.py:641} INFO - Processing file /home/airflow/.local/lib/python3.7/site-packages/airflow/example_dags/example_subdag_operator.py for tasks to queue
[2023-03-15 00:06:35,617] {logging_mixin.py:115} INFO - [2023-03-15 00:06:35,617] {dagbag.py:507} INFO - Filling up the DagBag from /home/airflow/.local/lib/python3.7/site-packages/airflow/example_dags/example_subdag_operator.py
[2023-03-15 00:06:35,638] {processor.py:651} INFO - DAG(s) dict_keys(['example_subdag_operator.section-1', 'example_subdag_operator.section-2', 'example_subdag_operator']) retrieved from /home/airflow/.local/lib/python3.7/site-packages/airflow/example_dags/example_subdag_operator.py
[2023-03-15 00:06:35,656] {logging_mixin.py:115} INFO - [2023-03-15 00:06:35,656] {dag.py:2371} INFO - Sync 3 DAGs
[2023-03-15 00:06:35,669] {logging_mixin.py:115} INFO - [2023-03-15 00:06:35,669] {dag.py:2919} INFO - Setting next_dagrun for example_subdag_operator to 2023-03-13T00:00:00+00:00, run_after=2023-03-13T00:00:00+00:00
[2023-03-15 00:06:35,670] {logging_mixin.py:115} INFO - [2023-03-15 00:06:35,670] {dag.py:2919} INFO - Setting next_dagrun for example_subdag_operator.section-1 to None, run_after=None
[2023-03-15 00:06:35,670] {logging_mixin.py:115} INFO - [2023-03-15 00:06:35,670] {dag.py:2919} INFO - Setting next_dagrun for example_subdag_operator.section-2 to None, run_after=None
[2023-03-15 00:06:35,674] {logging_mixin.py:115} INFO - [2023-03-15 00:06:35,674] {dag.py:2371} INFO - Sync 2 DAGs
[2023-03-15 00:06:35,678] {logging_mixin.py:115} INFO - [2023-03-15 00:06:35,678] {dag.py:2919} INFO - Setting next_dagrun for example_subdag_operator.section-1 to None, run_after=None
[2023-03-15 00:06:35,679] {logging_mixin.py:115} INFO - [2023-03-15 00:06:35,679] {dag.py:2919} INFO - Setting next_dagrun for example_subdag_operator.section-2 to None, run_after=None
[2023-03-15 00:06:35,683] {processor.py:161} INFO - Processing /home/airflow/.local/lib/python3.7/site-packages/airflow/example_dags/example_subdag_operator.py took 0.070 seconds
[2023-03-15 00:07:05,776] {processor.py:153} INFO - Started process (PID=88003) to work on /home/airflow/.local/lib/python3.7/site-packages/airflow/example_dags/example_subdag_operator.py
[2023-03-15 00:07:05,777] {processor.py:641} INFO - Processing file /home/airflow/.local/lib/python3.7/site-packages/airflow/example_dags/example_subdag_operator.py for tasks to queue
[2023-03-15 00:07:05,777] {logging_mixin.py:115} INFO - [2023-03-15 00:07:05,777] {dagbag.py:507} INFO - Filling up the DagBag from /home/airflow/.local/lib/python3.7/site-packages/airflow/example_dags/example_subdag_operator.py
[2023-03-15 00:07:05,798] {processor.py:651} INFO - DAG(s) dict_keys(['example_subdag_operator.section-1', 'example_subdag_operator.section-2', 'example_subdag_operator']) retrieved from /home/airflow/.local/lib/python3.7/site-packages/airflow/example_dags/example_subdag_operator.py
[2023-03-15 00:07:05,816] {logging_mixin.py:115} INFO - [2023-03-15 00:07:05,816] {dag.py:2371} INFO - Sync 3 DAGs
[2023-03-15 00:07:05,829] {logging_mixin.py:115} INFO - [2023-03-15 00:07:05,828] {dag.py:2919} INFO - Setting next_dagrun for example_subdag_operator to 2023-03-13T00:00:00+00:00, run_after=2023-03-13T00:00:00+00:00
[2023-03-15 00:07:05,829] {logging_mixin.py:115} INFO - [2023-03-15 00:07:05,829] {dag.py:2919} INFO - Setting next_dagrun for example_subdag_operator.section-1 to None, run_after=None
[2023-03-15 00:07:05,830] {logging_mixin.py:115} INFO - [2023-03-15 00:07:05,830] {dag.py:2919} INFO - Setting next_dagrun for example_subdag_operator.section-2 to None, run_after=None
[2023-03-15 00:07:05,834] {logging_mixin.py:115} INFO - [2023-03-15 00:07:05,834] {dag.py:2371} INFO - Sync 2 DAGs
[2023-03-15 00:07:05,838] {logging_mixin.py:115} INFO - [2023-03-15 00:07:05,838] {dag.py:2919} INFO - Setting next_dagrun for example_subdag_operator.section-1 to None, run_after=None
[2023-03-15 00:07:05,838] {logging_mixin.py:115} INFO - [2023-03-15 00:07:05,838] {dag.py:2919} INFO - Setting next_dagrun for example_subdag_operator.section-2 to None, run_after=None
[2023-03-15 00:07:05,843] {processor.py:161} INFO - Processing /home/airflow/.local/lib/python3.7/site-packages/airflow/example_dags/example_subdag_operator.py took 0.070 seconds
[2023-03-15 00:07:36,035] {processor.py:153} INFO - Started process (PID=88071) to work on /home/airflow/.local/lib/python3.7/site-packages/airflow/example_dags/example_subdag_operator.py
[2023-03-15 00:07:36,036] {processor.py:641} INFO - Processing file /home/airflow/.local/lib/python3.7/site-packages/airflow/example_dags/example_subdag_operator.py for tasks to queue
[2023-03-15 00:07:36,037] {logging_mixin.py:115} INFO - [2023-03-15 00:07:36,037] {dagbag.py:507} INFO - Filling up the DagBag from /home/airflow/.local/lib/python3.7/site-packages/airflow/example_dags/example_subdag_operator.py
[2023-03-15 00:07:36,069] {processor.py:651} INFO - DAG(s) dict_keys(['example_subdag_operator.section-1', 'example_subdag_operator.section-2', 'example_subdag_operator']) retrieved from /home/airflow/.local/lib/python3.7/site-packages/airflow/example_dags/example_subdag_operator.py
[2023-03-15 00:07:36,095] {logging_mixin.py:115} INFO - [2023-03-15 00:07:36,095] {dag.py:2371} INFO - Sync 3 DAGs
[2023-03-15 00:07:36,110] {logging_mixin.py:115} INFO - [2023-03-15 00:07:36,110] {dag.py:2919} INFO - Setting next_dagrun for example_subdag_operator to 2023-03-13T00:00:00+00:00, run_after=2023-03-13T00:00:00+00:00
[2023-03-15 00:07:36,111] {logging_mixin.py:115} INFO - [2023-03-15 00:07:36,111] {dag.py:2919} INFO - Setting next_dagrun for example_subdag_operator.section-1 to None, run_after=None
[2023-03-15 00:07:36,112] {logging_mixin.py:115} INFO - [2023-03-15 00:07:36,112] {dag.py:2919} INFO - Setting next_dagrun for example_subdag_operator.section-2 to None, run_after=None
[2023-03-15 00:07:36,116] {logging_mixin.py:115} INFO - [2023-03-15 00:07:36,116] {dag.py:2371} INFO - Sync 2 DAGs
[2023-03-15 00:07:36,120] {logging_mixin.py:115} INFO - [2023-03-15 00:07:36,120] {dag.py:2919} INFO - Setting next_dagrun for example_subdag_operator.section-1 to None, run_after=None
[2023-03-15 00:07:36,120] {logging_mixin.py:115} INFO - [2023-03-15 00:07:36,120] {dag.py:2919} INFO - Setting next_dagrun for example_subdag_operator.section-2 to None, run_after=None
[2023-03-15 00:07:36,124] {processor.py:161} INFO - Processing /home/airflow/.local/lib/python3.7/site-packages/airflow/example_dags/example_subdag_operator.py took 0.092 seconds
