[2023-03-15 00:00:28,837] {processor.py:153} INFO - Started process (PID=87159) to work on /home/airflow/.local/lib/python3.7/site-packages/airflow/example_dags/example_dag_decorator.py
[2023-03-15 00:00:28,839] {processor.py:641} INFO - Processing file /home/airflow/.local/lib/python3.7/site-packages/airflow/example_dags/example_dag_decorator.py for tasks to queue
[2023-03-15 00:00:28,841] {logging_mixin.py:115} INFO - [2023-03-15 00:00:28,841] {dagbag.py:507} INFO - Filling up the DagBag from /home/airflow/.local/lib/python3.7/site-packages/airflow/example_dags/example_dag_decorator.py
[2023-03-15 00:00:28,863] {processor.py:651} INFO - DAG(s) dict_keys(['example_dag_decorator']) retrieved from /home/airflow/.local/lib/python3.7/site-packages/airflow/example_dags/example_dag_decorator.py
[2023-03-15 00:00:28,931] {logging_mixin.py:115} INFO - [2023-03-15 00:00:28,931] {dag.py:2371} INFO - Sync 1 DAGs
[2023-03-15 00:00:28,954] {logging_mixin.py:115} INFO - [2023-03-15 00:00:28,953] {dag.py:2919} INFO - Setting next_dagrun for example_dag_decorator to None, run_after=None
[2023-03-15 00:00:28,966] {processor.py:161} INFO - Processing /home/airflow/.local/lib/python3.7/site-packages/airflow/example_dags/example_dag_decorator.py took 0.133 seconds
[2023-03-15 00:00:59,321] {processor.py:153} INFO - Started process (PID=87220) to work on /home/airflow/.local/lib/python3.7/site-packages/airflow/example_dags/example_dag_decorator.py
[2023-03-15 00:00:59,323] {processor.py:641} INFO - Processing file /home/airflow/.local/lib/python3.7/site-packages/airflow/example_dags/example_dag_decorator.py for tasks to queue
[2023-03-15 00:00:59,324] {logging_mixin.py:115} INFO - [2023-03-15 00:00:59,324] {dagbag.py:507} INFO - Filling up the DagBag from /home/airflow/.local/lib/python3.7/site-packages/airflow/example_dags/example_dag_decorator.py
[2023-03-15 00:00:59,351] {processor.py:651} INFO - DAG(s) dict_keys(['example_dag_decorator']) retrieved from /home/airflow/.local/lib/python3.7/site-packages/airflow/example_dags/example_dag_decorator.py
[2023-03-15 00:00:59,372] {logging_mixin.py:115} INFO - [2023-03-15 00:00:59,372] {dag.py:2371} INFO - Sync 1 DAGs
[2023-03-15 00:00:59,384] {logging_mixin.py:115} INFO - [2023-03-15 00:00:59,384] {dag.py:2919} INFO - Setting next_dagrun for example_dag_decorator to None, run_after=None
[2023-03-15 00:00:59,391] {processor.py:161} INFO - Processing /home/airflow/.local/lib/python3.7/site-packages/airflow/example_dags/example_dag_decorator.py took 0.075 seconds
[2023-03-15 00:01:29,463] {processor.py:153} INFO - Started process (PID=87287) to work on /home/airflow/.local/lib/python3.7/site-packages/airflow/example_dags/example_dag_decorator.py
[2023-03-15 00:01:29,465] {processor.py:641} INFO - Processing file /home/airflow/.local/lib/python3.7/site-packages/airflow/example_dags/example_dag_decorator.py for tasks to queue
[2023-03-15 00:01:29,467] {logging_mixin.py:115} INFO - [2023-03-15 00:01:29,466] {dagbag.py:507} INFO - Filling up the DagBag from /home/airflow/.local/lib/python3.7/site-packages/airflow/example_dags/example_dag_decorator.py
[2023-03-15 00:01:29,498] {processor.py:651} INFO - DAG(s) dict_keys(['example_dag_decorator']) retrieved from /home/airflow/.local/lib/python3.7/site-packages/airflow/example_dags/example_dag_decorator.py
[2023-03-15 00:01:29,540] {logging_mixin.py:115} INFO - [2023-03-15 00:01:29,540] {dag.py:2371} INFO - Sync 1 DAGs
[2023-03-15 00:01:29,552] {logging_mixin.py:115} INFO - [2023-03-15 00:01:29,552] {dag.py:2919} INFO - Setting next_dagrun for example_dag_decorator to None, run_after=None
[2023-03-15 00:01:29,560] {processor.py:161} INFO - Processing /home/airflow/.local/lib/python3.7/site-packages/airflow/example_dags/example_dag_decorator.py took 0.103 seconds
[2023-03-15 00:01:59,891] {processor.py:153} INFO - Started process (PID=87354) to work on /home/airflow/.local/lib/python3.7/site-packages/airflow/example_dags/example_dag_decorator.py
[2023-03-15 00:01:59,892] {processor.py:641} INFO - Processing file /home/airflow/.local/lib/python3.7/site-packages/airflow/example_dags/example_dag_decorator.py for tasks to queue
[2023-03-15 00:01:59,894] {logging_mixin.py:115} INFO - [2023-03-15 00:01:59,894] {dagbag.py:507} INFO - Filling up the DagBag from /home/airflow/.local/lib/python3.7/site-packages/airflow/example_dags/example_dag_decorator.py
[2023-03-15 00:01:59,918] {processor.py:651} INFO - DAG(s) dict_keys(['example_dag_decorator']) retrieved from /home/airflow/.local/lib/python3.7/site-packages/airflow/example_dags/example_dag_decorator.py
[2023-03-15 00:01:59,964] {logging_mixin.py:115} INFO - [2023-03-15 00:01:59,964] {dag.py:2371} INFO - Sync 1 DAGs
[2023-03-15 00:01:59,977] {logging_mixin.py:115} INFO - [2023-03-15 00:01:59,976] {dag.py:2919} INFO - Setting next_dagrun for example_dag_decorator to None, run_after=None
[2023-03-15 00:01:59,991] {processor.py:161} INFO - Processing /home/airflow/.local/lib/python3.7/site-packages/airflow/example_dags/example_dag_decorator.py took 0.102 seconds
[2023-03-15 00:02:30,282] {processor.py:153} INFO - Started process (PID=87412) to work on /home/airflow/.local/lib/python3.7/site-packages/airflow/example_dags/example_dag_decorator.py
[2023-03-15 00:02:30,283] {processor.py:641} INFO - Processing file /home/airflow/.local/lib/python3.7/site-packages/airflow/example_dags/example_dag_decorator.py for tasks to queue
[2023-03-15 00:02:30,284] {logging_mixin.py:115} INFO - [2023-03-15 00:02:30,284] {dagbag.py:507} INFO - Filling up the DagBag from /home/airflow/.local/lib/python3.7/site-packages/airflow/example_dags/example_dag_decorator.py
[2023-03-15 00:02:30,301] {processor.py:651} INFO - DAG(s) dict_keys(['example_dag_decorator']) retrieved from /home/airflow/.local/lib/python3.7/site-packages/airflow/example_dags/example_dag_decorator.py
[2023-03-15 00:02:30,340] {logging_mixin.py:115} INFO - [2023-03-15 00:02:30,340] {dag.py:2371} INFO - Sync 1 DAGs
[2023-03-15 00:02:30,351] {logging_mixin.py:115} INFO - [2023-03-15 00:02:30,351] {dag.py:2919} INFO - Setting next_dagrun for example_dag_decorator to None, run_after=None
[2023-03-15 00:02:30,359] {processor.py:161} INFO - Processing /home/airflow/.local/lib/python3.7/site-packages/airflow/example_dags/example_dag_decorator.py took 0.079 seconds
[2023-03-15 00:03:00,510] {processor.py:153} INFO - Started process (PID=87478) to work on /home/airflow/.local/lib/python3.7/site-packages/airflow/example_dags/example_dag_decorator.py
[2023-03-15 00:03:00,511] {processor.py:641} INFO - Processing file /home/airflow/.local/lib/python3.7/site-packages/airflow/example_dags/example_dag_decorator.py for tasks to queue
[2023-03-15 00:03:00,512] {logging_mixin.py:115} INFO - [2023-03-15 00:03:00,512] {dagbag.py:507} INFO - Filling up the DagBag from /home/airflow/.local/lib/python3.7/site-packages/airflow/example_dags/example_dag_decorator.py
[2023-03-15 00:03:00,527] {processor.py:651} INFO - DAG(s) dict_keys(['example_dag_decorator']) retrieved from /home/airflow/.local/lib/python3.7/site-packages/airflow/example_dags/example_dag_decorator.py
[2023-03-15 00:03:00,548] {logging_mixin.py:115} INFO - [2023-03-15 00:03:00,548] {dag.py:2371} INFO - Sync 1 DAGs
[2023-03-15 00:03:00,561] {logging_mixin.py:115} INFO - [2023-03-15 00:03:00,561] {dag.py:2919} INFO - Setting next_dagrun for example_dag_decorator to None, run_after=None
[2023-03-15 00:03:00,567] {processor.py:161} INFO - Processing /home/airflow/.local/lib/python3.7/site-packages/airflow/example_dags/example_dag_decorator.py took 0.059 seconds
[2023-03-15 00:03:31,257] {processor.py:153} INFO - Started process (PID=87545) to work on /home/airflow/.local/lib/python3.7/site-packages/airflow/example_dags/example_dag_decorator.py
[2023-03-15 00:03:31,258] {processor.py:641} INFO - Processing file /home/airflow/.local/lib/python3.7/site-packages/airflow/example_dags/example_dag_decorator.py for tasks to queue
[2023-03-15 00:03:31,259] {logging_mixin.py:115} INFO - [2023-03-15 00:03:31,259] {dagbag.py:507} INFO - Filling up the DagBag from /home/airflow/.local/lib/python3.7/site-packages/airflow/example_dags/example_dag_decorator.py
[2023-03-15 00:03:31,275] {processor.py:651} INFO - DAG(s) dict_keys(['example_dag_decorator']) retrieved from /home/airflow/.local/lib/python3.7/site-packages/airflow/example_dags/example_dag_decorator.py
[2023-03-15 00:03:31,295] {logging_mixin.py:115} INFO - [2023-03-15 00:03:31,295] {dag.py:2371} INFO - Sync 1 DAGs
[2023-03-15 00:03:31,308] {logging_mixin.py:115} INFO - [2023-03-15 00:03:31,308] {dag.py:2919} INFO - Setting next_dagrun for example_dag_decorator to None, run_after=None
[2023-03-15 00:03:31,314] {processor.py:161} INFO - Processing /home/airflow/.local/lib/python3.7/site-packages/airflow/example_dags/example_dag_decorator.py took 0.060 seconds
[2023-03-15 00:04:02,679] {processor.py:153} INFO - Started process (PID=87612) to work on /home/airflow/.local/lib/python3.7/site-packages/airflow/example_dags/example_dag_decorator.py
[2023-03-15 00:04:02,681] {processor.py:641} INFO - Processing file /home/airflow/.local/lib/python3.7/site-packages/airflow/example_dags/example_dag_decorator.py for tasks to queue
[2023-03-15 00:04:02,684] {logging_mixin.py:115} INFO - [2023-03-15 00:04:02,684] {dagbag.py:507} INFO - Filling up the DagBag from /home/airflow/.local/lib/python3.7/site-packages/airflow/example_dags/example_dag_decorator.py
[2023-03-15 00:04:02,744] {processor.py:651} INFO - DAG(s) dict_keys(['example_dag_decorator']) retrieved from /home/airflow/.local/lib/python3.7/site-packages/airflow/example_dags/example_dag_decorator.py
[2023-03-15 00:04:02,852] {logging_mixin.py:115} INFO - [2023-03-15 00:04:02,852] {dag.py:2371} INFO - Sync 1 DAGs
[2023-03-15 00:04:02,867] {logging_mixin.py:115} INFO - [2023-03-15 00:04:02,867] {dag.py:2919} INFO - Setting next_dagrun for example_dag_decorator to None, run_after=None
[2023-03-15 00:04:02,879] {processor.py:161} INFO - Processing /home/airflow/.local/lib/python3.7/site-packages/airflow/example_dags/example_dag_decorator.py took 0.210 seconds
[2023-03-15 00:04:33,508] {processor.py:153} INFO - Started process (PID=87670) to work on /home/airflow/.local/lib/python3.7/site-packages/airflow/example_dags/example_dag_decorator.py
[2023-03-15 00:04:33,509] {processor.py:641} INFO - Processing file /home/airflow/.local/lib/python3.7/site-packages/airflow/example_dags/example_dag_decorator.py for tasks to queue
[2023-03-15 00:04:33,510] {logging_mixin.py:115} INFO - [2023-03-15 00:04:33,510] {dagbag.py:507} INFO - Filling up the DagBag from /home/airflow/.local/lib/python3.7/site-packages/airflow/example_dags/example_dag_decorator.py
[2023-03-15 00:04:33,529] {processor.py:651} INFO - DAG(s) dict_keys(['example_dag_decorator']) retrieved from /home/airflow/.local/lib/python3.7/site-packages/airflow/example_dags/example_dag_decorator.py
[2023-03-15 00:04:33,556] {logging_mixin.py:115} INFO - [2023-03-15 00:04:33,556] {dag.py:2371} INFO - Sync 1 DAGs
[2023-03-15 00:04:33,573] {logging_mixin.py:115} INFO - [2023-03-15 00:04:33,573] {dag.py:2919} INFO - Setting next_dagrun for example_dag_decorator to None, run_after=None
[2023-03-15 00:04:33,579] {processor.py:161} INFO - Processing /home/airflow/.local/lib/python3.7/site-packages/airflow/example_dags/example_dag_decorator.py took 0.074 seconds
[2023-03-15 00:05:03,995] {processor.py:153} INFO - Started process (PID=87737) to work on /home/airflow/.local/lib/python3.7/site-packages/airflow/example_dags/example_dag_decorator.py
[2023-03-15 00:05:03,996] {processor.py:641} INFO - Processing file /home/airflow/.local/lib/python3.7/site-packages/airflow/example_dags/example_dag_decorator.py for tasks to queue
[2023-03-15 00:05:03,997] {logging_mixin.py:115} INFO - [2023-03-15 00:05:03,997] {dagbag.py:507} INFO - Filling up the DagBag from /home/airflow/.local/lib/python3.7/site-packages/airflow/example_dags/example_dag_decorator.py
[2023-03-15 00:05:04,014] {processor.py:651} INFO - DAG(s) dict_keys(['example_dag_decorator']) retrieved from /home/airflow/.local/lib/python3.7/site-packages/airflow/example_dags/example_dag_decorator.py
[2023-03-15 00:05:04,053] {logging_mixin.py:115} INFO - [2023-03-15 00:05:04,053] {dag.py:2371} INFO - Sync 1 DAGs
[2023-03-15 00:05:04,064] {logging_mixin.py:115} INFO - [2023-03-15 00:05:04,064] {dag.py:2919} INFO - Setting next_dagrun for example_dag_decorator to None, run_after=None
[2023-03-15 00:05:04,072] {processor.py:161} INFO - Processing /home/airflow/.local/lib/python3.7/site-packages/airflow/example_dags/example_dag_decorator.py took 0.080 seconds
[2023-03-15 00:05:34,496] {processor.py:153} INFO - Started process (PID=87804) to work on /home/airflow/.local/lib/python3.7/site-packages/airflow/example_dags/example_dag_decorator.py
[2023-03-15 00:05:34,497] {processor.py:641} INFO - Processing file /home/airflow/.local/lib/python3.7/site-packages/airflow/example_dags/example_dag_decorator.py for tasks to queue
[2023-03-15 00:05:34,498] {logging_mixin.py:115} INFO - [2023-03-15 00:05:34,498] {dagbag.py:507} INFO - Filling up the DagBag from /home/airflow/.local/lib/python3.7/site-packages/airflow/example_dags/example_dag_decorator.py
[2023-03-15 00:05:34,514] {processor.py:651} INFO - DAG(s) dict_keys(['example_dag_decorator']) retrieved from /home/airflow/.local/lib/python3.7/site-packages/airflow/example_dags/example_dag_decorator.py
[2023-03-15 00:05:34,536] {logging_mixin.py:115} INFO - [2023-03-15 00:05:34,536] {dag.py:2371} INFO - Sync 1 DAGs
[2023-03-15 00:05:34,551] {logging_mixin.py:115} INFO - [2023-03-15 00:05:34,551] {dag.py:2919} INFO - Setting next_dagrun for example_dag_decorator to None, run_after=None
[2023-03-15 00:05:34,558] {processor.py:161} INFO - Processing /home/airflow/.local/lib/python3.7/site-packages/airflow/example_dags/example_dag_decorator.py took 0.065 seconds
[2023-03-15 00:06:05,110] {processor.py:153} INFO - Started process (PID=87872) to work on /home/airflow/.local/lib/python3.7/site-packages/airflow/example_dags/example_dag_decorator.py
[2023-03-15 00:06:05,112] {processor.py:641} INFO - Processing file /home/airflow/.local/lib/python3.7/site-packages/airflow/example_dags/example_dag_decorator.py for tasks to queue
[2023-03-15 00:06:05,116] {logging_mixin.py:115} INFO - [2023-03-15 00:06:05,116] {dagbag.py:507} INFO - Filling up the DagBag from /home/airflow/.local/lib/python3.7/site-packages/airflow/example_dags/example_dag_decorator.py
[2023-03-15 00:06:05,143] {processor.py:651} INFO - DAG(s) dict_keys(['example_dag_decorator']) retrieved from /home/airflow/.local/lib/python3.7/site-packages/airflow/example_dags/example_dag_decorator.py
[2023-03-15 00:06:05,245] {logging_mixin.py:115} INFO - [2023-03-15 00:06:05,245] {dag.py:2371} INFO - Sync 1 DAGs
[2023-03-15 00:06:05,262] {logging_mixin.py:115} INFO - [2023-03-15 00:06:05,262] {dag.py:2919} INFO - Setting next_dagrun for example_dag_decorator to None, run_after=None
[2023-03-15 00:06:05,304] {processor.py:161} INFO - Processing /home/airflow/.local/lib/python3.7/site-packages/airflow/example_dags/example_dag_decorator.py took 0.198 seconds
[2023-03-15 00:06:35,406] {processor.py:153} INFO - Started process (PID=87931) to work on /home/airflow/.local/lib/python3.7/site-packages/airflow/example_dags/example_dag_decorator.py
[2023-03-15 00:06:35,407] {processor.py:641} INFO - Processing file /home/airflow/.local/lib/python3.7/site-packages/airflow/example_dags/example_dag_decorator.py for tasks to queue
[2023-03-15 00:06:35,408] {logging_mixin.py:115} INFO - [2023-03-15 00:06:35,408] {dagbag.py:507} INFO - Filling up the DagBag from /home/airflow/.local/lib/python3.7/site-packages/airflow/example_dags/example_dag_decorator.py
[2023-03-15 00:06:35,429] {processor.py:651} INFO - DAG(s) dict_keys(['example_dag_decorator']) retrieved from /home/airflow/.local/lib/python3.7/site-packages/airflow/example_dags/example_dag_decorator.py
[2023-03-15 00:06:35,450] {logging_mixin.py:115} INFO - [2023-03-15 00:06:35,450] {dag.py:2371} INFO - Sync 1 DAGs
[2023-03-15 00:06:35,464] {logging_mixin.py:115} INFO - [2023-03-15 00:06:35,464] {dag.py:2919} INFO - Setting next_dagrun for example_dag_decorator to None, run_after=None
[2023-03-15 00:06:35,471] {processor.py:161} INFO - Processing /home/airflow/.local/lib/python3.7/site-packages/airflow/example_dags/example_dag_decorator.py took 0.068 seconds
[2023-03-15 00:07:05,615] {processor.py:153} INFO - Started process (PID=87999) to work on /home/airflow/.local/lib/python3.7/site-packages/airflow/example_dags/example_dag_decorator.py
[2023-03-15 00:07:05,615] {processor.py:641} INFO - Processing file /home/airflow/.local/lib/python3.7/site-packages/airflow/example_dags/example_dag_decorator.py for tasks to queue
[2023-03-15 00:07:05,616] {logging_mixin.py:115} INFO - [2023-03-15 00:07:05,616] {dagbag.py:507} INFO - Filling up the DagBag from /home/airflow/.local/lib/python3.7/site-packages/airflow/example_dags/example_dag_decorator.py
[2023-03-15 00:07:05,632] {processor.py:651} INFO - DAG(s) dict_keys(['example_dag_decorator']) retrieved from /home/airflow/.local/lib/python3.7/site-packages/airflow/example_dags/example_dag_decorator.py
[2023-03-15 00:07:05,651] {logging_mixin.py:115} INFO - [2023-03-15 00:07:05,651] {dag.py:2371} INFO - Sync 1 DAGs
[2023-03-15 00:07:05,664] {logging_mixin.py:115} INFO - [2023-03-15 00:07:05,664] {dag.py:2919} INFO - Setting next_dagrun for example_dag_decorator to None, run_after=None
[2023-03-15 00:07:05,671] {processor.py:161} INFO - Processing /home/airflow/.local/lib/python3.7/site-packages/airflow/example_dags/example_dag_decorator.py took 0.059 seconds
[2023-03-15 00:07:35,867] {processor.py:153} INFO - Started process (PID=88067) to work on /home/airflow/.local/lib/python3.7/site-packages/airflow/example_dags/example_dag_decorator.py
[2023-03-15 00:07:35,868] {processor.py:641} INFO - Processing file /home/airflow/.local/lib/python3.7/site-packages/airflow/example_dags/example_dag_decorator.py for tasks to queue
[2023-03-15 00:07:35,868] {logging_mixin.py:115} INFO - [2023-03-15 00:07:35,868] {dagbag.py:507} INFO - Filling up the DagBag from /home/airflow/.local/lib/python3.7/site-packages/airflow/example_dags/example_dag_decorator.py
[2023-03-15 00:07:35,896] {processor.py:651} INFO - DAG(s) dict_keys(['example_dag_decorator']) retrieved from /home/airflow/.local/lib/python3.7/site-packages/airflow/example_dags/example_dag_decorator.py
[2023-03-15 00:07:35,924] {logging_mixin.py:115} INFO - [2023-03-15 00:07:35,924] {dag.py:2371} INFO - Sync 1 DAGs
[2023-03-15 00:07:35,939] {logging_mixin.py:115} INFO - [2023-03-15 00:07:35,939] {dag.py:2919} INFO - Setting next_dagrun for example_dag_decorator to None, run_after=None
[2023-03-15 00:07:35,946] {processor.py:161} INFO - Processing /home/airflow/.local/lib/python3.7/site-packages/airflow/example_dags/example_dag_decorator.py took 0.082 seconds
