[2023-03-15 00:00:28,840] {processor.py:153} INFO - Started process (PID=87160) to work on /home/airflow/.local/lib/python3.7/site-packages/airflow/example_dags/example_complex.py
[2023-03-15 00:00:28,841] {processor.py:641} INFO - Processing file /home/airflow/.local/lib/python3.7/site-packages/airflow/example_dags/example_complex.py for tasks to queue
[2023-03-15 00:00:28,847] {logging_mixin.py:115} INFO - [2023-03-15 00:00:28,847] {dagbag.py:507} INFO - Filling up the DagBag from /home/airflow/.local/lib/python3.7/site-packages/airflow/example_dags/example_complex.py
[2023-03-15 00:00:28,858] {processor.py:651} INFO - DAG(s) dict_keys(['example_complex']) retrieved from /home/airflow/.local/lib/python3.7/site-packages/airflow/example_dags/example_complex.py
[2023-03-15 00:00:28,892] {logging_mixin.py:115} INFO - [2023-03-15 00:00:28,892] {dag.py:2371} INFO - Sync 1 DAGs
[2023-03-15 00:00:28,911] {logging_mixin.py:115} INFO - [2023-03-15 00:00:28,911] {dag.py:2919} INFO - Setting next_dagrun for example_complex to None, run_after=None
[2023-03-15 00:00:28,922] {processor.py:161} INFO - Processing /home/airflow/.local/lib/python3.7/site-packages/airflow/example_dags/example_complex.py took 0.086 seconds
[2023-03-15 00:00:59,325] {processor.py:153} INFO - Started process (PID=87221) to work on /home/airflow/.local/lib/python3.7/site-packages/airflow/example_dags/example_complex.py
[2023-03-15 00:00:59,326] {processor.py:641} INFO - Processing file /home/airflow/.local/lib/python3.7/site-packages/airflow/example_dags/example_complex.py for tasks to queue
[2023-03-15 00:00:59,327] {logging_mixin.py:115} INFO - [2023-03-15 00:00:59,327] {dagbag.py:507} INFO - Filling up the DagBag from /home/airflow/.local/lib/python3.7/site-packages/airflow/example_dags/example_complex.py
[2023-03-15 00:00:59,342] {processor.py:651} INFO - DAG(s) dict_keys(['example_complex']) retrieved from /home/airflow/.local/lib/python3.7/site-packages/airflow/example_dags/example_complex.py
[2023-03-15 00:00:59,371] {logging_mixin.py:115} INFO - [2023-03-15 00:00:59,371] {dag.py:2371} INFO - Sync 1 DAGs
[2023-03-15 00:00:59,384] {logging_mixin.py:115} INFO - [2023-03-15 00:00:59,384] {dag.py:2919} INFO - Setting next_dagrun for example_complex to None, run_after=None
[2023-03-15 00:00:59,391] {processor.py:161} INFO - Processing /home/airflow/.local/lib/python3.7/site-packages/airflow/example_dags/example_complex.py took 0.071 seconds
[2023-03-15 00:01:29,471] {processor.py:153} INFO - Started process (PID=87288) to work on /home/airflow/.local/lib/python3.7/site-packages/airflow/example_dags/example_complex.py
[2023-03-15 00:01:29,473] {processor.py:641} INFO - Processing file /home/airflow/.local/lib/python3.7/site-packages/airflow/example_dags/example_complex.py for tasks to queue
[2023-03-15 00:01:29,474] {logging_mixin.py:115} INFO - [2023-03-15 00:01:29,474] {dagbag.py:507} INFO - Filling up the DagBag from /home/airflow/.local/lib/python3.7/site-packages/airflow/example_dags/example_complex.py
[2023-03-15 00:01:29,491] {processor.py:651} INFO - DAG(s) dict_keys(['example_complex']) retrieved from /home/airflow/.local/lib/python3.7/site-packages/airflow/example_dags/example_complex.py
[2023-03-15 00:01:29,520] {logging_mixin.py:115} INFO - [2023-03-15 00:01:29,520] {dag.py:2371} INFO - Sync 1 DAGs
[2023-03-15 00:01:29,534] {logging_mixin.py:115} INFO - [2023-03-15 00:01:29,534] {dag.py:2919} INFO - Setting next_dagrun for example_complex to None, run_after=None
[2023-03-15 00:01:29,540] {processor.py:161} INFO - Processing /home/airflow/.local/lib/python3.7/site-packages/airflow/example_dags/example_complex.py took 0.074 seconds
[2023-03-15 00:01:59,915] {processor.py:153} INFO - Started process (PID=87355) to work on /home/airflow/.local/lib/python3.7/site-packages/airflow/example_dags/example_complex.py
[2023-03-15 00:01:59,917] {processor.py:641} INFO - Processing file /home/airflow/.local/lib/python3.7/site-packages/airflow/example_dags/example_complex.py for tasks to queue
[2023-03-15 00:01:59,918] {logging_mixin.py:115} INFO - [2023-03-15 00:01:59,918] {dagbag.py:507} INFO - Filling up the DagBag from /home/airflow/.local/lib/python3.7/site-packages/airflow/example_dags/example_complex.py
[2023-03-15 00:01:59,929] {processor.py:651} INFO - DAG(s) dict_keys(['example_complex']) retrieved from /home/airflow/.local/lib/python3.7/site-packages/airflow/example_dags/example_complex.py
[2023-03-15 00:01:59,955] {logging_mixin.py:115} INFO - [2023-03-15 00:01:59,955] {dag.py:2371} INFO - Sync 1 DAGs
[2023-03-15 00:01:59,968] {logging_mixin.py:115} INFO - [2023-03-15 00:01:59,968] {dag.py:2919} INFO - Setting next_dagrun for example_complex to None, run_after=None
[2023-03-15 00:01:59,976] {processor.py:161} INFO - Processing /home/airflow/.local/lib/python3.7/site-packages/airflow/example_dags/example_complex.py took 0.064 seconds
[2023-03-15 00:02:30,315] {processor.py:153} INFO - Started process (PID=87413) to work on /home/airflow/.local/lib/python3.7/site-packages/airflow/example_dags/example_complex.py
[2023-03-15 00:02:30,316] {processor.py:641} INFO - Processing file /home/airflow/.local/lib/python3.7/site-packages/airflow/example_dags/example_complex.py for tasks to queue
[2023-03-15 00:02:30,317] {logging_mixin.py:115} INFO - [2023-03-15 00:02:30,317] {dagbag.py:507} INFO - Filling up the DagBag from /home/airflow/.local/lib/python3.7/site-packages/airflow/example_dags/example_complex.py
[2023-03-15 00:02:30,325] {processor.py:651} INFO - DAG(s) dict_keys(['example_complex']) retrieved from /home/airflow/.local/lib/python3.7/site-packages/airflow/example_dags/example_complex.py
[2023-03-15 00:02:30,346] {logging_mixin.py:115} INFO - [2023-03-15 00:02:30,346] {dag.py:2371} INFO - Sync 1 DAGs
[2023-03-15 00:02:30,359] {logging_mixin.py:115} INFO - [2023-03-15 00:02:30,359] {dag.py:2919} INFO - Setting next_dagrun for example_complex to None, run_after=None
[2023-03-15 00:02:30,368] {processor.py:161} INFO - Processing /home/airflow/.local/lib/python3.7/site-packages/airflow/example_dags/example_complex.py took 0.055 seconds
[2023-03-15 00:03:00,516] {processor.py:153} INFO - Started process (PID=87479) to work on /home/airflow/.local/lib/python3.7/site-packages/airflow/example_dags/example_complex.py
[2023-03-15 00:03:00,517] {processor.py:641} INFO - Processing file /home/airflow/.local/lib/python3.7/site-packages/airflow/example_dags/example_complex.py for tasks to queue
[2023-03-15 00:03:00,517] {logging_mixin.py:115} INFO - [2023-03-15 00:03:00,517] {dagbag.py:507} INFO - Filling up the DagBag from /home/airflow/.local/lib/python3.7/site-packages/airflow/example_dags/example_complex.py
[2023-03-15 00:03:00,526] {processor.py:651} INFO - DAG(s) dict_keys(['example_complex']) retrieved from /home/airflow/.local/lib/python3.7/site-packages/airflow/example_dags/example_complex.py
[2023-03-15 00:03:00,551] {logging_mixin.py:115} INFO - [2023-03-15 00:03:00,551] {dag.py:2371} INFO - Sync 1 DAGs
[2023-03-15 00:03:00,563] {logging_mixin.py:115} INFO - [2023-03-15 00:03:00,563] {dag.py:2919} INFO - Setting next_dagrun for example_complex to None, run_after=None
[2023-03-15 00:03:00,573] {processor.py:161} INFO - Processing /home/airflow/.local/lib/python3.7/site-packages/airflow/example_dags/example_complex.py took 0.059 seconds
[2023-03-15 00:03:31,298] {processor.py:153} INFO - Started process (PID=87546) to work on /home/airflow/.local/lib/python3.7/site-packages/airflow/example_dags/example_complex.py
[2023-03-15 00:03:31,300] {processor.py:641} INFO - Processing file /home/airflow/.local/lib/python3.7/site-packages/airflow/example_dags/example_complex.py for tasks to queue
[2023-03-15 00:03:31,300] {logging_mixin.py:115} INFO - [2023-03-15 00:03:31,300] {dagbag.py:507} INFO - Filling up the DagBag from /home/airflow/.local/lib/python3.7/site-packages/airflow/example_dags/example_complex.py
[2023-03-15 00:03:31,309] {processor.py:651} INFO - DAG(s) dict_keys(['example_complex']) retrieved from /home/airflow/.local/lib/python3.7/site-packages/airflow/example_dags/example_complex.py
[2023-03-15 00:03:31,331] {logging_mixin.py:115} INFO - [2023-03-15 00:03:31,331] {dag.py:2371} INFO - Sync 1 DAGs
[2023-03-15 00:03:31,344] {logging_mixin.py:115} INFO - [2023-03-15 00:03:31,344] {dag.py:2919} INFO - Setting next_dagrun for example_complex to None, run_after=None
[2023-03-15 00:03:31,352] {processor.py:161} INFO - Processing /home/airflow/.local/lib/python3.7/site-packages/airflow/example_dags/example_complex.py took 0.056 seconds
[2023-03-15 00:04:02,843] {processor.py:153} INFO - Started process (PID=87613) to work on /home/airflow/.local/lib/python3.7/site-packages/airflow/example_dags/example_complex.py
[2023-03-15 00:04:02,844] {processor.py:641} INFO - Processing file /home/airflow/.local/lib/python3.7/site-packages/airflow/example_dags/example_complex.py for tasks to queue
[2023-03-15 00:04:02,845] {logging_mixin.py:115} INFO - [2023-03-15 00:04:02,845] {dagbag.py:507} INFO - Filling up the DagBag from /home/airflow/.local/lib/python3.7/site-packages/airflow/example_dags/example_complex.py
[2023-03-15 00:04:02,856] {processor.py:651} INFO - DAG(s) dict_keys(['example_complex']) retrieved from /home/airflow/.local/lib/python3.7/site-packages/airflow/example_dags/example_complex.py
[2023-03-15 00:04:02,887] {logging_mixin.py:115} INFO - [2023-03-15 00:04:02,887] {dag.py:2371} INFO - Sync 1 DAGs
[2023-03-15 00:04:02,910] {logging_mixin.py:115} INFO - [2023-03-15 00:04:02,909] {dag.py:2919} INFO - Setting next_dagrun for example_complex to None, run_after=None
[2023-03-15 00:04:02,952] {processor.py:161} INFO - Processing /home/airflow/.local/lib/python3.7/site-packages/airflow/example_dags/example_complex.py took 0.112 seconds
[2023-03-15 00:04:33,561] {processor.py:153} INFO - Started process (PID=87671) to work on /home/airflow/.local/lib/python3.7/site-packages/airflow/example_dags/example_complex.py
[2023-03-15 00:04:33,562] {processor.py:641} INFO - Processing file /home/airflow/.local/lib/python3.7/site-packages/airflow/example_dags/example_complex.py for tasks to queue
[2023-03-15 00:04:33,563] {logging_mixin.py:115} INFO - [2023-03-15 00:04:33,563] {dagbag.py:507} INFO - Filling up the DagBag from /home/airflow/.local/lib/python3.7/site-packages/airflow/example_dags/example_complex.py
[2023-03-15 00:04:33,574] {processor.py:651} INFO - DAG(s) dict_keys(['example_complex']) retrieved from /home/airflow/.local/lib/python3.7/site-packages/airflow/example_dags/example_complex.py
[2023-03-15 00:04:33,601] {logging_mixin.py:115} INFO - [2023-03-15 00:04:33,601] {dag.py:2371} INFO - Sync 1 DAGs
[2023-03-15 00:04:33,618] {logging_mixin.py:115} INFO - [2023-03-15 00:04:33,618] {dag.py:2919} INFO - Setting next_dagrun for example_complex to None, run_after=None
[2023-03-15 00:04:33,630] {processor.py:161} INFO - Processing /home/airflow/.local/lib/python3.7/site-packages/airflow/example_dags/example_complex.py took 0.071 seconds
[2023-03-15 00:05:04,020] {processor.py:153} INFO - Started process (PID=87738) to work on /home/airflow/.local/lib/python3.7/site-packages/airflow/example_dags/example_complex.py
[2023-03-15 00:05:04,021] {processor.py:641} INFO - Processing file /home/airflow/.local/lib/python3.7/site-packages/airflow/example_dags/example_complex.py for tasks to queue
[2023-03-15 00:05:04,021] {logging_mixin.py:115} INFO - [2023-03-15 00:05:04,021] {dagbag.py:507} INFO - Filling up the DagBag from /home/airflow/.local/lib/python3.7/site-packages/airflow/example_dags/example_complex.py
[2023-03-15 00:05:04,029] {processor.py:651} INFO - DAG(s) dict_keys(['example_complex']) retrieved from /home/airflow/.local/lib/python3.7/site-packages/airflow/example_dags/example_complex.py
[2023-03-15 00:05:04,050] {logging_mixin.py:115} INFO - [2023-03-15 00:05:04,050] {dag.py:2371} INFO - Sync 1 DAGs
[2023-03-15 00:05:04,063] {logging_mixin.py:115} INFO - [2023-03-15 00:05:04,063] {dag.py:2919} INFO - Setting next_dagrun for example_complex to None, run_after=None
[2023-03-15 00:05:04,071] {processor.py:161} INFO - Processing /home/airflow/.local/lib/python3.7/site-packages/airflow/example_dags/example_complex.py took 0.054 seconds
[2023-03-15 00:05:34,561] {processor.py:153} INFO - Started process (PID=87805) to work on /home/airflow/.local/lib/python3.7/site-packages/airflow/example_dags/example_complex.py
[2023-03-15 00:05:34,563] {processor.py:641} INFO - Processing file /home/airflow/.local/lib/python3.7/site-packages/airflow/example_dags/example_complex.py for tasks to queue
[2023-03-15 00:05:34,564] {logging_mixin.py:115} INFO - [2023-03-15 00:05:34,564] {dagbag.py:507} INFO - Filling up the DagBag from /home/airflow/.local/lib/python3.7/site-packages/airflow/example_dags/example_complex.py
[2023-03-15 00:05:34,573] {processor.py:651} INFO - DAG(s) dict_keys(['example_complex']) retrieved from /home/airflow/.local/lib/python3.7/site-packages/airflow/example_dags/example_complex.py
[2023-03-15 00:05:34,596] {logging_mixin.py:115} INFO - [2023-03-15 00:05:34,596] {dag.py:2371} INFO - Sync 1 DAGs
[2023-03-15 00:05:34,610] {logging_mixin.py:115} INFO - [2023-03-15 00:05:34,610] {dag.py:2919} INFO - Setting next_dagrun for example_complex to None, run_after=None
[2023-03-15 00:05:34,617] {processor.py:161} INFO - Processing /home/airflow/.local/lib/python3.7/site-packages/airflow/example_dags/example_complex.py took 0.059 seconds
[2023-03-15 00:06:05,198] {processor.py:153} INFO - Started process (PID=87873) to work on /home/airflow/.local/lib/python3.7/site-packages/airflow/example_dags/example_complex.py
[2023-03-15 00:06:05,212] {processor.py:641} INFO - Processing file /home/airflow/.local/lib/python3.7/site-packages/airflow/example_dags/example_complex.py for tasks to queue
[2023-03-15 00:06:05,221] {logging_mixin.py:115} INFO - [2023-03-15 00:06:05,221] {dagbag.py:507} INFO - Filling up the DagBag from /home/airflow/.local/lib/python3.7/site-packages/airflow/example_dags/example_complex.py
[2023-03-15 00:06:05,231] {processor.py:651} INFO - DAG(s) dict_keys(['example_complex']) retrieved from /home/airflow/.local/lib/python3.7/site-packages/airflow/example_dags/example_complex.py
[2023-03-15 00:06:05,289] {logging_mixin.py:115} INFO - [2023-03-15 00:06:05,289] {dag.py:2371} INFO - Sync 1 DAGs
[2023-03-15 00:06:05,322] {logging_mixin.py:115} INFO - [2023-03-15 00:06:05,322] {dag.py:2919} INFO - Setting next_dagrun for example_complex to None, run_after=None
[2023-03-15 00:06:05,335] {processor.py:161} INFO - Processing /home/airflow/.local/lib/python3.7/site-packages/airflow/example_dags/example_complex.py took 0.146 seconds
[2023-03-15 00:06:35,468] {processor.py:153} INFO - Started process (PID=87932) to work on /home/airflow/.local/lib/python3.7/site-packages/airflow/example_dags/example_complex.py
[2023-03-15 00:06:35,469] {processor.py:641} INFO - Processing file /home/airflow/.local/lib/python3.7/site-packages/airflow/example_dags/example_complex.py for tasks to queue
[2023-03-15 00:06:35,470] {logging_mixin.py:115} INFO - [2023-03-15 00:06:35,470] {dagbag.py:507} INFO - Filling up the DagBag from /home/airflow/.local/lib/python3.7/site-packages/airflow/example_dags/example_complex.py
[2023-03-15 00:06:35,479] {processor.py:651} INFO - DAG(s) dict_keys(['example_complex']) retrieved from /home/airflow/.local/lib/python3.7/site-packages/airflow/example_dags/example_complex.py
[2023-03-15 00:06:35,503] {logging_mixin.py:115} INFO - [2023-03-15 00:06:35,503] {dag.py:2371} INFO - Sync 1 DAGs
[2023-03-15 00:06:35,515] {logging_mixin.py:115} INFO - [2023-03-15 00:06:35,515] {dag.py:2919} INFO - Setting next_dagrun for example_complex to None, run_after=None
[2023-03-15 00:06:35,522] {processor.py:161} INFO - Processing /home/airflow/.local/lib/python3.7/site-packages/airflow/example_dags/example_complex.py took 0.057 seconds
[2023-03-15 00:07:05,681] {processor.py:153} INFO - Started process (PID=88000) to work on /home/airflow/.local/lib/python3.7/site-packages/airflow/example_dags/example_complex.py
[2023-03-15 00:07:05,682] {processor.py:641} INFO - Processing file /home/airflow/.local/lib/python3.7/site-packages/airflow/example_dags/example_complex.py for tasks to queue
[2023-03-15 00:07:05,683] {logging_mixin.py:115} INFO - [2023-03-15 00:07:05,683] {dagbag.py:507} INFO - Filling up the DagBag from /home/airflow/.local/lib/python3.7/site-packages/airflow/example_dags/example_complex.py
[2023-03-15 00:07:05,694] {processor.py:651} INFO - DAG(s) dict_keys(['example_complex']) retrieved from /home/airflow/.local/lib/python3.7/site-packages/airflow/example_dags/example_complex.py
[2023-03-15 00:07:05,725] {logging_mixin.py:115} INFO - [2023-03-15 00:07:05,725] {dag.py:2371} INFO - Sync 1 DAGs
[2023-03-15 00:07:05,741] {logging_mixin.py:115} INFO - [2023-03-15 00:07:05,741] {dag.py:2919} INFO - Setting next_dagrun for example_complex to None, run_after=None
[2023-03-15 00:07:05,748] {processor.py:161} INFO - Processing /home/airflow/.local/lib/python3.7/site-packages/airflow/example_dags/example_complex.py took 0.069 seconds
[2023-03-15 00:07:35,941] {processor.py:153} INFO - Started process (PID=88068) to work on /home/airflow/.local/lib/python3.7/site-packages/airflow/example_dags/example_complex.py
[2023-03-15 00:07:35,942] {processor.py:641} INFO - Processing file /home/airflow/.local/lib/python3.7/site-packages/airflow/example_dags/example_complex.py for tasks to queue
[2023-03-15 00:07:35,943] {logging_mixin.py:115} INFO - [2023-03-15 00:07:35,943] {dagbag.py:507} INFO - Filling up the DagBag from /home/airflow/.local/lib/python3.7/site-packages/airflow/example_dags/example_complex.py
[2023-03-15 00:07:35,952] {processor.py:651} INFO - DAG(s) dict_keys(['example_complex']) retrieved from /home/airflow/.local/lib/python3.7/site-packages/airflow/example_dags/example_complex.py
[2023-03-15 00:07:35,975] {logging_mixin.py:115} INFO - [2023-03-15 00:07:35,975] {dag.py:2371} INFO - Sync 1 DAGs
[2023-03-15 00:07:35,988] {logging_mixin.py:115} INFO - [2023-03-15 00:07:35,988] {dag.py:2919} INFO - Setting next_dagrun for example_complex to None, run_after=None
[2023-03-15 00:07:35,995] {processor.py:161} INFO - Processing /home/airflow/.local/lib/python3.7/site-packages/airflow/example_dags/example_complex.py took 0.056 seconds
