[2023-03-15 00:00:24,371] {processor.py:153} INFO - Started process (PID=87127) to work on /home/airflow/.local/lib/python3.7/site-packages/airflow/example_dags/example_xcomargs.py
[2023-03-15 00:00:24,372] {processor.py:641} INFO - Processing file /home/airflow/.local/lib/python3.7/site-packages/airflow/example_dags/example_xcomargs.py for tasks to queue
[2023-03-15 00:00:24,373] {logging_mixin.py:115} INFO - [2023-03-15 00:00:24,373] {dagbag.py:507} INFO - Filling up the DagBag from /home/airflow/.local/lib/python3.7/site-packages/airflow/example_dags/example_xcomargs.py
[2023-03-15 00:00:24,386] {processor.py:651} INFO - DAG(s) dict_keys(['example_xcom_args', 'example_xcom_args_with_operators']) retrieved from /home/airflow/.local/lib/python3.7/site-packages/airflow/example_dags/example_xcomargs.py
[2023-03-15 00:00:24,431] {logging_mixin.py:115} INFO - [2023-03-15 00:00:24,430] {dag.py:2371} INFO - Sync 2 DAGs
[2023-03-15 00:00:24,443] {logging_mixin.py:115} INFO - [2023-03-15 00:00:24,443] {dag.py:2919} INFO - Setting next_dagrun for example_xcom_args to None, run_after=None
[2023-03-15 00:00:24,443] {logging_mixin.py:115} INFO - [2023-03-15 00:00:24,443] {dag.py:2919} INFO - Setting next_dagrun for example_xcom_args_with_operators to None, run_after=None
[2023-03-15 00:00:24,452] {processor.py:161} INFO - Processing /home/airflow/.local/lib/python3.7/site-packages/airflow/example_dags/example_xcomargs.py took 0.083 seconds
[2023-03-15 00:00:55,122] {processor.py:153} INFO - Started process (PID=87194) to work on /home/airflow/.local/lib/python3.7/site-packages/airflow/example_dags/example_xcomargs.py
[2023-03-15 00:00:55,123] {processor.py:641} INFO - Processing file /home/airflow/.local/lib/python3.7/site-packages/airflow/example_dags/example_xcomargs.py for tasks to queue
[2023-03-15 00:00:55,123] {logging_mixin.py:115} INFO - [2023-03-15 00:00:55,123] {dagbag.py:507} INFO - Filling up the DagBag from /home/airflow/.local/lib/python3.7/site-packages/airflow/example_dags/example_xcomargs.py
[2023-03-15 00:00:55,136] {processor.py:651} INFO - DAG(s) dict_keys(['example_xcom_args', 'example_xcom_args_with_operators']) retrieved from /home/airflow/.local/lib/python3.7/site-packages/airflow/example_dags/example_xcomargs.py
[2023-03-15 00:00:55,179] {logging_mixin.py:115} INFO - [2023-03-15 00:00:55,179] {dag.py:2371} INFO - Sync 2 DAGs
[2023-03-15 00:00:55,190] {logging_mixin.py:115} INFO - [2023-03-15 00:00:55,190] {dag.py:2919} INFO - Setting next_dagrun for example_xcom_args to None, run_after=None
[2023-03-15 00:00:55,191] {logging_mixin.py:115} INFO - [2023-03-15 00:00:55,190] {dag.py:2919} INFO - Setting next_dagrun for example_xcom_args_with_operators to None, run_after=None
[2023-03-15 00:00:55,199] {processor.py:161} INFO - Processing /home/airflow/.local/lib/python3.7/site-packages/airflow/example_dags/example_xcomargs.py took 0.080 seconds
[2023-03-15 00:01:26,197] {processor.py:153} INFO - Started process (PID=87261) to work on /home/airflow/.local/lib/python3.7/site-packages/airflow/example_dags/example_xcomargs.py
[2023-03-15 00:01:26,198] {processor.py:641} INFO - Processing file /home/airflow/.local/lib/python3.7/site-packages/airflow/example_dags/example_xcomargs.py for tasks to queue
[2023-03-15 00:01:26,199] {logging_mixin.py:115} INFO - [2023-03-15 00:01:26,199] {dagbag.py:507} INFO - Filling up the DagBag from /home/airflow/.local/lib/python3.7/site-packages/airflow/example_dags/example_xcomargs.py
[2023-03-15 00:01:26,212] {processor.py:651} INFO - DAG(s) dict_keys(['example_xcom_args', 'example_xcom_args_with_operators']) retrieved from /home/airflow/.local/lib/python3.7/site-packages/airflow/example_dags/example_xcomargs.py
[2023-03-15 00:01:26,234] {logging_mixin.py:115} INFO - [2023-03-15 00:01:26,234] {dag.py:2371} INFO - Sync 2 DAGs
[2023-03-15 00:01:26,250] {logging_mixin.py:115} INFO - [2023-03-15 00:01:26,250] {dag.py:2919} INFO - Setting next_dagrun for example_xcom_args to None, run_after=None
[2023-03-15 00:01:26,251] {logging_mixin.py:115} INFO - [2023-03-15 00:01:26,251] {dag.py:2919} INFO - Setting next_dagrun for example_xcom_args_with_operators to None, run_after=None
[2023-03-15 00:01:26,259] {processor.py:161} INFO - Processing /home/airflow/.local/lib/python3.7/site-packages/airflow/example_dags/example_xcomargs.py took 0.064 seconds
[2023-03-15 00:01:57,509] {processor.py:153} INFO - Started process (PID=87319) to work on /home/airflow/.local/lib/python3.7/site-packages/airflow/example_dags/example_xcomargs.py
[2023-03-15 00:01:57,510] {processor.py:641} INFO - Processing file /home/airflow/.local/lib/python3.7/site-packages/airflow/example_dags/example_xcomargs.py for tasks to queue
[2023-03-15 00:01:57,510] {logging_mixin.py:115} INFO - [2023-03-15 00:01:57,510] {dagbag.py:507} INFO - Filling up the DagBag from /home/airflow/.local/lib/python3.7/site-packages/airflow/example_dags/example_xcomargs.py
[2023-03-15 00:01:57,523] {processor.py:651} INFO - DAG(s) dict_keys(['example_xcom_args', 'example_xcom_args_with_operators']) retrieved from /home/airflow/.local/lib/python3.7/site-packages/airflow/example_dags/example_xcomargs.py
[2023-03-15 00:01:57,545] {logging_mixin.py:115} INFO - [2023-03-15 00:01:57,545] {dag.py:2371} INFO - Sync 2 DAGs
[2023-03-15 00:01:57,558] {logging_mixin.py:115} INFO - [2023-03-15 00:01:57,558] {dag.py:2919} INFO - Setting next_dagrun for example_xcom_args to None, run_after=None
[2023-03-15 00:01:57,559] {logging_mixin.py:115} INFO - [2023-03-15 00:01:57,559] {dag.py:2919} INFO - Setting next_dagrun for example_xcom_args_with_operators to None, run_after=None
[2023-03-15 00:01:57,566] {processor.py:161} INFO - Processing /home/airflow/.local/lib/python3.7/site-packages/airflow/example_dags/example_xcomargs.py took 0.060 seconds
[2023-03-15 00:02:28,017] {processor.py:153} INFO - Started process (PID=87386) to work on /home/airflow/.local/lib/python3.7/site-packages/airflow/example_dags/example_xcomargs.py
[2023-03-15 00:02:28,018] {processor.py:641} INFO - Processing file /home/airflow/.local/lib/python3.7/site-packages/airflow/example_dags/example_xcomargs.py for tasks to queue
[2023-03-15 00:02:28,019] {logging_mixin.py:115} INFO - [2023-03-15 00:02:28,019] {dagbag.py:507} INFO - Filling up the DagBag from /home/airflow/.local/lib/python3.7/site-packages/airflow/example_dags/example_xcomargs.py
[2023-03-15 00:02:28,031] {processor.py:651} INFO - DAG(s) dict_keys(['example_xcom_args', 'example_xcom_args_with_operators']) retrieved from /home/airflow/.local/lib/python3.7/site-packages/airflow/example_dags/example_xcomargs.py
[2023-03-15 00:02:28,055] {logging_mixin.py:115} INFO - [2023-03-15 00:02:28,055] {dag.py:2371} INFO - Sync 2 DAGs
[2023-03-15 00:02:28,068] {logging_mixin.py:115} INFO - [2023-03-15 00:02:28,068] {dag.py:2919} INFO - Setting next_dagrun for example_xcom_args to None, run_after=None
[2023-03-15 00:02:28,069] {logging_mixin.py:115} INFO - [2023-03-15 00:02:28,069] {dag.py:2919} INFO - Setting next_dagrun for example_xcom_args_with_operators to None, run_after=None
[2023-03-15 00:02:28,077] {processor.py:161} INFO - Processing /home/airflow/.local/lib/python3.7/site-packages/airflow/example_dags/example_xcomargs.py took 0.062 seconds
[2023-03-15 00:02:58,290] {processor.py:153} INFO - Started process (PID=87451) to work on /home/airflow/.local/lib/python3.7/site-packages/airflow/example_dags/example_xcomargs.py
[2023-03-15 00:02:58,291] {processor.py:641} INFO - Processing file /home/airflow/.local/lib/python3.7/site-packages/airflow/example_dags/example_xcomargs.py for tasks to queue
[2023-03-15 00:02:58,291] {logging_mixin.py:115} INFO - [2023-03-15 00:02:58,291] {dagbag.py:507} INFO - Filling up the DagBag from /home/airflow/.local/lib/python3.7/site-packages/airflow/example_dags/example_xcomargs.py
[2023-03-15 00:02:58,304] {processor.py:651} INFO - DAG(s) dict_keys(['example_xcom_args', 'example_xcom_args_with_operators']) retrieved from /home/airflow/.local/lib/python3.7/site-packages/airflow/example_dags/example_xcomargs.py
[2023-03-15 00:02:58,345] {logging_mixin.py:115} INFO - [2023-03-15 00:02:58,345] {dag.py:2371} INFO - Sync 2 DAGs
[2023-03-15 00:02:58,357] {logging_mixin.py:115} INFO - [2023-03-15 00:02:58,357] {dag.py:2919} INFO - Setting next_dagrun for example_xcom_args to None, run_after=None
[2023-03-15 00:02:58,358] {logging_mixin.py:115} INFO - [2023-03-15 00:02:58,358] {dag.py:2919} INFO - Setting next_dagrun for example_xcom_args_with_operators to None, run_after=None
[2023-03-15 00:02:58,366] {processor.py:161} INFO - Processing /home/airflow/.local/lib/python3.7/site-packages/airflow/example_dags/example_xcomargs.py took 0.078 seconds
[2023-03-15 00:03:28,740] {processor.py:153} INFO - Started process (PID=87518) to work on /home/airflow/.local/lib/python3.7/site-packages/airflow/example_dags/example_xcomargs.py
[2023-03-15 00:03:28,742] {processor.py:641} INFO - Processing file /home/airflow/.local/lib/python3.7/site-packages/airflow/example_dags/example_xcomargs.py for tasks to queue
[2023-03-15 00:03:28,743] {logging_mixin.py:115} INFO - [2023-03-15 00:03:28,742] {dagbag.py:507} INFO - Filling up the DagBag from /home/airflow/.local/lib/python3.7/site-packages/airflow/example_dags/example_xcomargs.py
[2023-03-15 00:03:28,758] {processor.py:651} INFO - DAG(s) dict_keys(['example_xcom_args', 'example_xcom_args_with_operators']) retrieved from /home/airflow/.local/lib/python3.7/site-packages/airflow/example_dags/example_xcomargs.py
[2023-03-15 00:03:28,805] {logging_mixin.py:115} INFO - [2023-03-15 00:03:28,805] {dag.py:2371} INFO - Sync 2 DAGs
[2023-03-15 00:03:28,817] {logging_mixin.py:115} INFO - [2023-03-15 00:03:28,817] {dag.py:2919} INFO - Setting next_dagrun for example_xcom_args to None, run_after=None
[2023-03-15 00:03:28,818] {logging_mixin.py:115} INFO - [2023-03-15 00:03:28,818] {dag.py:2919} INFO - Setting next_dagrun for example_xcom_args_with_operators to None, run_after=None
[2023-03-15 00:03:28,829] {processor.py:161} INFO - Processing /home/airflow/.local/lib/python3.7/site-packages/airflow/example_dags/example_xcomargs.py took 0.093 seconds
[2023-03-15 00:03:59,338] {processor.py:153} INFO - Started process (PID=87577) to work on /home/airflow/.local/lib/python3.7/site-packages/airflow/example_dags/example_xcomargs.py
[2023-03-15 00:03:59,339] {processor.py:641} INFO - Processing file /home/airflow/.local/lib/python3.7/site-packages/airflow/example_dags/example_xcomargs.py for tasks to queue
[2023-03-15 00:03:59,340] {logging_mixin.py:115} INFO - [2023-03-15 00:03:59,340] {dagbag.py:507} INFO - Filling up the DagBag from /home/airflow/.local/lib/python3.7/site-packages/airflow/example_dags/example_xcomargs.py
[2023-03-15 00:03:59,355] {processor.py:651} INFO - DAG(s) dict_keys(['example_xcom_args', 'example_xcom_args_with_operators']) retrieved from /home/airflow/.local/lib/python3.7/site-packages/airflow/example_dags/example_xcomargs.py
[2023-03-15 00:03:59,381] {logging_mixin.py:115} INFO - [2023-03-15 00:03:59,381] {dag.py:2371} INFO - Sync 2 DAGs
[2023-03-15 00:03:59,398] {logging_mixin.py:115} INFO - [2023-03-15 00:03:59,398] {dag.py:2919} INFO - Setting next_dagrun for example_xcom_args to None, run_after=None
[2023-03-15 00:03:59,399] {logging_mixin.py:115} INFO - [2023-03-15 00:03:59,399] {dag.py:2919} INFO - Setting next_dagrun for example_xcom_args_with_operators to None, run_after=None
[2023-03-15 00:03:59,409] {processor.py:161} INFO - Processing /home/airflow/.local/lib/python3.7/site-packages/airflow/example_dags/example_xcomargs.py took 0.075 seconds
[2023-03-15 00:04:29,855] {processor.py:153} INFO - Started process (PID=87644) to work on /home/airflow/.local/lib/python3.7/site-packages/airflow/example_dags/example_xcomargs.py
[2023-03-15 00:04:29,856] {processor.py:641} INFO - Processing file /home/airflow/.local/lib/python3.7/site-packages/airflow/example_dags/example_xcomargs.py for tasks to queue
[2023-03-15 00:04:29,857] {logging_mixin.py:115} INFO - [2023-03-15 00:04:29,856] {dagbag.py:507} INFO - Filling up the DagBag from /home/airflow/.local/lib/python3.7/site-packages/airflow/example_dags/example_xcomargs.py
[2023-03-15 00:04:29,872] {processor.py:651} INFO - DAG(s) dict_keys(['example_xcom_args', 'example_xcom_args_with_operators']) retrieved from /home/airflow/.local/lib/python3.7/site-packages/airflow/example_dags/example_xcomargs.py
[2023-03-15 00:04:29,905] {logging_mixin.py:115} INFO - [2023-03-15 00:04:29,905] {dag.py:2371} INFO - Sync 2 DAGs
[2023-03-15 00:04:29,931] {logging_mixin.py:115} INFO - [2023-03-15 00:04:29,931] {dag.py:2919} INFO - Setting next_dagrun for example_xcom_args to None, run_after=None
[2023-03-15 00:04:29,950] {logging_mixin.py:115} INFO - [2023-03-15 00:04:29,950] {dag.py:2919} INFO - Setting next_dagrun for example_xcom_args_with_operators to None, run_after=None
[2023-03-15 00:04:29,973] {processor.py:161} INFO - Processing /home/airflow/.local/lib/python3.7/site-packages/airflow/example_dags/example_xcomargs.py took 0.121 seconds
[2023-03-15 00:05:00,642] {processor.py:153} INFO - Started process (PID=87711) to work on /home/airflow/.local/lib/python3.7/site-packages/airflow/example_dags/example_xcomargs.py
[2023-03-15 00:05:00,643] {processor.py:641} INFO - Processing file /home/airflow/.local/lib/python3.7/site-packages/airflow/example_dags/example_xcomargs.py for tasks to queue
[2023-03-15 00:05:00,644] {logging_mixin.py:115} INFO - [2023-03-15 00:05:00,644] {dagbag.py:507} INFO - Filling up the DagBag from /home/airflow/.local/lib/python3.7/site-packages/airflow/example_dags/example_xcomargs.py
[2023-03-15 00:05:00,658] {processor.py:651} INFO - DAG(s) dict_keys(['example_xcom_args', 'example_xcom_args_with_operators']) retrieved from /home/airflow/.local/lib/python3.7/site-packages/airflow/example_dags/example_xcomargs.py
[2023-03-15 00:05:00,709] {logging_mixin.py:115} INFO - [2023-03-15 00:05:00,709] {dag.py:2371} INFO - Sync 2 DAGs
[2023-03-15 00:05:00,725] {logging_mixin.py:115} INFO - [2023-03-15 00:05:00,725] {dag.py:2919} INFO - Setting next_dagrun for example_xcom_args to None, run_after=None
[2023-03-15 00:05:00,725] {logging_mixin.py:115} INFO - [2023-03-15 00:05:00,725] {dag.py:2919} INFO - Setting next_dagrun for example_xcom_args_with_operators to None, run_after=None
[2023-03-15 00:05:00,736] {processor.py:161} INFO - Processing /home/airflow/.local/lib/python3.7/site-packages/airflow/example_dags/example_xcomargs.py took 0.096 seconds
[2023-03-15 00:05:30,934] {processor.py:153} INFO - Started process (PID=87768) to work on /home/airflow/.local/lib/python3.7/site-packages/airflow/example_dags/example_xcomargs.py
[2023-03-15 00:05:30,935] {processor.py:641} INFO - Processing file /home/airflow/.local/lib/python3.7/site-packages/airflow/example_dags/example_xcomargs.py for tasks to queue
[2023-03-15 00:05:30,937] {logging_mixin.py:115} INFO - [2023-03-15 00:05:30,937] {dagbag.py:507} INFO - Filling up the DagBag from /home/airflow/.local/lib/python3.7/site-packages/airflow/example_dags/example_xcomargs.py
[2023-03-15 00:05:30,955] {processor.py:651} INFO - DAG(s) dict_keys(['example_xcom_args', 'example_xcom_args_with_operators']) retrieved from /home/airflow/.local/lib/python3.7/site-packages/airflow/example_dags/example_xcomargs.py
[2023-03-15 00:05:31,003] {logging_mixin.py:115} INFO - [2023-03-15 00:05:31,003] {dag.py:2371} INFO - Sync 2 DAGs
[2023-03-15 00:05:31,019] {logging_mixin.py:115} INFO - [2023-03-15 00:05:31,019] {dag.py:2919} INFO - Setting next_dagrun for example_xcom_args to None, run_after=None
[2023-03-15 00:05:31,020] {logging_mixin.py:115} INFO - [2023-03-15 00:05:31,020] {dag.py:2919} INFO - Setting next_dagrun for example_xcom_args_with_operators to None, run_after=None
[2023-03-15 00:05:31,030] {processor.py:161} INFO - Processing /home/airflow/.local/lib/python3.7/site-packages/airflow/example_dags/example_xcomargs.py took 0.100 seconds
[2023-03-15 00:06:01,563] {processor.py:153} INFO - Started process (PID=87837) to work on /home/airflow/.local/lib/python3.7/site-packages/airflow/example_dags/example_xcomargs.py
[2023-03-15 00:06:01,564] {processor.py:641} INFO - Processing file /home/airflow/.local/lib/python3.7/site-packages/airflow/example_dags/example_xcomargs.py for tasks to queue
[2023-03-15 00:06:01,565] {logging_mixin.py:115} INFO - [2023-03-15 00:06:01,565] {dagbag.py:507} INFO - Filling up the DagBag from /home/airflow/.local/lib/python3.7/site-packages/airflow/example_dags/example_xcomargs.py
[2023-03-15 00:06:01,578] {processor.py:651} INFO - DAG(s) dict_keys(['example_xcom_args', 'example_xcom_args_with_operators']) retrieved from /home/airflow/.local/lib/python3.7/site-packages/airflow/example_dags/example_xcomargs.py
[2023-03-15 00:06:01,598] {logging_mixin.py:115} INFO - [2023-03-15 00:06:01,598] {dag.py:2371} INFO - Sync 2 DAGs
[2023-03-15 00:06:01,612] {logging_mixin.py:115} INFO - [2023-03-15 00:06:01,612] {dag.py:2919} INFO - Setting next_dagrun for example_xcom_args to None, run_after=None
[2023-03-15 00:06:01,612] {logging_mixin.py:115} INFO - [2023-03-15 00:06:01,612] {dag.py:2919} INFO - Setting next_dagrun for example_xcom_args_with_operators to None, run_after=None
[2023-03-15 00:06:01,619] {processor.py:161} INFO - Processing /home/airflow/.local/lib/python3.7/site-packages/airflow/example_dags/example_xcomargs.py took 0.059 seconds
[2023-03-15 00:06:32,196] {processor.py:153} INFO - Started process (PID=87905) to work on /home/airflow/.local/lib/python3.7/site-packages/airflow/example_dags/example_xcomargs.py
[2023-03-15 00:06:32,198] {processor.py:641} INFO - Processing file /home/airflow/.local/lib/python3.7/site-packages/airflow/example_dags/example_xcomargs.py for tasks to queue
[2023-03-15 00:06:32,199] {logging_mixin.py:115} INFO - [2023-03-15 00:06:32,199] {dagbag.py:507} INFO - Filling up the DagBag from /home/airflow/.local/lib/python3.7/site-packages/airflow/example_dags/example_xcomargs.py
[2023-03-15 00:06:32,218] {processor.py:651} INFO - DAG(s) dict_keys(['example_xcom_args', 'example_xcom_args_with_operators']) retrieved from /home/airflow/.local/lib/python3.7/site-packages/airflow/example_dags/example_xcomargs.py
[2023-03-15 00:06:32,243] {logging_mixin.py:115} INFO - [2023-03-15 00:06:32,243] {dag.py:2371} INFO - Sync 2 DAGs
[2023-03-15 00:06:32,256] {logging_mixin.py:115} INFO - [2023-03-15 00:06:32,256] {dag.py:2919} INFO - Setting next_dagrun for example_xcom_args to None, run_after=None
[2023-03-15 00:06:32,257] {logging_mixin.py:115} INFO - [2023-03-15 00:06:32,257] {dag.py:2919} INFO - Setting next_dagrun for example_xcom_args_with_operators to None, run_after=None
[2023-03-15 00:06:32,264] {processor.py:161} INFO - Processing /home/airflow/.local/lib/python3.7/site-packages/airflow/example_dags/example_xcomargs.py took 0.070 seconds
[2023-03-15 00:07:03,357] {processor.py:153} INFO - Started process (PID=87973) to work on /home/airflow/.local/lib/python3.7/site-packages/airflow/example_dags/example_xcomargs.py
[2023-03-15 00:07:03,358] {processor.py:641} INFO - Processing file /home/airflow/.local/lib/python3.7/site-packages/airflow/example_dags/example_xcomargs.py for tasks to queue
[2023-03-15 00:07:03,359] {logging_mixin.py:115} INFO - [2023-03-15 00:07:03,359] {dagbag.py:507} INFO - Filling up the DagBag from /home/airflow/.local/lib/python3.7/site-packages/airflow/example_dags/example_xcomargs.py
[2023-03-15 00:07:03,372] {processor.py:651} INFO - DAG(s) dict_keys(['example_xcom_args', 'example_xcom_args_with_operators']) retrieved from /home/airflow/.local/lib/python3.7/site-packages/airflow/example_dags/example_xcomargs.py
[2023-03-15 00:07:03,414] {logging_mixin.py:115} INFO - [2023-03-15 00:07:03,414] {dag.py:2371} INFO - Sync 2 DAGs
[2023-03-15 00:07:03,426] {logging_mixin.py:115} INFO - [2023-03-15 00:07:03,426] {dag.py:2919} INFO - Setting next_dagrun for example_xcom_args to None, run_after=None
[2023-03-15 00:07:03,428] {logging_mixin.py:115} INFO - [2023-03-15 00:07:03,428] {dag.py:2919} INFO - Setting next_dagrun for example_xcom_args_with_operators to None, run_after=None
[2023-03-15 00:07:03,435] {processor.py:161} INFO - Processing /home/airflow/.local/lib/python3.7/site-packages/airflow/example_dags/example_xcomargs.py took 0.081 seconds
[2023-03-15 00:07:33,875] {processor.py:153} INFO - Started process (PID=88041) to work on /home/airflow/.local/lib/python3.7/site-packages/airflow/example_dags/example_xcomargs.py
[2023-03-15 00:07:33,877] {processor.py:641} INFO - Processing file /home/airflow/.local/lib/python3.7/site-packages/airflow/example_dags/example_xcomargs.py for tasks to queue
[2023-03-15 00:07:33,878] {logging_mixin.py:115} INFO - [2023-03-15 00:07:33,878] {dagbag.py:507} INFO - Filling up the DagBag from /home/airflow/.local/lib/python3.7/site-packages/airflow/example_dags/example_xcomargs.py
[2023-03-15 00:07:33,895] {processor.py:651} INFO - DAG(s) dict_keys(['example_xcom_args', 'example_xcom_args_with_operators']) retrieved from /home/airflow/.local/lib/python3.7/site-packages/airflow/example_dags/example_xcomargs.py
[2023-03-15 00:07:33,923] {logging_mixin.py:115} INFO - [2023-03-15 00:07:33,923] {dag.py:2371} INFO - Sync 2 DAGs
[2023-03-15 00:07:33,940] {logging_mixin.py:115} INFO - [2023-03-15 00:07:33,940] {dag.py:2919} INFO - Setting next_dagrun for example_xcom_args to None, run_after=None
[2023-03-15 00:07:33,943] {logging_mixin.py:115} INFO - [2023-03-15 00:07:33,943] {dag.py:2919} INFO - Setting next_dagrun for example_xcom_args_with_operators to None, run_after=None
[2023-03-15 00:07:33,954] {processor.py:161} INFO - Processing /home/airflow/.local/lib/python3.7/site-packages/airflow/example_dags/example_xcomargs.py took 0.088 seconds
