[2023-03-15 00:00:24,679] {processor.py:153} INFO - Started process (PID=87133) to work on /home/airflow/.local/lib/python3.7/site-packages/airflow/example_dags/example_trigger_target_dag.py
[2023-03-15 00:00:24,680] {processor.py:641} INFO - Processing file /home/airflow/.local/lib/python3.7/site-packages/airflow/example_dags/example_trigger_target_dag.py for tasks to queue
[2023-03-15 00:00:24,680] {logging_mixin.py:115} INFO - [2023-03-15 00:00:24,680] {dagbag.py:507} INFO - Filling up the DagBag from /home/airflow/.local/lib/python3.7/site-packages/airflow/example_dags/example_trigger_target_dag.py
[2023-03-15 00:00:24,691] {processor.py:651} INFO - DAG(s) dict_keys(['example_trigger_target_dag']) retrieved from /home/airflow/.local/lib/python3.7/site-packages/airflow/example_dags/example_trigger_target_dag.py
[2023-03-15 00:00:24,711] {logging_mixin.py:115} INFO - [2023-03-15 00:00:24,711] {dag.py:2371} INFO - Sync 1 DAGs
[2023-03-15 00:00:24,724] {logging_mixin.py:115} INFO - [2023-03-15 00:00:24,724] {dag.py:2919} INFO - Setting next_dagrun for example_trigger_target_dag to None, run_after=None
[2023-03-15 00:00:24,730] {processor.py:161} INFO - Processing /home/airflow/.local/lib/python3.7/site-packages/airflow/example_dags/example_trigger_target_dag.py took 0.054 seconds
[2023-03-15 00:00:55,370] {processor.py:153} INFO - Started process (PID=87199) to work on /home/airflow/.local/lib/python3.7/site-packages/airflow/example_dags/example_trigger_target_dag.py
[2023-03-15 00:00:55,371] {processor.py:641} INFO - Processing file /home/airflow/.local/lib/python3.7/site-packages/airflow/example_dags/example_trigger_target_dag.py for tasks to queue
[2023-03-15 00:00:55,371] {logging_mixin.py:115} INFO - [2023-03-15 00:00:55,371] {dagbag.py:507} INFO - Filling up the DagBag from /home/airflow/.local/lib/python3.7/site-packages/airflow/example_dags/example_trigger_target_dag.py
[2023-03-15 00:00:55,382] {processor.py:651} INFO - DAG(s) dict_keys(['example_trigger_target_dag']) retrieved from /home/airflow/.local/lib/python3.7/site-packages/airflow/example_dags/example_trigger_target_dag.py
[2023-03-15 00:00:55,400] {logging_mixin.py:115} INFO - [2023-03-15 00:00:55,400] {dag.py:2371} INFO - Sync 1 DAGs
[2023-03-15 00:00:55,413] {logging_mixin.py:115} INFO - [2023-03-15 00:00:55,413] {dag.py:2919} INFO - Setting next_dagrun for example_trigger_target_dag to None, run_after=None
[2023-03-15 00:00:55,419] {processor.py:161} INFO - Processing /home/airflow/.local/lib/python3.7/site-packages/airflow/example_dags/example_trigger_target_dag.py took 0.052 seconds
[2023-03-15 00:01:26,429] {processor.py:153} INFO - Started process (PID=87266) to work on /home/airflow/.local/lib/python3.7/site-packages/airflow/example_dags/example_trigger_target_dag.py
[2023-03-15 00:01:26,430] {processor.py:641} INFO - Processing file /home/airflow/.local/lib/python3.7/site-packages/airflow/example_dags/example_trigger_target_dag.py for tasks to queue
[2023-03-15 00:01:26,431] {logging_mixin.py:115} INFO - [2023-03-15 00:01:26,431] {dagbag.py:507} INFO - Filling up the DagBag from /home/airflow/.local/lib/python3.7/site-packages/airflow/example_dags/example_trigger_target_dag.py
[2023-03-15 00:01:26,441] {processor.py:651} INFO - DAG(s) dict_keys(['example_trigger_target_dag']) retrieved from /home/airflow/.local/lib/python3.7/site-packages/airflow/example_dags/example_trigger_target_dag.py
[2023-03-15 00:01:26,465] {logging_mixin.py:115} INFO - [2023-03-15 00:01:26,465] {dag.py:2371} INFO - Sync 1 DAGs
[2023-03-15 00:01:26,480] {logging_mixin.py:115} INFO - [2023-03-15 00:01:26,480] {dag.py:2919} INFO - Setting next_dagrun for example_trigger_target_dag to None, run_after=None
[2023-03-15 00:01:26,487] {processor.py:161} INFO - Processing /home/airflow/.local/lib/python3.7/site-packages/airflow/example_dags/example_trigger_target_dag.py took 0.060 seconds
[2023-03-15 00:01:57,854] {processor.py:153} INFO - Started process (PID=87331) to work on /home/airflow/.local/lib/python3.7/site-packages/airflow/example_dags/example_trigger_target_dag.py
[2023-03-15 00:01:57,859] {processor.py:641} INFO - Processing file /home/airflow/.local/lib/python3.7/site-packages/airflow/example_dags/example_trigger_target_dag.py for tasks to queue
[2023-03-15 00:01:57,863] {logging_mixin.py:115} INFO - [2023-03-15 00:01:57,863] {dagbag.py:507} INFO - Filling up the DagBag from /home/airflow/.local/lib/python3.7/site-packages/airflow/example_dags/example_trigger_target_dag.py
[2023-03-15 00:01:57,884] {processor.py:651} INFO - DAG(s) dict_keys(['example_trigger_target_dag']) retrieved from /home/airflow/.local/lib/python3.7/site-packages/airflow/example_dags/example_trigger_target_dag.py
[2023-03-15 00:01:57,920] {logging_mixin.py:115} INFO - [2023-03-15 00:01:57,919] {dag.py:2371} INFO - Sync 1 DAGs
[2023-03-15 00:01:57,946] {logging_mixin.py:115} INFO - [2023-03-15 00:01:57,946] {dag.py:2919} INFO - Setting next_dagrun for example_trigger_target_dag to None, run_after=None
[2023-03-15 00:01:57,960] {processor.py:161} INFO - Processing /home/airflow/.local/lib/python3.7/site-packages/airflow/example_dags/example_trigger_target_dag.py took 0.113 seconds
[2023-03-15 00:02:28,263] {processor.py:153} INFO - Started process (PID=87391) to work on /home/airflow/.local/lib/python3.7/site-packages/airflow/example_dags/example_trigger_target_dag.py
[2023-03-15 00:02:28,264] {processor.py:641} INFO - Processing file /home/airflow/.local/lib/python3.7/site-packages/airflow/example_dags/example_trigger_target_dag.py for tasks to queue
[2023-03-15 00:02:28,265] {logging_mixin.py:115} INFO - [2023-03-15 00:02:28,265] {dagbag.py:507} INFO - Filling up the DagBag from /home/airflow/.local/lib/python3.7/site-packages/airflow/example_dags/example_trigger_target_dag.py
[2023-03-15 00:02:28,276] {processor.py:651} INFO - DAG(s) dict_keys(['example_trigger_target_dag']) retrieved from /home/airflow/.local/lib/python3.7/site-packages/airflow/example_dags/example_trigger_target_dag.py
[2023-03-15 00:02:28,296] {logging_mixin.py:115} INFO - [2023-03-15 00:02:28,295] {dag.py:2371} INFO - Sync 1 DAGs
[2023-03-15 00:02:28,308] {logging_mixin.py:115} INFO - [2023-03-15 00:02:28,308] {dag.py:2919} INFO - Setting next_dagrun for example_trigger_target_dag to None, run_after=None
[2023-03-15 00:02:28,318] {processor.py:161} INFO - Processing /home/airflow/.local/lib/python3.7/site-packages/airflow/example_dags/example_trigger_target_dag.py took 0.057 seconds
[2023-03-15 00:02:58,560] {processor.py:153} INFO - Started process (PID=87457) to work on /home/airflow/.local/lib/python3.7/site-packages/airflow/example_dags/example_trigger_target_dag.py
[2023-03-15 00:02:58,561] {processor.py:641} INFO - Processing file /home/airflow/.local/lib/python3.7/site-packages/airflow/example_dags/example_trigger_target_dag.py for tasks to queue
[2023-03-15 00:02:58,562] {logging_mixin.py:115} INFO - [2023-03-15 00:02:58,562] {dagbag.py:507} INFO - Filling up the DagBag from /home/airflow/.local/lib/python3.7/site-packages/airflow/example_dags/example_trigger_target_dag.py
[2023-03-15 00:02:58,572] {processor.py:651} INFO - DAG(s) dict_keys(['example_trigger_target_dag']) retrieved from /home/airflow/.local/lib/python3.7/site-packages/airflow/example_dags/example_trigger_target_dag.py
[2023-03-15 00:02:58,591] {logging_mixin.py:115} INFO - [2023-03-15 00:02:58,591] {dag.py:2371} INFO - Sync 1 DAGs
[2023-03-15 00:02:58,604] {logging_mixin.py:115} INFO - [2023-03-15 00:02:58,604] {dag.py:2919} INFO - Setting next_dagrun for example_trigger_target_dag to None, run_after=None
[2023-03-15 00:02:58,610] {processor.py:161} INFO - Processing /home/airflow/.local/lib/python3.7/site-packages/airflow/example_dags/example_trigger_target_dag.py took 0.052 seconds
[2023-03-15 00:03:29,123] {processor.py:153} INFO - Started process (PID=87524) to work on /home/airflow/.local/lib/python3.7/site-packages/airflow/example_dags/example_trigger_target_dag.py
[2023-03-15 00:03:29,124] {processor.py:641} INFO - Processing file /home/airflow/.local/lib/python3.7/site-packages/airflow/example_dags/example_trigger_target_dag.py for tasks to queue
[2023-03-15 00:03:29,125] {logging_mixin.py:115} INFO - [2023-03-15 00:03:29,125] {dagbag.py:507} INFO - Filling up the DagBag from /home/airflow/.local/lib/python3.7/site-packages/airflow/example_dags/example_trigger_target_dag.py
[2023-03-15 00:03:29,137] {processor.py:651} INFO - DAG(s) dict_keys(['example_trigger_target_dag']) retrieved from /home/airflow/.local/lib/python3.7/site-packages/airflow/example_dags/example_trigger_target_dag.py
[2023-03-15 00:03:29,162] {logging_mixin.py:115} INFO - [2023-03-15 00:03:29,162] {dag.py:2371} INFO - Sync 1 DAGs
[2023-03-15 00:03:29,188] {logging_mixin.py:115} INFO - [2023-03-15 00:03:29,188] {dag.py:2919} INFO - Setting next_dagrun for example_trigger_target_dag to None, run_after=None
[2023-03-15 00:03:29,203] {processor.py:161} INFO - Processing /home/airflow/.local/lib/python3.7/site-packages/airflow/example_dags/example_trigger_target_dag.py took 0.082 seconds
[2023-03-15 00:03:59,618] {processor.py:153} INFO - Started process (PID=87582) to work on /home/airflow/.local/lib/python3.7/site-packages/airflow/example_dags/example_trigger_target_dag.py
[2023-03-15 00:03:59,619] {processor.py:641} INFO - Processing file /home/airflow/.local/lib/python3.7/site-packages/airflow/example_dags/example_trigger_target_dag.py for tasks to queue
[2023-03-15 00:03:59,619] {logging_mixin.py:115} INFO - [2023-03-15 00:03:59,619] {dagbag.py:507} INFO - Filling up the DagBag from /home/airflow/.local/lib/python3.7/site-packages/airflow/example_dags/example_trigger_target_dag.py
[2023-03-15 00:03:59,633] {processor.py:651} INFO - DAG(s) dict_keys(['example_trigger_target_dag']) retrieved from /home/airflow/.local/lib/python3.7/site-packages/airflow/example_dags/example_trigger_target_dag.py
[2023-03-15 00:03:59,655] {logging_mixin.py:115} INFO - [2023-03-15 00:03:59,655] {dag.py:2371} INFO - Sync 1 DAGs
[2023-03-15 00:03:59,668] {logging_mixin.py:115} INFO - [2023-03-15 00:03:59,668] {dag.py:2919} INFO - Setting next_dagrun for example_trigger_target_dag to None, run_after=None
[2023-03-15 00:03:59,675] {processor.py:161} INFO - Processing /home/airflow/.local/lib/python3.7/site-packages/airflow/example_dags/example_trigger_target_dag.py took 0.061 seconds
[2023-03-15 00:04:30,192] {processor.py:153} INFO - Started process (PID=87649) to work on /home/airflow/.local/lib/python3.7/site-packages/airflow/example_dags/example_trigger_target_dag.py
[2023-03-15 00:04:30,193] {processor.py:641} INFO - Processing file /home/airflow/.local/lib/python3.7/site-packages/airflow/example_dags/example_trigger_target_dag.py for tasks to queue
[2023-03-15 00:04:30,194] {logging_mixin.py:115} INFO - [2023-03-15 00:04:30,194] {dagbag.py:507} INFO - Filling up the DagBag from /home/airflow/.local/lib/python3.7/site-packages/airflow/example_dags/example_trigger_target_dag.py
[2023-03-15 00:04:30,205] {processor.py:651} INFO - DAG(s) dict_keys(['example_trigger_target_dag']) retrieved from /home/airflow/.local/lib/python3.7/site-packages/airflow/example_dags/example_trigger_target_dag.py
[2023-03-15 00:04:30,225] {logging_mixin.py:115} INFO - [2023-03-15 00:04:30,225] {dag.py:2371} INFO - Sync 1 DAGs
[2023-03-15 00:04:30,238] {logging_mixin.py:115} INFO - [2023-03-15 00:04:30,238] {dag.py:2919} INFO - Setting next_dagrun for example_trigger_target_dag to None, run_after=None
[2023-03-15 00:04:30,244] {processor.py:161} INFO - Processing /home/airflow/.local/lib/python3.7/site-packages/airflow/example_dags/example_trigger_target_dag.py took 0.055 seconds
[2023-03-15 00:05:00,933] {processor.py:153} INFO - Started process (PID=87716) to work on /home/airflow/.local/lib/python3.7/site-packages/airflow/example_dags/example_trigger_target_dag.py
[2023-03-15 00:05:00,934] {processor.py:641} INFO - Processing file /home/airflow/.local/lib/python3.7/site-packages/airflow/example_dags/example_trigger_target_dag.py for tasks to queue
[2023-03-15 00:05:00,935] {logging_mixin.py:115} INFO - [2023-03-15 00:05:00,935] {dagbag.py:507} INFO - Filling up the DagBag from /home/airflow/.local/lib/python3.7/site-packages/airflow/example_dags/example_trigger_target_dag.py
[2023-03-15 00:05:00,946] {processor.py:651} INFO - DAG(s) dict_keys(['example_trigger_target_dag']) retrieved from /home/airflow/.local/lib/python3.7/site-packages/airflow/example_dags/example_trigger_target_dag.py
[2023-03-15 00:05:00,964] {logging_mixin.py:115} INFO - [2023-03-15 00:05:00,964] {dag.py:2371} INFO - Sync 1 DAGs
[2023-03-15 00:05:00,978] {logging_mixin.py:115} INFO - [2023-03-15 00:05:00,978] {dag.py:2919} INFO - Setting next_dagrun for example_trigger_target_dag to None, run_after=None
[2023-03-15 00:05:00,985] {processor.py:161} INFO - Processing /home/airflow/.local/lib/python3.7/site-packages/airflow/example_dags/example_trigger_target_dag.py took 0.055 seconds
[2023-03-15 00:05:31,346] {processor.py:153} INFO - Started process (PID=87783) to work on /home/airflow/.local/lib/python3.7/site-packages/airflow/example_dags/example_trigger_target_dag.py
[2023-03-15 00:05:31,347] {processor.py:641} INFO - Processing file /home/airflow/.local/lib/python3.7/site-packages/airflow/example_dags/example_trigger_target_dag.py for tasks to queue
[2023-03-15 00:05:31,349] {logging_mixin.py:115} INFO - [2023-03-15 00:05:31,349] {dagbag.py:507} INFO - Filling up the DagBag from /home/airflow/.local/lib/python3.7/site-packages/airflow/example_dags/example_trigger_target_dag.py
[2023-03-15 00:05:31,363] {processor.py:651} INFO - DAG(s) dict_keys(['example_trigger_target_dag']) retrieved from /home/airflow/.local/lib/python3.7/site-packages/airflow/example_dags/example_trigger_target_dag.py
[2023-03-15 00:05:31,393] {logging_mixin.py:115} INFO - [2023-03-15 00:05:31,392] {dag.py:2371} INFO - Sync 1 DAGs
[2023-03-15 00:05:31,427] {logging_mixin.py:115} INFO - [2023-03-15 00:05:31,427] {dag.py:2919} INFO - Setting next_dagrun for example_trigger_target_dag to None, run_after=None
[2023-03-15 00:05:31,436] {processor.py:161} INFO - Processing /home/airflow/.local/lib/python3.7/site-packages/airflow/example_dags/example_trigger_target_dag.py took 0.094 seconds
[2023-03-15 00:06:01,803] {processor.py:153} INFO - Started process (PID=87842) to work on /home/airflow/.local/lib/python3.7/site-packages/airflow/example_dags/example_trigger_target_dag.py
[2023-03-15 00:06:01,804] {processor.py:641} INFO - Processing file /home/airflow/.local/lib/python3.7/site-packages/airflow/example_dags/example_trigger_target_dag.py for tasks to queue
[2023-03-15 00:06:01,806] {logging_mixin.py:115} INFO - [2023-03-15 00:06:01,806] {dagbag.py:507} INFO - Filling up the DagBag from /home/airflow/.local/lib/python3.7/site-packages/airflow/example_dags/example_trigger_target_dag.py
[2023-03-15 00:06:01,818] {processor.py:651} INFO - DAG(s) dict_keys(['example_trigger_target_dag']) retrieved from /home/airflow/.local/lib/python3.7/site-packages/airflow/example_dags/example_trigger_target_dag.py
[2023-03-15 00:06:01,848] {logging_mixin.py:115} INFO - [2023-03-15 00:06:01,848] {dag.py:2371} INFO - Sync 1 DAGs
[2023-03-15 00:06:01,864] {logging_mixin.py:115} INFO - [2023-03-15 00:06:01,864] {dag.py:2919} INFO - Setting next_dagrun for example_trigger_target_dag to None, run_after=None
[2023-03-15 00:06:01,872] {processor.py:161} INFO - Processing /home/airflow/.local/lib/python3.7/site-packages/airflow/example_dags/example_trigger_target_dag.py took 0.071 seconds
[2023-03-15 00:06:32,425] {processor.py:153} INFO - Started process (PID=87910) to work on /home/airflow/.local/lib/python3.7/site-packages/airflow/example_dags/example_trigger_target_dag.py
[2023-03-15 00:06:32,426] {processor.py:641} INFO - Processing file /home/airflow/.local/lib/python3.7/site-packages/airflow/example_dags/example_trigger_target_dag.py for tasks to queue
[2023-03-15 00:06:32,427] {logging_mixin.py:115} INFO - [2023-03-15 00:06:32,427] {dagbag.py:507} INFO - Filling up the DagBag from /home/airflow/.local/lib/python3.7/site-packages/airflow/example_dags/example_trigger_target_dag.py
[2023-03-15 00:06:32,437] {processor.py:651} INFO - DAG(s) dict_keys(['example_trigger_target_dag']) retrieved from /home/airflow/.local/lib/python3.7/site-packages/airflow/example_dags/example_trigger_target_dag.py
[2023-03-15 00:06:32,456] {logging_mixin.py:115} INFO - [2023-03-15 00:06:32,456] {dag.py:2371} INFO - Sync 1 DAGs
[2023-03-15 00:06:32,470] {logging_mixin.py:115} INFO - [2023-03-15 00:06:32,470] {dag.py:2919} INFO - Setting next_dagrun for example_trigger_target_dag to None, run_after=None
[2023-03-15 00:06:32,476] {processor.py:161} INFO - Processing /home/airflow/.local/lib/python3.7/site-packages/airflow/example_dags/example_trigger_target_dag.py took 0.053 seconds
[2023-03-15 00:07:03,617] {processor.py:153} INFO - Started process (PID=87978) to work on /home/airflow/.local/lib/python3.7/site-packages/airflow/example_dags/example_trigger_target_dag.py
[2023-03-15 00:07:03,620] {processor.py:641} INFO - Processing file /home/airflow/.local/lib/python3.7/site-packages/airflow/example_dags/example_trigger_target_dag.py for tasks to queue
[2023-03-15 00:07:03,622] {logging_mixin.py:115} INFO - [2023-03-15 00:07:03,622] {dagbag.py:507} INFO - Filling up the DagBag from /home/airflow/.local/lib/python3.7/site-packages/airflow/example_dags/example_trigger_target_dag.py
[2023-03-15 00:07:03,640] {processor.py:651} INFO - DAG(s) dict_keys(['example_trigger_target_dag']) retrieved from /home/airflow/.local/lib/python3.7/site-packages/airflow/example_dags/example_trigger_target_dag.py
[2023-03-15 00:07:03,662] {logging_mixin.py:115} INFO - [2023-03-15 00:07:03,662] {dag.py:2371} INFO - Sync 1 DAGs
[2023-03-15 00:07:03,675] {logging_mixin.py:115} INFO - [2023-03-15 00:07:03,675] {dag.py:2919} INFO - Setting next_dagrun for example_trigger_target_dag to None, run_after=None
[2023-03-15 00:07:03,683] {processor.py:161} INFO - Processing /home/airflow/.local/lib/python3.7/site-packages/airflow/example_dags/example_trigger_target_dag.py took 0.070 seconds
[2023-03-15 00:07:34,243] {processor.py:153} INFO - Started process (PID=88046) to work on /home/airflow/.local/lib/python3.7/site-packages/airflow/example_dags/example_trigger_target_dag.py
[2023-03-15 00:07:34,253] {processor.py:641} INFO - Processing file /home/airflow/.local/lib/python3.7/site-packages/airflow/example_dags/example_trigger_target_dag.py for tasks to queue
[2023-03-15 00:07:34,259] {logging_mixin.py:115} INFO - [2023-03-15 00:07:34,259] {dagbag.py:507} INFO - Filling up the DagBag from /home/airflow/.local/lib/python3.7/site-packages/airflow/example_dags/example_trigger_target_dag.py
[2023-03-15 00:07:34,293] {processor.py:651} INFO - DAG(s) dict_keys(['example_trigger_target_dag']) retrieved from /home/airflow/.local/lib/python3.7/site-packages/airflow/example_dags/example_trigger_target_dag.py
[2023-03-15 00:07:34,331] {logging_mixin.py:115} INFO - [2023-03-15 00:07:34,331] {dag.py:2371} INFO - Sync 1 DAGs
[2023-03-15 00:07:34,393] {logging_mixin.py:115} INFO - [2023-03-15 00:07:34,393] {dag.py:2919} INFO - Setting next_dagrun for example_trigger_target_dag to None, run_after=None
[2023-03-15 00:07:34,426] {processor.py:161} INFO - Processing /home/airflow/.local/lib/python3.7/site-packages/airflow/example_dags/example_trigger_target_dag.py took 0.185 seconds
