[2023-03-15 00:00:27,366] {processor.py:153} INFO - Started process (PID=87143) to work on /home/airflow/.local/lib/python3.7/site-packages/airflow/example_dags/example_task_group_decorator.py
[2023-03-15 00:00:27,369] {processor.py:641} INFO - Processing file /home/airflow/.local/lib/python3.7/site-packages/airflow/example_dags/example_task_group_decorator.py for tasks to queue
[2023-03-15 00:00:27,370] {logging_mixin.py:115} INFO - [2023-03-15 00:00:27,370] {dagbag.py:507} INFO - Filling up the DagBag from /home/airflow/.local/lib/python3.7/site-packages/airflow/example_dags/example_task_group_decorator.py
[2023-03-15 00:00:27,397] {processor.py:651} INFO - DAG(s) dict_keys(['example_task_group_decorator']) retrieved from /home/airflow/.local/lib/python3.7/site-packages/airflow/example_dags/example_task_group_decorator.py
[2023-03-15 00:00:27,424] {logging_mixin.py:115} INFO - [2023-03-15 00:00:27,423] {dag.py:2371} INFO - Sync 1 DAGs
[2023-03-15 00:00:27,445] {logging_mixin.py:115} INFO - [2023-03-15 00:00:27,445] {dag.py:2919} INFO - Setting next_dagrun for example_task_group_decorator to 2023-03-14T00:00:27.445072+00:00, run_after=2023-03-15T00:00:27.445072+00:00
[2023-03-15 00:00:27,454] {processor.py:161} INFO - Processing /home/airflow/.local/lib/python3.7/site-packages/airflow/example_dags/example_task_group_decorator.py took 0.093 seconds
[2023-03-15 00:00:57,805] {processor.py:153} INFO - Started process (PID=87209) to work on /home/airflow/.local/lib/python3.7/site-packages/airflow/example_dags/example_task_group_decorator.py
[2023-03-15 00:00:57,807] {processor.py:641} INFO - Processing file /home/airflow/.local/lib/python3.7/site-packages/airflow/example_dags/example_task_group_decorator.py for tasks to queue
[2023-03-15 00:00:57,809] {logging_mixin.py:115} INFO - [2023-03-15 00:00:57,809] {dagbag.py:507} INFO - Filling up the DagBag from /home/airflow/.local/lib/python3.7/site-packages/airflow/example_dags/example_task_group_decorator.py
[2023-03-15 00:00:57,846] {processor.py:651} INFO - DAG(s) dict_keys(['example_task_group_decorator']) retrieved from /home/airflow/.local/lib/python3.7/site-packages/airflow/example_dags/example_task_group_decorator.py
[2023-03-15 00:00:57,897] {logging_mixin.py:115} INFO - [2023-03-15 00:00:57,897] {dag.py:2371} INFO - Sync 1 DAGs
[2023-03-15 00:00:57,912] {logging_mixin.py:115} INFO - [2023-03-15 00:00:57,912] {dag.py:2919} INFO - Setting next_dagrun for example_task_group_decorator to 2023-03-14T00:00:57.911933+00:00, run_after=2023-03-15T00:00:57.911933+00:00
[2023-03-15 00:00:57,920] {processor.py:161} INFO - Processing /home/airflow/.local/lib/python3.7/site-packages/airflow/example_dags/example_task_group_decorator.py took 0.128 seconds
[2023-03-15 00:01:27,957] {processor.py:153} INFO - Started process (PID=87276) to work on /home/airflow/.local/lib/python3.7/site-packages/airflow/example_dags/example_task_group_decorator.py
[2023-03-15 00:01:27,958] {processor.py:641} INFO - Processing file /home/airflow/.local/lib/python3.7/site-packages/airflow/example_dags/example_task_group_decorator.py for tasks to queue
[2023-03-15 00:01:27,961] {logging_mixin.py:115} INFO - [2023-03-15 00:01:27,961] {dagbag.py:507} INFO - Filling up the DagBag from /home/airflow/.local/lib/python3.7/site-packages/airflow/example_dags/example_task_group_decorator.py
[2023-03-15 00:01:27,981] {processor.py:651} INFO - DAG(s) dict_keys(['example_task_group_decorator']) retrieved from /home/airflow/.local/lib/python3.7/site-packages/airflow/example_dags/example_task_group_decorator.py
[2023-03-15 00:01:28,038] {logging_mixin.py:115} INFO - [2023-03-15 00:01:28,038] {dag.py:2371} INFO - Sync 1 DAGs
[2023-03-15 00:01:28,054] {logging_mixin.py:115} INFO - [2023-03-15 00:01:28,054] {dag.py:2919} INFO - Setting next_dagrun for example_task_group_decorator to 2023-03-14T00:01:28.054464+00:00, run_after=2023-03-15T00:01:28.054464+00:00
[2023-03-15 00:01:28,064] {processor.py:161} INFO - Processing /home/airflow/.local/lib/python3.7/site-packages/airflow/example_dags/example_task_group_decorator.py took 0.111 seconds
[2023-03-15 00:01:59,101] {processor.py:153} INFO - Started process (PID=87343) to work on /home/airflow/.local/lib/python3.7/site-packages/airflow/example_dags/example_task_group_decorator.py
[2023-03-15 00:01:59,102] {processor.py:641} INFO - Processing file /home/airflow/.local/lib/python3.7/site-packages/airflow/example_dags/example_task_group_decorator.py for tasks to queue
[2023-03-15 00:01:59,103] {logging_mixin.py:115} INFO - [2023-03-15 00:01:59,103] {dagbag.py:507} INFO - Filling up the DagBag from /home/airflow/.local/lib/python3.7/site-packages/airflow/example_dags/example_task_group_decorator.py
[2023-03-15 00:01:59,127] {processor.py:651} INFO - DAG(s) dict_keys(['example_task_group_decorator']) retrieved from /home/airflow/.local/lib/python3.7/site-packages/airflow/example_dags/example_task_group_decorator.py
[2023-03-15 00:01:59,303] {logging_mixin.py:115} INFO - [2023-03-15 00:01:59,303] {dag.py:2371} INFO - Sync 1 DAGs
[2023-03-15 00:01:59,346] {logging_mixin.py:115} INFO - [2023-03-15 00:01:59,345] {dag.py:2919} INFO - Setting next_dagrun for example_task_group_decorator to 2023-03-14T00:01:59.345340+00:00, run_after=2023-03-15T00:01:59.345340+00:00
[2023-03-15 00:01:59,373] {processor.py:161} INFO - Processing /home/airflow/.local/lib/python3.7/site-packages/airflow/example_dags/example_task_group_decorator.py took 0.278 seconds
[2023-03-15 00:02:29,849] {processor.py:153} INFO - Started process (PID=87401) to work on /home/airflow/.local/lib/python3.7/site-packages/airflow/example_dags/example_task_group_decorator.py
[2023-03-15 00:02:29,850] {processor.py:641} INFO - Processing file /home/airflow/.local/lib/python3.7/site-packages/airflow/example_dags/example_task_group_decorator.py for tasks to queue
[2023-03-15 00:02:29,851] {logging_mixin.py:115} INFO - [2023-03-15 00:02:29,850] {dagbag.py:507} INFO - Filling up the DagBag from /home/airflow/.local/lib/python3.7/site-packages/airflow/example_dags/example_task_group_decorator.py
[2023-03-15 00:02:29,870] {processor.py:651} INFO - DAG(s) dict_keys(['example_task_group_decorator']) retrieved from /home/airflow/.local/lib/python3.7/site-packages/airflow/example_dags/example_task_group_decorator.py
[2023-03-15 00:02:29,922] {logging_mixin.py:115} INFO - [2023-03-15 00:02:29,922] {dag.py:2371} INFO - Sync 1 DAGs
[2023-03-15 00:02:29,937] {logging_mixin.py:115} INFO - [2023-03-15 00:02:29,937] {dag.py:2919} INFO - Setting next_dagrun for example_task_group_decorator to 2023-03-14T00:02:29.936806+00:00, run_after=2023-03-15T00:02:29.936806+00:00
[2023-03-15 00:02:29,946] {processor.py:161} INFO - Processing /home/airflow/.local/lib/python3.7/site-packages/airflow/example_dags/example_task_group_decorator.py took 0.100 seconds
[2023-03-15 00:03:00,049] {processor.py:153} INFO - Started process (PID=87467) to work on /home/airflow/.local/lib/python3.7/site-packages/airflow/example_dags/example_task_group_decorator.py
[2023-03-15 00:03:00,050] {processor.py:641} INFO - Processing file /home/airflow/.local/lib/python3.7/site-packages/airflow/example_dags/example_task_group_decorator.py for tasks to queue
[2023-03-15 00:03:00,051] {logging_mixin.py:115} INFO - [2023-03-15 00:03:00,051] {dagbag.py:507} INFO - Filling up the DagBag from /home/airflow/.local/lib/python3.7/site-packages/airflow/example_dags/example_task_group_decorator.py
[2023-03-15 00:03:00,070] {processor.py:651} INFO - DAG(s) dict_keys(['example_task_group_decorator']) retrieved from /home/airflow/.local/lib/python3.7/site-packages/airflow/example_dags/example_task_group_decorator.py
[2023-03-15 00:03:00,094] {logging_mixin.py:115} INFO - [2023-03-15 00:03:00,093] {dag.py:2371} INFO - Sync 1 DAGs
[2023-03-15 00:03:00,106] {logging_mixin.py:115} INFO - [2023-03-15 00:03:00,106] {dag.py:2919} INFO - Setting next_dagrun for example_task_group_decorator to 2023-03-14T00:03:00.106647+00:00, run_after=2023-03-15T00:03:00.106647+00:00
[2023-03-15 00:03:00,118] {processor.py:161} INFO - Processing /home/airflow/.local/lib/python3.7/site-packages/airflow/example_dags/example_task_group_decorator.py took 0.072 seconds
[2023-03-15 00:03:30,772] {processor.py:153} INFO - Started process (PID=87534) to work on /home/airflow/.local/lib/python3.7/site-packages/airflow/example_dags/example_task_group_decorator.py
[2023-03-15 00:03:30,773] {processor.py:641} INFO - Processing file /home/airflow/.local/lib/python3.7/site-packages/airflow/example_dags/example_task_group_decorator.py for tasks to queue
[2023-03-15 00:03:30,774] {logging_mixin.py:115} INFO - [2023-03-15 00:03:30,774] {dagbag.py:507} INFO - Filling up the DagBag from /home/airflow/.local/lib/python3.7/site-packages/airflow/example_dags/example_task_group_decorator.py
[2023-03-15 00:03:30,789] {processor.py:651} INFO - DAG(s) dict_keys(['example_task_group_decorator']) retrieved from /home/airflow/.local/lib/python3.7/site-packages/airflow/example_dags/example_task_group_decorator.py
[2023-03-15 00:03:30,809] {logging_mixin.py:115} INFO - [2023-03-15 00:03:30,809] {dag.py:2371} INFO - Sync 1 DAGs
[2023-03-15 00:03:30,823] {logging_mixin.py:115} INFO - [2023-03-15 00:03:30,823] {dag.py:2919} INFO - Setting next_dagrun for example_task_group_decorator to 2023-03-14T00:03:30.823099+00:00, run_after=2023-03-15T00:03:30.823099+00:00
[2023-03-15 00:03:30,830] {processor.py:161} INFO - Processing /home/airflow/.local/lib/python3.7/site-packages/airflow/example_dags/example_task_group_decorator.py took 0.060 seconds
[2023-03-15 00:04:01,443] {processor.py:153} INFO - Started process (PID=87601) to work on /home/airflow/.local/lib/python3.7/site-packages/airflow/example_dags/example_task_group_decorator.py
[2023-03-15 00:04:01,446] {processor.py:641} INFO - Processing file /home/airflow/.local/lib/python3.7/site-packages/airflow/example_dags/example_task_group_decorator.py for tasks to queue
[2023-03-15 00:04:01,448] {logging_mixin.py:115} INFO - [2023-03-15 00:04:01,448] {dagbag.py:507} INFO - Filling up the DagBag from /home/airflow/.local/lib/python3.7/site-packages/airflow/example_dags/example_task_group_decorator.py
[2023-03-15 00:04:01,477] {processor.py:651} INFO - DAG(s) dict_keys(['example_task_group_decorator']) retrieved from /home/airflow/.local/lib/python3.7/site-packages/airflow/example_dags/example_task_group_decorator.py
[2023-03-15 00:04:01,555] {logging_mixin.py:115} INFO - [2023-03-15 00:04:01,555] {dag.py:2371} INFO - Sync 1 DAGs
[2023-03-15 00:04:01,578] {logging_mixin.py:115} INFO - [2023-03-15 00:04:01,578] {dag.py:2919} INFO - Setting next_dagrun for example_task_group_decorator to 2023-03-14T00:04:01.578127+00:00, run_after=2023-03-15T00:04:01.578127+00:00
[2023-03-15 00:04:01,600] {processor.py:161} INFO - Processing /home/airflow/.local/lib/python3.7/site-packages/airflow/example_dags/example_task_group_decorator.py took 0.162 seconds
[2023-03-15 00:04:31,898] {processor.py:153} INFO - Started process (PID=87659) to work on /home/airflow/.local/lib/python3.7/site-packages/airflow/example_dags/example_task_group_decorator.py
[2023-03-15 00:04:31,899] {processor.py:641} INFO - Processing file /home/airflow/.local/lib/python3.7/site-packages/airflow/example_dags/example_task_group_decorator.py for tasks to queue
[2023-03-15 00:04:31,900] {logging_mixin.py:115} INFO - [2023-03-15 00:04:31,900] {dagbag.py:507} INFO - Filling up the DagBag from /home/airflow/.local/lib/python3.7/site-packages/airflow/example_dags/example_task_group_decorator.py
[2023-03-15 00:04:31,920] {processor.py:651} INFO - DAG(s) dict_keys(['example_task_group_decorator']) retrieved from /home/airflow/.local/lib/python3.7/site-packages/airflow/example_dags/example_task_group_decorator.py
[2023-03-15 00:04:31,941] {logging_mixin.py:115} INFO - [2023-03-15 00:04:31,941] {dag.py:2371} INFO - Sync 1 DAGs
[2023-03-15 00:04:31,954] {logging_mixin.py:115} INFO - [2023-03-15 00:04:31,953] {dag.py:2919} INFO - Setting next_dagrun for example_task_group_decorator to 2023-03-14T00:04:31.953752+00:00, run_after=2023-03-15T00:04:31.953752+00:00
[2023-03-15 00:04:31,960] {processor.py:161} INFO - Processing /home/airflow/.local/lib/python3.7/site-packages/airflow/example_dags/example_task_group_decorator.py took 0.065 seconds
[2023-03-15 00:05:02,488] {processor.py:153} INFO - Started process (PID=87726) to work on /home/airflow/.local/lib/python3.7/site-packages/airflow/example_dags/example_task_group_decorator.py
[2023-03-15 00:05:02,489] {processor.py:641} INFO - Processing file /home/airflow/.local/lib/python3.7/site-packages/airflow/example_dags/example_task_group_decorator.py for tasks to queue
[2023-03-15 00:05:02,490] {logging_mixin.py:115} INFO - [2023-03-15 00:05:02,489] {dagbag.py:507} INFO - Filling up the DagBag from /home/airflow/.local/lib/python3.7/site-packages/airflow/example_dags/example_task_group_decorator.py
[2023-03-15 00:05:02,505] {processor.py:651} INFO - DAG(s) dict_keys(['example_task_group_decorator']) retrieved from /home/airflow/.local/lib/python3.7/site-packages/airflow/example_dags/example_task_group_decorator.py
[2023-03-15 00:05:02,547] {logging_mixin.py:115} INFO - [2023-03-15 00:05:02,546] {dag.py:2371} INFO - Sync 1 DAGs
[2023-03-15 00:05:02,561] {logging_mixin.py:115} INFO - [2023-03-15 00:05:02,561] {dag.py:2919} INFO - Setting next_dagrun for example_task_group_decorator to 2023-03-14T00:05:02.560828+00:00, run_after=2023-03-15T00:05:02.560828+00:00
[2023-03-15 00:05:02,568] {processor.py:161} INFO - Processing /home/airflow/.local/lib/python3.7/site-packages/airflow/example_dags/example_task_group_decorator.py took 0.083 seconds
[2023-03-15 00:05:33,035] {processor.py:153} INFO - Started process (PID=87794) to work on /home/airflow/.local/lib/python3.7/site-packages/airflow/example_dags/example_task_group_decorator.py
[2023-03-15 00:05:33,036] {processor.py:641} INFO - Processing file /home/airflow/.local/lib/python3.7/site-packages/airflow/example_dags/example_task_group_decorator.py for tasks to queue
[2023-03-15 00:05:33,036] {logging_mixin.py:115} INFO - [2023-03-15 00:05:33,036] {dagbag.py:507} INFO - Filling up the DagBag from /home/airflow/.local/lib/python3.7/site-packages/airflow/example_dags/example_task_group_decorator.py
[2023-03-15 00:05:33,053] {processor.py:651} INFO - DAG(s) dict_keys(['example_task_group_decorator']) retrieved from /home/airflow/.local/lib/python3.7/site-packages/airflow/example_dags/example_task_group_decorator.py
[2023-03-15 00:05:33,074] {logging_mixin.py:115} INFO - [2023-03-15 00:05:33,074] {dag.py:2371} INFO - Sync 1 DAGs
[2023-03-15 00:05:33,087] {logging_mixin.py:115} INFO - [2023-03-15 00:05:33,086] {dag.py:2919} INFO - Setting next_dagrun for example_task_group_decorator to 2023-03-14T00:05:33.086712+00:00, run_after=2023-03-15T00:05:33.086712+00:00
[2023-03-15 00:05:33,096] {processor.py:161} INFO - Processing /home/airflow/.local/lib/python3.7/site-packages/airflow/example_dags/example_task_group_decorator.py took 0.064 seconds
[2023-03-15 00:06:03,528] {processor.py:153} INFO - Started process (PID=87852) to work on /home/airflow/.local/lib/python3.7/site-packages/airflow/example_dags/example_task_group_decorator.py
[2023-03-15 00:06:03,529] {processor.py:641} INFO - Processing file /home/airflow/.local/lib/python3.7/site-packages/airflow/example_dags/example_task_group_decorator.py for tasks to queue
[2023-03-15 00:06:03,530] {logging_mixin.py:115} INFO - [2023-03-15 00:06:03,529] {dagbag.py:507} INFO - Filling up the DagBag from /home/airflow/.local/lib/python3.7/site-packages/airflow/example_dags/example_task_group_decorator.py
[2023-03-15 00:06:03,546] {processor.py:651} INFO - DAG(s) dict_keys(['example_task_group_decorator']) retrieved from /home/airflow/.local/lib/python3.7/site-packages/airflow/example_dags/example_task_group_decorator.py
[2023-03-15 00:06:03,567] {logging_mixin.py:115} INFO - [2023-03-15 00:06:03,567] {dag.py:2371} INFO - Sync 1 DAGs
[2023-03-15 00:06:03,579] {logging_mixin.py:115} INFO - [2023-03-15 00:06:03,579] {dag.py:2919} INFO - Setting next_dagrun for example_task_group_decorator to 2023-03-14T00:06:03.579523+00:00, run_after=2023-03-15T00:06:03.579523+00:00
[2023-03-15 00:06:03,587] {processor.py:161} INFO - Processing /home/airflow/.local/lib/python3.7/site-packages/airflow/example_dags/example_task_group_decorator.py took 0.062 seconds
[2023-03-15 00:06:33,889] {processor.py:153} INFO - Started process (PID=87920) to work on /home/airflow/.local/lib/python3.7/site-packages/airflow/example_dags/example_task_group_decorator.py
[2023-03-15 00:06:33,890] {processor.py:641} INFO - Processing file /home/airflow/.local/lib/python3.7/site-packages/airflow/example_dags/example_task_group_decorator.py for tasks to queue
[2023-03-15 00:06:33,891] {logging_mixin.py:115} INFO - [2023-03-15 00:06:33,891] {dagbag.py:507} INFO - Filling up the DagBag from /home/airflow/.local/lib/python3.7/site-packages/airflow/example_dags/example_task_group_decorator.py
[2023-03-15 00:06:33,906] {processor.py:651} INFO - DAG(s) dict_keys(['example_task_group_decorator']) retrieved from /home/airflow/.local/lib/python3.7/site-packages/airflow/example_dags/example_task_group_decorator.py
[2023-03-15 00:06:33,955] {logging_mixin.py:115} INFO - [2023-03-15 00:06:33,955] {dag.py:2371} INFO - Sync 1 DAGs
[2023-03-15 00:06:33,974] {logging_mixin.py:115} INFO - [2023-03-15 00:06:33,974] {dag.py:2919} INFO - Setting next_dagrun for example_task_group_decorator to 2023-03-14T00:06:33.973904+00:00, run_after=2023-03-15T00:06:33.973904+00:00
[2023-03-15 00:06:33,983] {processor.py:161} INFO - Processing /home/airflow/.local/lib/python3.7/site-packages/airflow/example_dags/example_task_group_decorator.py took 0.096 seconds
[2023-03-15 00:07:04,104] {processor.py:153} INFO - Started process (PID=87989) to work on /home/airflow/.local/lib/python3.7/site-packages/airflow/example_dags/example_task_group_decorator.py
[2023-03-15 00:07:04,106] {processor.py:641} INFO - Processing file /home/airflow/.local/lib/python3.7/site-packages/airflow/example_dags/example_task_group_decorator.py for tasks to queue
[2023-03-15 00:07:04,106] {logging_mixin.py:115} INFO - [2023-03-15 00:07:04,106] {dagbag.py:507} INFO - Filling up the DagBag from /home/airflow/.local/lib/python3.7/site-packages/airflow/example_dags/example_task_group_decorator.py
[2023-03-15 00:07:04,128] {processor.py:651} INFO - DAG(s) dict_keys(['example_task_group_decorator']) retrieved from /home/airflow/.local/lib/python3.7/site-packages/airflow/example_dags/example_task_group_decorator.py
[2023-03-15 00:07:04,153] {logging_mixin.py:115} INFO - [2023-03-15 00:07:04,153] {dag.py:2371} INFO - Sync 1 DAGs
[2023-03-15 00:07:04,169] {logging_mixin.py:115} INFO - [2023-03-15 00:07:04,169] {dag.py:2919} INFO - Setting next_dagrun for example_task_group_decorator to 2023-03-14T00:07:04.169141+00:00, run_after=2023-03-15T00:07:04.169141+00:00
[2023-03-15 00:07:04,176] {processor.py:161} INFO - Processing /home/airflow/.local/lib/python3.7/site-packages/airflow/example_dags/example_task_group_decorator.py took 0.075 seconds
[2023-03-15 00:07:35,282] {processor.py:153} INFO - Started process (PID=88056) to work on /home/airflow/.local/lib/python3.7/site-packages/airflow/example_dags/example_task_group_decorator.py
[2023-03-15 00:07:35,283] {processor.py:641} INFO - Processing file /home/airflow/.local/lib/python3.7/site-packages/airflow/example_dags/example_task_group_decorator.py for tasks to queue
[2023-03-15 00:07:35,284] {logging_mixin.py:115} INFO - [2023-03-15 00:07:35,284] {dagbag.py:507} INFO - Filling up the DagBag from /home/airflow/.local/lib/python3.7/site-packages/airflow/example_dags/example_task_group_decorator.py
[2023-03-15 00:07:35,307] {processor.py:651} INFO - DAG(s) dict_keys(['example_task_group_decorator']) retrieved from /home/airflow/.local/lib/python3.7/site-packages/airflow/example_dags/example_task_group_decorator.py
[2023-03-15 00:07:35,332] {logging_mixin.py:115} INFO - [2023-03-15 00:07:35,332] {dag.py:2371} INFO - Sync 1 DAGs
[2023-03-15 00:07:35,373] {logging_mixin.py:115} INFO - [2023-03-15 00:07:35,373] {dag.py:2919} INFO - Setting next_dagrun for example_task_group_decorator to 2023-03-14T00:07:35.372020+00:00, run_after=2023-03-15T00:07:35.372020+00:00
[2023-03-15 00:07:35,404] {processor.py:161} INFO - Processing /home/airflow/.local/lib/python3.7/site-packages/airflow/example_dags/example_task_group_decorator.py took 0.124 seconds
