[2023-03-15 00:00:26,047] {processor.py:153} INFO - Started process (PID=87140) to work on /home/airflow/.local/lib/python3.7/site-packages/airflow/example_dags/example_nested_branch_dag.py
[2023-03-15 00:00:26,048] {processor.py:641} INFO - Processing file /home/airflow/.local/lib/python3.7/site-packages/airflow/example_dags/example_nested_branch_dag.py for tasks to queue
[2023-03-15 00:00:26,050] {logging_mixin.py:115} INFO - [2023-03-15 00:00:26,050] {dagbag.py:507} INFO - Filling up the DagBag from /home/airflow/.local/lib/python3.7/site-packages/airflow/example_dags/example_nested_branch_dag.py
[2023-03-15 00:00:26,072] {processor.py:651} INFO - DAG(s) dict_keys(['example_nested_branch_dag']) retrieved from /home/airflow/.local/lib/python3.7/site-packages/airflow/example_dags/example_nested_branch_dag.py
[2023-03-15 00:00:26,099] {logging_mixin.py:115} INFO - [2023-03-15 00:00:26,099] {dag.py:2371} INFO - Sync 1 DAGs
[2023-03-15 00:00:26,121] {logging_mixin.py:115} INFO - [2023-03-15 00:00:26,121] {dag.py:2919} INFO - Setting next_dagrun for example_nested_branch_dag to 2023-03-14T00:00:00+00:00, run_after=2023-03-15T00:00:00+00:00
[2023-03-15 00:00:26,219] {processor.py:161} INFO - Processing /home/airflow/.local/lib/python3.7/site-packages/airflow/example_dags/example_nested_branch_dag.py took 0.183 seconds
[2023-03-15 00:00:56,661] {processor.py:153} INFO - Started process (PID=87206) to work on /home/airflow/.local/lib/python3.7/site-packages/airflow/example_dags/example_nested_branch_dag.py
[2023-03-15 00:00:56,662] {processor.py:641} INFO - Processing file /home/airflow/.local/lib/python3.7/site-packages/airflow/example_dags/example_nested_branch_dag.py for tasks to queue
[2023-03-15 00:00:56,664] {logging_mixin.py:115} INFO - [2023-03-15 00:00:56,664] {dagbag.py:507} INFO - Filling up the DagBag from /home/airflow/.local/lib/python3.7/site-packages/airflow/example_dags/example_nested_branch_dag.py
[2023-03-15 00:00:56,682] {processor.py:651} INFO - DAG(s) dict_keys(['example_nested_branch_dag']) retrieved from /home/airflow/.local/lib/python3.7/site-packages/airflow/example_dags/example_nested_branch_dag.py
[2023-03-15 00:00:56,709] {logging_mixin.py:115} INFO - [2023-03-15 00:00:56,709] {dag.py:2371} INFO - Sync 1 DAGs
[2023-03-15 00:00:56,724] {logging_mixin.py:115} INFO - [2023-03-15 00:00:56,724] {dag.py:2919} INFO - Setting next_dagrun for example_nested_branch_dag to 2023-03-14T00:00:00+00:00, run_after=2023-03-15T00:00:00+00:00
[2023-03-15 00:00:56,730] {processor.py:161} INFO - Processing /home/airflow/.local/lib/python3.7/site-packages/airflow/example_dags/example_nested_branch_dag.py took 0.078 seconds
[2023-03-15 00:01:26,788] {processor.py:153} INFO - Started process (PID=87273) to work on /home/airflow/.local/lib/python3.7/site-packages/airflow/example_dags/example_nested_branch_dag.py
[2023-03-15 00:01:26,789] {processor.py:641} INFO - Processing file /home/airflow/.local/lib/python3.7/site-packages/airflow/example_dags/example_nested_branch_dag.py for tasks to queue
[2023-03-15 00:01:26,789] {logging_mixin.py:115} INFO - [2023-03-15 00:01:26,789] {dagbag.py:507} INFO - Filling up the DagBag from /home/airflow/.local/lib/python3.7/site-packages/airflow/example_dags/example_nested_branch_dag.py
[2023-03-15 00:01:26,798] {processor.py:651} INFO - DAG(s) dict_keys(['example_nested_branch_dag']) retrieved from /home/airflow/.local/lib/python3.7/site-packages/airflow/example_dags/example_nested_branch_dag.py
[2023-03-15 00:01:26,817] {logging_mixin.py:115} INFO - [2023-03-15 00:01:26,817] {dag.py:2371} INFO - Sync 1 DAGs
[2023-03-15 00:01:26,834] {logging_mixin.py:115} INFO - [2023-03-15 00:01:26,834] {dag.py:2919} INFO - Setting next_dagrun for example_nested_branch_dag to 2023-03-14T00:00:00+00:00, run_after=2023-03-15T00:00:00+00:00
[2023-03-15 00:01:26,842] {processor.py:161} INFO - Processing /home/airflow/.local/lib/python3.7/site-packages/airflow/example_dags/example_nested_branch_dag.py took 0.057 seconds
[2023-03-15 00:01:58,557] {processor.py:153} INFO - Started process (PID=87340) to work on /home/airflow/.local/lib/python3.7/site-packages/airflow/example_dags/example_nested_branch_dag.py
[2023-03-15 00:01:58,559] {processor.py:641} INFO - Processing file /home/airflow/.local/lib/python3.7/site-packages/airflow/example_dags/example_nested_branch_dag.py for tasks to queue
[2023-03-15 00:01:58,561] {logging_mixin.py:115} INFO - [2023-03-15 00:01:58,561] {dagbag.py:507} INFO - Filling up the DagBag from /home/airflow/.local/lib/python3.7/site-packages/airflow/example_dags/example_nested_branch_dag.py
[2023-03-15 00:01:58,618] {processor.py:651} INFO - DAG(s) dict_keys(['example_nested_branch_dag']) retrieved from /home/airflow/.local/lib/python3.7/site-packages/airflow/example_dags/example_nested_branch_dag.py
[2023-03-15 00:01:58,694] {logging_mixin.py:115} INFO - [2023-03-15 00:01:58,694] {dag.py:2371} INFO - Sync 1 DAGs
[2023-03-15 00:01:58,782] {logging_mixin.py:115} INFO - [2023-03-15 00:01:58,782] {dag.py:2919} INFO - Setting next_dagrun for example_nested_branch_dag to 2023-03-14T00:00:00+00:00, run_after=2023-03-15T00:00:00+00:00
[2023-03-15 00:01:58,813] {processor.py:161} INFO - Processing /home/airflow/.local/lib/python3.7/site-packages/airflow/example_dags/example_nested_branch_dag.py took 0.268 seconds
[2023-03-15 00:02:29,677] {processor.py:153} INFO - Started process (PID=87398) to work on /home/airflow/.local/lib/python3.7/site-packages/airflow/example_dags/example_nested_branch_dag.py
[2023-03-15 00:02:29,678] {processor.py:641} INFO - Processing file /home/airflow/.local/lib/python3.7/site-packages/airflow/example_dags/example_nested_branch_dag.py for tasks to queue
[2023-03-15 00:02:29,679] {logging_mixin.py:115} INFO - [2023-03-15 00:02:29,679] {dagbag.py:507} INFO - Filling up the DagBag from /home/airflow/.local/lib/python3.7/site-packages/airflow/example_dags/example_nested_branch_dag.py
[2023-03-15 00:02:29,692] {processor.py:651} INFO - DAG(s) dict_keys(['example_nested_branch_dag']) retrieved from /home/airflow/.local/lib/python3.7/site-packages/airflow/example_dags/example_nested_branch_dag.py
[2023-03-15 00:02:29,723] {logging_mixin.py:115} INFO - [2023-03-15 00:02:29,723] {dag.py:2371} INFO - Sync 1 DAGs
[2023-03-15 00:02:29,739] {logging_mixin.py:115} INFO - [2023-03-15 00:02:29,739] {dag.py:2919} INFO - Setting next_dagrun for example_nested_branch_dag to 2023-03-14T00:00:00+00:00, run_after=2023-03-15T00:00:00+00:00
[2023-03-15 00:02:29,747] {processor.py:161} INFO - Processing /home/airflow/.local/lib/python3.7/site-packages/airflow/example_dags/example_nested_branch_dag.py took 0.073 seconds
[2023-03-15 00:02:59,947] {processor.py:153} INFO - Started process (PID=87464) to work on /home/airflow/.local/lib/python3.7/site-packages/airflow/example_dags/example_nested_branch_dag.py
[2023-03-15 00:02:59,948] {processor.py:641} INFO - Processing file /home/airflow/.local/lib/python3.7/site-packages/airflow/example_dags/example_nested_branch_dag.py for tasks to queue
[2023-03-15 00:02:59,949] {logging_mixin.py:115} INFO - [2023-03-15 00:02:59,949] {dagbag.py:507} INFO - Filling up the DagBag from /home/airflow/.local/lib/python3.7/site-packages/airflow/example_dags/example_nested_branch_dag.py
[2023-03-15 00:02:59,957] {processor.py:651} INFO - DAG(s) dict_keys(['example_nested_branch_dag']) retrieved from /home/airflow/.local/lib/python3.7/site-packages/airflow/example_dags/example_nested_branch_dag.py
[2023-03-15 00:02:59,974] {logging_mixin.py:115} INFO - [2023-03-15 00:02:59,974] {dag.py:2371} INFO - Sync 1 DAGs
[2023-03-15 00:02:59,987] {logging_mixin.py:115} INFO - [2023-03-15 00:02:59,987] {dag.py:2919} INFO - Setting next_dagrun for example_nested_branch_dag to 2023-03-14T00:00:00+00:00, run_after=2023-03-15T00:00:00+00:00
[2023-03-15 00:02:59,998] {processor.py:161} INFO - Processing /home/airflow/.local/lib/python3.7/site-packages/airflow/example_dags/example_nested_branch_dag.py took 0.053 seconds
[2023-03-15 00:03:30,610] {processor.py:153} INFO - Started process (PID=87531) to work on /home/airflow/.local/lib/python3.7/site-packages/airflow/example_dags/example_nested_branch_dag.py
[2023-03-15 00:03:30,612] {processor.py:641} INFO - Processing file /home/airflow/.local/lib/python3.7/site-packages/airflow/example_dags/example_nested_branch_dag.py for tasks to queue
[2023-03-15 00:03:30,613] {logging_mixin.py:115} INFO - [2023-03-15 00:03:30,613] {dagbag.py:507} INFO - Filling up the DagBag from /home/airflow/.local/lib/python3.7/site-packages/airflow/example_dags/example_nested_branch_dag.py
[2023-03-15 00:03:30,624] {processor.py:651} INFO - DAG(s) dict_keys(['example_nested_branch_dag']) retrieved from /home/airflow/.local/lib/python3.7/site-packages/airflow/example_dags/example_nested_branch_dag.py
[2023-03-15 00:03:30,650] {logging_mixin.py:115} INFO - [2023-03-15 00:03:30,650] {dag.py:2371} INFO - Sync 1 DAGs
[2023-03-15 00:03:30,667] {logging_mixin.py:115} INFO - [2023-03-15 00:03:30,667] {dag.py:2919} INFO - Setting next_dagrun for example_nested_branch_dag to 2023-03-14T00:00:00+00:00, run_after=2023-03-15T00:00:00+00:00
[2023-03-15 00:03:30,679] {processor.py:161} INFO - Processing /home/airflow/.local/lib/python3.7/site-packages/airflow/example_dags/example_nested_branch_dag.py took 0.076 seconds
[2023-03-15 00:04:01,161] {processor.py:153} INFO - Started process (PID=87596) to work on /home/airflow/.local/lib/python3.7/site-packages/airflow/example_dags/example_nested_branch_dag.py
[2023-03-15 00:04:01,162] {processor.py:641} INFO - Processing file /home/airflow/.local/lib/python3.7/site-packages/airflow/example_dags/example_nested_branch_dag.py for tasks to queue
[2023-03-15 00:04:01,163] {logging_mixin.py:115} INFO - [2023-03-15 00:04:01,163] {dagbag.py:507} INFO - Filling up the DagBag from /home/airflow/.local/lib/python3.7/site-packages/airflow/example_dags/example_nested_branch_dag.py
[2023-03-15 00:04:01,174] {processor.py:651} INFO - DAG(s) dict_keys(['example_nested_branch_dag']) retrieved from /home/airflow/.local/lib/python3.7/site-packages/airflow/example_dags/example_nested_branch_dag.py
[2023-03-15 00:04:01,222] {logging_mixin.py:115} INFO - [2023-03-15 00:04:01,221] {dag.py:2371} INFO - Sync 1 DAGs
[2023-03-15 00:04:01,246] {logging_mixin.py:115} INFO - [2023-03-15 00:04:01,246] {dag.py:2919} INFO - Setting next_dagrun for example_nested_branch_dag to 2023-03-14T00:00:00+00:00, run_after=2023-03-15T00:00:00+00:00
[2023-03-15 00:04:01,277] {processor.py:161} INFO - Processing /home/airflow/.local/lib/python3.7/site-packages/airflow/example_dags/example_nested_branch_dag.py took 0.120 seconds
[2023-03-15 00:04:31,731] {processor.py:153} INFO - Started process (PID=87656) to work on /home/airflow/.local/lib/python3.7/site-packages/airflow/example_dags/example_nested_branch_dag.py
[2023-03-15 00:04:31,732] {processor.py:641} INFO - Processing file /home/airflow/.local/lib/python3.7/site-packages/airflow/example_dags/example_nested_branch_dag.py for tasks to queue
[2023-03-15 00:04:31,734] {logging_mixin.py:115} INFO - [2023-03-15 00:04:31,734] {dagbag.py:507} INFO - Filling up the DagBag from /home/airflow/.local/lib/python3.7/site-packages/airflow/example_dags/example_nested_branch_dag.py
[2023-03-15 00:04:31,745] {processor.py:651} INFO - DAG(s) dict_keys(['example_nested_branch_dag']) retrieved from /home/airflow/.local/lib/python3.7/site-packages/airflow/example_dags/example_nested_branch_dag.py
[2023-03-15 00:04:31,774] {logging_mixin.py:115} INFO - [2023-03-15 00:04:31,774] {dag.py:2371} INFO - Sync 1 DAGs
[2023-03-15 00:04:31,790] {logging_mixin.py:115} INFO - [2023-03-15 00:04:31,790] {dag.py:2919} INFO - Setting next_dagrun for example_nested_branch_dag to 2023-03-14T00:00:00+00:00, run_after=2023-03-15T00:00:00+00:00
[2023-03-15 00:04:31,797] {processor.py:161} INFO - Processing /home/airflow/.local/lib/python3.7/site-packages/airflow/example_dags/example_nested_branch_dag.py took 0.069 seconds
[2023-03-15 00:05:02,342] {processor.py:153} INFO - Started process (PID=87723) to work on /home/airflow/.local/lib/python3.7/site-packages/airflow/example_dags/example_nested_branch_dag.py
[2023-03-15 00:05:02,343] {processor.py:641} INFO - Processing file /home/airflow/.local/lib/python3.7/site-packages/airflow/example_dags/example_nested_branch_dag.py for tasks to queue
[2023-03-15 00:05:02,344] {logging_mixin.py:115} INFO - [2023-03-15 00:05:02,344] {dagbag.py:507} INFO - Filling up the DagBag from /home/airflow/.local/lib/python3.7/site-packages/airflow/example_dags/example_nested_branch_dag.py
[2023-03-15 00:05:02,352] {processor.py:651} INFO - DAG(s) dict_keys(['example_nested_branch_dag']) retrieved from /home/airflow/.local/lib/python3.7/site-packages/airflow/example_dags/example_nested_branch_dag.py
[2023-03-15 00:05:02,369] {logging_mixin.py:115} INFO - [2023-03-15 00:05:02,369] {dag.py:2371} INFO - Sync 1 DAGs
[2023-03-15 00:05:02,382] {logging_mixin.py:115} INFO - [2023-03-15 00:05:02,382] {dag.py:2919} INFO - Setting next_dagrun for example_nested_branch_dag to 2023-03-14T00:00:00+00:00, run_after=2023-03-15T00:00:00+00:00
[2023-03-15 00:05:02,388] {processor.py:161} INFO - Processing /home/airflow/.local/lib/python3.7/site-packages/airflow/example_dags/example_nested_branch_dag.py took 0.049 seconds
[2023-03-15 00:05:32,817] {processor.py:153} INFO - Started process (PID=87790) to work on /home/airflow/.local/lib/python3.7/site-packages/airflow/example_dags/example_nested_branch_dag.py
[2023-03-15 00:05:32,819] {processor.py:641} INFO - Processing file /home/airflow/.local/lib/python3.7/site-packages/airflow/example_dags/example_nested_branch_dag.py for tasks to queue
[2023-03-15 00:05:32,819] {logging_mixin.py:115} INFO - [2023-03-15 00:05:32,819] {dagbag.py:507} INFO - Filling up the DagBag from /home/airflow/.local/lib/python3.7/site-packages/airflow/example_dags/example_nested_branch_dag.py
[2023-03-15 00:05:32,827] {processor.py:651} INFO - DAG(s) dict_keys(['example_nested_branch_dag']) retrieved from /home/airflow/.local/lib/python3.7/site-packages/airflow/example_dags/example_nested_branch_dag.py
[2023-03-15 00:05:32,846] {logging_mixin.py:115} INFO - [2023-03-15 00:05:32,846] {dag.py:2371} INFO - Sync 1 DAGs
[2023-03-15 00:05:32,860] {logging_mixin.py:115} INFO - [2023-03-15 00:05:32,860] {dag.py:2919} INFO - Setting next_dagrun for example_nested_branch_dag to 2023-03-14T00:00:00+00:00, run_after=2023-03-15T00:00:00+00:00
[2023-03-15 00:05:32,868] {processor.py:161} INFO - Processing /home/airflow/.local/lib/python3.7/site-packages/airflow/example_dags/example_nested_branch_dag.py took 0.054 seconds
[2023-03-15 00:06:03,377] {processor.py:153} INFO - Started process (PID=87849) to work on /home/airflow/.local/lib/python3.7/site-packages/airflow/example_dags/example_nested_branch_dag.py
[2023-03-15 00:06:03,378] {processor.py:641} INFO - Processing file /home/airflow/.local/lib/python3.7/site-packages/airflow/example_dags/example_nested_branch_dag.py for tasks to queue
[2023-03-15 00:06:03,379] {logging_mixin.py:115} INFO - [2023-03-15 00:06:03,379] {dagbag.py:507} INFO - Filling up the DagBag from /home/airflow/.local/lib/python3.7/site-packages/airflow/example_dags/example_nested_branch_dag.py
[2023-03-15 00:06:03,387] {processor.py:651} INFO - DAG(s) dict_keys(['example_nested_branch_dag']) retrieved from /home/airflow/.local/lib/python3.7/site-packages/airflow/example_dags/example_nested_branch_dag.py
[2023-03-15 00:06:03,407] {logging_mixin.py:115} INFO - [2023-03-15 00:06:03,407] {dag.py:2371} INFO - Sync 1 DAGs
[2023-03-15 00:06:03,420] {logging_mixin.py:115} INFO - [2023-03-15 00:06:03,420] {dag.py:2919} INFO - Setting next_dagrun for example_nested_branch_dag to 2023-03-14T00:00:00+00:00, run_after=2023-03-15T00:00:00+00:00
[2023-03-15 00:06:03,426] {processor.py:161} INFO - Processing /home/airflow/.local/lib/python3.7/site-packages/airflow/example_dags/example_nested_branch_dag.py took 0.051 seconds
[2023-03-15 00:06:33,735] {processor.py:153} INFO - Started process (PID=87917) to work on /home/airflow/.local/lib/python3.7/site-packages/airflow/example_dags/example_nested_branch_dag.py
[2023-03-15 00:06:33,736] {processor.py:641} INFO - Processing file /home/airflow/.local/lib/python3.7/site-packages/airflow/example_dags/example_nested_branch_dag.py for tasks to queue
[2023-03-15 00:06:33,737] {logging_mixin.py:115} INFO - [2023-03-15 00:06:33,737] {dagbag.py:507} INFO - Filling up the DagBag from /home/airflow/.local/lib/python3.7/site-packages/airflow/example_dags/example_nested_branch_dag.py
[2023-03-15 00:06:33,744] {processor.py:651} INFO - DAG(s) dict_keys(['example_nested_branch_dag']) retrieved from /home/airflow/.local/lib/python3.7/site-packages/airflow/example_dags/example_nested_branch_dag.py
[2023-03-15 00:06:33,764] {logging_mixin.py:115} INFO - [2023-03-15 00:06:33,764] {dag.py:2371} INFO - Sync 1 DAGs
[2023-03-15 00:06:33,785] {logging_mixin.py:115} INFO - [2023-03-15 00:06:33,785] {dag.py:2919} INFO - Setting next_dagrun for example_nested_branch_dag to 2023-03-14T00:00:00+00:00, run_after=2023-03-15T00:00:00+00:00
[2023-03-15 00:06:33,792] {processor.py:161} INFO - Processing /home/airflow/.local/lib/python3.7/site-packages/airflow/example_dags/example_nested_branch_dag.py took 0.060 seconds
[2023-03-15 00:07:03,895] {processor.py:153} INFO - Started process (PID=87985) to work on /home/airflow/.local/lib/python3.7/site-packages/airflow/example_dags/example_nested_branch_dag.py
[2023-03-15 00:07:03,896] {processor.py:641} INFO - Processing file /home/airflow/.local/lib/python3.7/site-packages/airflow/example_dags/example_nested_branch_dag.py for tasks to queue
[2023-03-15 00:07:03,897] {logging_mixin.py:115} INFO - [2023-03-15 00:07:03,897] {dagbag.py:507} INFO - Filling up the DagBag from /home/airflow/.local/lib/python3.7/site-packages/airflow/example_dags/example_nested_branch_dag.py
[2023-03-15 00:07:03,906] {processor.py:651} INFO - DAG(s) dict_keys(['example_nested_branch_dag']) retrieved from /home/airflow/.local/lib/python3.7/site-packages/airflow/example_dags/example_nested_branch_dag.py
[2023-03-15 00:07:03,934] {logging_mixin.py:115} INFO - [2023-03-15 00:07:03,934] {dag.py:2371} INFO - Sync 1 DAGs
[2023-03-15 00:07:03,973] {logging_mixin.py:115} INFO - [2023-03-15 00:07:03,973] {dag.py:2919} INFO - Setting next_dagrun for example_nested_branch_dag to 2023-03-14T00:00:00+00:00, run_after=2023-03-15T00:00:00+00:00
[2023-03-15 00:07:03,987] {processor.py:161} INFO - Processing /home/airflow/.local/lib/python3.7/site-packages/airflow/example_dags/example_nested_branch_dag.py took 0.095 seconds
[2023-03-15 00:07:35,065] {processor.py:153} INFO - Started process (PID=88053) to work on /home/airflow/.local/lib/python3.7/site-packages/airflow/example_dags/example_nested_branch_dag.py
[2023-03-15 00:07:35,067] {processor.py:641} INFO - Processing file /home/airflow/.local/lib/python3.7/site-packages/airflow/example_dags/example_nested_branch_dag.py for tasks to queue
[2023-03-15 00:07:35,068] {logging_mixin.py:115} INFO - [2023-03-15 00:07:35,068] {dagbag.py:507} INFO - Filling up the DagBag from /home/airflow/.local/lib/python3.7/site-packages/airflow/example_dags/example_nested_branch_dag.py
[2023-03-15 00:07:35,085] {processor.py:651} INFO - DAG(s) dict_keys(['example_nested_branch_dag']) retrieved from /home/airflow/.local/lib/python3.7/site-packages/airflow/example_dags/example_nested_branch_dag.py
[2023-03-15 00:07:35,138] {logging_mixin.py:115} INFO - [2023-03-15 00:07:35,138] {dag.py:2371} INFO - Sync 1 DAGs
[2023-03-15 00:07:35,157] {logging_mixin.py:115} INFO - [2023-03-15 00:07:35,157] {dag.py:2919} INFO - Setting next_dagrun for example_nested_branch_dag to 2023-03-14T00:00:00+00:00, run_after=2023-03-15T00:00:00+00:00
[2023-03-15 00:07:35,175] {processor.py:161} INFO - Processing /home/airflow/.local/lib/python3.7/site-packages/airflow/example_dags/example_nested_branch_dag.py took 0.114 seconds
