[2023-03-15 00:00:27,622] {processor.py:153} INFO - Started process (PID=87149) to work on /home/airflow/.local/lib/python3.7/site-packages/airflow/example_dags/example_branch_operator_decorator.py
[2023-03-15 00:00:27,623] {processor.py:641} INFO - Processing file /home/airflow/.local/lib/python3.7/site-packages/airflow/example_dags/example_branch_operator_decorator.py for tasks to queue
[2023-03-15 00:00:27,624] {logging_mixin.py:115} INFO - [2023-03-15 00:00:27,624] {dagbag.py:507} INFO - Filling up the DagBag from /home/airflow/.local/lib/python3.7/site-packages/airflow/example_dags/example_branch_operator_decorator.py
[2023-03-15 00:00:27,636] {processor.py:651} INFO - DAG(s) dict_keys(['example_branch_python_operator_decorator']) retrieved from /home/airflow/.local/lib/python3.7/site-packages/airflow/example_dags/example_branch_operator_decorator.py
[2023-03-15 00:00:27,655] {logging_mixin.py:115} INFO - [2023-03-15 00:00:27,654] {dag.py:2371} INFO - Sync 1 DAGs
[2023-03-15 00:00:27,668] {logging_mixin.py:115} INFO - [2023-03-15 00:00:27,668] {dag.py:2919} INFO - Setting next_dagrun for example_branch_python_operator_decorator to 2023-03-14T00:00:00+00:00, run_after=2023-03-15T00:00:00+00:00
[2023-03-15 00:00:27,676] {processor.py:161} INFO - Processing /home/airflow/.local/lib/python3.7/site-packages/airflow/example_dags/example_branch_operator_decorator.py took 0.057 seconds
[2023-03-15 00:00:58,060] {processor.py:153} INFO - Started process (PID=87215) to work on /home/airflow/.local/lib/python3.7/site-packages/airflow/example_dags/example_branch_operator_decorator.py
[2023-03-15 00:00:58,061] {processor.py:641} INFO - Processing file /home/airflow/.local/lib/python3.7/site-packages/airflow/example_dags/example_branch_operator_decorator.py for tasks to queue
[2023-03-15 00:00:58,062] {logging_mixin.py:115} INFO - [2023-03-15 00:00:58,062] {dagbag.py:507} INFO - Filling up the DagBag from /home/airflow/.local/lib/python3.7/site-packages/airflow/example_dags/example_branch_operator_decorator.py
[2023-03-15 00:00:58,075] {processor.py:651} INFO - DAG(s) dict_keys(['example_branch_python_operator_decorator']) retrieved from /home/airflow/.local/lib/python3.7/site-packages/airflow/example_dags/example_branch_operator_decorator.py
[2023-03-15 00:00:58,095] {logging_mixin.py:115} INFO - [2023-03-15 00:00:58,094] {dag.py:2371} INFO - Sync 1 DAGs
[2023-03-15 00:00:58,107] {logging_mixin.py:115} INFO - [2023-03-15 00:00:58,107] {dag.py:2919} INFO - Setting next_dagrun for example_branch_python_operator_decorator to 2023-03-14T00:00:00+00:00, run_after=2023-03-15T00:00:00+00:00
[2023-03-15 00:00:58,114] {processor.py:161} INFO - Processing /home/airflow/.local/lib/python3.7/site-packages/airflow/example_dags/example_branch_operator_decorator.py took 0.057 seconds
[2023-03-15 00:01:28,202] {processor.py:153} INFO - Started process (PID=87282) to work on /home/airflow/.local/lib/python3.7/site-packages/airflow/example_dags/example_branch_operator_decorator.py
[2023-03-15 00:01:28,203] {processor.py:641} INFO - Processing file /home/airflow/.local/lib/python3.7/site-packages/airflow/example_dags/example_branch_operator_decorator.py for tasks to queue
[2023-03-15 00:01:28,204] {logging_mixin.py:115} INFO - [2023-03-15 00:01:28,204] {dagbag.py:507} INFO - Filling up the DagBag from /home/airflow/.local/lib/python3.7/site-packages/airflow/example_dags/example_branch_operator_decorator.py
[2023-03-15 00:01:28,219] {processor.py:651} INFO - DAG(s) dict_keys(['example_branch_python_operator_decorator']) retrieved from /home/airflow/.local/lib/python3.7/site-packages/airflow/example_dags/example_branch_operator_decorator.py
[2023-03-15 00:01:28,238] {logging_mixin.py:115} INFO - [2023-03-15 00:01:28,238] {dag.py:2371} INFO - Sync 1 DAGs
[2023-03-15 00:01:28,251] {logging_mixin.py:115} INFO - [2023-03-15 00:01:28,251] {dag.py:2919} INFO - Setting next_dagrun for example_branch_python_operator_decorator to 2023-03-14T00:00:00+00:00, run_after=2023-03-15T00:00:00+00:00
[2023-03-15 00:01:28,258] {processor.py:161} INFO - Processing /home/airflow/.local/lib/python3.7/site-packages/airflow/example_dags/example_branch_operator_decorator.py took 0.059 seconds
[2023-03-15 00:01:59,672] {processor.py:153} INFO - Started process (PID=87349) to work on /home/airflow/.local/lib/python3.7/site-packages/airflow/example_dags/example_branch_operator_decorator.py
[2023-03-15 00:01:59,673] {processor.py:641} INFO - Processing file /home/airflow/.local/lib/python3.7/site-packages/airflow/example_dags/example_branch_operator_decorator.py for tasks to queue
[2023-03-15 00:01:59,674] {logging_mixin.py:115} INFO - [2023-03-15 00:01:59,674] {dagbag.py:507} INFO - Filling up the DagBag from /home/airflow/.local/lib/python3.7/site-packages/airflow/example_dags/example_branch_operator_decorator.py
[2023-03-15 00:01:59,688] {processor.py:651} INFO - DAG(s) dict_keys(['example_branch_python_operator_decorator']) retrieved from /home/airflow/.local/lib/python3.7/site-packages/airflow/example_dags/example_branch_operator_decorator.py
[2023-03-15 00:01:59,710] {logging_mixin.py:115} INFO - [2023-03-15 00:01:59,710] {dag.py:2371} INFO - Sync 1 DAGs
[2023-03-15 00:01:59,724] {logging_mixin.py:115} INFO - [2023-03-15 00:01:59,724] {dag.py:2919} INFO - Setting next_dagrun for example_branch_python_operator_decorator to 2023-03-14T00:00:00+00:00, run_after=2023-03-15T00:00:00+00:00
[2023-03-15 00:01:59,732] {processor.py:161} INFO - Processing /home/airflow/.local/lib/python3.7/site-packages/airflow/example_dags/example_branch_operator_decorator.py took 0.062 seconds
[2023-03-15 00:02:30,097] {processor.py:153} INFO - Started process (PID=87407) to work on /home/airflow/.local/lib/python3.7/site-packages/airflow/example_dags/example_branch_operator_decorator.py
[2023-03-15 00:02:30,098] {processor.py:641} INFO - Processing file /home/airflow/.local/lib/python3.7/site-packages/airflow/example_dags/example_branch_operator_decorator.py for tasks to queue
[2023-03-15 00:02:30,098] {logging_mixin.py:115} INFO - [2023-03-15 00:02:30,098] {dagbag.py:507} INFO - Filling up the DagBag from /home/airflow/.local/lib/python3.7/site-packages/airflow/example_dags/example_branch_operator_decorator.py
[2023-03-15 00:02:30,111] {processor.py:651} INFO - DAG(s) dict_keys(['example_branch_python_operator_decorator']) retrieved from /home/airflow/.local/lib/python3.7/site-packages/airflow/example_dags/example_branch_operator_decorator.py
[2023-03-15 00:02:30,130] {logging_mixin.py:115} INFO - [2023-03-15 00:02:30,129] {dag.py:2371} INFO - Sync 1 DAGs
[2023-03-15 00:02:30,143] {logging_mixin.py:115} INFO - [2023-03-15 00:02:30,142] {dag.py:2919} INFO - Setting next_dagrun for example_branch_python_operator_decorator to 2023-03-14T00:00:00+00:00, run_after=2023-03-15T00:00:00+00:00
[2023-03-15 00:02:30,149] {processor.py:161} INFO - Processing /home/airflow/.local/lib/python3.7/site-packages/airflow/example_dags/example_branch_operator_decorator.py took 0.055 seconds
[2023-03-15 00:03:00,292] {processor.py:153} INFO - Started process (PID=87473) to work on /home/airflow/.local/lib/python3.7/site-packages/airflow/example_dags/example_branch_operator_decorator.py
[2023-03-15 00:03:00,293] {processor.py:641} INFO - Processing file /home/airflow/.local/lib/python3.7/site-packages/airflow/example_dags/example_branch_operator_decorator.py for tasks to queue
[2023-03-15 00:03:00,294] {logging_mixin.py:115} INFO - [2023-03-15 00:03:00,294] {dagbag.py:507} INFO - Filling up the DagBag from /home/airflow/.local/lib/python3.7/site-packages/airflow/example_dags/example_branch_operator_decorator.py
[2023-03-15 00:03:00,306] {processor.py:651} INFO - DAG(s) dict_keys(['example_branch_python_operator_decorator']) retrieved from /home/airflow/.local/lib/python3.7/site-packages/airflow/example_dags/example_branch_operator_decorator.py
[2023-03-15 00:03:00,326] {logging_mixin.py:115} INFO - [2023-03-15 00:03:00,326] {dag.py:2371} INFO - Sync 1 DAGs
[2023-03-15 00:03:00,344] {logging_mixin.py:115} INFO - [2023-03-15 00:03:00,344] {dag.py:2919} INFO - Setting next_dagrun for example_branch_python_operator_decorator to 2023-03-14T00:00:00+00:00, run_after=2023-03-15T00:00:00+00:00
[2023-03-15 00:03:00,352] {processor.py:161} INFO - Processing /home/airflow/.local/lib/python3.7/site-packages/airflow/example_dags/example_branch_operator_decorator.py took 0.063 seconds
[2023-03-15 00:03:31,012] {processor.py:153} INFO - Started process (PID=87540) to work on /home/airflow/.local/lib/python3.7/site-packages/airflow/example_dags/example_branch_operator_decorator.py
[2023-03-15 00:03:31,013] {processor.py:641} INFO - Processing file /home/airflow/.local/lib/python3.7/site-packages/airflow/example_dags/example_branch_operator_decorator.py for tasks to queue
[2023-03-15 00:03:31,014] {logging_mixin.py:115} INFO - [2023-03-15 00:03:31,014] {dagbag.py:507} INFO - Filling up the DagBag from /home/airflow/.local/lib/python3.7/site-packages/airflow/example_dags/example_branch_operator_decorator.py
[2023-03-15 00:03:31,028] {processor.py:651} INFO - DAG(s) dict_keys(['example_branch_python_operator_decorator']) retrieved from /home/airflow/.local/lib/python3.7/site-packages/airflow/example_dags/example_branch_operator_decorator.py
[2023-03-15 00:03:31,048] {logging_mixin.py:115} INFO - [2023-03-15 00:03:31,048] {dag.py:2371} INFO - Sync 1 DAGs
[2023-03-15 00:03:31,062] {logging_mixin.py:115} INFO - [2023-03-15 00:03:31,062] {dag.py:2919} INFO - Setting next_dagrun for example_branch_python_operator_decorator to 2023-03-14T00:00:00+00:00, run_after=2023-03-15T00:00:00+00:00
[2023-03-15 00:03:31,069] {processor.py:161} INFO - Processing /home/airflow/.local/lib/python3.7/site-packages/airflow/example_dags/example_branch_operator_decorator.py took 0.059 seconds
[2023-03-15 00:04:02,012] {processor.py:153} INFO - Started process (PID=87607) to work on /home/airflow/.local/lib/python3.7/site-packages/airflow/example_dags/example_branch_operator_decorator.py
[2023-03-15 00:04:02,016] {processor.py:641} INFO - Processing file /home/airflow/.local/lib/python3.7/site-packages/airflow/example_dags/example_branch_operator_decorator.py for tasks to queue
[2023-03-15 00:04:02,020] {logging_mixin.py:115} INFO - [2023-03-15 00:04:02,018] {dagbag.py:507} INFO - Filling up the DagBag from /home/airflow/.local/lib/python3.7/site-packages/airflow/example_dags/example_branch_operator_decorator.py
[2023-03-15 00:04:02,051] {processor.py:651} INFO - DAG(s) dict_keys(['example_branch_python_operator_decorator']) retrieved from /home/airflow/.local/lib/python3.7/site-packages/airflow/example_dags/example_branch_operator_decorator.py
[2023-03-15 00:04:02,169] {logging_mixin.py:115} INFO - [2023-03-15 00:04:02,169] {dag.py:2371} INFO - Sync 1 DAGs
[2023-03-15 00:04:02,201] {logging_mixin.py:115} INFO - [2023-03-15 00:04:02,201] {dag.py:2919} INFO - Setting next_dagrun for example_branch_python_operator_decorator to 2023-03-14T00:00:00+00:00, run_after=2023-03-15T00:00:00+00:00
[2023-03-15 00:04:02,215] {processor.py:161} INFO - Processing /home/airflow/.local/lib/python3.7/site-packages/airflow/example_dags/example_branch_operator_decorator.py took 0.209 seconds
[2023-03-15 00:04:33,209] {processor.py:153} INFO - Started process (PID=87665) to work on /home/airflow/.local/lib/python3.7/site-packages/airflow/example_dags/example_branch_operator_decorator.py
[2023-03-15 00:04:33,211] {processor.py:641} INFO - Processing file /home/airflow/.local/lib/python3.7/site-packages/airflow/example_dags/example_branch_operator_decorator.py for tasks to queue
[2023-03-15 00:04:33,212] {logging_mixin.py:115} INFO - [2023-03-15 00:04:33,212] {dagbag.py:507} INFO - Filling up the DagBag from /home/airflow/.local/lib/python3.7/site-packages/airflow/example_dags/example_branch_operator_decorator.py
[2023-03-15 00:04:33,249] {processor.py:651} INFO - DAG(s) dict_keys(['example_branch_python_operator_decorator']) retrieved from /home/airflow/.local/lib/python3.7/site-packages/airflow/example_dags/example_branch_operator_decorator.py
[2023-03-15 00:04:33,296] {logging_mixin.py:115} INFO - [2023-03-15 00:04:33,296] {dag.py:2371} INFO - Sync 1 DAGs
[2023-03-15 00:04:33,319] {logging_mixin.py:115} INFO - [2023-03-15 00:04:33,319] {dag.py:2919} INFO - Setting next_dagrun for example_branch_python_operator_decorator to 2023-03-14T00:00:00+00:00, run_after=2023-03-15T00:00:00+00:00
[2023-03-15 00:04:33,329] {processor.py:161} INFO - Processing /home/airflow/.local/lib/python3.7/site-packages/airflow/example_dags/example_branch_operator_decorator.py took 0.129 seconds
[2023-03-15 00:05:03,776] {processor.py:153} INFO - Started process (PID=87732) to work on /home/airflow/.local/lib/python3.7/site-packages/airflow/example_dags/example_branch_operator_decorator.py
[2023-03-15 00:05:03,777] {processor.py:641} INFO - Processing file /home/airflow/.local/lib/python3.7/site-packages/airflow/example_dags/example_branch_operator_decorator.py for tasks to queue
[2023-03-15 00:05:03,779] {logging_mixin.py:115} INFO - [2023-03-15 00:05:03,779] {dagbag.py:507} INFO - Filling up the DagBag from /home/airflow/.local/lib/python3.7/site-packages/airflow/example_dags/example_branch_operator_decorator.py
[2023-03-15 00:05:03,810] {processor.py:651} INFO - DAG(s) dict_keys(['example_branch_python_operator_decorator']) retrieved from /home/airflow/.local/lib/python3.7/site-packages/airflow/example_dags/example_branch_operator_decorator.py
[2023-03-15 00:05:03,835] {logging_mixin.py:115} INFO - [2023-03-15 00:05:03,835] {dag.py:2371} INFO - Sync 1 DAGs
[2023-03-15 00:05:03,851] {logging_mixin.py:115} INFO - [2023-03-15 00:05:03,851] {dag.py:2919} INFO - Setting next_dagrun for example_branch_python_operator_decorator to 2023-03-14T00:00:00+00:00, run_after=2023-03-15T00:00:00+00:00
[2023-03-15 00:05:03,860] {processor.py:161} INFO - Processing /home/airflow/.local/lib/python3.7/site-packages/airflow/example_dags/example_branch_operator_decorator.py took 0.090 seconds
[2023-03-15 00:05:34,311] {processor.py:153} INFO - Started process (PID=87799) to work on /home/airflow/.local/lib/python3.7/site-packages/airflow/example_dags/example_branch_operator_decorator.py
[2023-03-15 00:05:34,313] {processor.py:641} INFO - Processing file /home/airflow/.local/lib/python3.7/site-packages/airflow/example_dags/example_branch_operator_decorator.py for tasks to queue
[2023-03-15 00:05:34,314] {logging_mixin.py:115} INFO - [2023-03-15 00:05:34,314] {dagbag.py:507} INFO - Filling up the DagBag from /home/airflow/.local/lib/python3.7/site-packages/airflow/example_dags/example_branch_operator_decorator.py
[2023-03-15 00:05:34,341] {processor.py:651} INFO - DAG(s) dict_keys(['example_branch_python_operator_decorator']) retrieved from /home/airflow/.local/lib/python3.7/site-packages/airflow/example_dags/example_branch_operator_decorator.py
[2023-03-15 00:05:34,365] {logging_mixin.py:115} INFO - [2023-03-15 00:05:34,365] {dag.py:2371} INFO - Sync 1 DAGs
[2023-03-15 00:05:34,379] {logging_mixin.py:115} INFO - [2023-03-15 00:05:34,379] {dag.py:2919} INFO - Setting next_dagrun for example_branch_python_operator_decorator to 2023-03-14T00:00:00+00:00, run_after=2023-03-15T00:00:00+00:00
[2023-03-15 00:05:34,385] {processor.py:161} INFO - Processing /home/airflow/.local/lib/python3.7/site-packages/airflow/example_dags/example_branch_operator_decorator.py took 0.082 seconds
[2023-03-15 00:06:04,721] {processor.py:153} INFO - Started process (PID=87867) to work on /home/airflow/.local/lib/python3.7/site-packages/airflow/example_dags/example_branch_operator_decorator.py
[2023-03-15 00:06:04,722] {processor.py:641} INFO - Processing file /home/airflow/.local/lib/python3.7/site-packages/airflow/example_dags/example_branch_operator_decorator.py for tasks to queue
[2023-03-15 00:06:04,723] {logging_mixin.py:115} INFO - [2023-03-15 00:06:04,723] {dagbag.py:507} INFO - Filling up the DagBag from /home/airflow/.local/lib/python3.7/site-packages/airflow/example_dags/example_branch_operator_decorator.py
[2023-03-15 00:06:04,772] {processor.py:651} INFO - DAG(s) dict_keys(['example_branch_python_operator_decorator']) retrieved from /home/airflow/.local/lib/python3.7/site-packages/airflow/example_dags/example_branch_operator_decorator.py
[2023-03-15 00:06:04,828] {logging_mixin.py:115} INFO - [2023-03-15 00:06:04,828] {dag.py:2371} INFO - Sync 1 DAGs
[2023-03-15 00:06:04,872] {logging_mixin.py:115} INFO - [2023-03-15 00:06:04,872] {dag.py:2919} INFO - Setting next_dagrun for example_branch_python_operator_decorator to 2023-03-14T00:00:00+00:00, run_after=2023-03-15T00:00:00+00:00
[2023-03-15 00:06:04,886] {processor.py:161} INFO - Processing /home/airflow/.local/lib/python3.7/site-packages/airflow/example_dags/example_branch_operator_decorator.py took 0.165 seconds
[2023-03-15 00:06:35,187] {processor.py:153} INFO - Started process (PID=87926) to work on /home/airflow/.local/lib/python3.7/site-packages/airflow/example_dags/example_branch_operator_decorator.py
[2023-03-15 00:06:35,190] {processor.py:641} INFO - Processing file /home/airflow/.local/lib/python3.7/site-packages/airflow/example_dags/example_branch_operator_decorator.py for tasks to queue
[2023-03-15 00:06:35,193] {logging_mixin.py:115} INFO - [2023-03-15 00:06:35,192] {dagbag.py:507} INFO - Filling up the DagBag from /home/airflow/.local/lib/python3.7/site-packages/airflow/example_dags/example_branch_operator_decorator.py
[2023-03-15 00:06:35,225] {processor.py:651} INFO - DAG(s) dict_keys(['example_branch_python_operator_decorator']) retrieved from /home/airflow/.local/lib/python3.7/site-packages/airflow/example_dags/example_branch_operator_decorator.py
[2023-03-15 00:06:35,252] {logging_mixin.py:115} INFO - [2023-03-15 00:06:35,252] {dag.py:2371} INFO - Sync 1 DAGs
[2023-03-15 00:06:35,270] {logging_mixin.py:115} INFO - [2023-03-15 00:06:35,270] {dag.py:2919} INFO - Setting next_dagrun for example_branch_python_operator_decorator to 2023-03-14T00:00:00+00:00, run_after=2023-03-15T00:00:00+00:00
[2023-03-15 00:06:35,283] {processor.py:161} INFO - Processing /home/airflow/.local/lib/python3.7/site-packages/airflow/example_dags/example_branch_operator_decorator.py took 0.106 seconds
[2023-03-15 00:07:05,364] {processor.py:153} INFO - Started process (PID=87994) to work on /home/airflow/.local/lib/python3.7/site-packages/airflow/example_dags/example_branch_operator_decorator.py
[2023-03-15 00:07:05,367] {processor.py:641} INFO - Processing file /home/airflow/.local/lib/python3.7/site-packages/airflow/example_dags/example_branch_operator_decorator.py for tasks to queue
[2023-03-15 00:07:05,369] {logging_mixin.py:115} INFO - [2023-03-15 00:07:05,368] {dagbag.py:507} INFO - Filling up the DagBag from /home/airflow/.local/lib/python3.7/site-packages/airflow/example_dags/example_branch_operator_decorator.py
[2023-03-15 00:07:05,397] {processor.py:651} INFO - DAG(s) dict_keys(['example_branch_python_operator_decorator']) retrieved from /home/airflow/.local/lib/python3.7/site-packages/airflow/example_dags/example_branch_operator_decorator.py
[2023-03-15 00:07:05,421] {logging_mixin.py:115} INFO - [2023-03-15 00:07:05,421] {dag.py:2371} INFO - Sync 1 DAGs
[2023-03-15 00:07:05,441] {logging_mixin.py:115} INFO - [2023-03-15 00:07:05,441] {dag.py:2919} INFO - Setting next_dagrun for example_branch_python_operator_decorator to 2023-03-14T00:00:00+00:00, run_after=2023-03-15T00:00:00+00:00
[2023-03-15 00:07:05,449] {processor.py:161} INFO - Processing /home/airflow/.local/lib/python3.7/site-packages/airflow/example_dags/example_branch_operator_decorator.py took 0.096 seconds
[2023-03-15 00:07:35,670] {processor.py:153} INFO - Started process (PID=88062) to work on /home/airflow/.local/lib/python3.7/site-packages/airflow/example_dags/example_branch_operator_decorator.py
[2023-03-15 00:07:35,671] {processor.py:641} INFO - Processing file /home/airflow/.local/lib/python3.7/site-packages/airflow/example_dags/example_branch_operator_decorator.py for tasks to queue
[2023-03-15 00:07:35,672] {logging_mixin.py:115} INFO - [2023-03-15 00:07:35,672] {dagbag.py:507} INFO - Filling up the DagBag from /home/airflow/.local/lib/python3.7/site-packages/airflow/example_dags/example_branch_operator_decorator.py
[2023-03-15 00:07:35,687] {processor.py:651} INFO - DAG(s) dict_keys(['example_branch_python_operator_decorator']) retrieved from /home/airflow/.local/lib/python3.7/site-packages/airflow/example_dags/example_branch_operator_decorator.py
[2023-03-15 00:07:35,709] {logging_mixin.py:115} INFO - [2023-03-15 00:07:35,709] {dag.py:2371} INFO - Sync 1 DAGs
[2023-03-15 00:07:35,726] {logging_mixin.py:115} INFO - [2023-03-15 00:07:35,726] {dag.py:2919} INFO - Setting next_dagrun for example_branch_python_operator_decorator to 2023-03-14T00:00:00+00:00, run_after=2023-03-15T00:00:00+00:00
[2023-03-15 00:07:35,740] {processor.py:161} INFO - Processing /home/airflow/.local/lib/python3.7/site-packages/airflow/example_dags/example_branch_operator_decorator.py took 0.072 seconds
