[2023-03-15 00:00:29,001] {processor.py:153} INFO - Started process (PID=87163) to work on /home/airflow/.local/lib/python3.7/site-packages/airflow/example_dags/example_time_delta_sensor_async.py
[2023-03-15 00:00:29,002] {processor.py:641} INFO - Processing file /home/airflow/.local/lib/python3.7/site-packages/airflow/example_dags/example_time_delta_sensor_async.py for tasks to queue
[2023-03-15 00:00:29,003] {logging_mixin.py:115} INFO - [2023-03-15 00:00:29,003] {dagbag.py:507} INFO - Filling up the DagBag from /home/airflow/.local/lib/python3.7/site-packages/airflow/example_dags/example_time_delta_sensor_async.py
[2023-03-15 00:00:29,008] {processor.py:651} INFO - DAG(s) dict_keys(['example_time_delta_sensor_async']) retrieved from /home/airflow/.local/lib/python3.7/site-packages/airflow/example_dags/example_time_delta_sensor_async.py
[2023-03-15 00:00:29,071] {logging_mixin.py:115} INFO - [2023-03-15 00:00:29,071] {dag.py:2371} INFO - Sync 1 DAGs
[2023-03-15 00:00:29,092] {logging_mixin.py:115} INFO - [2023-03-15 00:00:29,092] {dag.py:2919} INFO - Setting next_dagrun for example_time_delta_sensor_async to None, run_after=None
[2023-03-15 00:00:29,102] {processor.py:161} INFO - Processing /home/airflow/.local/lib/python3.7/site-packages/airflow/example_dags/example_time_delta_sensor_async.py took 0.104 seconds
[2023-03-15 00:00:59,415] {processor.py:153} INFO - Started process (PID=87223) to work on /home/airflow/.local/lib/python3.7/site-packages/airflow/example_dags/example_time_delta_sensor_async.py
[2023-03-15 00:00:59,416] {processor.py:641} INFO - Processing file /home/airflow/.local/lib/python3.7/site-packages/airflow/example_dags/example_time_delta_sensor_async.py for tasks to queue
[2023-03-15 00:00:59,417] {logging_mixin.py:115} INFO - [2023-03-15 00:00:59,417] {dagbag.py:507} INFO - Filling up the DagBag from /home/airflow/.local/lib/python3.7/site-packages/airflow/example_dags/example_time_delta_sensor_async.py
[2023-03-15 00:00:59,421] {processor.py:651} INFO - DAG(s) dict_keys(['example_time_delta_sensor_async']) retrieved from /home/airflow/.local/lib/python3.7/site-packages/airflow/example_dags/example_time_delta_sensor_async.py
[2023-03-15 00:00:59,476] {logging_mixin.py:115} INFO - [2023-03-15 00:00:59,476] {dag.py:2371} INFO - Sync 1 DAGs
[2023-03-15 00:00:59,493] {logging_mixin.py:115} INFO - [2023-03-15 00:00:59,493] {dag.py:2919} INFO - Setting next_dagrun for example_time_delta_sensor_async to None, run_after=None
[2023-03-15 00:00:59,500] {processor.py:161} INFO - Processing /home/airflow/.local/lib/python3.7/site-packages/airflow/example_dags/example_time_delta_sensor_async.py took 0.087 seconds
[2023-03-15 00:01:29,580] {processor.py:153} INFO - Started process (PID=87290) to work on /home/airflow/.local/lib/python3.7/site-packages/airflow/example_dags/example_time_delta_sensor_async.py
[2023-03-15 00:01:29,581] {processor.py:641} INFO - Processing file /home/airflow/.local/lib/python3.7/site-packages/airflow/example_dags/example_time_delta_sensor_async.py for tasks to queue
[2023-03-15 00:01:29,582] {logging_mixin.py:115} INFO - [2023-03-15 00:01:29,582] {dagbag.py:507} INFO - Filling up the DagBag from /home/airflow/.local/lib/python3.7/site-packages/airflow/example_dags/example_time_delta_sensor_async.py
[2023-03-15 00:01:29,586] {processor.py:651} INFO - DAG(s) dict_keys(['example_time_delta_sensor_async']) retrieved from /home/airflow/.local/lib/python3.7/site-packages/airflow/example_dags/example_time_delta_sensor_async.py
[2023-03-15 00:01:29,617] {logging_mixin.py:115} INFO - [2023-03-15 00:01:29,617] {dag.py:2371} INFO - Sync 1 DAGs
[2023-03-15 00:01:29,631] {logging_mixin.py:115} INFO - [2023-03-15 00:01:29,631] {dag.py:2919} INFO - Setting next_dagrun for example_time_delta_sensor_async to None, run_after=None
[2023-03-15 00:01:29,637] {processor.py:161} INFO - Processing /home/airflow/.local/lib/python3.7/site-packages/airflow/example_dags/example_time_delta_sensor_async.py took 0.059 seconds
[2023-03-15 00:02:00,032] {processor.py:153} INFO - Started process (PID=87357) to work on /home/airflow/.local/lib/python3.7/site-packages/airflow/example_dags/example_time_delta_sensor_async.py
[2023-03-15 00:02:00,038] {processor.py:641} INFO - Processing file /home/airflow/.local/lib/python3.7/site-packages/airflow/example_dags/example_time_delta_sensor_async.py for tasks to queue
[2023-03-15 00:02:00,040] {logging_mixin.py:115} INFO - [2023-03-15 00:02:00,040] {dagbag.py:507} INFO - Filling up the DagBag from /home/airflow/.local/lib/python3.7/site-packages/airflow/example_dags/example_time_delta_sensor_async.py
[2023-03-15 00:02:00,049] {processor.py:651} INFO - DAG(s) dict_keys(['example_time_delta_sensor_async']) retrieved from /home/airflow/.local/lib/python3.7/site-packages/airflow/example_dags/example_time_delta_sensor_async.py
[2023-03-15 00:02:00,093] {logging_mixin.py:115} INFO - [2023-03-15 00:02:00,093] {dag.py:2371} INFO - Sync 1 DAGs
[2023-03-15 00:02:00,110] {logging_mixin.py:115} INFO - [2023-03-15 00:02:00,110] {dag.py:2919} INFO - Setting next_dagrun for example_time_delta_sensor_async to None, run_after=None
[2023-03-15 00:02:00,118] {processor.py:161} INFO - Processing /home/airflow/.local/lib/python3.7/site-packages/airflow/example_dags/example_time_delta_sensor_async.py took 0.092 seconds
[2023-03-15 00:02:30,387] {processor.py:153} INFO - Started process (PID=87415) to work on /home/airflow/.local/lib/python3.7/site-packages/airflow/example_dags/example_time_delta_sensor_async.py
[2023-03-15 00:02:30,388] {processor.py:641} INFO - Processing file /home/airflow/.local/lib/python3.7/site-packages/airflow/example_dags/example_time_delta_sensor_async.py for tasks to queue
[2023-03-15 00:02:30,389] {logging_mixin.py:115} INFO - [2023-03-15 00:02:30,389] {dagbag.py:507} INFO - Filling up the DagBag from /home/airflow/.local/lib/python3.7/site-packages/airflow/example_dags/example_time_delta_sensor_async.py
[2023-03-15 00:02:30,393] {processor.py:651} INFO - DAG(s) dict_keys(['example_time_delta_sensor_async']) retrieved from /home/airflow/.local/lib/python3.7/site-packages/airflow/example_dags/example_time_delta_sensor_async.py
[2023-03-15 00:02:30,422] {logging_mixin.py:115} INFO - [2023-03-15 00:02:30,422] {dag.py:2371} INFO - Sync 1 DAGs
[2023-03-15 00:02:30,435] {logging_mixin.py:115} INFO - [2023-03-15 00:02:30,435] {dag.py:2919} INFO - Setting next_dagrun for example_time_delta_sensor_async to None, run_after=None
[2023-03-15 00:02:30,442] {processor.py:161} INFO - Processing /home/airflow/.local/lib/python3.7/site-packages/airflow/example_dags/example_time_delta_sensor_async.py took 0.057 seconds
[2023-03-15 00:03:00,593] {processor.py:153} INFO - Started process (PID=87481) to work on /home/airflow/.local/lib/python3.7/site-packages/airflow/example_dags/example_time_delta_sensor_async.py
[2023-03-15 00:03:00,594] {processor.py:641} INFO - Processing file /home/airflow/.local/lib/python3.7/site-packages/airflow/example_dags/example_time_delta_sensor_async.py for tasks to queue
[2023-03-15 00:03:00,594] {logging_mixin.py:115} INFO - [2023-03-15 00:03:00,594] {dagbag.py:507} INFO - Filling up the DagBag from /home/airflow/.local/lib/python3.7/site-packages/airflow/example_dags/example_time_delta_sensor_async.py
[2023-03-15 00:03:00,599] {processor.py:651} INFO - DAG(s) dict_keys(['example_time_delta_sensor_async']) retrieved from /home/airflow/.local/lib/python3.7/site-packages/airflow/example_dags/example_time_delta_sensor_async.py
[2023-03-15 00:03:00,626] {logging_mixin.py:115} INFO - [2023-03-15 00:03:00,626] {dag.py:2371} INFO - Sync 1 DAGs
[2023-03-15 00:03:00,639] {logging_mixin.py:115} INFO - [2023-03-15 00:03:00,639] {dag.py:2919} INFO - Setting next_dagrun for example_time_delta_sensor_async to None, run_after=None
[2023-03-15 00:03:00,647] {processor.py:161} INFO - Processing /home/airflow/.local/lib/python3.7/site-packages/airflow/example_dags/example_time_delta_sensor_async.py took 0.056 seconds
[2023-03-15 00:03:31,373] {processor.py:153} INFO - Started process (PID=87548) to work on /home/airflow/.local/lib/python3.7/site-packages/airflow/example_dags/example_time_delta_sensor_async.py
[2023-03-15 00:03:31,374] {processor.py:641} INFO - Processing file /home/airflow/.local/lib/python3.7/site-packages/airflow/example_dags/example_time_delta_sensor_async.py for tasks to queue
[2023-03-15 00:03:31,375] {logging_mixin.py:115} INFO - [2023-03-15 00:03:31,375] {dagbag.py:507} INFO - Filling up the DagBag from /home/airflow/.local/lib/python3.7/site-packages/airflow/example_dags/example_time_delta_sensor_async.py
[2023-03-15 00:03:31,380] {processor.py:651} INFO - DAG(s) dict_keys(['example_time_delta_sensor_async']) retrieved from /home/airflow/.local/lib/python3.7/site-packages/airflow/example_dags/example_time_delta_sensor_async.py
[2023-03-15 00:03:31,412] {logging_mixin.py:115} INFO - [2023-03-15 00:03:31,412] {dag.py:2371} INFO - Sync 1 DAGs
[2023-03-15 00:03:31,425] {logging_mixin.py:115} INFO - [2023-03-15 00:03:31,425] {dag.py:2919} INFO - Setting next_dagrun for example_time_delta_sensor_async to None, run_after=None
[2023-03-15 00:03:31,432] {processor.py:161} INFO - Processing /home/airflow/.local/lib/python3.7/site-packages/airflow/example_dags/example_time_delta_sensor_async.py took 0.062 seconds
[2023-03-15 00:04:02,986] {processor.py:153} INFO - Started process (PID=87615) to work on /home/airflow/.local/lib/python3.7/site-packages/airflow/example_dags/example_time_delta_sensor_async.py
[2023-03-15 00:04:02,988] {processor.py:641} INFO - Processing file /home/airflow/.local/lib/python3.7/site-packages/airflow/example_dags/example_time_delta_sensor_async.py for tasks to queue
[2023-03-15 00:04:02,990] {logging_mixin.py:115} INFO - [2023-03-15 00:04:02,990] {dagbag.py:507} INFO - Filling up the DagBag from /home/airflow/.local/lib/python3.7/site-packages/airflow/example_dags/example_time_delta_sensor_async.py
[2023-03-15 00:04:02,995] {processor.py:651} INFO - DAG(s) dict_keys(['example_time_delta_sensor_async']) retrieved from /home/airflow/.local/lib/python3.7/site-packages/airflow/example_dags/example_time_delta_sensor_async.py
[2023-03-15 00:04:03,039] {logging_mixin.py:115} INFO - [2023-03-15 00:04:03,038] {dag.py:2371} INFO - Sync 1 DAGs
[2023-03-15 00:04:03,053] {logging_mixin.py:115} INFO - [2023-03-15 00:04:03,053] {dag.py:2919} INFO - Setting next_dagrun for example_time_delta_sensor_async to None, run_after=None
[2023-03-15 00:04:03,060] {processor.py:161} INFO - Processing /home/airflow/.local/lib/python3.7/site-packages/airflow/example_dags/example_time_delta_sensor_async.py took 0.077 seconds
[2023-03-15 00:04:33,663] {processor.py:153} INFO - Started process (PID=87673) to work on /home/airflow/.local/lib/python3.7/site-packages/airflow/example_dags/example_time_delta_sensor_async.py
[2023-03-15 00:04:33,665] {processor.py:641} INFO - Processing file /home/airflow/.local/lib/python3.7/site-packages/airflow/example_dags/example_time_delta_sensor_async.py for tasks to queue
[2023-03-15 00:04:33,668] {logging_mixin.py:115} INFO - [2023-03-15 00:04:33,668] {dagbag.py:507} INFO - Filling up the DagBag from /home/airflow/.local/lib/python3.7/site-packages/airflow/example_dags/example_time_delta_sensor_async.py
[2023-03-15 00:04:33,690] {processor.py:651} INFO - DAG(s) dict_keys(['example_time_delta_sensor_async']) retrieved from /home/airflow/.local/lib/python3.7/site-packages/airflow/example_dags/example_time_delta_sensor_async.py
[2023-03-15 00:04:33,746] {logging_mixin.py:115} INFO - [2023-03-15 00:04:33,746] {dag.py:2371} INFO - Sync 1 DAGs
[2023-03-15 00:04:33,762] {logging_mixin.py:115} INFO - [2023-03-15 00:04:33,762] {dag.py:2919} INFO - Setting next_dagrun for example_time_delta_sensor_async to None, run_after=None
[2023-03-15 00:04:33,773] {processor.py:161} INFO - Processing /home/airflow/.local/lib/python3.7/site-packages/airflow/example_dags/example_time_delta_sensor_async.py took 0.117 seconds
[2023-03-15 00:05:04,155] {processor.py:153} INFO - Started process (PID=87740) to work on /home/airflow/.local/lib/python3.7/site-packages/airflow/example_dags/example_time_delta_sensor_async.py
[2023-03-15 00:05:04,156] {processor.py:641} INFO - Processing file /home/airflow/.local/lib/python3.7/site-packages/airflow/example_dags/example_time_delta_sensor_async.py for tasks to queue
[2023-03-15 00:05:04,157] {logging_mixin.py:115} INFO - [2023-03-15 00:05:04,157] {dagbag.py:507} INFO - Filling up the DagBag from /home/airflow/.local/lib/python3.7/site-packages/airflow/example_dags/example_time_delta_sensor_async.py
[2023-03-15 00:05:04,162] {processor.py:651} INFO - DAG(s) dict_keys(['example_time_delta_sensor_async']) retrieved from /home/airflow/.local/lib/python3.7/site-packages/airflow/example_dags/example_time_delta_sensor_async.py
[2023-03-15 00:05:04,192] {logging_mixin.py:115} INFO - [2023-03-15 00:05:04,192] {dag.py:2371} INFO - Sync 1 DAGs
[2023-03-15 00:05:04,205] {logging_mixin.py:115} INFO - [2023-03-15 00:05:04,204] {dag.py:2919} INFO - Setting next_dagrun for example_time_delta_sensor_async to None, run_after=None
[2023-03-15 00:05:04,211] {processor.py:161} INFO - Processing /home/airflow/.local/lib/python3.7/site-packages/airflow/example_dags/example_time_delta_sensor_async.py took 0.059 seconds
[2023-03-15 00:05:34,640] {processor.py:153} INFO - Started process (PID=87807) to work on /home/airflow/.local/lib/python3.7/site-packages/airflow/example_dags/example_time_delta_sensor_async.py
[2023-03-15 00:05:34,641] {processor.py:641} INFO - Processing file /home/airflow/.local/lib/python3.7/site-packages/airflow/example_dags/example_time_delta_sensor_async.py for tasks to queue
[2023-03-15 00:05:34,642] {logging_mixin.py:115} INFO - [2023-03-15 00:05:34,642] {dagbag.py:507} INFO - Filling up the DagBag from /home/airflow/.local/lib/python3.7/site-packages/airflow/example_dags/example_time_delta_sensor_async.py
[2023-03-15 00:05:34,647] {processor.py:651} INFO - DAG(s) dict_keys(['example_time_delta_sensor_async']) retrieved from /home/airflow/.local/lib/python3.7/site-packages/airflow/example_dags/example_time_delta_sensor_async.py
[2023-03-15 00:05:34,679] {logging_mixin.py:115} INFO - [2023-03-15 00:05:34,679] {dag.py:2371} INFO - Sync 1 DAGs
[2023-03-15 00:05:34,693] {logging_mixin.py:115} INFO - [2023-03-15 00:05:34,692] {dag.py:2919} INFO - Setting next_dagrun for example_time_delta_sensor_async to None, run_after=None
[2023-03-15 00:05:34,699] {processor.py:161} INFO - Processing /home/airflow/.local/lib/python3.7/site-packages/airflow/example_dags/example_time_delta_sensor_async.py took 0.062 seconds
[2023-03-15 00:06:05,368] {processor.py:153} INFO - Started process (PID=87875) to work on /home/airflow/.local/lib/python3.7/site-packages/airflow/example_dags/example_time_delta_sensor_async.py
[2023-03-15 00:06:05,372] {processor.py:641} INFO - Processing file /home/airflow/.local/lib/python3.7/site-packages/airflow/example_dags/example_time_delta_sensor_async.py for tasks to queue
[2023-03-15 00:06:05,374] {logging_mixin.py:115} INFO - [2023-03-15 00:06:05,373] {dagbag.py:507} INFO - Filling up the DagBag from /home/airflow/.local/lib/python3.7/site-packages/airflow/example_dags/example_time_delta_sensor_async.py
[2023-03-15 00:06:05,379] {processor.py:651} INFO - DAG(s) dict_keys(['example_time_delta_sensor_async']) retrieved from /home/airflow/.local/lib/python3.7/site-packages/airflow/example_dags/example_time_delta_sensor_async.py
[2023-03-15 00:06:05,432] {logging_mixin.py:115} INFO - [2023-03-15 00:06:05,432] {dag.py:2371} INFO - Sync 1 DAGs
[2023-03-15 00:06:05,449] {logging_mixin.py:115} INFO - [2023-03-15 00:06:05,449] {dag.py:2919} INFO - Setting next_dagrun for example_time_delta_sensor_async to None, run_after=None
[2023-03-15 00:06:05,458] {processor.py:161} INFO - Processing /home/airflow/.local/lib/python3.7/site-packages/airflow/example_dags/example_time_delta_sensor_async.py took 0.094 seconds
[2023-03-15 00:06:35,541] {processor.py:153} INFO - Started process (PID=87934) to work on /home/airflow/.local/lib/python3.7/site-packages/airflow/example_dags/example_time_delta_sensor_async.py
[2023-03-15 00:06:35,542] {processor.py:641} INFO - Processing file /home/airflow/.local/lib/python3.7/site-packages/airflow/example_dags/example_time_delta_sensor_async.py for tasks to queue
[2023-03-15 00:06:35,544] {logging_mixin.py:115} INFO - [2023-03-15 00:06:35,544] {dagbag.py:507} INFO - Filling up the DagBag from /home/airflow/.local/lib/python3.7/site-packages/airflow/example_dags/example_time_delta_sensor_async.py
[2023-03-15 00:06:35,549] {processor.py:651} INFO - DAG(s) dict_keys(['example_time_delta_sensor_async']) retrieved from /home/airflow/.local/lib/python3.7/site-packages/airflow/example_dags/example_time_delta_sensor_async.py
[2023-03-15 00:06:35,578] {logging_mixin.py:115} INFO - [2023-03-15 00:06:35,578] {dag.py:2371} INFO - Sync 1 DAGs
[2023-03-15 00:06:35,591] {logging_mixin.py:115} INFO - [2023-03-15 00:06:35,590] {dag.py:2919} INFO - Setting next_dagrun for example_time_delta_sensor_async to None, run_after=None
[2023-03-15 00:06:35,597] {processor.py:161} INFO - Processing /home/airflow/.local/lib/python3.7/site-packages/airflow/example_dags/example_time_delta_sensor_async.py took 0.058 seconds
[2023-03-15 00:07:05,770] {processor.py:153} INFO - Started process (PID=88002) to work on /home/airflow/.local/lib/python3.7/site-packages/airflow/example_dags/example_time_delta_sensor_async.py
[2023-03-15 00:07:05,771] {processor.py:641} INFO - Processing file /home/airflow/.local/lib/python3.7/site-packages/airflow/example_dags/example_time_delta_sensor_async.py for tasks to queue
[2023-03-15 00:07:05,772] {logging_mixin.py:115} INFO - [2023-03-15 00:07:05,772] {dagbag.py:507} INFO - Filling up the DagBag from /home/airflow/.local/lib/python3.7/site-packages/airflow/example_dags/example_time_delta_sensor_async.py
[2023-03-15 00:07:05,776] {processor.py:651} INFO - DAG(s) dict_keys(['example_time_delta_sensor_async']) retrieved from /home/airflow/.local/lib/python3.7/site-packages/airflow/example_dags/example_time_delta_sensor_async.py
[2023-03-15 00:07:05,809] {logging_mixin.py:115} INFO - [2023-03-15 00:07:05,809] {dag.py:2371} INFO - Sync 1 DAGs
[2023-03-15 00:07:05,821] {logging_mixin.py:115} INFO - [2023-03-15 00:07:05,821] {dag.py:2919} INFO - Setting next_dagrun for example_time_delta_sensor_async to None, run_after=None
[2023-03-15 00:07:05,828] {processor.py:161} INFO - Processing /home/airflow/.local/lib/python3.7/site-packages/airflow/example_dags/example_time_delta_sensor_async.py took 0.060 seconds
[2023-03-15 00:07:36,015] {processor.py:153} INFO - Started process (PID=88070) to work on /home/airflow/.local/lib/python3.7/site-packages/airflow/example_dags/example_time_delta_sensor_async.py
[2023-03-15 00:07:36,016] {processor.py:641} INFO - Processing file /home/airflow/.local/lib/python3.7/site-packages/airflow/example_dags/example_time_delta_sensor_async.py for tasks to queue
[2023-03-15 00:07:36,016] {logging_mixin.py:115} INFO - [2023-03-15 00:07:36,016] {dagbag.py:507} INFO - Filling up the DagBag from /home/airflow/.local/lib/python3.7/site-packages/airflow/example_dags/example_time_delta_sensor_async.py
[2023-03-15 00:07:36,021] {processor.py:651} INFO - DAG(s) dict_keys(['example_time_delta_sensor_async']) retrieved from /home/airflow/.local/lib/python3.7/site-packages/airflow/example_dags/example_time_delta_sensor_async.py
[2023-03-15 00:07:36,059] {logging_mixin.py:115} INFO - [2023-03-15 00:07:36,059] {dag.py:2371} INFO - Sync 1 DAGs
[2023-03-15 00:07:36,086] {logging_mixin.py:115} INFO - [2023-03-15 00:07:36,086] {dag.py:2919} INFO - Setting next_dagrun for example_time_delta_sensor_async to None, run_after=None
[2023-03-15 00:07:36,095] {processor.py:161} INFO - Processing /home/airflow/.local/lib/python3.7/site-packages/airflow/example_dags/example_time_delta_sensor_async.py took 0.083 seconds
