[2023-01-30 00:02:47,938] {processor.py:153} INFO - Started process (PID=75342) to work on /home/airflow/.local/lib/python3.7/site-packages/airflow/example_dags/example_latest_only.py
[2023-01-30 00:02:47,944] {processor.py:641} INFO - Processing file /home/airflow/.local/lib/python3.7/site-packages/airflow/example_dags/example_latest_only.py for tasks to queue
[2023-01-30 00:02:47,946] {logging_mixin.py:115} INFO - [2023-01-30 00:02:47,946] {dagbag.py:507} INFO - Filling up the DagBag from /home/airflow/.local/lib/python3.7/site-packages/airflow/example_dags/example_latest_only.py
[2023-01-30 00:02:47,967] {processor.py:651} INFO - DAG(s) dict_keys(['latest_only']) retrieved from /home/airflow/.local/lib/python3.7/site-packages/airflow/example_dags/example_latest_only.py
[2023-01-30 00:02:48,042] {logging_mixin.py:115} INFO - [2023-01-30 00:02:48,042] {dag.py:2371} INFO - Sync 1 DAGs
[2023-01-30 00:02:48,080] {logging_mixin.py:115} INFO - [2023-01-30 00:02:48,080] {dag.py:2919} INFO - Setting next_dagrun for latest_only to 2023-01-29T20:02:48.079415+00:00, run_after=2023-01-30T00:02:48.079415+00:00
[2023-01-30 00:02:48,125] {processor.py:161} INFO - Processing /home/airflow/.local/lib/python3.7/site-packages/airflow/example_dags/example_latest_only.py took 0.199 seconds
[2023-01-30 00:03:18,255] {processor.py:153} INFO - Started process (PID=75395) to work on /home/airflow/.local/lib/python3.7/site-packages/airflow/example_dags/example_latest_only.py
[2023-01-30 00:03:18,256] {processor.py:641} INFO - Processing file /home/airflow/.local/lib/python3.7/site-packages/airflow/example_dags/example_latest_only.py for tasks to queue
[2023-01-30 00:03:18,257] {logging_mixin.py:115} INFO - [2023-01-30 00:03:18,257] {dagbag.py:507} INFO - Filling up the DagBag from /home/airflow/.local/lib/python3.7/site-packages/airflow/example_dags/example_latest_only.py
[2023-01-30 00:03:18,261] {processor.py:651} INFO - DAG(s) dict_keys(['latest_only']) retrieved from /home/airflow/.local/lib/python3.7/site-packages/airflow/example_dags/example_latest_only.py
[2023-01-30 00:03:18,276] {logging_mixin.py:115} INFO - [2023-01-30 00:03:18,276] {dag.py:2371} INFO - Sync 1 DAGs
[2023-01-30 00:03:18,287] {logging_mixin.py:115} INFO - [2023-01-30 00:03:18,287] {dag.py:2919} INFO - Setting next_dagrun for latest_only to 2023-01-29T20:03:18.287659+00:00, run_after=2023-01-30T00:03:18.287659+00:00
[2023-01-30 00:03:18,294] {processor.py:161} INFO - Processing /home/airflow/.local/lib/python3.7/site-packages/airflow/example_dags/example_latest_only.py took 0.041 seconds
[2023-01-30 00:03:49,031] {processor.py:153} INFO - Started process (PID=75458) to work on /home/airflow/.local/lib/python3.7/site-packages/airflow/example_dags/example_latest_only.py
[2023-01-30 00:03:49,033] {processor.py:641} INFO - Processing file /home/airflow/.local/lib/python3.7/site-packages/airflow/example_dags/example_latest_only.py for tasks to queue
[2023-01-30 00:03:49,034] {logging_mixin.py:115} INFO - [2023-01-30 00:03:49,034] {dagbag.py:507} INFO - Filling up the DagBag from /home/airflow/.local/lib/python3.7/site-packages/airflow/example_dags/example_latest_only.py
[2023-01-30 00:03:49,037] {processor.py:651} INFO - DAG(s) dict_keys(['latest_only']) retrieved from /home/airflow/.local/lib/python3.7/site-packages/airflow/example_dags/example_latest_only.py
[2023-01-30 00:03:49,055] {logging_mixin.py:115} INFO - [2023-01-30 00:03:49,055] {dag.py:2371} INFO - Sync 1 DAGs
[2023-01-30 00:03:49,068] {logging_mixin.py:115} INFO - [2023-01-30 00:03:49,068] {dag.py:2919} INFO - Setting next_dagrun for latest_only to 2023-01-29T20:03:49.068653+00:00, run_after=2023-01-30T00:03:49.068653+00:00
[2023-01-30 00:03:49,077] {processor.py:161} INFO - Processing /home/airflow/.local/lib/python3.7/site-packages/airflow/example_dags/example_latest_only.py took 0.048 seconds
