[2023-01-30 00:02:45,378] {processor.py:153} INFO - Started process (PID=75332) to work on /home/airflow/.local/lib/python3.7/site-packages/airflow/example_dags/example_trigger_controller_dag.py
[2023-01-30 00:02:45,397] {processor.py:641} INFO - Processing file /home/airflow/.local/lib/python3.7/site-packages/airflow/example_dags/example_trigger_controller_dag.py for tasks to queue
[2023-01-30 00:02:45,400] {logging_mixin.py:115} INFO - [2023-01-30 00:02:45,400] {dagbag.py:507} INFO - Filling up the DagBag from /home/airflow/.local/lib/python3.7/site-packages/airflow/example_dags/example_trigger_controller_dag.py
[2023-01-30 00:02:45,421] {processor.py:651} INFO - DAG(s) dict_keys(['example_trigger_controller_dag']) retrieved from /home/airflow/.local/lib/python3.7/site-packages/airflow/example_dags/example_trigger_controller_dag.py
[2023-01-30 00:02:45,518] {logging_mixin.py:115} INFO - [2023-01-30 00:02:45,518] {dag.py:2371} INFO - Sync 1 DAGs
[2023-01-30 00:02:45,574] {logging_mixin.py:115} INFO - [2023-01-30 00:02:45,573] {dag.py:2919} INFO - Setting next_dagrun for example_trigger_controller_dag to 2021-01-01T00:00:00+00:00, run_after=2021-01-01T00:00:00+00:00
[2023-01-30 00:02:45,613] {processor.py:161} INFO - Processing /home/airflow/.local/lib/python3.7/site-packages/airflow/example_dags/example_trigger_controller_dag.py took 0.246 seconds
[2023-01-30 00:03:15,767] {processor.py:153} INFO - Started process (PID=75386) to work on /home/airflow/.local/lib/python3.7/site-packages/airflow/example_dags/example_trigger_controller_dag.py
[2023-01-30 00:03:15,769] {processor.py:641} INFO - Processing file /home/airflow/.local/lib/python3.7/site-packages/airflow/example_dags/example_trigger_controller_dag.py for tasks to queue
[2023-01-30 00:03:15,771] {logging_mixin.py:115} INFO - [2023-01-30 00:03:15,771] {dagbag.py:507} INFO - Filling up the DagBag from /home/airflow/.local/lib/python3.7/site-packages/airflow/example_dags/example_trigger_controller_dag.py
[2023-01-30 00:03:15,774] {processor.py:651} INFO - DAG(s) dict_keys(['example_trigger_controller_dag']) retrieved from /home/airflow/.local/lib/python3.7/site-packages/airflow/example_dags/example_trigger_controller_dag.py
[2023-01-30 00:03:15,795] {logging_mixin.py:115} INFO - [2023-01-30 00:03:15,795] {dag.py:2371} INFO - Sync 1 DAGs
[2023-01-30 00:03:15,811] {logging_mixin.py:115} INFO - [2023-01-30 00:03:15,811] {dag.py:2919} INFO - Setting next_dagrun for example_trigger_controller_dag to 2021-01-01T00:00:00+00:00, run_after=2021-01-01T00:00:00+00:00
[2023-01-30 00:03:15,824] {processor.py:161} INFO - Processing /home/airflow/.local/lib/python3.7/site-packages/airflow/example_dags/example_trigger_controller_dag.py took 0.060 seconds
[2023-01-30 00:03:46,013] {processor.py:153} INFO - Started process (PID=75449) to work on /home/airflow/.local/lib/python3.7/site-packages/airflow/example_dags/example_trigger_controller_dag.py
[2023-01-30 00:03:46,015] {processor.py:641} INFO - Processing file /home/airflow/.local/lib/python3.7/site-packages/airflow/example_dags/example_trigger_controller_dag.py for tasks to queue
[2023-01-30 00:03:46,016] {logging_mixin.py:115} INFO - [2023-01-30 00:03:46,016] {dagbag.py:507} INFO - Filling up the DagBag from /home/airflow/.local/lib/python3.7/site-packages/airflow/example_dags/example_trigger_controller_dag.py
[2023-01-30 00:03:46,023] {processor.py:651} INFO - DAG(s) dict_keys(['example_trigger_controller_dag']) retrieved from /home/airflow/.local/lib/python3.7/site-packages/airflow/example_dags/example_trigger_controller_dag.py
[2023-01-30 00:03:46,073] {logging_mixin.py:115} INFO - [2023-01-30 00:03:46,072] {dag.py:2371} INFO - Sync 1 DAGs
[2023-01-30 00:03:46,109] {logging_mixin.py:115} INFO - [2023-01-30 00:03:46,109] {dag.py:2919} INFO - Setting next_dagrun for example_trigger_controller_dag to 2021-01-01T00:00:00+00:00, run_after=2021-01-01T00:00:00+00:00
[2023-01-30 00:03:46,124] {processor.py:161} INFO - Processing /home/airflow/.local/lib/python3.7/site-packages/airflow/example_dags/example_trigger_controller_dag.py took 0.113 seconds
