[2023-01-30 00:02:42,634] {processor.py:153} INFO - Started process (PID=75312) to work on /home/airflow/.local/lib/python3.7/site-packages/airflow/example_dags/example_short_circuit_operator.py
[2023-01-30 00:02:42,640] {processor.py:641} INFO - Processing file /home/airflow/.local/lib/python3.7/site-packages/airflow/example_dags/example_short_circuit_operator.py for tasks to queue
[2023-01-30 00:02:42,645] {logging_mixin.py:115} INFO - [2023-01-30 00:02:42,645] {dagbag.py:507} INFO - Filling up the DagBag from /home/airflow/.local/lib/python3.7/site-packages/airflow/example_dags/example_short_circuit_operator.py
[2023-01-30 00:02:42,685] {processor.py:651} INFO - DAG(s) dict_keys(['example_short_circuit_operator']) retrieved from /home/airflow/.local/lib/python3.7/site-packages/airflow/example_dags/example_short_circuit_operator.py
[2023-01-30 00:02:42,830] {logging_mixin.py:115} INFO - [2023-01-30 00:02:42,829] {dag.py:2371} INFO - Sync 1 DAGs
[2023-01-30 00:02:42,903] {logging_mixin.py:115} INFO - [2023-01-30 00:02:42,903] {dag.py:2919} INFO - Setting next_dagrun for example_short_circuit_operator to 2023-01-29T00:02:42.902673+00:00, run_after=2023-01-30T00:02:42.902673+00:00
[2023-01-30 00:02:42,951] {processor.py:161} INFO - Processing /home/airflow/.local/lib/python3.7/site-packages/airflow/example_dags/example_short_circuit_operator.py took 0.322 seconds
[2023-01-30 00:03:13,627] {processor.py:153} INFO - Started process (PID=75375) to work on /home/airflow/.local/lib/python3.7/site-packages/airflow/example_dags/example_short_circuit_operator.py
[2023-01-30 00:03:13,630] {processor.py:641} INFO - Processing file /home/airflow/.local/lib/python3.7/site-packages/airflow/example_dags/example_short_circuit_operator.py for tasks to queue
[2023-01-30 00:03:13,633] {logging_mixin.py:115} INFO - [2023-01-30 00:03:13,633] {dagbag.py:507} INFO - Filling up the DagBag from /home/airflow/.local/lib/python3.7/site-packages/airflow/example_dags/example_short_circuit_operator.py
[2023-01-30 00:03:13,674] {processor.py:651} INFO - DAG(s) dict_keys(['example_short_circuit_operator']) retrieved from /home/airflow/.local/lib/python3.7/site-packages/airflow/example_dags/example_short_circuit_operator.py
[2023-01-30 00:03:13,729] {logging_mixin.py:115} INFO - [2023-01-30 00:03:13,728] {dag.py:2371} INFO - Sync 1 DAGs
[2023-01-30 00:03:13,764] {logging_mixin.py:115} INFO - [2023-01-30 00:03:13,764] {dag.py:2919} INFO - Setting next_dagrun for example_short_circuit_operator to 2023-01-29T00:03:13.763844+00:00, run_after=2023-01-30T00:03:13.763844+00:00
[2023-01-30 00:03:13,794] {processor.py:161} INFO - Processing /home/airflow/.local/lib/python3.7/site-packages/airflow/example_dags/example_short_circuit_operator.py took 0.185 seconds
[2023-01-30 00:03:44,266] {processor.py:153} INFO - Started process (PID=75438) to work on /home/airflow/.local/lib/python3.7/site-packages/airflow/example_dags/example_short_circuit_operator.py
[2023-01-30 00:03:44,267] {processor.py:641} INFO - Processing file /home/airflow/.local/lib/python3.7/site-packages/airflow/example_dags/example_short_circuit_operator.py for tasks to queue
[2023-01-30 00:03:44,268] {logging_mixin.py:115} INFO - [2023-01-30 00:03:44,268] {dagbag.py:507} INFO - Filling up the DagBag from /home/airflow/.local/lib/python3.7/site-packages/airflow/example_dags/example_short_circuit_operator.py
[2023-01-30 00:03:44,274] {processor.py:651} INFO - DAG(s) dict_keys(['example_short_circuit_operator']) retrieved from /home/airflow/.local/lib/python3.7/site-packages/airflow/example_dags/example_short_circuit_operator.py
[2023-01-30 00:03:44,291] {logging_mixin.py:115} INFO - [2023-01-30 00:03:44,291] {dag.py:2371} INFO - Sync 1 DAGs
[2023-01-30 00:03:44,306] {logging_mixin.py:115} INFO - [2023-01-30 00:03:44,305] {dag.py:2919} INFO - Setting next_dagrun for example_short_circuit_operator to 2023-01-29T00:03:44.305447+00:00, run_after=2023-01-30T00:03:44.305447+00:00
[2023-01-30 00:03:44,313] {processor.py:161} INFO - Processing /home/airflow/.local/lib/python3.7/site-packages/airflow/example_dags/example_short_circuit_operator.py took 0.049 seconds
