[2023-01-30 00:02:48,902] {processor.py:153} INFO - Started process (PID=75346) to work on /home/airflow/.local/lib/python3.7/site-packages/airflow/example_dags/example_complex.py
[2023-01-30 00:02:48,905] {processor.py:641} INFO - Processing file /home/airflow/.local/lib/python3.7/site-packages/airflow/example_dags/example_complex.py for tasks to queue
[2023-01-30 00:02:48,907] {logging_mixin.py:115} INFO - [2023-01-30 00:02:48,906] {dagbag.py:507} INFO - Filling up the DagBag from /home/airflow/.local/lib/python3.7/site-packages/airflow/example_dags/example_complex.py
[2023-01-30 00:02:48,946] {processor.py:651} INFO - DAG(s) dict_keys(['example_complex']) retrieved from /home/airflow/.local/lib/python3.7/site-packages/airflow/example_dags/example_complex.py
[2023-01-30 00:02:49,026] {logging_mixin.py:115} INFO - [2023-01-30 00:02:49,026] {dag.py:2371} INFO - Sync 1 DAGs
[2023-01-30 00:02:49,082] {logging_mixin.py:115} INFO - [2023-01-30 00:02:49,082] {dag.py:2919} INFO - Setting next_dagrun for example_complex to None, run_after=None
[2023-01-30 00:02:49,142] {processor.py:161} INFO - Processing /home/airflow/.local/lib/python3.7/site-packages/airflow/example_dags/example_complex.py took 0.242 seconds
[2023-01-30 00:03:19,578] {processor.py:153} INFO - Started process (PID=75400) to work on /home/airflow/.local/lib/python3.7/site-packages/airflow/example_dags/example_complex.py
[2023-01-30 00:03:19,581] {processor.py:641} INFO - Processing file /home/airflow/.local/lib/python3.7/site-packages/airflow/example_dags/example_complex.py for tasks to queue
[2023-01-30 00:03:19,582] {logging_mixin.py:115} INFO - [2023-01-30 00:03:19,582] {dagbag.py:507} INFO - Filling up the DagBag from /home/airflow/.local/lib/python3.7/site-packages/airflow/example_dags/example_complex.py
[2023-01-30 00:03:19,591] {processor.py:651} INFO - DAG(s) dict_keys(['example_complex']) retrieved from /home/airflow/.local/lib/python3.7/site-packages/airflow/example_dags/example_complex.py
[2023-01-30 00:03:19,644] {logging_mixin.py:115} INFO - [2023-01-30 00:03:19,644] {dag.py:2371} INFO - Sync 1 DAGs
[2023-01-30 00:03:19,668] {logging_mixin.py:115} INFO - [2023-01-30 00:03:19,668] {dag.py:2919} INFO - Setting next_dagrun for example_complex to None, run_after=None
[2023-01-30 00:03:19,676] {processor.py:161} INFO - Processing /home/airflow/.local/lib/python3.7/site-packages/airflow/example_dags/example_complex.py took 0.100 seconds
[2023-01-30 00:03:50,272] {processor.py:153} INFO - Started process (PID=75463) to work on /home/airflow/.local/lib/python3.7/site-packages/airflow/example_dags/example_complex.py
[2023-01-30 00:03:50,273] {processor.py:641} INFO - Processing file /home/airflow/.local/lib/python3.7/site-packages/airflow/example_dags/example_complex.py for tasks to queue
[2023-01-30 00:03:50,275] {logging_mixin.py:115} INFO - [2023-01-30 00:03:50,274] {dagbag.py:507} INFO - Filling up the DagBag from /home/airflow/.local/lib/python3.7/site-packages/airflow/example_dags/example_complex.py
[2023-01-30 00:03:50,283] {processor.py:651} INFO - DAG(s) dict_keys(['example_complex']) retrieved from /home/airflow/.local/lib/python3.7/site-packages/airflow/example_dags/example_complex.py
[2023-01-30 00:03:50,304] {logging_mixin.py:115} INFO - [2023-01-30 00:03:50,304] {dag.py:2371} INFO - Sync 1 DAGs
[2023-01-30 00:03:50,324] {logging_mixin.py:115} INFO - [2023-01-30 00:03:50,324] {dag.py:2919} INFO - Setting next_dagrun for example_complex to None, run_after=None
[2023-01-30 00:03:50,333] {processor.py:161} INFO - Processing /home/airflow/.local/lib/python3.7/site-packages/airflow/example_dags/example_complex.py took 0.065 seconds
