[2023-01-30 00:02:45,065] {processor.py:153} INFO - Started process (PID=75331) to work on /home/airflow/.local/lib/python3.7/site-packages/airflow/example_dags/example_nested_branch_dag.py
[2023-01-30 00:02:45,074] {processor.py:641} INFO - Processing file /home/airflow/.local/lib/python3.7/site-packages/airflow/example_dags/example_nested_branch_dag.py for tasks to queue
[2023-01-30 00:02:45,088] {logging_mixin.py:115} INFO - [2023-01-30 00:02:45,088] {dagbag.py:507} INFO - Filling up the DagBag from /home/airflow/.local/lib/python3.7/site-packages/airflow/example_dags/example_nested_branch_dag.py
[2023-01-30 00:02:45,132] {processor.py:651} INFO - DAG(s) dict_keys(['example_nested_branch_dag']) retrieved from /home/airflow/.local/lib/python3.7/site-packages/airflow/example_dags/example_nested_branch_dag.py
[2023-01-30 00:02:45,240] {logging_mixin.py:115} INFO - [2023-01-30 00:02:45,240] {dag.py:2371} INFO - Sync 1 DAGs
[2023-01-30 00:02:45,306] {logging_mixin.py:115} INFO - [2023-01-30 00:02:45,306] {dag.py:2919} INFO - Setting next_dagrun for example_nested_branch_dag to 2023-01-29T00:00:00+00:00, run_after=2023-01-30T00:00:00+00:00
[2023-01-30 00:02:45,355] {processor.py:161} INFO - Processing /home/airflow/.local/lib/python3.7/site-packages/airflow/example_dags/example_nested_branch_dag.py took 0.292 seconds
[2023-01-30 00:03:15,745] {processor.py:153} INFO - Started process (PID=75385) to work on /home/airflow/.local/lib/python3.7/site-packages/airflow/example_dags/example_nested_branch_dag.py
[2023-01-30 00:03:15,747] {processor.py:641} INFO - Processing file /home/airflow/.local/lib/python3.7/site-packages/airflow/example_dags/example_nested_branch_dag.py for tasks to queue
[2023-01-30 00:03:15,749] {logging_mixin.py:115} INFO - [2023-01-30 00:03:15,749] {dagbag.py:507} INFO - Filling up the DagBag from /home/airflow/.local/lib/python3.7/site-packages/airflow/example_dags/example_nested_branch_dag.py
[2023-01-30 00:03:15,759] {processor.py:651} INFO - DAG(s) dict_keys(['example_nested_branch_dag']) retrieved from /home/airflow/.local/lib/python3.7/site-packages/airflow/example_dags/example_nested_branch_dag.py
[2023-01-30 00:03:15,785] {logging_mixin.py:115} INFO - [2023-01-30 00:03:15,785] {dag.py:2371} INFO - Sync 1 DAGs
[2023-01-30 00:03:15,804] {logging_mixin.py:115} INFO - [2023-01-30 00:03:15,804] {dag.py:2919} INFO - Setting next_dagrun for example_nested_branch_dag to 2023-01-29T00:00:00+00:00, run_after=2023-01-30T00:00:00+00:00
[2023-01-30 00:03:15,817] {processor.py:161} INFO - Processing /home/airflow/.local/lib/python3.7/site-packages/airflow/example_dags/example_nested_branch_dag.py took 0.074 seconds
[2023-01-30 00:03:46,007] {processor.py:153} INFO - Started process (PID=75448) to work on /home/airflow/.local/lib/python3.7/site-packages/airflow/example_dags/example_nested_branch_dag.py
[2023-01-30 00:03:46,009] {processor.py:641} INFO - Processing file /home/airflow/.local/lib/python3.7/site-packages/airflow/example_dags/example_nested_branch_dag.py for tasks to queue
[2023-01-30 00:03:46,010] {logging_mixin.py:115} INFO - [2023-01-30 00:03:46,010] {dagbag.py:507} INFO - Filling up the DagBag from /home/airflow/.local/lib/python3.7/site-packages/airflow/example_dags/example_nested_branch_dag.py
[2023-01-30 00:03:46,017] {processor.py:651} INFO - DAG(s) dict_keys(['example_nested_branch_dag']) retrieved from /home/airflow/.local/lib/python3.7/site-packages/airflow/example_dags/example_nested_branch_dag.py
[2023-01-30 00:03:46,057] {logging_mixin.py:115} INFO - [2023-01-30 00:03:46,056] {dag.py:2371} INFO - Sync 1 DAGs
[2023-01-30 00:03:46,093] {logging_mixin.py:115} INFO - [2023-01-30 00:03:46,093] {dag.py:2919} INFO - Setting next_dagrun for example_nested_branch_dag to 2023-01-29T00:00:00+00:00, run_after=2023-01-30T00:00:00+00:00
[2023-01-30 00:03:46,110] {processor.py:161} INFO - Processing /home/airflow/.local/lib/python3.7/site-packages/airflow/example_dags/example_nested_branch_dag.py took 0.105 seconds
