[2023-01-30 00:02:44,933] {processor.py:153} INFO - Started process (PID=75330) to work on /home/airflow/.local/lib/python3.7/site-packages/airflow/example_dags/example_kubernetes_executor.py
[2023-01-30 00:02:44,937] {processor.py:641} INFO - Processing file /home/airflow/.local/lib/python3.7/site-packages/airflow/example_dags/example_kubernetes_executor.py for tasks to queue
[2023-01-30 00:02:44,939] {logging_mixin.py:115} INFO - [2023-01-30 00:02:44,939] {dagbag.py:507} INFO - Filling up the DagBag from /home/airflow/.local/lib/python3.7/site-packages/airflow/example_dags/example_kubernetes_executor.py
[2023-01-30 00:02:45,057] {processor.py:651} INFO - DAG(s) dict_keys(['example_kubernetes_executor']) retrieved from /home/airflow/.local/lib/python3.7/site-packages/airflow/example_dags/example_kubernetes_executor.py
[2023-01-30 00:02:45,166] {logging_mixin.py:115} INFO - [2023-01-30 00:02:45,166] {dag.py:2371} INFO - Sync 1 DAGs
[2023-01-30 00:02:45,226] {logging_mixin.py:115} INFO - [2023-01-30 00:02:45,226] {dag.py:2919} INFO - Setting next_dagrun for example_kubernetes_executor to None, run_after=None
[2023-01-30 00:02:45,266] {processor.py:161} INFO - Processing /home/airflow/.local/lib/python3.7/site-packages/airflow/example_dags/example_kubernetes_executor.py took 0.368 seconds
[2023-01-30 00:03:15,637] {processor.py:153} INFO - Started process (PID=75384) to work on /home/airflow/.local/lib/python3.7/site-packages/airflow/example_dags/example_kubernetes_executor.py
[2023-01-30 00:03:15,639] {processor.py:641} INFO - Processing file /home/airflow/.local/lib/python3.7/site-packages/airflow/example_dags/example_kubernetes_executor.py for tasks to queue
[2023-01-30 00:03:15,642] {logging_mixin.py:115} INFO - [2023-01-30 00:03:15,642] {dagbag.py:507} INFO - Filling up the DagBag from /home/airflow/.local/lib/python3.7/site-packages/airflow/example_dags/example_kubernetes_executor.py
[2023-01-30 00:03:15,672] {processor.py:651} INFO - DAG(s) dict_keys(['example_kubernetes_executor']) retrieved from /home/airflow/.local/lib/python3.7/site-packages/airflow/example_dags/example_kubernetes_executor.py
[2023-01-30 00:03:15,699] {logging_mixin.py:115} INFO - [2023-01-30 00:03:15,699] {dag.py:2371} INFO - Sync 1 DAGs
[2023-01-30 00:03:15,720] {logging_mixin.py:115} INFO - [2023-01-30 00:03:15,720] {dag.py:2919} INFO - Setting next_dagrun for example_kubernetes_executor to None, run_after=None
[2023-01-30 00:03:15,738] {processor.py:161} INFO - Processing /home/airflow/.local/lib/python3.7/site-packages/airflow/example_dags/example_kubernetes_executor.py took 0.108 seconds
[2023-01-30 00:03:45,921] {processor.py:153} INFO - Started process (PID=75447) to work on /home/airflow/.local/lib/python3.7/site-packages/airflow/example_dags/example_kubernetes_executor.py
[2023-01-30 00:03:45,922] {processor.py:641} INFO - Processing file /home/airflow/.local/lib/python3.7/site-packages/airflow/example_dags/example_kubernetes_executor.py for tasks to queue
[2023-01-30 00:03:45,923] {logging_mixin.py:115} INFO - [2023-01-30 00:03:45,923] {dagbag.py:507} INFO - Filling up the DagBag from /home/airflow/.local/lib/python3.7/site-packages/airflow/example_dags/example_kubernetes_executor.py
[2023-01-30 00:03:45,946] {processor.py:651} INFO - DAG(s) dict_keys(['example_kubernetes_executor']) retrieved from /home/airflow/.local/lib/python3.7/site-packages/airflow/example_dags/example_kubernetes_executor.py
[2023-01-30 00:03:45,963] {logging_mixin.py:115} INFO - [2023-01-30 00:03:45,963] {dag.py:2371} INFO - Sync 1 DAGs
[2023-01-30 00:03:45,978] {logging_mixin.py:115} INFO - [2023-01-30 00:03:45,978] {dag.py:2919} INFO - Setting next_dagrun for example_kubernetes_executor to None, run_after=None
[2023-01-30 00:03:45,988] {processor.py:161} INFO - Processing /home/airflow/.local/lib/python3.7/site-packages/airflow/example_dags/example_kubernetes_executor.py took 0.069 seconds
