[2023-01-30 00:02:43,602] {processor.py:153} INFO - Started process (PID=75323) to work on /home/airflow/.local/lib/python3.7/site-packages/airflow/example_dags/example_branch_python_dop_operator_3.py
[2023-01-30 00:02:43,604] {processor.py:641} INFO - Processing file /home/airflow/.local/lib/python3.7/site-packages/airflow/example_dags/example_branch_python_dop_operator_3.py for tasks to queue
[2023-01-30 00:02:43,612] {logging_mixin.py:115} INFO - [2023-01-30 00:02:43,611] {dagbag.py:507} INFO - Filling up the DagBag from /home/airflow/.local/lib/python3.7/site-packages/airflow/example_dags/example_branch_python_dop_operator_3.py
[2023-01-30 00:02:43,647] {processor.py:651} INFO - DAG(s) dict_keys(['example_branch_dop_operator_v3']) retrieved from /home/airflow/.local/lib/python3.7/site-packages/airflow/example_dags/example_branch_python_dop_operator_3.py
[2023-01-30 00:02:43,744] {logging_mixin.py:115} INFO - [2023-01-30 00:02:43,744] {dag.py:2371} INFO - Sync 1 DAGs
[2023-01-30 00:02:43,821] {logging_mixin.py:115} INFO - [2023-01-30 00:02:43,821] {dag.py:2919} INFO - Setting next_dagrun for example_branch_dop_operator_v3 to 2023-01-30T00:01:00+00:00, run_after=2023-01-30T00:02:00+00:00
[2023-01-30 00:02:43,842] {processor.py:161} INFO - Processing /home/airflow/.local/lib/python3.7/site-packages/airflow/example_dags/example_branch_python_dop_operator_3.py took 0.249 seconds
[2023-01-30 00:03:14,098] {processor.py:153} INFO - Started process (PID=75379) to work on /home/airflow/.local/lib/python3.7/site-packages/airflow/example_dags/example_branch_python_dop_operator_3.py
[2023-01-30 00:03:14,099] {processor.py:641} INFO - Processing file /home/airflow/.local/lib/python3.7/site-packages/airflow/example_dags/example_branch_python_dop_operator_3.py for tasks to queue
[2023-01-30 00:03:14,101] {logging_mixin.py:115} INFO - [2023-01-30 00:03:14,101] {dagbag.py:507} INFO - Filling up the DagBag from /home/airflow/.local/lib/python3.7/site-packages/airflow/example_dags/example_branch_python_dop_operator_3.py
[2023-01-30 00:03:14,118] {processor.py:651} INFO - DAG(s) dict_keys(['example_branch_dop_operator_v3']) retrieved from /home/airflow/.local/lib/python3.7/site-packages/airflow/example_dags/example_branch_python_dop_operator_3.py
[2023-01-30 00:03:14,145] {logging_mixin.py:115} INFO - [2023-01-30 00:03:14,145] {dag.py:2371} INFO - Sync 1 DAGs
[2023-01-30 00:03:14,164] {logging_mixin.py:115} INFO - [2023-01-30 00:03:14,164] {dag.py:2919} INFO - Setting next_dagrun for example_branch_dop_operator_v3 to 2023-01-30T00:02:00+00:00, run_after=2023-01-30T00:03:00+00:00
[2023-01-30 00:03:14,175] {processor.py:161} INFO - Processing /home/airflow/.local/lib/python3.7/site-packages/airflow/example_dags/example_branch_python_dop_operator_3.py took 0.080 seconds
[2023-01-30 00:03:44,539] {processor.py:153} INFO - Started process (PID=75442) to work on /home/airflow/.local/lib/python3.7/site-packages/airflow/example_dags/example_branch_python_dop_operator_3.py
[2023-01-30 00:03:44,540] {processor.py:641} INFO - Processing file /home/airflow/.local/lib/python3.7/site-packages/airflow/example_dags/example_branch_python_dop_operator_3.py for tasks to queue
[2023-01-30 00:03:44,541] {logging_mixin.py:115} INFO - [2023-01-30 00:03:44,541] {dagbag.py:507} INFO - Filling up the DagBag from /home/airflow/.local/lib/python3.7/site-packages/airflow/example_dags/example_branch_python_dop_operator_3.py
[2023-01-30 00:03:44,547] {processor.py:651} INFO - DAG(s) dict_keys(['example_branch_dop_operator_v3']) retrieved from /home/airflow/.local/lib/python3.7/site-packages/airflow/example_dags/example_branch_python_dop_operator_3.py
[2023-01-30 00:03:44,563] {logging_mixin.py:115} INFO - [2023-01-30 00:03:44,563] {dag.py:2371} INFO - Sync 1 DAGs
[2023-01-30 00:03:44,578] {logging_mixin.py:115} INFO - [2023-01-30 00:03:44,578] {dag.py:2919} INFO - Setting next_dagrun for example_branch_dop_operator_v3 to 2023-01-30T00:02:00+00:00, run_after=2023-01-30T00:03:00+00:00
[2023-01-30 00:03:44,585] {processor.py:161} INFO - Processing /home/airflow/.local/lib/python3.7/site-packages/airflow/example_dags/example_branch_python_dop_operator_3.py took 0.048 seconds
