[2023-01-30 00:02:48,382] {processor.py:153} INFO - Started process (PID=75344) to work on /home/airflow/.local/lib/python3.7/site-packages/airflow/example_dags/example_branch_day_of_week_operator.py
[2023-01-30 00:02:48,385] {processor.py:641} INFO - Processing file /home/airflow/.local/lib/python3.7/site-packages/airflow/example_dags/example_branch_day_of_week_operator.py for tasks to queue
[2023-01-30 00:02:48,387] {logging_mixin.py:115} INFO - [2023-01-30 00:02:48,387] {dagbag.py:507} INFO - Filling up the DagBag from /home/airflow/.local/lib/python3.7/site-packages/airflow/example_dags/example_branch_day_of_week_operator.py
[2023-01-30 00:02:48,409] {processor.py:651} INFO - DAG(s) dict_keys(['example_weekday_branch_operator']) retrieved from /home/airflow/.local/lib/python3.7/site-packages/airflow/example_dags/example_branch_day_of_week_operator.py
[2023-01-30 00:02:48,503] {logging_mixin.py:115} INFO - [2023-01-30 00:02:48,502] {dag.py:2371} INFO - Sync 1 DAGs
[2023-01-30 00:02:48,545] {logging_mixin.py:115} INFO - [2023-01-30 00:02:48,545] {dag.py:2919} INFO - Setting next_dagrun for example_weekday_branch_operator to 2023-01-29T00:00:00+00:00, run_after=2023-01-30T00:00:00+00:00
[2023-01-30 00:02:48,592] {processor.py:161} INFO - Processing /home/airflow/.local/lib/python3.7/site-packages/airflow/example_dags/example_branch_day_of_week_operator.py took 0.216 seconds
[2023-01-30 00:03:19,479] {processor.py:153} INFO - Started process (PID=75398) to work on /home/airflow/.local/lib/python3.7/site-packages/airflow/example_dags/example_branch_day_of_week_operator.py
[2023-01-30 00:03:19,484] {processor.py:641} INFO - Processing file /home/airflow/.local/lib/python3.7/site-packages/airflow/example_dags/example_branch_day_of_week_operator.py for tasks to queue
[2023-01-30 00:03:19,488] {logging_mixin.py:115} INFO - [2023-01-30 00:03:19,488] {dagbag.py:507} INFO - Filling up the DagBag from /home/airflow/.local/lib/python3.7/site-packages/airflow/example_dags/example_branch_day_of_week_operator.py
[2023-01-30 00:03:19,503] {processor.py:651} INFO - DAG(s) dict_keys(['example_weekday_branch_operator']) retrieved from /home/airflow/.local/lib/python3.7/site-packages/airflow/example_dags/example_branch_day_of_week_operator.py
[2023-01-30 00:03:19,528] {logging_mixin.py:115} INFO - [2023-01-30 00:03:19,528] {dag.py:2371} INFO - Sync 1 DAGs
[2023-01-30 00:03:19,547] {logging_mixin.py:115} INFO - [2023-01-30 00:03:19,547] {dag.py:2919} INFO - Setting next_dagrun for example_weekday_branch_operator to 2023-01-29T00:00:00+00:00, run_after=2023-01-30T00:00:00+00:00
[2023-01-30 00:03:19,555] {processor.py:161} INFO - Processing /home/airflow/.local/lib/python3.7/site-packages/airflow/example_dags/example_branch_day_of_week_operator.py took 0.081 seconds
[2023-01-30 00:03:50,192] {processor.py:153} INFO - Started process (PID=75461) to work on /home/airflow/.local/lib/python3.7/site-packages/airflow/example_dags/example_branch_day_of_week_operator.py
[2023-01-30 00:03:50,193] {processor.py:641} INFO - Processing file /home/airflow/.local/lib/python3.7/site-packages/airflow/example_dags/example_branch_day_of_week_operator.py for tasks to queue
[2023-01-30 00:03:50,194] {logging_mixin.py:115} INFO - [2023-01-30 00:03:50,194] {dagbag.py:507} INFO - Filling up the DagBag from /home/airflow/.local/lib/python3.7/site-packages/airflow/example_dags/example_branch_day_of_week_operator.py
[2023-01-30 00:03:50,200] {processor.py:651} INFO - DAG(s) dict_keys(['example_weekday_branch_operator']) retrieved from /home/airflow/.local/lib/python3.7/site-packages/airflow/example_dags/example_branch_day_of_week_operator.py
[2023-01-30 00:03:50,225] {logging_mixin.py:115} INFO - [2023-01-30 00:03:50,225] {dag.py:2371} INFO - Sync 1 DAGs
[2023-01-30 00:03:50,241] {logging_mixin.py:115} INFO - [2023-01-30 00:03:50,241] {dag.py:2919} INFO - Setting next_dagrun for example_weekday_branch_operator to 2023-01-29T00:00:00+00:00, run_after=2023-01-30T00:00:00+00:00
[2023-01-30 00:03:50,251] {processor.py:161} INFO - Processing /home/airflow/.local/lib/python3.7/site-packages/airflow/example_dags/example_branch_day_of_week_operator.py took 0.061 seconds
