[2023-01-30 00:02:43,313] {processor.py:153} INFO - Started process (PID=75321) to work on /home/airflow/.local/lib/python3.7/site-packages/airflow/example_dags/tutorial.py
[2023-01-30 00:02:43,316] {processor.py:641} INFO - Processing file /home/airflow/.local/lib/python3.7/site-packages/airflow/example_dags/tutorial.py for tasks to queue
[2023-01-30 00:02:43,319] {logging_mixin.py:115} INFO - [2023-01-30 00:02:43,318] {dagbag.py:507} INFO - Filling up the DagBag from /home/airflow/.local/lib/python3.7/site-packages/airflow/example_dags/tutorial.py
[2023-01-30 00:02:43,346] {processor.py:651} INFO - DAG(s) dict_keys(['tutorial']) retrieved from /home/airflow/.local/lib/python3.7/site-packages/airflow/example_dags/tutorial.py
[2023-01-30 00:02:43,445] {logging_mixin.py:115} INFO - [2023-01-30 00:02:43,444] {dag.py:2371} INFO - Sync 1 DAGs
[2023-01-30 00:02:43,506] {logging_mixin.py:115} INFO - [2023-01-30 00:02:43,506] {dag.py:2919} INFO - Setting next_dagrun for tutorial to 2023-01-29T00:02:43.505301+00:00, run_after=2023-01-30T00:02:43.505301+00:00
[2023-01-30 00:02:43,537] {processor.py:161} INFO - Processing /home/airflow/.local/lib/python3.7/site-packages/airflow/example_dags/tutorial.py took 0.228 seconds
[2023-01-30 00:03:14,008] {processor.py:153} INFO - Started process (PID=75377) to work on /home/airflow/.local/lib/python3.7/site-packages/airflow/example_dags/tutorial.py
[2023-01-30 00:03:14,009] {processor.py:641} INFO - Processing file /home/airflow/.local/lib/python3.7/site-packages/airflow/example_dags/tutorial.py for tasks to queue
[2023-01-30 00:03:14,011] {logging_mixin.py:115} INFO - [2023-01-30 00:03:14,011] {dagbag.py:507} INFO - Filling up the DagBag from /home/airflow/.local/lib/python3.7/site-packages/airflow/example_dags/tutorial.py
[2023-01-30 00:03:14,018] {processor.py:651} INFO - DAG(s) dict_keys(['tutorial']) retrieved from /home/airflow/.local/lib/python3.7/site-packages/airflow/example_dags/tutorial.py
[2023-01-30 00:03:14,043] {logging_mixin.py:115} INFO - [2023-01-30 00:03:14,043] {dag.py:2371} INFO - Sync 1 DAGs
[2023-01-30 00:03:14,062] {logging_mixin.py:115} INFO - [2023-01-30 00:03:14,062] {dag.py:2919} INFO - Setting next_dagrun for tutorial to 2023-01-29T00:03:14.062356+00:00, run_after=2023-01-30T00:03:14.062356+00:00
[2023-01-30 00:03:14,077] {processor.py:161} INFO - Processing /home/airflow/.local/lib/python3.7/site-packages/airflow/example_dags/tutorial.py took 0.074 seconds
[2023-01-30 00:03:44,397] {processor.py:153} INFO - Started process (PID=75440) to work on /home/airflow/.local/lib/python3.7/site-packages/airflow/example_dags/tutorial.py
[2023-01-30 00:03:44,398] {processor.py:641} INFO - Processing file /home/airflow/.local/lib/python3.7/site-packages/airflow/example_dags/tutorial.py for tasks to queue
[2023-01-30 00:03:44,399] {logging_mixin.py:115} INFO - [2023-01-30 00:03:44,399] {dagbag.py:507} INFO - Filling up the DagBag from /home/airflow/.local/lib/python3.7/site-packages/airflow/example_dags/tutorial.py
[2023-01-30 00:03:44,403] {processor.py:651} INFO - DAG(s) dict_keys(['tutorial']) retrieved from /home/airflow/.local/lib/python3.7/site-packages/airflow/example_dags/tutorial.py
[2023-01-30 00:03:44,422] {logging_mixin.py:115} INFO - [2023-01-30 00:03:44,421] {dag.py:2371} INFO - Sync 1 DAGs
[2023-01-30 00:03:44,434] {logging_mixin.py:115} INFO - [2023-01-30 00:03:44,434] {dag.py:2919} INFO - Setting next_dagrun for tutorial to 2023-01-29T00:03:44.434607+00:00, run_after=2023-01-30T00:03:44.434607+00:00
[2023-01-30 00:03:44,442] {processor.py:161} INFO - Processing /home/airflow/.local/lib/python3.7/site-packages/airflow/example_dags/tutorial.py took 0.047 seconds
