[2022-09-14 04:32:35,257] {taskinstance.py:1159} INFO - Dependencies all met for <TaskInstance: user_processing.extract_user scheduled__2022-09-13T00:00:00+00:00 [queued]>
[2022-09-14 04:32:35,272] {taskinstance.py:1159} INFO - Dependencies all met for <TaskInstance: user_processing.extract_user scheduled__2022-09-13T00:00:00+00:00 [queued]>
[2022-09-14 04:32:35,274] {taskinstance.py:1356} INFO - 
--------------------------------------------------------------------------------
[2022-09-14 04:32:35,275] {taskinstance.py:1357} INFO - Starting attempt 1 of 1
[2022-09-14 04:32:35,276] {taskinstance.py:1358} INFO - 
--------------------------------------------------------------------------------
[2022-09-14 04:32:35,298] {taskinstance.py:1377} INFO - Executing <Task(SimpleHttpOperator): extract_user> on 2022-09-13 00:00:00+00:00
[2022-09-14 04:32:35,304] {standard_task_runner.py:52} INFO - Started process 12183 to run task
[2022-09-14 04:32:35,308] {standard_task_runner.py:79} INFO - Running: ['***', 'tasks', 'run', 'user_processing', 'extract_user', 'scheduled__2022-09-13T00:00:00+00:00', '--job-id', '20', '--raw', '--subdir', 'DAGS_FOLDER/user_processing.py', '--cfg-path', '/tmp/tmploa5tcoj', '--error-file', '/tmp/tmp4u8_2_vm']
[2022-09-14 04:32:35,310] {standard_task_runner.py:80} INFO - Job 20: Subtask extract_user
[2022-09-14 04:32:35,376] {task_command.py:369} INFO - Running <TaskInstance: user_processing.extract_user scheduled__2022-09-13T00:00:00+00:00 [running]> on host 5282528dd996
[2022-09-14 04:32:35,471] {taskinstance.py:1571} INFO - Exporting the following env vars:
AIRFLOW_CTX_DAG_OWNER=***
AIRFLOW_CTX_DAG_ID=user_processing
AIRFLOW_CTX_TASK_ID=extract_user
AIRFLOW_CTX_EXECUTION_DATE=2022-09-13T00:00:00+00:00
AIRFLOW_CTX_TRY_NUMBER=1
AIRFLOW_CTX_DAG_RUN_ID=scheduled__2022-09-13T00:00:00+00:00
[2022-09-14 04:32:35,473] {http.py:102} INFO - Calling HTTP method
[2022-09-14 04:32:35,512] {base.py:68} INFO - Using connection ID 'user_api' for task execution.
[2022-09-14 04:32:35,524] {http.py:129} INFO - Sending 'GET' to url: https://randomuser.me/api/
[2022-09-14 04:32:40,578] {http.py:106} INFO - {"results":[{"gender":"female","name":{"title":"Mrs","first":"Mathilde","last":"Poulsen"},"location":{"street":{"number":7849,"name":"Feriebyen"},"city":"Roslev","state":"Nordjylland","country":"Denmark","postcode":12685,"coordinates":{"latitude":"-46.5347","longitude":"67.4619"},"timezone":{"offset":"+5:30","description":"Bombay, Calcutta, Madras, New Delhi"}},"email":"mathilde.poulsen@example.com","login":{"uuid":"ad6bc2a9-00ea-4fb4-9dda-752e79d9928a","username":"redladybug436","password":"stefan","salt":"d4N9Trh1","md5":"d3eea8504abaa8a5aaa55d76585eca8b","sha1":"9a42cb5e656270d5b706be01e8ca8b7063ad3a6b","sha256":"5940620c00b56a6e8c87631aa778a9aee31ca30c68ce2f8ee270d2ff7a7fbe27"},"dob":{"date":"1952-03-28T09:50:11.325Z","age":70},"registered":{"date":"2020-01-28T23:48:32.685Z","age":2},"phone":"58561565","cell":"44889556","id":{"name":"CPR","value":"280352-6961"},"picture":{"large":"https://randomuser.me/api/portraits/women/46.jpg","medium":"https://randomuser.me/api/portraits/med/women/46.jpg","thumbnail":"https://randomuser.me/api/portraits/thumb/women/46.jpg"},"nat":"DK"}],"info":{"seed":"926c087d22fb0eb5","results":1,"page":1,"version":"1.4"}}
[2022-09-14 04:32:40,615] {taskinstance.py:1400} INFO - Marking task as SUCCESS. dag_id=user_processing, task_id=extract_user, execution_date=20220913T000000, start_date=20220914T043235, end_date=20220914T043240
[2022-09-14 04:32:40,653] {local_task_job.py:156} INFO - Task exited with return code 0
[2022-09-14 04:32:40,675] {local_task_job.py:273} INFO - 0 downstream tasks scheduled from follow-on schedule check
