[2023-03-13 22:44:49,508] {taskinstance.py:1159} INFO - Dependencies all met for <TaskInstance: group_dag.download_c scheduled__2023-03-12T00:00:00+00:00 [queued]>
[2023-03-13 22:44:49,524] {taskinstance.py:1159} INFO - Dependencies all met for <TaskInstance: group_dag.download_c scheduled__2023-03-12T00:00:00+00:00 [queued]>
[2023-03-13 22:44:49,529] {taskinstance.py:1356} INFO - 
--------------------------------------------------------------------------------
[2023-03-13 22:44:49,530] {taskinstance.py:1357} INFO - Starting attempt 1 of 1
[2023-03-13 22:44:49,530] {taskinstance.py:1358} INFO - 
--------------------------------------------------------------------------------
[2023-03-13 22:44:49,602] {taskinstance.py:1377} INFO - Executing <Task(BashOperator): download_c> on 2023-03-12 00:00:00+00:00
[2023-03-13 22:44:49,618] {standard_task_runner.py:52} INFO - Started process 9075 to run task
[2023-03-13 22:44:49,631] {standard_task_runner.py:79} INFO - Running: ['***', 'tasks', 'run', 'group_dag', 'download_c', 'scheduled__2023-03-12T00:00:00+00:00', '--job-id', '168', '--raw', '--subdir', 'DAGS_FOLDER/group_dag.py', '--cfg-path', '/tmp/tmp_6vzo88d', '--error-file', '/tmp/tmp36eqw0s8']
[2023-03-13 22:44:49,632] {standard_task_runner.py:80} INFO - Job 168: Subtask download_c
[2023-03-13 22:44:49,780] {task_command.py:369} INFO - Running <TaskInstance: group_dag.download_c scheduled__2023-03-12T00:00:00+00:00 [running]> on host 5282528dd996
[2023-03-13 22:44:49,948] {taskinstance.py:1571} INFO - Exporting the following env vars:
AIRFLOW_CTX_DAG_OWNER=***
AIRFLOW_CTX_DAG_ID=group_dag
AIRFLOW_CTX_TASK_ID=download_c
AIRFLOW_CTX_EXECUTION_DATE=2023-03-12T00:00:00+00:00
AIRFLOW_CTX_TRY_NUMBER=1
AIRFLOW_CTX_DAG_RUN_ID=scheduled__2023-03-12T00:00:00+00:00
[2023-03-13 22:44:49,950] {subprocess.py:62} INFO - Tmp dir root location: 
 /tmp
[2023-03-13 22:44:49,953] {subprocess.py:74} INFO - Running command: ['bash', '-c', 'sleep 10']
[2023-03-13 22:44:49,994] {subprocess.py:85} INFO - Output:
[2023-03-13 22:45:00,016] {subprocess.py:96} INFO - Command exited with return code 0
[2023-03-13 22:45:00,108] {taskinstance.py:1400} INFO - Marking task as SUCCESS. dag_id=group_dag, task_id=download_c, execution_date=20230312T000000, start_date=20230313T224449, end_date=20230313T224500
[2023-03-13 22:45:00,189] {local_task_job.py:156} INFO - Task exited with return code 0
[2023-03-13 22:45:00,249] {local_task_job.py:273} INFO - 0 downstream tasks scheduled from follow-on schedule check
