[2023-03-13 22:44:49,506] {taskinstance.py:1159} INFO - Dependencies all met for <TaskInstance: group_dag.download_b manual__2023-03-13T22:44:48.215198+00:00 [queued]>
[2023-03-13 22:44:49,564] {taskinstance.py:1159} INFO - Dependencies all met for <TaskInstance: group_dag.download_b manual__2023-03-13T22:44:48.215198+00:00 [queued]>
[2023-03-13 22:44:49,573] {taskinstance.py:1356} INFO - 
--------------------------------------------------------------------------------
[2023-03-13 22:44:49,575] {taskinstance.py:1357} INFO - Starting attempt 1 of 1
[2023-03-13 22:44:49,576] {taskinstance.py:1358} INFO - 
--------------------------------------------------------------------------------
[2023-03-13 22:44:49,617] {taskinstance.py:1377} INFO - Executing <Task(BashOperator): download_b> on 2023-03-13 22:44:48.215198+00:00
[2023-03-13 22:44:49,624] {standard_task_runner.py:52} INFO - Started process 9076 to run task
[2023-03-13 22:44:49,648] {standard_task_runner.py:79} INFO - Running: ['***', 'tasks', 'run', 'group_dag', 'download_b', 'manual__2023-03-13T22:44:48.215198+00:00', '--job-id', '169', '--raw', '--subdir', 'DAGS_FOLDER/group_dag.py', '--cfg-path', '/tmp/tmpcwevw0u9', '--error-file', '/tmp/tmpm5d31g3d']
[2023-03-13 22:44:49,658] {standard_task_runner.py:80} INFO - Job 169: Subtask download_b
[2023-03-13 22:44:49,794] {task_command.py:369} INFO - Running <TaskInstance: group_dag.download_b manual__2023-03-13T22:44:48.215198+00:00 [running]> on host 5282528dd996
[2023-03-13 22:44:49,952] {taskinstance.py:1571} INFO - Exporting the following env vars:
AIRFLOW_CTX_DAG_OWNER=***
AIRFLOW_CTX_DAG_ID=group_dag
AIRFLOW_CTX_TASK_ID=download_b
AIRFLOW_CTX_EXECUTION_DATE=2023-03-13T22:44:48.215198+00:00
AIRFLOW_CTX_TRY_NUMBER=1
AIRFLOW_CTX_DAG_RUN_ID=manual__2023-03-13T22:44:48.215198+00:00
[2023-03-13 22:44:49,956] {subprocess.py:62} INFO - Tmp dir root location: 
 /tmp
[2023-03-13 22:44:49,959] {subprocess.py:74} INFO - Running command: ['bash', '-c', 'sleep 10']
[2023-03-13 22:44:49,993] {subprocess.py:85} INFO - Output:
[2023-03-13 22:45:00,014] {subprocess.py:96} INFO - Command exited with return code 0
[2023-03-13 22:45:00,110] {taskinstance.py:1400} INFO - Marking task as SUCCESS. dag_id=group_dag, task_id=download_b, execution_date=20230313T224448, start_date=20230313T224449, end_date=20230313T224500
[2023-03-13 22:45:00,191] {local_task_job.py:156} INFO - Task exited with return code 0
[2023-03-13 22:45:00,245] {local_task_job.py:273} INFO - 0 downstream tasks scheduled from follow-on schedule check
