[2023-03-13 22:44:50,033] {taskinstance.py:1159} INFO - Dependencies all met for <TaskInstance: group_dag.download_c manual__2023-03-13T22:44:48.215198+00:00 [queued]>
[2023-03-13 22:44:50,043] {taskinstance.py:1159} INFO - Dependencies all met for <TaskInstance: group_dag.download_c manual__2023-03-13T22:44:48.215198+00:00 [queued]>
[2023-03-13 22:44:50,044] {taskinstance.py:1356} INFO - 
--------------------------------------------------------------------------------
[2023-03-13 22:44:50,046] {taskinstance.py:1357} INFO - Starting attempt 1 of 1
[2023-03-13 22:44:50,046] {taskinstance.py:1358} INFO - 
--------------------------------------------------------------------------------
[2023-03-13 22:44:50,059] {taskinstance.py:1377} INFO - Executing <Task(BashOperator): download_c> on 2023-03-13 22:44:48.215198+00:00
[2023-03-13 22:44:50,067] {standard_task_runner.py:52} INFO - Started process 9080 to run task
[2023-03-13 22:44:50,089] {standard_task_runner.py:79} INFO - Running: ['***', 'tasks', 'run', 'group_dag', 'download_c', 'manual__2023-03-13T22:44:48.215198+00:00', '--job-id', '172', '--raw', '--subdir', 'DAGS_FOLDER/group_dag.py', '--cfg-path', '/tmp/tmp998c31a7', '--error-file', '/tmp/tmp_xvgnz__']
[2023-03-13 22:44:50,090] {standard_task_runner.py:80} INFO - Job 172: Subtask download_c
[2023-03-13 22:44:50,414] {task_command.py:369} INFO - Running <TaskInstance: group_dag.download_c manual__2023-03-13T22:44:48.215198+00:00 [running]> on host 5282528dd996
[2023-03-13 22:44:50,698] {taskinstance.py:1571} INFO - Exporting the following env vars:
AIRFLOW_CTX_DAG_OWNER=***
AIRFLOW_CTX_DAG_ID=group_dag
AIRFLOW_CTX_TASK_ID=download_c
AIRFLOW_CTX_EXECUTION_DATE=2023-03-13T22:44:48.215198+00:00
AIRFLOW_CTX_TRY_NUMBER=1
AIRFLOW_CTX_DAG_RUN_ID=manual__2023-03-13T22:44:48.215198+00:00
[2023-03-13 22:44:50,709] {subprocess.py:62} INFO - Tmp dir root location: 
 /tmp
[2023-03-13 22:44:50,713] {subprocess.py:74} INFO - Running command: ['bash', '-c', 'sleep 10']
[2023-03-13 22:44:50,747] {subprocess.py:85} INFO - Output:
[2023-03-13 22:45:00,756] {subprocess.py:96} INFO - Command exited with return code 0
[2023-03-13 22:45:00,870] {taskinstance.py:1400} INFO - Marking task as SUCCESS. dag_id=group_dag, task_id=download_c, execution_date=20230313T224448, start_date=20230313T224450, end_date=20230313T224500
[2023-03-13 22:45:01,051] {local_task_job.py:156} INFO - Task exited with return code 0
[2023-03-13 22:45:01,140] {local_task_job.py:273} INFO - 0 downstream tasks scheduled from follow-on schedule check
