[2022-09-14 04:32:33,705] {taskinstance.py:1159} INFO - Dependencies all met for <TaskInstance: user_processing.create_table scheduled__2022-09-13T00:00:00+00:00 [queued]>
[2022-09-14 04:32:33,712] {taskinstance.py:1159} INFO - Dependencies all met for <TaskInstance: user_processing.create_table scheduled__2022-09-13T00:00:00+00:00 [queued]>
[2022-09-14 04:32:33,714] {taskinstance.py:1356} INFO - 
--------------------------------------------------------------------------------
[2022-09-14 04:32:33,715] {taskinstance.py:1357} INFO - Starting attempt 1 of 1
[2022-09-14 04:32:33,716] {taskinstance.py:1358} INFO - 
--------------------------------------------------------------------------------
[2022-09-14 04:32:33,740] {taskinstance.py:1377} INFO - Executing <Task(PostgresOperator): create_table> on 2022-09-13 00:00:00+00:00
[2022-09-14 04:32:33,752] {standard_task_runner.py:52} INFO - Started process 12172 to run task
[2022-09-14 04:32:33,764] {standard_task_runner.py:79} INFO - Running: ['***', 'tasks', 'run', 'user_processing', 'create_table', 'scheduled__2022-09-13T00:00:00+00:00', '--job-id', '18', '--raw', '--subdir', 'DAGS_FOLDER/user_processing.py', '--cfg-path', '/tmp/tmpd6m3nsta', '--error-file', '/tmp/tmpjn_ofuhk']
[2022-09-14 04:32:33,765] {standard_task_runner.py:80} INFO - Job 18: Subtask create_table
[2022-09-14 04:32:33,888] {task_command.py:369} INFO - Running <TaskInstance: user_processing.create_table scheduled__2022-09-13T00:00:00+00:00 [running]> on host 5282528dd996
[2022-09-14 04:32:33,990] {taskinstance.py:1571} INFO - Exporting the following env vars:
AIRFLOW_CTX_DAG_OWNER=***
AIRFLOW_CTX_DAG_ID=user_processing
AIRFLOW_CTX_TASK_ID=create_table
AIRFLOW_CTX_EXECUTION_DATE=2022-09-13T00:00:00+00:00
AIRFLOW_CTX_TRY_NUMBER=1
AIRFLOW_CTX_DAG_RUN_ID=scheduled__2022-09-13T00:00:00+00:00
[2022-09-14 04:32:34,022] {base.py:68} INFO - Using connection ID 'postgres' for task execution.
[2022-09-14 04:32:34,037] {dbapi.py:208} INFO - Running statement: 
        create table if not exists users(
                firstname TEXT NOT NULL,
                astname TEXT NOT NULL,
                country TEXT NOT NULL,
                username TEXT NOT NULL,
                password TEXT NOT NULL,
                email TEXT NOT NULL
                );
        , parameters: None
[2022-09-14 04:32:34,044] {postgres.py:94} INFO - NOTICE:  relation "users" already exists, skipping

[2022-09-14 04:32:34,068] {taskinstance.py:1400} INFO - Marking task as SUCCESS. dag_id=user_processing, task_id=create_table, execution_date=20220913T000000, start_date=20220914T043233, end_date=20220914T043234
[2022-09-14 04:32:34,142] {local_task_job.py:156} INFO - Task exited with return code 0
[2022-09-14 04:32:34,229] {local_task_job.py:273} INFO - 0 downstream tasks scheduled from follow-on schedule check
