[2022-09-14 05:05:22,834] {taskinstance.py:1159} INFO - Dependencies all met for <TaskInstance: user_processing.create_table __airflow_temporary_run_2022-09-14T05:05:21.410315+00:00__ [queued]>
[2022-09-14 05:05:22,844] {taskinstance.py:1159} INFO - Dependencies all met for <TaskInstance: user_processing.create_table __airflow_temporary_run_2022-09-14T05:05:21.410315+00:00__ [queued]>
[2022-09-14 05:05:22,845] {taskinstance.py:1356} INFO - 
--------------------------------------------------------------------------------
[2022-09-14 05:05:22,846] {taskinstance.py:1357} INFO - Starting attempt 1 of 1
[2022-09-14 05:05:22,847] {taskinstance.py:1358} INFO - 
--------------------------------------------------------------------------------
[2022-09-14 05:05:22,865] {taskinstance.py:1377} INFO - Executing <Task(PostgresOperator): create_table> on 2022-09-14 00:00:00+00:00
[2022-09-14 05:05:22,876] {standard_task_runner.py:52} INFO - Started process 13829 to run task
[2022-09-14 05:05:22,881] {standard_task_runner.py:79} INFO - Running: ['***', 'tasks', 'run', 'user_processing', 'create_table', '__***_temporary_run_2022-09-14T05:05:21.410315+00:00__', '--job-id', '37', '--raw', '--subdir', 'DAGS_FOLDER/user_processing.py', '--cfg-path', '/tmp/tmp2pys7ymm', '--error-file', '/tmp/tmprduu21cr']
[2022-09-14 05:05:22,884] {standard_task_runner.py:80} INFO - Job 37: Subtask create_table
[2022-09-14 05:05:23,052] {task_command.py:369} INFO - Running <TaskInstance: user_processing.create_table __airflow_temporary_run_2022-09-14T05:05:21.410315+00:00__ [running]> on host 5282528dd996
[2022-09-14 05:05:23,322] {taskinstance.py:1571} INFO - Exporting the following env vars:
AIRFLOW_CTX_DAG_OWNER=***
AIRFLOW_CTX_DAG_ID=user_processing
AIRFLOW_CTX_TASK_ID=create_table
AIRFLOW_CTX_EXECUTION_DATE=2022-09-14T00:00:00+00:00
AIRFLOW_CTX_TRY_NUMBER=1
AIRFLOW_CTX_DAG_RUN_ID=__***_temporary_run_2022-09-14T05:05:21.410315+00:00__
[2022-09-14 05:05:23,391] {base.py:68} INFO - Using connection ID 'postgres' for task execution.
[2022-09-14 05:05:23,406] {dbapi.py:208} INFO - Running statement: 
        create table if not exists users(
                firstname TEXT NOT NULL,
                astname TEXT NOT NULL,
                country TEXT NOT NULL,
                username TEXT NOT NULL,
                password TEXT NOT NULL,
                email TEXT NOT NULL
                );
        , parameters: None
[2022-09-14 05:05:23,410] {postgres.py:94} INFO - NOTICE:  relation "users" already exists, skipping

[2022-09-14 05:05:23,470] {taskinstance.py:1400} INFO - Marking task as SUCCESS. dag_id=user_processing, task_id=create_table, execution_date=20220914T000000, start_date=20220914T050522, end_date=20220914T050523
[2022-09-14 05:05:23,557] {local_task_job.py:156} INFO - Task exited with return code 0
[2022-09-14 05:05:23,657] {local_task_job.py:273} INFO - 0 downstream tasks scheduled from follow-on schedule check
