[2022-10-18 06:13:31,919] {taskinstance.py:1159} INFO - Dependencies all met for <TaskInstance: user_processing.process_user manual__2022-10-18T06:13:27.731070+00:00 [queued]>
[2022-10-18 06:13:31,929] {taskinstance.py:1159} INFO - Dependencies all met for <TaskInstance: user_processing.process_user manual__2022-10-18T06:13:27.731070+00:00 [queued]>
[2022-10-18 06:13:31,930] {taskinstance.py:1356} INFO - 
--------------------------------------------------------------------------------
[2022-10-18 06:13:31,931] {taskinstance.py:1357} INFO - Starting attempt 1 of 1
[2022-10-18 06:13:31,931] {taskinstance.py:1358} INFO - 
--------------------------------------------------------------------------------
[2022-10-18 06:13:31,941] {taskinstance.py:1377} INFO - Executing <Task(PythonOperator): process_user> on 2022-10-18 06:13:27.731070+00:00
[2022-10-18 06:13:31,946] {standard_task_runner.py:52} INFO - Started process 2192 to run task
[2022-10-18 06:13:31,950] {standard_task_runner.py:79} INFO - Running: ['***', 'tasks', 'run', 'user_processing', 'process_user', 'manual__2022-10-18T06:13:27.731070+00:00', '--job-id', '65', '--raw', '--subdir', 'DAGS_FOLDER/user_processing.py', '--cfg-path', '/tmp/tmpuzwimy3f', '--error-file', '/tmp/tmproow2fx5']
[2022-10-18 06:13:31,951] {standard_task_runner.py:80} INFO - Job 65: Subtask process_user
[2022-10-18 06:13:31,999] {task_command.py:369} INFO - Running <TaskInstance: user_processing.process_user manual__2022-10-18T06:13:27.731070+00:00 [running]> on host 5282528dd996
[2022-10-18 06:13:32,059] {taskinstance.py:1571} INFO - Exporting the following env vars:
AIRFLOW_CTX_DAG_OWNER=***
AIRFLOW_CTX_DAG_ID=user_processing
AIRFLOW_CTX_TASK_ID=process_user
AIRFLOW_CTX_EXECUTION_DATE=2022-10-18T06:13:27.731070+00:00
AIRFLOW_CTX_TRY_NUMBER=1
AIRFLOW_CTX_DAG_RUN_ID=manual__2022-10-18T06:13:27.731070+00:00
[2022-10-18 06:13:32,079] {python.py:173} INFO - Done. Returned value was: None
[2022-10-18 06:13:32,091] {taskinstance.py:1400} INFO - Marking task as SUCCESS. dag_id=user_processing, task_id=process_user, execution_date=20221018T061327, start_date=20221018T061331, end_date=20221018T061332
[2022-10-18 06:13:32,122] {local_task_job.py:156} INFO - Task exited with return code 0
[2022-10-18 06:13:32,150] {local_task_job.py:273} INFO - 1 downstream tasks scheduled from follow-on schedule check
