[2023-03-13 23:18:24,824] {processor.py:153} INFO - Started process (PID=23949) to work on /opt/airflow/dags/xcom_dag.py
[2023-03-13 23:18:24,826] {processor.py:641} INFO - Processing file /opt/airflow/dags/xcom_dag.py for tasks to queue
[2023-03-13 23:18:24,827] {logging_mixin.py:115} INFO - [2023-03-13 23:18:24,827] {dagbag.py:507} INFO - Filling up the DagBag from /opt/airflow/dags/xcom_dag.py
[2023-03-13 23:18:24,856] {processor.py:651} INFO - DAG(s) dict_keys(['xcom_dag']) retrieved from /opt/airflow/dags/xcom_dag.py
[2023-03-13 23:18:24,944] {logging_mixin.py:115} INFO - [2023-03-13 23:18:24,944] {manager.py:508} INFO - Created Permission View: can delete on DAG:xcom_dag
[2023-03-13 23:18:24,949] {logging_mixin.py:115} INFO - [2023-03-13 23:18:24,949] {manager.py:508} INFO - Created Permission View: can read on DAG:xcom_dag
[2023-03-13 23:18:24,953] {logging_mixin.py:115} INFO - [2023-03-13 23:18:24,953] {manager.py:508} INFO - Created Permission View: can edit on DAG:xcom_dag
[2023-03-13 23:18:24,954] {logging_mixin.py:115} INFO - [2023-03-13 23:18:24,953] {dag.py:2371} INFO - Sync 1 DAGs
[2023-03-13 23:18:24,962] {logging_mixin.py:115} INFO - [2023-03-13 23:18:24,962] {dag.py:2390} INFO - Creating ORM DAG for xcom_dag
[2023-03-13 23:18:24,971] {logging_mixin.py:115} INFO - [2023-03-13 23:18:24,971] {dag.py:2919} INFO - Setting next_dagrun for xcom_dag to 2023-03-12T00:00:00+00:00, run_after=2023-03-13T00:00:00+00:00
[2023-03-13 23:18:24,979] {processor.py:161} INFO - Processing /opt/airflow/dags/xcom_dag.py took 0.163 seconds
[2023-03-13 23:18:55,551] {processor.py:153} INFO - Started process (PID=24016) to work on /opt/airflow/dags/xcom_dag.py
[2023-03-13 23:18:55,553] {processor.py:641} INFO - Processing file /opt/airflow/dags/xcom_dag.py for tasks to queue
[2023-03-13 23:18:55,555] {logging_mixin.py:115} INFO - [2023-03-13 23:18:55,555] {dagbag.py:507} INFO - Filling up the DagBag from /opt/airflow/dags/xcom_dag.py
[2023-03-13 23:18:55,578] {processor.py:651} INFO - DAG(s) dict_keys(['xcom_dag']) retrieved from /opt/airflow/dags/xcom_dag.py
[2023-03-13 23:18:55,626] {logging_mixin.py:115} INFO - [2023-03-13 23:18:55,626] {dag.py:2371} INFO - Sync 1 DAGs
[2023-03-13 23:18:55,649] {logging_mixin.py:115} INFO - [2023-03-13 23:18:55,649] {dag.py:2919} INFO - Setting next_dagrun for xcom_dag to 2023-03-12T00:00:00+00:00, run_after=2023-03-13T00:00:00+00:00
[2023-03-13 23:18:55,658] {processor.py:161} INFO - Processing /opt/airflow/dags/xcom_dag.py took 0.113 seconds
[2023-03-13 23:19:26,296] {processor.py:153} INFO - Started process (PID=24084) to work on /opt/airflow/dags/xcom_dag.py
[2023-03-13 23:19:26,297] {processor.py:641} INFO - Processing file /opt/airflow/dags/xcom_dag.py for tasks to queue
[2023-03-13 23:19:26,298] {logging_mixin.py:115} INFO - [2023-03-13 23:19:26,298] {dagbag.py:507} INFO - Filling up the DagBag from /opt/airflow/dags/xcom_dag.py
[2023-03-13 23:19:26,320] {processor.py:651} INFO - DAG(s) dict_keys(['xcom_dag']) retrieved from /opt/airflow/dags/xcom_dag.py
[2023-03-13 23:19:26,366] {logging_mixin.py:115} INFO - [2023-03-13 23:19:26,366] {dag.py:2371} INFO - Sync 1 DAGs
[2023-03-13 23:19:26,388] {logging_mixin.py:115} INFO - [2023-03-13 23:19:26,388] {dag.py:2919} INFO - Setting next_dagrun for xcom_dag to 2023-03-12T00:00:00+00:00, run_after=2023-03-13T00:00:00+00:00
[2023-03-13 23:19:26,396] {processor.py:161} INFO - Processing /opt/airflow/dags/xcom_dag.py took 0.113 seconds
[2023-03-13 23:19:56,546] {processor.py:153} INFO - Started process (PID=24152) to work on /opt/airflow/dags/xcom_dag.py
[2023-03-13 23:19:56,547] {processor.py:641} INFO - Processing file /opt/airflow/dags/xcom_dag.py for tasks to queue
[2023-03-13 23:19:56,548] {logging_mixin.py:115} INFO - [2023-03-13 23:19:56,548] {dagbag.py:507} INFO - Filling up the DagBag from /opt/airflow/dags/xcom_dag.py
[2023-03-13 23:19:56,563] {processor.py:651} INFO - DAG(s) dict_keys(['xcom_dag']) retrieved from /opt/airflow/dags/xcom_dag.py
[2023-03-13 23:19:56,603] {logging_mixin.py:115} INFO - [2023-03-13 23:19:56,603] {dag.py:2371} INFO - Sync 1 DAGs
[2023-03-13 23:19:56,629] {logging_mixin.py:115} INFO - [2023-03-13 23:19:56,629] {dag.py:2919} INFO - Setting next_dagrun for xcom_dag to 2023-03-12T00:00:00+00:00, run_after=2023-03-13T00:00:00+00:00
[2023-03-13 23:19:56,637] {processor.py:161} INFO - Processing /opt/airflow/dags/xcom_dag.py took 0.096 seconds
[2023-03-13 23:20:27,211] {processor.py:153} INFO - Started process (PID=24210) to work on /opt/airflow/dags/xcom_dag.py
[2023-03-13 23:20:27,215] {processor.py:641} INFO - Processing file /opt/airflow/dags/xcom_dag.py for tasks to queue
[2023-03-13 23:20:27,223] {logging_mixin.py:115} INFO - [2023-03-13 23:20:27,223] {dagbag.py:507} INFO - Filling up the DagBag from /opt/airflow/dags/xcom_dag.py
[2023-03-13 23:20:27,298] {processor.py:651} INFO - DAG(s) dict_keys(['xcom_dag']) retrieved from /opt/airflow/dags/xcom_dag.py
[2023-03-13 23:20:27,378] {logging_mixin.py:115} INFO - [2023-03-13 23:20:27,377] {dag.py:2371} INFO - Sync 1 DAGs
[2023-03-13 23:20:27,436] {logging_mixin.py:115} INFO - [2023-03-13 23:20:27,436] {dag.py:2919} INFO - Setting next_dagrun for xcom_dag to 2023-03-12T00:00:00+00:00, run_after=2023-03-13T00:00:00+00:00
[2023-03-13 23:20:27,448] {processor.py:161} INFO - Processing /opt/airflow/dags/xcom_dag.py took 0.297 seconds
[2023-03-13 23:20:47,915] {processor.py:153} INFO - Started process (PID=24268) to work on /opt/airflow/dags/xcom_dag.py
[2023-03-13 23:20:47,918] {processor.py:641} INFO - Processing file /opt/airflow/dags/xcom_dag.py for tasks to queue
[2023-03-13 23:20:47,919] {logging_mixin.py:115} INFO - [2023-03-13 23:20:47,919] {dagbag.py:507} INFO - Filling up the DagBag from /opt/airflow/dags/xcom_dag.py
[2023-03-13 23:20:47,950] {processor.py:651} INFO - DAG(s) dict_keys(['xcom_dag']) retrieved from /opt/airflow/dags/xcom_dag.py
[2023-03-13 23:20:48,050] {logging_mixin.py:115} INFO - [2023-03-13 23:20:48,050] {dag.py:2371} INFO - Sync 1 DAGs
[2023-03-13 23:20:48,080] {logging_mixin.py:115} INFO - [2023-03-13 23:20:48,079] {dag.py:2919} INFO - Setting next_dagrun for xcom_dag to 2023-03-12T00:00:00+00:00, run_after=2023-03-13T00:00:00+00:00
[2023-03-13 23:20:48,097] {processor.py:161} INFO - Processing /opt/airflow/dags/xcom_dag.py took 0.196 seconds
[2023-03-13 23:21:19,002] {processor.py:153} INFO - Started process (PID=24334) to work on /opt/airflow/dags/xcom_dag.py
[2023-03-13 23:21:19,004] {processor.py:641} INFO - Processing file /opt/airflow/dags/xcom_dag.py for tasks to queue
[2023-03-13 23:21:19,006] {logging_mixin.py:115} INFO - [2023-03-13 23:21:19,005] {dagbag.py:507} INFO - Filling up the DagBag from /opt/airflow/dags/xcom_dag.py
[2023-03-13 23:21:19,046] {processor.py:651} INFO - DAG(s) dict_keys(['xcom_dag']) retrieved from /opt/airflow/dags/xcom_dag.py
[2023-03-13 23:21:19,107] {logging_mixin.py:115} INFO - [2023-03-13 23:21:19,107] {dag.py:2371} INFO - Sync 1 DAGs
[2023-03-13 23:21:19,134] {logging_mixin.py:115} INFO - [2023-03-13 23:21:19,134] {dag.py:2919} INFO - Setting next_dagrun for xcom_dag to 2023-03-12T00:00:00+00:00, run_after=2023-03-13T00:00:00+00:00
[2023-03-13 23:21:19,161] {processor.py:161} INFO - Processing /opt/airflow/dags/xcom_dag.py took 0.170 seconds
[2023-03-13 23:21:50,150] {processor.py:153} INFO - Started process (PID=24401) to work on /opt/airflow/dags/xcom_dag.py
[2023-03-13 23:21:50,152] {processor.py:641} INFO - Processing file /opt/airflow/dags/xcom_dag.py for tasks to queue
[2023-03-13 23:21:50,153] {logging_mixin.py:115} INFO - [2023-03-13 23:21:50,153] {dagbag.py:507} INFO - Filling up the DagBag from /opt/airflow/dags/xcom_dag.py
[2023-03-13 23:21:50,176] {processor.py:651} INFO - DAG(s) dict_keys(['xcom_dag']) retrieved from /opt/airflow/dags/xcom_dag.py
[2023-03-13 23:21:50,233] {logging_mixin.py:115} INFO - [2023-03-13 23:21:50,233] {dag.py:2371} INFO - Sync 1 DAGs
[2023-03-13 23:21:50,258] {logging_mixin.py:115} INFO - [2023-03-13 23:21:50,258] {dag.py:2919} INFO - Setting next_dagrun for xcom_dag to 2023-03-12T00:00:00+00:00, run_after=2023-03-13T00:00:00+00:00
[2023-03-13 23:21:50,268] {processor.py:161} INFO - Processing /opt/airflow/dags/xcom_dag.py took 0.124 seconds
[2023-03-13 23:22:20,703] {processor.py:153} INFO - Started process (PID=24467) to work on /opt/airflow/dags/xcom_dag.py
[2023-03-13 23:22:20,705] {processor.py:641} INFO - Processing file /opt/airflow/dags/xcom_dag.py for tasks to queue
[2023-03-13 23:22:20,706] {logging_mixin.py:115} INFO - [2023-03-13 23:22:20,706] {dagbag.py:507} INFO - Filling up the DagBag from /opt/airflow/dags/xcom_dag.py
[2023-03-13 23:22:20,726] {processor.py:651} INFO - DAG(s) dict_keys(['xcom_dag']) retrieved from /opt/airflow/dags/xcom_dag.py
[2023-03-13 23:22:20,757] {logging_mixin.py:115} INFO - [2023-03-13 23:22:20,757] {dag.py:2371} INFO - Sync 1 DAGs
[2023-03-13 23:22:20,775] {logging_mixin.py:115} INFO - [2023-03-13 23:22:20,774] {dag.py:2919} INFO - Setting next_dagrun for xcom_dag to 2023-03-12T00:00:00+00:00, run_after=2023-03-13T00:00:00+00:00
[2023-03-13 23:22:20,790] {processor.py:161} INFO - Processing /opt/airflow/dags/xcom_dag.py took 0.109 seconds
[2023-03-13 23:22:51,386] {processor.py:153} INFO - Started process (PID=24524) to work on /opt/airflow/dags/xcom_dag.py
[2023-03-13 23:22:51,388] {processor.py:641} INFO - Processing file /opt/airflow/dags/xcom_dag.py for tasks to queue
[2023-03-13 23:22:51,390] {logging_mixin.py:115} INFO - [2023-03-13 23:22:51,390] {dagbag.py:507} INFO - Filling up the DagBag from /opt/airflow/dags/xcom_dag.py
[2023-03-13 23:22:51,417] {processor.py:651} INFO - DAG(s) dict_keys(['xcom_dag']) retrieved from /opt/airflow/dags/xcom_dag.py
[2023-03-13 23:22:51,488] {logging_mixin.py:115} INFO - [2023-03-13 23:22:51,487] {dag.py:2371} INFO - Sync 1 DAGs
[2023-03-13 23:22:51,531] {logging_mixin.py:115} INFO - [2023-03-13 23:22:51,531] {dag.py:2919} INFO - Setting next_dagrun for xcom_dag to 2023-03-12T00:00:00+00:00, run_after=2023-03-13T00:00:00+00:00
[2023-03-13 23:22:51,543] {processor.py:161} INFO - Processing /opt/airflow/dags/xcom_dag.py took 0.165 seconds
[2023-03-13 23:23:22,142] {processor.py:153} INFO - Started process (PID=24591) to work on /opt/airflow/dags/xcom_dag.py
[2023-03-13 23:23:22,143] {processor.py:641} INFO - Processing file /opt/airflow/dags/xcom_dag.py for tasks to queue
[2023-03-13 23:23:22,145] {logging_mixin.py:115} INFO - [2023-03-13 23:23:22,145] {dagbag.py:507} INFO - Filling up the DagBag from /opt/airflow/dags/xcom_dag.py
[2023-03-13 23:23:22,169] {processor.py:651} INFO - DAG(s) dict_keys(['xcom_dag']) retrieved from /opt/airflow/dags/xcom_dag.py
[2023-03-13 23:23:22,224] {logging_mixin.py:115} INFO - [2023-03-13 23:23:22,224] {dag.py:2371} INFO - Sync 1 DAGs
[2023-03-13 23:23:22,247] {logging_mixin.py:115} INFO - [2023-03-13 23:23:22,247] {dag.py:2919} INFO - Setting next_dagrun for xcom_dag to 2023-03-12T00:00:00+00:00, run_after=2023-03-13T00:00:00+00:00
[2023-03-13 23:23:22,256] {processor.py:161} INFO - Processing /opt/airflow/dags/xcom_dag.py took 0.122 seconds
[2023-03-13 23:23:52,708] {processor.py:153} INFO - Started process (PID=24658) to work on /opt/airflow/dags/xcom_dag.py
[2023-03-13 23:23:52,709] {processor.py:641} INFO - Processing file /opt/airflow/dags/xcom_dag.py for tasks to queue
[2023-03-13 23:23:52,711] {logging_mixin.py:115} INFO - [2023-03-13 23:23:52,710] {dagbag.py:507} INFO - Filling up the DagBag from /opt/airflow/dags/xcom_dag.py
[2023-03-13 23:23:52,756] {processor.py:651} INFO - DAG(s) dict_keys(['xcom_dag']) retrieved from /opt/airflow/dags/xcom_dag.py
[2023-03-13 23:23:52,813] {logging_mixin.py:115} INFO - [2023-03-13 23:23:52,812] {dag.py:2371} INFO - Sync 1 DAGs
[2023-03-13 23:23:52,837] {logging_mixin.py:115} INFO - [2023-03-13 23:23:52,837] {dag.py:2919} INFO - Setting next_dagrun for xcom_dag to 2023-03-12T00:00:00+00:00, run_after=2023-03-13T00:00:00+00:00
[2023-03-13 23:23:52,848] {processor.py:161} INFO - Processing /opt/airflow/dags/xcom_dag.py took 0.146 seconds
[2023-03-13 23:24:23,210] {processor.py:153} INFO - Started process (PID=24725) to work on /opt/airflow/dags/xcom_dag.py
[2023-03-13 23:24:23,213] {processor.py:641} INFO - Processing file /opt/airflow/dags/xcom_dag.py for tasks to queue
[2023-03-13 23:24:23,215] {logging_mixin.py:115} INFO - [2023-03-13 23:24:23,215] {dagbag.py:507} INFO - Filling up the DagBag from /opt/airflow/dags/xcom_dag.py
[2023-03-13 23:24:23,237] {processor.py:651} INFO - DAG(s) dict_keys(['xcom_dag']) retrieved from /opt/airflow/dags/xcom_dag.py
[2023-03-13 23:24:23,277] {logging_mixin.py:115} INFO - [2023-03-13 23:24:23,276] {dag.py:2371} INFO - Sync 1 DAGs
[2023-03-13 23:24:23,306] {logging_mixin.py:115} INFO - [2023-03-13 23:24:23,306] {dag.py:2919} INFO - Setting next_dagrun for xcom_dag to 2023-03-12T00:00:00+00:00, run_after=2023-03-13T00:00:00+00:00
[2023-03-13 23:24:23,316] {processor.py:161} INFO - Processing /opt/airflow/dags/xcom_dag.py took 0.115 seconds
[2023-03-13 23:24:54,091] {processor.py:153} INFO - Started process (PID=24782) to work on /opt/airflow/dags/xcom_dag.py
[2023-03-13 23:24:54,093] {processor.py:641} INFO - Processing file /opt/airflow/dags/xcom_dag.py for tasks to queue
[2023-03-13 23:24:54,095] {logging_mixin.py:115} INFO - [2023-03-13 23:24:54,094] {dagbag.py:507} INFO - Filling up the DagBag from /opt/airflow/dags/xcom_dag.py
[2023-03-13 23:24:54,136] {processor.py:651} INFO - DAG(s) dict_keys(['xcom_dag']) retrieved from /opt/airflow/dags/xcom_dag.py
[2023-03-13 23:24:54,202] {logging_mixin.py:115} INFO - [2023-03-13 23:24:54,202] {dag.py:2371} INFO - Sync 1 DAGs
[2023-03-13 23:24:54,230] {logging_mixin.py:115} INFO - [2023-03-13 23:24:54,230] {dag.py:2919} INFO - Setting next_dagrun for xcom_dag to 2023-03-12T00:00:00+00:00, run_after=2023-03-13T00:00:00+00:00
[2023-03-13 23:24:54,242] {processor.py:161} INFO - Processing /opt/airflow/dags/xcom_dag.py took 0.162 seconds
[2023-03-13 23:25:24,669] {processor.py:153} INFO - Started process (PID=24850) to work on /opt/airflow/dags/xcom_dag.py
[2023-03-13 23:25:24,671] {processor.py:641} INFO - Processing file /opt/airflow/dags/xcom_dag.py for tasks to queue
[2023-03-13 23:25:24,672] {logging_mixin.py:115} INFO - [2023-03-13 23:25:24,672] {dagbag.py:507} INFO - Filling up the DagBag from /opt/airflow/dags/xcom_dag.py
[2023-03-13 23:25:24,715] {processor.py:651} INFO - DAG(s) dict_keys(['xcom_dag']) retrieved from /opt/airflow/dags/xcom_dag.py
[2023-03-13 23:25:24,773] {logging_mixin.py:115} INFO - [2023-03-13 23:25:24,773] {dag.py:2371} INFO - Sync 1 DAGs
[2023-03-13 23:25:24,798] {logging_mixin.py:115} INFO - [2023-03-13 23:25:24,798] {dag.py:2919} INFO - Setting next_dagrun for xcom_dag to 2023-03-12T00:00:00+00:00, run_after=2023-03-13T00:00:00+00:00
[2023-03-13 23:25:24,808] {processor.py:161} INFO - Processing /opt/airflow/dags/xcom_dag.py took 0.151 seconds
[2023-03-13 23:25:55,404] {processor.py:153} INFO - Started process (PID=24918) to work on /opt/airflow/dags/xcom_dag.py
[2023-03-13 23:25:55,406] {processor.py:641} INFO - Processing file /opt/airflow/dags/xcom_dag.py for tasks to queue
[2023-03-13 23:25:55,408] {logging_mixin.py:115} INFO - [2023-03-13 23:25:55,407] {dagbag.py:507} INFO - Filling up the DagBag from /opt/airflow/dags/xcom_dag.py
[2023-03-13 23:25:55,445] {processor.py:651} INFO - DAG(s) dict_keys(['xcom_dag']) retrieved from /opt/airflow/dags/xcom_dag.py
[2023-03-13 23:25:55,517] {logging_mixin.py:115} INFO - [2023-03-13 23:25:55,517] {dag.py:2371} INFO - Sync 1 DAGs
[2023-03-13 23:25:55,550] {logging_mixin.py:115} INFO - [2023-03-13 23:25:55,550] {dag.py:2919} INFO - Setting next_dagrun for xcom_dag to 2023-03-12T00:00:00+00:00, run_after=2023-03-13T00:00:00+00:00
[2023-03-13 23:25:55,567] {processor.py:161} INFO - Processing /opt/airflow/dags/xcom_dag.py took 0.171 seconds
[2023-03-13 23:26:26,118] {processor.py:153} INFO - Started process (PID=24976) to work on /opt/airflow/dags/xcom_dag.py
[2023-03-13 23:26:26,120] {processor.py:641} INFO - Processing file /opt/airflow/dags/xcom_dag.py for tasks to queue
[2023-03-13 23:26:26,121] {logging_mixin.py:115} INFO - [2023-03-13 23:26:26,121] {dagbag.py:507} INFO - Filling up the DagBag from /opt/airflow/dags/xcom_dag.py
[2023-03-13 23:26:26,146] {processor.py:651} INFO - DAG(s) dict_keys(['xcom_dag']) retrieved from /opt/airflow/dags/xcom_dag.py
[2023-03-13 23:26:26,177] {logging_mixin.py:115} INFO - [2023-03-13 23:26:26,177] {dag.py:2371} INFO - Sync 1 DAGs
[2023-03-13 23:26:26,193] {logging_mixin.py:115} INFO - [2023-03-13 23:26:26,193] {dag.py:2919} INFO - Setting next_dagrun for xcom_dag to 2023-03-12T00:00:00+00:00, run_after=2023-03-13T00:00:00+00:00
[2023-03-13 23:26:26,200] {processor.py:161} INFO - Processing /opt/airflow/dags/xcom_dag.py took 0.092 seconds
[2023-03-13 23:26:56,588] {processor.py:153} INFO - Started process (PID=25042) to work on /opt/airflow/dags/xcom_dag.py
[2023-03-13 23:26:56,590] {processor.py:641} INFO - Processing file /opt/airflow/dags/xcom_dag.py for tasks to queue
[2023-03-13 23:26:56,593] {logging_mixin.py:115} INFO - [2023-03-13 23:26:56,592] {dagbag.py:507} INFO - Filling up the DagBag from /opt/airflow/dags/xcom_dag.py
[2023-03-13 23:26:56,622] {processor.py:651} INFO - DAG(s) dict_keys(['xcom_dag']) retrieved from /opt/airflow/dags/xcom_dag.py
[2023-03-13 23:26:56,656] {logging_mixin.py:115} INFO - [2023-03-13 23:26:56,656] {dag.py:2371} INFO - Sync 1 DAGs
[2023-03-13 23:26:56,672] {logging_mixin.py:115} INFO - [2023-03-13 23:26:56,671] {dag.py:2919} INFO - Setting next_dagrun for xcom_dag to 2023-03-12T00:00:00+00:00, run_after=2023-03-13T00:00:00+00:00
[2023-03-13 23:26:56,679] {processor.py:161} INFO - Processing /opt/airflow/dags/xcom_dag.py took 0.105 seconds
[2023-03-13 23:27:27,033] {processor.py:153} INFO - Started process (PID=25109) to work on /opt/airflow/dags/xcom_dag.py
[2023-03-13 23:27:27,035] {processor.py:641} INFO - Processing file /opt/airflow/dags/xcom_dag.py for tasks to queue
[2023-03-13 23:27:27,035] {logging_mixin.py:115} INFO - [2023-03-13 23:27:27,035] {dagbag.py:507} INFO - Filling up the DagBag from /opt/airflow/dags/xcom_dag.py
[2023-03-13 23:27:27,054] {processor.py:651} INFO - DAG(s) dict_keys(['xcom_dag']) retrieved from /opt/airflow/dags/xcom_dag.py
[2023-03-13 23:27:27,092] {logging_mixin.py:115} INFO - [2023-03-13 23:27:27,092] {dag.py:2371} INFO - Sync 1 DAGs
[2023-03-13 23:27:27,123] {logging_mixin.py:115} INFO - [2023-03-13 23:27:27,122] {dag.py:2919} INFO - Setting next_dagrun for xcom_dag to 2023-03-12T00:00:00+00:00, run_after=2023-03-13T00:00:00+00:00
[2023-03-13 23:27:27,134] {processor.py:161} INFO - Processing /opt/airflow/dags/xcom_dag.py took 0.104 seconds
[2023-03-13 23:27:57,708] {processor.py:153} INFO - Started process (PID=25176) to work on /opt/airflow/dags/xcom_dag.py
[2023-03-13 23:27:57,709] {processor.py:641} INFO - Processing file /opt/airflow/dags/xcom_dag.py for tasks to queue
[2023-03-13 23:27:57,710] {logging_mixin.py:115} INFO - [2023-03-13 23:27:57,710] {dagbag.py:507} INFO - Filling up the DagBag from /opt/airflow/dags/xcom_dag.py
[2023-03-13 23:27:57,726] {processor.py:651} INFO - DAG(s) dict_keys(['xcom_dag']) retrieved from /opt/airflow/dags/xcom_dag.py
[2023-03-13 23:27:57,748] {logging_mixin.py:115} INFO - [2023-03-13 23:27:57,748] {dag.py:2371} INFO - Sync 1 DAGs
[2023-03-13 23:27:57,762] {logging_mixin.py:115} INFO - [2023-03-13 23:27:57,762] {dag.py:2919} INFO - Setting next_dagrun for xcom_dag to 2023-03-12T00:00:00+00:00, run_after=2023-03-13T00:00:00+00:00
[2023-03-13 23:27:57,769] {processor.py:161} INFO - Processing /opt/airflow/dags/xcom_dag.py took 0.065 seconds
[2023-03-13 23:28:28,258] {processor.py:153} INFO - Started process (PID=25234) to work on /opt/airflow/dags/xcom_dag.py
[2023-03-13 23:28:28,259] {processor.py:641} INFO - Processing file /opt/airflow/dags/xcom_dag.py for tasks to queue
[2023-03-13 23:28:28,260] {logging_mixin.py:115} INFO - [2023-03-13 23:28:28,260] {dagbag.py:507} INFO - Filling up the DagBag from /opt/airflow/dags/xcom_dag.py
[2023-03-13 23:28:28,289] {processor.py:651} INFO - DAG(s) dict_keys(['xcom_dag']) retrieved from /opt/airflow/dags/xcom_dag.py
[2023-03-13 23:28:28,363] {logging_mixin.py:115} INFO - [2023-03-13 23:28:28,363] {dag.py:2371} INFO - Sync 1 DAGs
[2023-03-13 23:28:28,402] {logging_mixin.py:115} INFO - [2023-03-13 23:28:28,402] {dag.py:2919} INFO - Setting next_dagrun for xcom_dag to 2023-03-12T00:00:00+00:00, run_after=2023-03-13T00:00:00+00:00
[2023-03-13 23:28:28,421] {processor.py:161} INFO - Processing /opt/airflow/dags/xcom_dag.py took 0.182 seconds
[2023-03-13 23:28:59,133] {processor.py:153} INFO - Started process (PID=25301) to work on /opt/airflow/dags/xcom_dag.py
[2023-03-13 23:28:59,135] {processor.py:641} INFO - Processing file /opt/airflow/dags/xcom_dag.py for tasks to queue
[2023-03-13 23:28:59,136] {logging_mixin.py:115} INFO - [2023-03-13 23:28:59,136] {dagbag.py:507} INFO - Filling up the DagBag from /opt/airflow/dags/xcom_dag.py
[2023-03-13 23:28:59,182] {processor.py:651} INFO - DAG(s) dict_keys(['xcom_dag']) retrieved from /opt/airflow/dags/xcom_dag.py
[2023-03-13 23:28:59,251] {logging_mixin.py:115} INFO - [2023-03-13 23:28:59,251] {dag.py:2371} INFO - Sync 1 DAGs
[2023-03-13 23:28:59,312] {logging_mixin.py:115} INFO - [2023-03-13 23:28:59,312] {dag.py:2919} INFO - Setting next_dagrun for xcom_dag to 2023-03-12T00:00:00+00:00, run_after=2023-03-13T00:00:00+00:00
[2023-03-13 23:28:59,327] {processor.py:161} INFO - Processing /opt/airflow/dags/xcom_dag.py took 0.201 seconds
[2023-03-13 23:29:29,861] {processor.py:153} INFO - Started process (PID=25367) to work on /opt/airflow/dags/xcom_dag.py
[2023-03-13 23:29:29,862] {processor.py:641} INFO - Processing file /opt/airflow/dags/xcom_dag.py for tasks to queue
[2023-03-13 23:29:29,863] {logging_mixin.py:115} INFO - [2023-03-13 23:29:29,863] {dagbag.py:507} INFO - Filling up the DagBag from /opt/airflow/dags/xcom_dag.py
[2023-03-13 23:29:29,888] {processor.py:651} INFO - DAG(s) dict_keys(['xcom_dag']) retrieved from /opt/airflow/dags/xcom_dag.py
[2023-03-13 23:29:29,949] {logging_mixin.py:115} INFO - [2023-03-13 23:29:29,949] {dag.py:2371} INFO - Sync 1 DAGs
[2023-03-13 23:29:29,990] {logging_mixin.py:115} INFO - [2023-03-13 23:29:29,990] {dag.py:2919} INFO - Setting next_dagrun for xcom_dag to 2023-03-12T00:00:00+00:00, run_after=2023-03-13T00:00:00+00:00
[2023-03-13 23:29:30,004] {processor.py:161} INFO - Processing /opt/airflow/dags/xcom_dag.py took 0.147 seconds
[2023-03-13 23:30:00,472] {processor.py:153} INFO - Started process (PID=25425) to work on /opt/airflow/dags/xcom_dag.py
[2023-03-13 23:30:00,474] {processor.py:641} INFO - Processing file /opt/airflow/dags/xcom_dag.py for tasks to queue
[2023-03-13 23:30:00,476] {logging_mixin.py:115} INFO - [2023-03-13 23:30:00,476] {dagbag.py:507} INFO - Filling up the DagBag from /opt/airflow/dags/xcom_dag.py
[2023-03-13 23:30:00,528] {processor.py:651} INFO - DAG(s) dict_keys(['xcom_dag']) retrieved from /opt/airflow/dags/xcom_dag.py
[2023-03-13 23:30:00,616] {logging_mixin.py:115} INFO - [2023-03-13 23:30:00,616] {dag.py:2371} INFO - Sync 1 DAGs
[2023-03-13 23:30:00,671] {logging_mixin.py:115} INFO - [2023-03-13 23:30:00,671] {dag.py:2919} INFO - Setting next_dagrun for xcom_dag to 2023-03-12T00:00:00+00:00, run_after=2023-03-13T00:00:00+00:00
[2023-03-13 23:30:00,691] {processor.py:161} INFO - Processing /opt/airflow/dags/xcom_dag.py took 0.228 seconds
[2023-03-13 23:30:30,864] {processor.py:153} INFO - Started process (PID=25491) to work on /opt/airflow/dags/xcom_dag.py
[2023-03-13 23:30:30,867] {processor.py:641} INFO - Processing file /opt/airflow/dags/xcom_dag.py for tasks to queue
[2023-03-13 23:30:30,869] {logging_mixin.py:115} INFO - [2023-03-13 23:30:30,868] {dagbag.py:507} INFO - Filling up the DagBag from /opt/airflow/dags/xcom_dag.py
[2023-03-13 23:30:30,925] {processor.py:651} INFO - DAG(s) dict_keys(['xcom_dag']) retrieved from /opt/airflow/dags/xcom_dag.py
[2023-03-13 23:30:30,969] {logging_mixin.py:115} INFO - [2023-03-13 23:30:30,969] {dag.py:2371} INFO - Sync 1 DAGs
[2023-03-13 23:30:31,005] {logging_mixin.py:115} INFO - [2023-03-13 23:30:31,004] {dag.py:2919} INFO - Setting next_dagrun for xcom_dag to 2023-03-12T00:00:00+00:00, run_after=2023-03-13T00:00:00+00:00
[2023-03-13 23:30:31,014] {processor.py:161} INFO - Processing /opt/airflow/dags/xcom_dag.py took 0.160 seconds
[2023-03-13 23:31:01,560] {processor.py:153} INFO - Started process (PID=25559) to work on /opt/airflow/dags/xcom_dag.py
[2023-03-13 23:31:01,563] {processor.py:641} INFO - Processing file /opt/airflow/dags/xcom_dag.py for tasks to queue
[2023-03-13 23:31:01,565] {logging_mixin.py:115} INFO - [2023-03-13 23:31:01,565] {dagbag.py:507} INFO - Filling up the DagBag from /opt/airflow/dags/xcom_dag.py
[2023-03-13 23:31:01,592] {processor.py:651} INFO - DAG(s) dict_keys(['xcom_dag']) retrieved from /opt/airflow/dags/xcom_dag.py
[2023-03-13 23:31:01,629] {logging_mixin.py:115} INFO - [2023-03-13 23:31:01,629] {dag.py:2371} INFO - Sync 1 DAGs
[2023-03-13 23:31:01,666] {logging_mixin.py:115} INFO - [2023-03-13 23:31:01,665] {dag.py:2919} INFO - Setting next_dagrun for xcom_dag to 2023-03-12T00:00:00+00:00, run_after=2023-03-13T00:00:00+00:00
[2023-03-13 23:31:01,681] {processor.py:161} INFO - Processing /opt/airflow/dags/xcom_dag.py took 0.151 seconds
[2023-03-13 23:31:31,752] {processor.py:153} INFO - Started process (PID=25627) to work on /opt/airflow/dags/xcom_dag.py
[2023-03-13 23:31:31,753] {processor.py:641} INFO - Processing file /opt/airflow/dags/xcom_dag.py for tasks to queue
[2023-03-13 23:31:31,755] {logging_mixin.py:115} INFO - [2023-03-13 23:31:31,755] {dagbag.py:507} INFO - Filling up the DagBag from /opt/airflow/dags/xcom_dag.py
[2023-03-13 23:31:31,798] {processor.py:651} INFO - DAG(s) dict_keys(['xcom_dag']) retrieved from /opt/airflow/dags/xcom_dag.py
[2023-03-13 23:31:31,844] {logging_mixin.py:115} INFO - [2023-03-13 23:31:31,844] {dag.py:2371} INFO - Sync 1 DAGs
[2023-03-13 23:31:31,866] {logging_mixin.py:115} INFO - [2023-03-13 23:31:31,866] {dag.py:2919} INFO - Setting next_dagrun for xcom_dag to 2023-03-12T00:00:00+00:00, run_after=2023-03-13T00:00:00+00:00
[2023-03-13 23:31:31,889] {processor.py:161} INFO - Processing /opt/airflow/dags/xcom_dag.py took 0.144 seconds
[2023-03-13 23:32:02,737] {processor.py:153} INFO - Started process (PID=25686) to work on /opt/airflow/dags/xcom_dag.py
[2023-03-13 23:32:02,739] {processor.py:641} INFO - Processing file /opt/airflow/dags/xcom_dag.py for tasks to queue
[2023-03-13 23:32:02,741] {logging_mixin.py:115} INFO - [2023-03-13 23:32:02,741] {dagbag.py:507} INFO - Filling up the DagBag from /opt/airflow/dags/xcom_dag.py
[2023-03-13 23:32:02,783] {processor.py:651} INFO - DAG(s) dict_keys(['xcom_dag']) retrieved from /opt/airflow/dags/xcom_dag.py
[2023-03-13 23:32:02,817] {logging_mixin.py:115} INFO - [2023-03-13 23:32:02,817] {dag.py:2371} INFO - Sync 1 DAGs
[2023-03-13 23:32:02,853] {logging_mixin.py:115} INFO - [2023-03-13 23:32:02,853] {dag.py:2919} INFO - Setting next_dagrun for xcom_dag to 2023-03-12T00:00:00+00:00, run_after=2023-03-13T00:00:00+00:00
[2023-03-13 23:32:02,867] {processor.py:161} INFO - Processing /opt/airflow/dags/xcom_dag.py took 0.144 seconds
[2023-03-13 23:32:33,825] {processor.py:153} INFO - Started process (PID=25753) to work on /opt/airflow/dags/xcom_dag.py
[2023-03-13 23:32:33,827] {processor.py:641} INFO - Processing file /opt/airflow/dags/xcom_dag.py for tasks to queue
[2023-03-13 23:32:33,829] {logging_mixin.py:115} INFO - [2023-03-13 23:32:33,828] {dagbag.py:507} INFO - Filling up the DagBag from /opt/airflow/dags/xcom_dag.py
[2023-03-13 23:32:33,868] {processor.py:651} INFO - DAG(s) dict_keys(['xcom_dag']) retrieved from /opt/airflow/dags/xcom_dag.py
[2023-03-13 23:32:33,905] {logging_mixin.py:115} INFO - [2023-03-13 23:32:33,905] {dag.py:2371} INFO - Sync 1 DAGs
[2023-03-13 23:32:33,928] {logging_mixin.py:115} INFO - [2023-03-13 23:32:33,928] {dag.py:2919} INFO - Setting next_dagrun for xcom_dag to 2023-03-12T00:00:00+00:00, run_after=2023-03-13T00:00:00+00:00
[2023-03-13 23:32:33,948] {processor.py:161} INFO - Processing /opt/airflow/dags/xcom_dag.py took 0.133 seconds
[2023-03-13 23:33:04,307] {processor.py:153} INFO - Started process (PID=25819) to work on /opt/airflow/dags/xcom_dag.py
[2023-03-13 23:33:04,310] {processor.py:641} INFO - Processing file /opt/airflow/dags/xcom_dag.py for tasks to queue
[2023-03-13 23:33:04,312] {logging_mixin.py:115} INFO - [2023-03-13 23:33:04,312] {dagbag.py:507} INFO - Filling up the DagBag from /opt/airflow/dags/xcom_dag.py
[2023-03-13 23:33:04,339] {processor.py:651} INFO - DAG(s) dict_keys(['xcom_dag']) retrieved from /opt/airflow/dags/xcom_dag.py
[2023-03-13 23:33:04,398] {logging_mixin.py:115} INFO - [2023-03-13 23:33:04,398] {dag.py:2371} INFO - Sync 1 DAGs
[2023-03-13 23:33:04,425] {logging_mixin.py:115} INFO - [2023-03-13 23:33:04,425] {dag.py:2919} INFO - Setting next_dagrun for xcom_dag to 2023-03-12T00:00:00+00:00, run_after=2023-03-13T00:00:00+00:00
[2023-03-13 23:33:04,434] {processor.py:161} INFO - Processing /opt/airflow/dags/xcom_dag.py took 0.145 seconds
[2023-03-13 23:33:34,957] {processor.py:153} INFO - Started process (PID=25887) to work on /opt/airflow/dags/xcom_dag.py
[2023-03-13 23:33:34,959] {processor.py:641} INFO - Processing file /opt/airflow/dags/xcom_dag.py for tasks to queue
[2023-03-13 23:33:34,960] {logging_mixin.py:115} INFO - [2023-03-13 23:33:34,960] {dagbag.py:507} INFO - Filling up the DagBag from /opt/airflow/dags/xcom_dag.py
[2023-03-13 23:33:35,005] {processor.py:651} INFO - DAG(s) dict_keys(['xcom_dag']) retrieved from /opt/airflow/dags/xcom_dag.py
[2023-03-13 23:33:35,122] {logging_mixin.py:115} INFO - [2023-03-13 23:33:35,122] {dag.py:2371} INFO - Sync 1 DAGs
[2023-03-13 23:33:35,166] {logging_mixin.py:115} INFO - [2023-03-13 23:33:35,165] {dag.py:2919} INFO - Setting next_dagrun for xcom_dag to 2023-03-12T00:00:00+00:00, run_after=2023-03-13T00:00:00+00:00
[2023-03-13 23:33:35,180] {processor.py:161} INFO - Processing /opt/airflow/dags/xcom_dag.py took 0.232 seconds
[2023-03-13 23:34:05,552] {processor.py:153} INFO - Started process (PID=25945) to work on /opt/airflow/dags/xcom_dag.py
[2023-03-13 23:34:05,556] {processor.py:641} INFO - Processing file /opt/airflow/dags/xcom_dag.py for tasks to queue
[2023-03-13 23:34:05,558] {logging_mixin.py:115} INFO - [2023-03-13 23:34:05,558] {dagbag.py:507} INFO - Filling up the DagBag from /opt/airflow/dags/xcom_dag.py
[2023-03-13 23:34:05,591] {processor.py:651} INFO - DAG(s) dict_keys(['xcom_dag']) retrieved from /opt/airflow/dags/xcom_dag.py
[2023-03-13 23:34:05,626] {logging_mixin.py:115} INFO - [2023-03-13 23:34:05,626] {dag.py:2371} INFO - Sync 1 DAGs
[2023-03-13 23:34:05,656] {logging_mixin.py:115} INFO - [2023-03-13 23:34:05,656] {dag.py:2919} INFO - Setting next_dagrun for xcom_dag to 2023-03-12T00:00:00+00:00, run_after=2023-03-13T00:00:00+00:00
[2023-03-13 23:34:05,664] {processor.py:161} INFO - Processing /opt/airflow/dags/xcom_dag.py took 0.118 seconds
[2023-03-13 23:34:36,003] {processor.py:153} INFO - Started process (PID=26012) to work on /opt/airflow/dags/xcom_dag.py
[2023-03-13 23:34:36,004] {processor.py:641} INFO - Processing file /opt/airflow/dags/xcom_dag.py for tasks to queue
[2023-03-13 23:34:36,006] {logging_mixin.py:115} INFO - [2023-03-13 23:34:36,006] {dagbag.py:507} INFO - Filling up the DagBag from /opt/airflow/dags/xcom_dag.py
[2023-03-13 23:34:36,025] {processor.py:651} INFO - DAG(s) dict_keys(['xcom_dag']) retrieved from /opt/airflow/dags/xcom_dag.py
[2023-03-13 23:34:36,052] {logging_mixin.py:115} INFO - [2023-03-13 23:34:36,052] {dag.py:2371} INFO - Sync 1 DAGs
[2023-03-13 23:34:36,087] {logging_mixin.py:115} INFO - [2023-03-13 23:34:36,087] {dag.py:2919} INFO - Setting next_dagrun for xcom_dag to 2023-03-12T00:00:00+00:00, run_after=2023-03-13T00:00:00+00:00
[2023-03-13 23:34:36,096] {processor.py:161} INFO - Processing /opt/airflow/dags/xcom_dag.py took 0.100 seconds
[2023-03-13 23:35:06,493] {processor.py:153} INFO - Started process (PID=26079) to work on /opt/airflow/dags/xcom_dag.py
[2023-03-13 23:35:06,495] {processor.py:641} INFO - Processing file /opt/airflow/dags/xcom_dag.py for tasks to queue
[2023-03-13 23:35:06,499] {logging_mixin.py:115} INFO - [2023-03-13 23:35:06,499] {dagbag.py:507} INFO - Filling up the DagBag from /opt/airflow/dags/xcom_dag.py
[2023-03-13 23:35:06,526] {processor.py:651} INFO - DAG(s) dict_keys(['xcom_dag']) retrieved from /opt/airflow/dags/xcom_dag.py
[2023-03-13 23:35:06,580] {logging_mixin.py:115} INFO - [2023-03-13 23:35:06,580] {dag.py:2371} INFO - Sync 1 DAGs
[2023-03-13 23:35:06,615] {logging_mixin.py:115} INFO - [2023-03-13 23:35:06,615] {dag.py:2919} INFO - Setting next_dagrun for xcom_dag to 2023-03-12T00:00:00+00:00, run_after=2023-03-13T00:00:00+00:00
[2023-03-13 23:35:06,625] {processor.py:161} INFO - Processing /opt/airflow/dags/xcom_dag.py took 0.148 seconds
[2023-03-13 23:35:37,115] {processor.py:153} INFO - Started process (PID=26144) to work on /opt/airflow/dags/xcom_dag.py
[2023-03-13 23:35:37,116] {processor.py:641} INFO - Processing file /opt/airflow/dags/xcom_dag.py for tasks to queue
[2023-03-13 23:35:37,118] {logging_mixin.py:115} INFO - [2023-03-13 23:35:37,117] {dagbag.py:507} INFO - Filling up the DagBag from /opt/airflow/dags/xcom_dag.py
[2023-03-13 23:35:37,146] {processor.py:651} INFO - DAG(s) dict_keys(['xcom_dag']) retrieved from /opt/airflow/dags/xcom_dag.py
[2023-03-13 23:35:37,243] {logging_mixin.py:115} INFO - [2023-03-13 23:35:37,243] {dag.py:2371} INFO - Sync 1 DAGs
[2023-03-13 23:35:37,298] {logging_mixin.py:115} INFO - [2023-03-13 23:35:37,298] {dag.py:2919} INFO - Setting next_dagrun for xcom_dag to 2023-03-12T00:00:00+00:00, run_after=2023-03-13T00:00:00+00:00
[2023-03-13 23:35:37,310] {processor.py:161} INFO - Processing /opt/airflow/dags/xcom_dag.py took 0.207 seconds
[2023-03-13 23:36:07,892] {processor.py:153} INFO - Started process (PID=26205) to work on /opt/airflow/dags/xcom_dag.py
[2023-03-13 23:36:07,894] {processor.py:641} INFO - Processing file /opt/airflow/dags/xcom_dag.py for tasks to queue
[2023-03-13 23:36:07,896] {logging_mixin.py:115} INFO - [2023-03-13 23:36:07,896] {dagbag.py:507} INFO - Filling up the DagBag from /opt/airflow/dags/xcom_dag.py
[2023-03-13 23:36:07,944] {processor.py:651} INFO - DAG(s) dict_keys(['xcom_dag']) retrieved from /opt/airflow/dags/xcom_dag.py
[2023-03-13 23:36:07,998] {logging_mixin.py:115} INFO - [2023-03-13 23:36:07,998] {dag.py:2371} INFO - Sync 1 DAGs
[2023-03-13 23:36:08,020] {logging_mixin.py:115} INFO - [2023-03-13 23:36:08,020] {dag.py:2919} INFO - Setting next_dagrun for xcom_dag to 2023-03-12T00:00:00+00:00, run_after=2023-03-13T00:00:00+00:00
[2023-03-13 23:36:08,028] {processor.py:161} INFO - Processing /opt/airflow/dags/xcom_dag.py took 0.146 seconds
[2023-03-13 23:36:38,365] {processor.py:153} INFO - Started process (PID=26272) to work on /opt/airflow/dags/xcom_dag.py
[2023-03-13 23:36:38,367] {processor.py:641} INFO - Processing file /opt/airflow/dags/xcom_dag.py for tasks to queue
[2023-03-13 23:36:38,368] {logging_mixin.py:115} INFO - [2023-03-13 23:36:38,368] {dagbag.py:507} INFO - Filling up the DagBag from /opt/airflow/dags/xcom_dag.py
[2023-03-13 23:36:38,408] {processor.py:651} INFO - DAG(s) dict_keys(['xcom_dag']) retrieved from /opt/airflow/dags/xcom_dag.py
[2023-03-13 23:36:38,448] {logging_mixin.py:115} INFO - [2023-03-13 23:36:38,447] {dag.py:2371} INFO - Sync 1 DAGs
[2023-03-13 23:36:38,471] {logging_mixin.py:115} INFO - [2023-03-13 23:36:38,471] {dag.py:2919} INFO - Setting next_dagrun for xcom_dag to 2023-03-12T00:00:00+00:00, run_after=2023-03-13T00:00:00+00:00
[2023-03-13 23:36:38,480] {processor.py:161} INFO - Processing /opt/airflow/dags/xcom_dag.py took 0.120 seconds
[2023-03-13 23:40:46,424] {processor.py:153} INFO - Started process (PID=26293) to work on /opt/airflow/dags/xcom_dag.py
[2023-03-13 23:40:46,426] {processor.py:641} INFO - Processing file /opt/airflow/dags/xcom_dag.py for tasks to queue
[2023-03-13 23:40:46,428] {logging_mixin.py:115} INFO - [2023-03-13 23:40:46,427] {dagbag.py:507} INFO - Filling up the DagBag from /opt/airflow/dags/xcom_dag.py
[2023-03-13 23:40:46,468] {processor.py:651} INFO - DAG(s) dict_keys(['xcom_dag']) retrieved from /opt/airflow/dags/xcom_dag.py
[2023-03-13 23:40:46,545] {logging_mixin.py:115} INFO - [2023-03-13 23:40:46,545] {dag.py:2371} INFO - Sync 1 DAGs
[2023-03-13 23:40:46,774] {logging_mixin.py:115} INFO - [2023-03-13 23:40:46,774] {dag.py:2919} INFO - Setting next_dagrun for xcom_dag to 2023-03-12T00:00:00+00:00, run_after=2023-03-13T00:00:00+00:00
[2023-03-13 23:40:46,992] {processor.py:161} INFO - Processing /opt/airflow/dags/xcom_dag.py took 0.575 seconds
[2023-03-13 23:41:17,816] {processor.py:153} INFO - Started process (PID=26352) to work on /opt/airflow/dags/xcom_dag.py
[2023-03-13 23:41:17,818] {processor.py:641} INFO - Processing file /opt/airflow/dags/xcom_dag.py for tasks to queue
[2023-03-13 23:41:17,819] {logging_mixin.py:115} INFO - [2023-03-13 23:41:17,819] {dagbag.py:507} INFO - Filling up the DagBag from /opt/airflow/dags/xcom_dag.py
[2023-03-13 23:41:17,862] {processor.py:651} INFO - DAG(s) dict_keys(['xcom_dag']) retrieved from /opt/airflow/dags/xcom_dag.py
[2023-03-13 23:41:17,893] {logging_mixin.py:115} INFO - [2023-03-13 23:41:17,893] {dag.py:2371} INFO - Sync 1 DAGs
[2023-03-13 23:41:17,913] {logging_mixin.py:115} INFO - [2023-03-13 23:41:17,913] {dag.py:2919} INFO - Setting next_dagrun for xcom_dag to 2023-03-12T00:00:00+00:00, run_after=2023-03-13T00:00:00+00:00
[2023-03-13 23:41:17,931] {processor.py:161} INFO - Processing /opt/airflow/dags/xcom_dag.py took 0.123 seconds
[2023-03-13 23:41:48,429] {processor.py:153} INFO - Started process (PID=26410) to work on /opt/airflow/dags/xcom_dag.py
[2023-03-13 23:41:48,432] {processor.py:641} INFO - Processing file /opt/airflow/dags/xcom_dag.py for tasks to queue
[2023-03-13 23:41:48,434] {logging_mixin.py:115} INFO - [2023-03-13 23:41:48,433] {dagbag.py:507} INFO - Filling up the DagBag from /opt/airflow/dags/xcom_dag.py
[2023-03-13 23:41:48,486] {processor.py:651} INFO - DAG(s) dict_keys(['xcom_dag']) retrieved from /opt/airflow/dags/xcom_dag.py
[2023-03-13 23:41:48,535] {logging_mixin.py:115} INFO - [2023-03-13 23:41:48,534] {dag.py:2371} INFO - Sync 1 DAGs
[2023-03-13 23:41:48,556] {logging_mixin.py:115} INFO - [2023-03-13 23:41:48,556] {dag.py:2919} INFO - Setting next_dagrun for xcom_dag to 2023-03-12T00:00:00+00:00, run_after=2023-03-13T00:00:00+00:00
[2023-03-13 23:41:48,566] {processor.py:161} INFO - Processing /opt/airflow/dags/xcom_dag.py took 0.149 seconds
[2023-03-13 23:42:19,588] {processor.py:153} INFO - Started process (PID=26477) to work on /opt/airflow/dags/xcom_dag.py
[2023-03-13 23:42:19,589] {processor.py:641} INFO - Processing file /opt/airflow/dags/xcom_dag.py for tasks to queue
[2023-03-13 23:42:19,591] {logging_mixin.py:115} INFO - [2023-03-13 23:42:19,591] {dagbag.py:507} INFO - Filling up the DagBag from /opt/airflow/dags/xcom_dag.py
[2023-03-13 23:42:19,612] {processor.py:651} INFO - DAG(s) dict_keys(['xcom_dag']) retrieved from /opt/airflow/dags/xcom_dag.py
[2023-03-13 23:42:19,638] {logging_mixin.py:115} INFO - [2023-03-13 23:42:19,638] {dag.py:2371} INFO - Sync 1 DAGs
[2023-03-13 23:42:19,680] {logging_mixin.py:115} INFO - [2023-03-13 23:42:19,680] {dag.py:2919} INFO - Setting next_dagrun for xcom_dag to 2023-03-12T00:00:00+00:00, run_after=2023-03-13T00:00:00+00:00
[2023-03-13 23:42:19,689] {processor.py:161} INFO - Processing /opt/airflow/dags/xcom_dag.py took 0.110 seconds
[2023-03-13 23:42:50,637] {processor.py:153} INFO - Started process (PID=26544) to work on /opt/airflow/dags/xcom_dag.py
[2023-03-13 23:42:50,639] {processor.py:641} INFO - Processing file /opt/airflow/dags/xcom_dag.py for tasks to queue
[2023-03-13 23:42:50,640] {logging_mixin.py:115} INFO - [2023-03-13 23:42:50,640] {dagbag.py:507} INFO - Filling up the DagBag from /opt/airflow/dags/xcom_dag.py
[2023-03-13 23:42:50,657] {processor.py:651} INFO - DAG(s) dict_keys(['xcom_dag']) retrieved from /opt/airflow/dags/xcom_dag.py
[2023-03-13 23:42:50,683] {logging_mixin.py:115} INFO - [2023-03-13 23:42:50,683] {dag.py:2371} INFO - Sync 1 DAGs
[2023-03-13 23:42:50,704] {logging_mixin.py:115} INFO - [2023-03-13 23:42:50,704] {dag.py:2919} INFO - Setting next_dagrun for xcom_dag to 2023-03-12T00:00:00+00:00, run_after=2023-03-13T00:00:00+00:00
[2023-03-13 23:42:50,713] {processor.py:161} INFO - Processing /opt/airflow/dags/xcom_dag.py took 0.081 seconds
[2023-03-13 23:43:20,833] {processor.py:153} INFO - Started process (PID=26611) to work on /opt/airflow/dags/xcom_dag.py
[2023-03-13 23:43:20,835] {processor.py:641} INFO - Processing file /opt/airflow/dags/xcom_dag.py for tasks to queue
[2023-03-13 23:43:20,837] {logging_mixin.py:115} INFO - [2023-03-13 23:43:20,837] {dagbag.py:507} INFO - Filling up the DagBag from /opt/airflow/dags/xcom_dag.py
[2023-03-13 23:43:20,861] {processor.py:651} INFO - DAG(s) dict_keys(['xcom_dag']) retrieved from /opt/airflow/dags/xcom_dag.py
[2023-03-13 23:43:20,905] {logging_mixin.py:115} INFO - [2023-03-13 23:43:20,905] {dag.py:2371} INFO - Sync 1 DAGs
[2023-03-13 23:43:20,925] {logging_mixin.py:115} INFO - [2023-03-13 23:43:20,925] {dag.py:2919} INFO - Setting next_dagrun for xcom_dag to 2023-03-12T00:00:00+00:00, run_after=2023-03-13T00:00:00+00:00
[2023-03-13 23:43:20,934] {processor.py:161} INFO - Processing /opt/airflow/dags/xcom_dag.py took 0.109 seconds
[2023-03-13 23:43:51,021] {processor.py:153} INFO - Started process (PID=26677) to work on /opt/airflow/dags/xcom_dag.py
[2023-03-13 23:43:51,024] {processor.py:641} INFO - Processing file /opt/airflow/dags/xcom_dag.py for tasks to queue
[2023-03-13 23:43:51,025] {logging_mixin.py:115} INFO - [2023-03-13 23:43:51,025] {dagbag.py:507} INFO - Filling up the DagBag from /opt/airflow/dags/xcom_dag.py
[2023-03-13 23:43:51,044] {processor.py:651} INFO - DAG(s) dict_keys(['xcom_dag']) retrieved from /opt/airflow/dags/xcom_dag.py
[2023-03-13 23:43:51,067] {logging_mixin.py:115} INFO - [2023-03-13 23:43:51,067] {dag.py:2371} INFO - Sync 1 DAGs
[2023-03-13 23:43:51,084] {logging_mixin.py:115} INFO - [2023-03-13 23:43:51,084] {dag.py:2919} INFO - Setting next_dagrun for xcom_dag to 2023-03-12T00:00:00+00:00, run_after=2023-03-13T00:00:00+00:00
[2023-03-13 23:43:51,092] {processor.py:161} INFO - Processing /opt/airflow/dags/xcom_dag.py took 0.077 seconds
[2023-03-13 23:44:21,313] {processor.py:153} INFO - Started process (PID=26744) to work on /opt/airflow/dags/xcom_dag.py
[2023-03-13 23:44:21,316] {processor.py:641} INFO - Processing file /opt/airflow/dags/xcom_dag.py for tasks to queue
[2023-03-13 23:44:21,319] {logging_mixin.py:115} INFO - [2023-03-13 23:44:21,319] {dagbag.py:507} INFO - Filling up the DagBag from /opt/airflow/dags/xcom_dag.py
[2023-03-13 23:44:21,375] {processor.py:651} INFO - DAG(s) dict_keys(['xcom_dag']) retrieved from /opt/airflow/dags/xcom_dag.py
[2023-03-13 23:44:21,444] {logging_mixin.py:115} INFO - [2023-03-13 23:44:21,444] {dag.py:2371} INFO - Sync 1 DAGs
[2023-03-13 23:44:21,498] {logging_mixin.py:115} INFO - [2023-03-13 23:44:21,498] {dag.py:2919} INFO - Setting next_dagrun for xcom_dag to 2023-03-12T00:00:00+00:00, run_after=2023-03-13T00:00:00+00:00
[2023-03-13 23:44:21,510] {processor.py:161} INFO - Processing /opt/airflow/dags/xcom_dag.py took 0.226 seconds
[2023-03-13 23:48:30,180] {processor.py:153} INFO - Started process (PID=26803) to work on /opt/airflow/dags/xcom_dag.py
[2023-03-13 23:48:30,183] {processor.py:641} INFO - Processing file /opt/airflow/dags/xcom_dag.py for tasks to queue
[2023-03-13 23:48:30,186] {logging_mixin.py:115} INFO - [2023-03-13 23:48:30,186] {dagbag.py:507} INFO - Filling up the DagBag from /opt/airflow/dags/xcom_dag.py
[2023-03-13 23:48:30,279] {processor.py:651} INFO - DAG(s) dict_keys(['xcom_dag']) retrieved from /opt/airflow/dags/xcom_dag.py
[2023-03-13 23:48:30,417] {logging_mixin.py:115} INFO - [2023-03-13 23:48:30,417] {dag.py:2371} INFO - Sync 1 DAGs
[2023-03-13 23:48:30,525] {logging_mixin.py:115} INFO - [2023-03-13 23:48:30,525] {dag.py:2919} INFO - Setting next_dagrun for xcom_dag to 2023-03-12T00:00:00+00:00, run_after=2023-03-13T00:00:00+00:00
[2023-03-13 23:48:30,571] {processor.py:161} INFO - Processing /opt/airflow/dags/xcom_dag.py took 0.423 seconds
[2023-03-13 23:49:01,679] {processor.py:153} INFO - Started process (PID=26870) to work on /opt/airflow/dags/xcom_dag.py
[2023-03-13 23:49:01,682] {processor.py:641} INFO - Processing file /opt/airflow/dags/xcom_dag.py for tasks to queue
[2023-03-13 23:49:01,686] {logging_mixin.py:115} INFO - [2023-03-13 23:49:01,686] {dagbag.py:507} INFO - Filling up the DagBag from /opt/airflow/dags/xcom_dag.py
[2023-03-13 23:49:01,724] {processor.py:651} INFO - DAG(s) dict_keys(['xcom_dag']) retrieved from /opt/airflow/dags/xcom_dag.py
[2023-03-13 23:49:01,801] {logging_mixin.py:115} INFO - [2023-03-13 23:49:01,801] {dag.py:2371} INFO - Sync 1 DAGs
[2023-03-13 23:49:01,829] {logging_mixin.py:115} INFO - [2023-03-13 23:49:01,829] {dag.py:2919} INFO - Setting next_dagrun for xcom_dag to 2023-03-12T00:00:00+00:00, run_after=2023-03-13T00:00:00+00:00
[2023-03-13 23:49:01,842] {processor.py:161} INFO - Processing /opt/airflow/dags/xcom_dag.py took 0.174 seconds
[2023-03-13 23:49:32,358] {processor.py:153} INFO - Started process (PID=26937) to work on /opt/airflow/dags/xcom_dag.py
[2023-03-13 23:49:32,360] {processor.py:641} INFO - Processing file /opt/airflow/dags/xcom_dag.py for tasks to queue
[2023-03-13 23:49:32,361] {logging_mixin.py:115} INFO - [2023-03-13 23:49:32,361] {dagbag.py:507} INFO - Filling up the DagBag from /opt/airflow/dags/xcom_dag.py
[2023-03-13 23:49:32,380] {processor.py:651} INFO - DAG(s) dict_keys(['xcom_dag']) retrieved from /opt/airflow/dags/xcom_dag.py
[2023-03-13 23:49:32,425] {logging_mixin.py:115} INFO - [2023-03-13 23:49:32,425] {dag.py:2371} INFO - Sync 1 DAGs
[2023-03-13 23:49:32,446] {logging_mixin.py:115} INFO - [2023-03-13 23:49:32,446] {dag.py:2919} INFO - Setting next_dagrun for xcom_dag to 2023-03-12T00:00:00+00:00, run_after=2023-03-13T00:00:00+00:00
[2023-03-13 23:49:32,459] {processor.py:161} INFO - Processing /opt/airflow/dags/xcom_dag.py took 0.104 seconds
[2023-03-13 23:50:02,961] {processor.py:153} INFO - Started process (PID=26995) to work on /opt/airflow/dags/xcom_dag.py
[2023-03-13 23:50:02,962] {processor.py:641} INFO - Processing file /opt/airflow/dags/xcom_dag.py for tasks to queue
[2023-03-13 23:50:02,963] {logging_mixin.py:115} INFO - [2023-03-13 23:50:02,963] {dagbag.py:507} INFO - Filling up the DagBag from /opt/airflow/dags/xcom_dag.py
[2023-03-13 23:50:02,980] {processor.py:651} INFO - DAG(s) dict_keys(['xcom_dag']) retrieved from /opt/airflow/dags/xcom_dag.py
[2023-03-13 23:50:03,041] {logging_mixin.py:115} INFO - [2023-03-13 23:50:03,041] {dag.py:2371} INFO - Sync 1 DAGs
[2023-03-13 23:50:03,067] {logging_mixin.py:115} INFO - [2023-03-13 23:50:03,067] {dag.py:2919} INFO - Setting next_dagrun for xcom_dag to 2023-03-12T00:00:00+00:00, run_after=2023-03-13T00:00:00+00:00
[2023-03-13 23:50:03,076] {processor.py:161} INFO - Processing /opt/airflow/dags/xcom_dag.py took 0.118 seconds
[2023-03-13 23:50:33,232] {processor.py:153} INFO - Started process (PID=27061) to work on /opt/airflow/dags/xcom_dag.py
[2023-03-13 23:50:33,234] {processor.py:641} INFO - Processing file /opt/airflow/dags/xcom_dag.py for tasks to queue
[2023-03-13 23:50:33,235] {logging_mixin.py:115} INFO - [2023-03-13 23:50:33,235] {dagbag.py:507} INFO - Filling up the DagBag from /opt/airflow/dags/xcom_dag.py
[2023-03-13 23:50:33,276] {processor.py:651} INFO - DAG(s) dict_keys(['xcom_dag']) retrieved from /opt/airflow/dags/xcom_dag.py
[2023-03-13 23:50:33,310] {logging_mixin.py:115} INFO - [2023-03-13 23:50:33,309] {dag.py:2371} INFO - Sync 1 DAGs
[2023-03-13 23:50:33,332] {logging_mixin.py:115} INFO - [2023-03-13 23:50:33,332] {dag.py:2919} INFO - Setting next_dagrun for xcom_dag to 2023-03-12T00:00:00+00:00, run_after=2023-03-13T00:00:00+00:00
[2023-03-13 23:50:33,342] {processor.py:161} INFO - Processing /opt/airflow/dags/xcom_dag.py took 0.116 seconds
[2023-03-13 23:51:03,656] {processor.py:153} INFO - Started process (PID=27128) to work on /opt/airflow/dags/xcom_dag.py
[2023-03-13 23:51:03,659] {processor.py:641} INFO - Processing file /opt/airflow/dags/xcom_dag.py for tasks to queue
[2023-03-13 23:51:03,661] {logging_mixin.py:115} INFO - [2023-03-13 23:51:03,660] {dagbag.py:507} INFO - Filling up the DagBag from /opt/airflow/dags/xcom_dag.py
[2023-03-13 23:51:03,691] {processor.py:651} INFO - DAG(s) dict_keys(['xcom_dag']) retrieved from /opt/airflow/dags/xcom_dag.py
[2023-03-13 23:51:03,731] {logging_mixin.py:115} INFO - [2023-03-13 23:51:03,731] {dag.py:2371} INFO - Sync 1 DAGs
[2023-03-13 23:51:03,779] {logging_mixin.py:115} INFO - [2023-03-13 23:51:03,778] {dag.py:2919} INFO - Setting next_dagrun for xcom_dag to 2023-03-12T00:00:00+00:00, run_after=2023-03-13T00:00:00+00:00
[2023-03-13 23:51:03,789] {processor.py:161} INFO - Processing /opt/airflow/dags/xcom_dag.py took 0.156 seconds
[2023-03-13 23:51:34,873] {processor.py:153} INFO - Started process (PID=27196) to work on /opt/airflow/dags/xcom_dag.py
[2023-03-13 23:51:34,876] {processor.py:641} INFO - Processing file /opt/airflow/dags/xcom_dag.py for tasks to queue
[2023-03-13 23:51:34,878] {logging_mixin.py:115} INFO - [2023-03-13 23:51:34,878] {dagbag.py:507} INFO - Filling up the DagBag from /opt/airflow/dags/xcom_dag.py
[2023-03-13 23:51:34,908] {processor.py:651} INFO - DAG(s) dict_keys(['xcom_dag']) retrieved from /opt/airflow/dags/xcom_dag.py
[2023-03-13 23:51:34,959] {logging_mixin.py:115} INFO - [2023-03-13 23:51:34,959] {dag.py:2371} INFO - Sync 1 DAGs
[2023-03-13 23:51:34,986] {logging_mixin.py:115} INFO - [2023-03-13 23:51:34,986] {dag.py:2919} INFO - Setting next_dagrun for xcom_dag to 2023-03-12T00:00:00+00:00, run_after=2023-03-13T00:00:00+00:00
[2023-03-13 23:51:34,996] {processor.py:161} INFO - Processing /opt/airflow/dags/xcom_dag.py took 0.142 seconds
[2023-03-13 23:52:06,050] {processor.py:153} INFO - Started process (PID=27263) to work on /opt/airflow/dags/xcom_dag.py
[2023-03-13 23:52:06,053] {processor.py:641} INFO - Processing file /opt/airflow/dags/xcom_dag.py for tasks to queue
[2023-03-13 23:52:06,054] {logging_mixin.py:115} INFO - [2023-03-13 23:52:06,054] {dagbag.py:507} INFO - Filling up the DagBag from /opt/airflow/dags/xcom_dag.py
[2023-03-13 23:52:06,077] {processor.py:651} INFO - DAG(s) dict_keys(['xcom_dag']) retrieved from /opt/airflow/dags/xcom_dag.py
[2023-03-13 23:52:06,107] {logging_mixin.py:115} INFO - [2023-03-13 23:52:06,107] {dag.py:2371} INFO - Sync 1 DAGs
[2023-03-13 23:52:06,142] {logging_mixin.py:115} INFO - [2023-03-13 23:52:06,142] {dag.py:2919} INFO - Setting next_dagrun for xcom_dag to 2023-03-12T00:00:00+00:00, run_after=2023-03-13T00:00:00+00:00
[2023-03-13 23:52:06,152] {processor.py:161} INFO - Processing /opt/airflow/dags/xcom_dag.py took 0.109 seconds
[2023-03-13 23:52:37,028] {processor.py:153} INFO - Started process (PID=27330) to work on /opt/airflow/dags/xcom_dag.py
[2023-03-13 23:52:37,030] {processor.py:641} INFO - Processing file /opt/airflow/dags/xcom_dag.py for tasks to queue
[2023-03-13 23:52:37,031] {logging_mixin.py:115} INFO - [2023-03-13 23:52:37,031] {dagbag.py:507} INFO - Filling up the DagBag from /opt/airflow/dags/xcom_dag.py
[2023-03-13 23:52:37,051] {processor.py:651} INFO - DAG(s) dict_keys(['xcom_dag']) retrieved from /opt/airflow/dags/xcom_dag.py
[2023-03-13 23:52:37,087] {logging_mixin.py:115} INFO - [2023-03-13 23:52:37,087] {dag.py:2371} INFO - Sync 1 DAGs
[2023-03-13 23:52:37,116] {logging_mixin.py:115} INFO - [2023-03-13 23:52:37,116] {dag.py:2919} INFO - Setting next_dagrun for xcom_dag to 2023-03-12T00:00:00+00:00, run_after=2023-03-13T00:00:00+00:00
[2023-03-13 23:52:37,130] {processor.py:161} INFO - Processing /opt/airflow/dags/xcom_dag.py took 0.107 seconds
[2023-03-13 23:53:08,129] {processor.py:153} INFO - Started process (PID=27397) to work on /opt/airflow/dags/xcom_dag.py
[2023-03-13 23:53:08,131] {processor.py:641} INFO - Processing file /opt/airflow/dags/xcom_dag.py for tasks to queue
[2023-03-13 23:53:08,132] {logging_mixin.py:115} INFO - [2023-03-13 23:53:08,132] {dagbag.py:507} INFO - Filling up the DagBag from /opt/airflow/dags/xcom_dag.py
[2023-03-13 23:53:08,149] {processor.py:651} INFO - DAG(s) dict_keys(['xcom_dag']) retrieved from /opt/airflow/dags/xcom_dag.py
[2023-03-13 23:53:08,198] {logging_mixin.py:115} INFO - [2023-03-13 23:53:08,198] {dag.py:2371} INFO - Sync 1 DAGs
[2023-03-13 23:53:08,218] {logging_mixin.py:115} INFO - [2023-03-13 23:53:08,218] {dag.py:2919} INFO - Setting next_dagrun for xcom_dag to 2023-03-12T00:00:00+00:00, run_after=2023-03-13T00:00:00+00:00
[2023-03-13 23:53:08,227] {processor.py:161} INFO - Processing /opt/airflow/dags/xcom_dag.py took 0.102 seconds
[2023-03-13 23:53:39,144] {processor.py:153} INFO - Started process (PID=27455) to work on /opt/airflow/dags/xcom_dag.py
[2023-03-13 23:53:39,147] {processor.py:641} INFO - Processing file /opt/airflow/dags/xcom_dag.py for tasks to queue
[2023-03-13 23:53:39,149] {logging_mixin.py:115} INFO - [2023-03-13 23:53:39,148] {dagbag.py:507} INFO - Filling up the DagBag from /opt/airflow/dags/xcom_dag.py
[2023-03-13 23:53:39,198] {processor.py:651} INFO - DAG(s) dict_keys(['xcom_dag']) retrieved from /opt/airflow/dags/xcom_dag.py
[2023-03-13 23:53:39,267] {logging_mixin.py:115} INFO - [2023-03-13 23:53:39,267] {dag.py:2371} INFO - Sync 1 DAGs
[2023-03-13 23:53:39,297] {logging_mixin.py:115} INFO - [2023-03-13 23:53:39,296] {dag.py:2919} INFO - Setting next_dagrun for xcom_dag to 2023-03-12T00:00:00+00:00, run_after=2023-03-13T00:00:00+00:00
[2023-03-13 23:53:39,309] {processor.py:161} INFO - Processing /opt/airflow/dags/xcom_dag.py took 0.171 seconds
[2023-03-13 23:54:09,489] {processor.py:153} INFO - Started process (PID=27521) to work on /opt/airflow/dags/xcom_dag.py
[2023-03-13 23:54:09,492] {processor.py:641} INFO - Processing file /opt/airflow/dags/xcom_dag.py for tasks to queue
[2023-03-13 23:54:09,493] {logging_mixin.py:115} INFO - [2023-03-13 23:54:09,493] {dagbag.py:507} INFO - Filling up the DagBag from /opt/airflow/dags/xcom_dag.py
[2023-03-13 23:54:09,514] {processor.py:651} INFO - DAG(s) dict_keys(['xcom_dag']) retrieved from /opt/airflow/dags/xcom_dag.py
[2023-03-13 23:54:09,544] {logging_mixin.py:115} INFO - [2023-03-13 23:54:09,544] {dag.py:2371} INFO - Sync 1 DAGs
[2023-03-13 23:54:09,573] {logging_mixin.py:115} INFO - [2023-03-13 23:54:09,573] {dag.py:2919} INFO - Setting next_dagrun for xcom_dag to 2023-03-12T00:00:00+00:00, run_after=2023-03-13T00:00:00+00:00
[2023-03-13 23:54:09,587] {processor.py:161} INFO - Processing /opt/airflow/dags/xcom_dag.py took 0.106 seconds
[2023-03-13 23:54:39,830] {processor.py:153} INFO - Started process (PID=27588) to work on /opt/airflow/dags/xcom_dag.py
[2023-03-13 23:54:39,832] {processor.py:641} INFO - Processing file /opt/airflow/dags/xcom_dag.py for tasks to queue
[2023-03-13 23:54:39,834] {logging_mixin.py:115} INFO - [2023-03-13 23:54:39,834] {dagbag.py:507} INFO - Filling up the DagBag from /opt/airflow/dags/xcom_dag.py
[2023-03-13 23:54:39,852] {processor.py:651} INFO - DAG(s) dict_keys(['xcom_dag']) retrieved from /opt/airflow/dags/xcom_dag.py
[2023-03-13 23:54:39,893] {logging_mixin.py:115} INFO - [2023-03-13 23:54:39,893] {dag.py:2371} INFO - Sync 1 DAGs
[2023-03-13 23:54:39,910] {logging_mixin.py:115} INFO - [2023-03-13 23:54:39,910] {dag.py:2919} INFO - Setting next_dagrun for xcom_dag to 2023-03-12T00:00:00+00:00, run_after=2023-03-13T00:00:00+00:00
[2023-03-13 23:54:39,918] {processor.py:161} INFO - Processing /opt/airflow/dags/xcom_dag.py took 0.098 seconds
[2023-03-13 23:55:10,068] {processor.py:153} INFO - Started process (PID=27655) to work on /opt/airflow/dags/xcom_dag.py
[2023-03-13 23:55:10,070] {processor.py:641} INFO - Processing file /opt/airflow/dags/xcom_dag.py for tasks to queue
[2023-03-13 23:55:10,072] {logging_mixin.py:115} INFO - [2023-03-13 23:55:10,071] {dagbag.py:507} INFO - Filling up the DagBag from /opt/airflow/dags/xcom_dag.py
[2023-03-13 23:55:10,112] {processor.py:651} INFO - DAG(s) dict_keys(['xcom_dag']) retrieved from /opt/airflow/dags/xcom_dag.py
[2023-03-13 23:55:10,138] {logging_mixin.py:115} INFO - [2023-03-13 23:55:10,138] {dag.py:2371} INFO - Sync 1 DAGs
[2023-03-13 23:55:10,157] {logging_mixin.py:115} INFO - [2023-03-13 23:55:10,157] {dag.py:2919} INFO - Setting next_dagrun for xcom_dag to 2023-03-12T00:00:00+00:00, run_after=2023-03-13T00:00:00+00:00
[2023-03-13 23:55:10,167] {processor.py:161} INFO - Processing /opt/airflow/dags/xcom_dag.py took 0.106 seconds
[2023-03-13 23:55:41,069] {processor.py:153} INFO - Started process (PID=27723) to work on /opt/airflow/dags/xcom_dag.py
[2023-03-13 23:55:41,071] {processor.py:641} INFO - Processing file /opt/airflow/dags/xcom_dag.py for tasks to queue
[2023-03-13 23:55:41,072] {logging_mixin.py:115} INFO - [2023-03-13 23:55:41,072] {dagbag.py:507} INFO - Filling up the DagBag from /opt/airflow/dags/xcom_dag.py
[2023-03-13 23:55:41,097] {processor.py:651} INFO - DAG(s) dict_keys(['xcom_dag']) retrieved from /opt/airflow/dags/xcom_dag.py
[2023-03-13 23:55:41,126] {logging_mixin.py:115} INFO - [2023-03-13 23:55:41,126] {dag.py:2371} INFO - Sync 1 DAGs
[2023-03-13 23:55:41,164] {logging_mixin.py:115} INFO - [2023-03-13 23:55:41,164] {dag.py:2919} INFO - Setting next_dagrun for xcom_dag to 2023-03-12T00:00:00+00:00, run_after=2023-03-13T00:00:00+00:00
[2023-03-13 23:55:41,176] {processor.py:161} INFO - Processing /opt/airflow/dags/xcom_dag.py took 0.113 seconds
[2023-03-13 23:56:12,019] {processor.py:153} INFO - Started process (PID=27791) to work on /opt/airflow/dags/xcom_dag.py
[2023-03-13 23:56:12,020] {processor.py:641} INFO - Processing file /opt/airflow/dags/xcom_dag.py for tasks to queue
[2023-03-13 23:56:12,022] {logging_mixin.py:115} INFO - [2023-03-13 23:56:12,022] {dagbag.py:507} INFO - Filling up the DagBag from /opt/airflow/dags/xcom_dag.py
[2023-03-13 23:56:12,042] {processor.py:651} INFO - DAG(s) dict_keys(['xcom_dag']) retrieved from /opt/airflow/dags/xcom_dag.py
[2023-03-13 23:56:12,093] {logging_mixin.py:115} INFO - [2023-03-13 23:56:12,093] {dag.py:2371} INFO - Sync 1 DAGs
[2023-03-13 23:56:12,119] {logging_mixin.py:115} INFO - [2023-03-13 23:56:12,119] {dag.py:2919} INFO - Setting next_dagrun for xcom_dag to 2023-03-12T00:00:00+00:00, run_after=2023-03-13T00:00:00+00:00
[2023-03-13 23:56:12,129] {processor.py:161} INFO - Processing /opt/airflow/dags/xcom_dag.py took 0.119 seconds
[2023-03-13 23:56:43,220] {processor.py:153} INFO - Started process (PID=27849) to work on /opt/airflow/dags/xcom_dag.py
[2023-03-13 23:56:43,222] {processor.py:641} INFO - Processing file /opt/airflow/dags/xcom_dag.py for tasks to queue
[2023-03-13 23:56:43,224] {logging_mixin.py:115} INFO - [2023-03-13 23:56:43,224] {dagbag.py:507} INFO - Filling up the DagBag from /opt/airflow/dags/xcom_dag.py
[2023-03-13 23:56:43,254] {processor.py:651} INFO - DAG(s) dict_keys(['xcom_dag']) retrieved from /opt/airflow/dags/xcom_dag.py
[2023-03-13 23:56:43,301] {logging_mixin.py:115} INFO - [2023-03-13 23:56:43,301] {dag.py:2371} INFO - Sync 1 DAGs
[2023-03-13 23:56:43,327] {logging_mixin.py:115} INFO - [2023-03-13 23:56:43,327] {dag.py:2919} INFO - Setting next_dagrun for xcom_dag to 2023-03-12T00:00:00+00:00, run_after=2023-03-13T00:00:00+00:00
[2023-03-13 23:56:43,340] {processor.py:161} INFO - Processing /opt/airflow/dags/xcom_dag.py took 0.126 seconds
[2023-03-13 23:57:13,731] {processor.py:153} INFO - Started process (PID=27917) to work on /opt/airflow/dags/xcom_dag.py
[2023-03-13 23:57:13,733] {processor.py:641} INFO - Processing file /opt/airflow/dags/xcom_dag.py for tasks to queue
[2023-03-13 23:57:13,735] {logging_mixin.py:115} INFO - [2023-03-13 23:57:13,735] {dagbag.py:507} INFO - Filling up the DagBag from /opt/airflow/dags/xcom_dag.py
[2023-03-13 23:57:13,759] {processor.py:651} INFO - DAG(s) dict_keys(['xcom_dag']) retrieved from /opt/airflow/dags/xcom_dag.py
[2023-03-13 23:57:13,794] {logging_mixin.py:115} INFO - [2023-03-13 23:57:13,794] {dag.py:2371} INFO - Sync 1 DAGs
[2023-03-13 23:57:13,826] {logging_mixin.py:115} INFO - [2023-03-13 23:57:13,826] {dag.py:2919} INFO - Setting next_dagrun for xcom_dag to 2023-03-12T00:00:00+00:00, run_after=2023-03-13T00:00:00+00:00
[2023-03-13 23:57:13,837] {processor.py:161} INFO - Processing /opt/airflow/dags/xcom_dag.py took 0.111 seconds
[2023-03-13 23:57:44,266] {processor.py:153} INFO - Started process (PID=27975) to work on /opt/airflow/dags/xcom_dag.py
[2023-03-13 23:57:44,269] {processor.py:641} INFO - Processing file /opt/airflow/dags/xcom_dag.py for tasks to queue
[2023-03-13 23:57:44,270] {logging_mixin.py:115} INFO - [2023-03-13 23:57:44,270] {dagbag.py:507} INFO - Filling up the DagBag from /opt/airflow/dags/xcom_dag.py
[2023-03-13 23:57:44,294] {processor.py:651} INFO - DAG(s) dict_keys(['xcom_dag']) retrieved from /opt/airflow/dags/xcom_dag.py
[2023-03-13 23:57:44,322] {logging_mixin.py:115} INFO - [2023-03-13 23:57:44,322] {dag.py:2371} INFO - Sync 1 DAGs
[2023-03-13 23:57:44,351] {logging_mixin.py:115} INFO - [2023-03-13 23:57:44,351] {dag.py:2919} INFO - Setting next_dagrun for xcom_dag to 2023-03-12T00:00:00+00:00, run_after=2023-03-13T00:00:00+00:00
[2023-03-13 23:57:44,363] {processor.py:161} INFO - Processing /opt/airflow/dags/xcom_dag.py took 0.103 seconds
[2023-03-13 23:58:15,186] {processor.py:153} INFO - Started process (PID=28042) to work on /opt/airflow/dags/xcom_dag.py
[2023-03-13 23:58:15,188] {processor.py:641} INFO - Processing file /opt/airflow/dags/xcom_dag.py for tasks to queue
[2023-03-13 23:58:15,189] {logging_mixin.py:115} INFO - [2023-03-13 23:58:15,189] {dagbag.py:507} INFO - Filling up the DagBag from /opt/airflow/dags/xcom_dag.py
[2023-03-13 23:58:15,211] {processor.py:651} INFO - DAG(s) dict_keys(['xcom_dag']) retrieved from /opt/airflow/dags/xcom_dag.py
[2023-03-13 23:58:15,250] {logging_mixin.py:115} INFO - [2023-03-13 23:58:15,250] {dag.py:2371} INFO - Sync 1 DAGs
[2023-03-13 23:58:15,274] {logging_mixin.py:115} INFO - [2023-03-13 23:58:15,273] {dag.py:2919} INFO - Setting next_dagrun for xcom_dag to 2023-03-12T00:00:00+00:00, run_after=2023-03-13T00:00:00+00:00
[2023-03-13 23:58:15,283] {processor.py:161} INFO - Processing /opt/airflow/dags/xcom_dag.py took 0.104 seconds
[2023-03-13 23:58:46,181] {processor.py:153} INFO - Started process (PID=28108) to work on /opt/airflow/dags/xcom_dag.py
[2023-03-13 23:58:46,185] {processor.py:641} INFO - Processing file /opt/airflow/dags/xcom_dag.py for tasks to queue
[2023-03-13 23:58:46,187] {logging_mixin.py:115} INFO - [2023-03-13 23:58:46,187] {dagbag.py:507} INFO - Filling up the DagBag from /opt/airflow/dags/xcom_dag.py
[2023-03-13 23:58:46,225] {processor.py:651} INFO - DAG(s) dict_keys(['xcom_dag']) retrieved from /opt/airflow/dags/xcom_dag.py
[2023-03-13 23:58:46,275] {logging_mixin.py:115} INFO - [2023-03-13 23:58:46,275] {dag.py:2371} INFO - Sync 1 DAGs
[2023-03-13 23:58:46,302] {logging_mixin.py:115} INFO - [2023-03-13 23:58:46,302] {dag.py:2919} INFO - Setting next_dagrun for xcom_dag to 2023-03-12T00:00:00+00:00, run_after=2023-03-13T00:00:00+00:00
[2023-03-13 23:58:46,314] {processor.py:161} INFO - Processing /opt/airflow/dags/xcom_dag.py took 0.137 seconds
[2023-03-13 23:59:16,936] {processor.py:153} INFO - Started process (PID=28168) to work on /opt/airflow/dags/xcom_dag.py
[2023-03-13 23:59:16,938] {processor.py:641} INFO - Processing file /opt/airflow/dags/xcom_dag.py for tasks to queue
[2023-03-13 23:59:16,940] {logging_mixin.py:115} INFO - [2023-03-13 23:59:16,940] {dagbag.py:507} INFO - Filling up the DagBag from /opt/airflow/dags/xcom_dag.py
[2023-03-13 23:59:16,963] {processor.py:651} INFO - DAG(s) dict_keys(['xcom_dag']) retrieved from /opt/airflow/dags/xcom_dag.py
[2023-03-13 23:59:16,992] {logging_mixin.py:115} INFO - [2023-03-13 23:59:16,992] {dag.py:2371} INFO - Sync 1 DAGs
[2023-03-13 23:59:17,023] {logging_mixin.py:115} INFO - [2023-03-13 23:59:17,023] {dag.py:2919} INFO - Setting next_dagrun for xcom_dag to 2023-03-12T00:00:00+00:00, run_after=2023-03-13T00:00:00+00:00
[2023-03-13 23:59:17,039] {processor.py:161} INFO - Processing /opt/airflow/dags/xcom_dag.py took 0.109 seconds
[2023-03-13 23:59:48,011] {processor.py:153} INFO - Started process (PID=28235) to work on /opt/airflow/dags/xcom_dag.py
[2023-03-13 23:59:48,013] {processor.py:641} INFO - Processing file /opt/airflow/dags/xcom_dag.py for tasks to queue
[2023-03-13 23:59:48,015] {logging_mixin.py:115} INFO - [2023-03-13 23:59:48,014] {dagbag.py:507} INFO - Filling up the DagBag from /opt/airflow/dags/xcom_dag.py
[2023-03-13 23:59:48,051] {processor.py:651} INFO - DAG(s) dict_keys(['xcom_dag']) retrieved from /opt/airflow/dags/xcom_dag.py
[2023-03-13 23:59:48,086] {logging_mixin.py:115} INFO - [2023-03-13 23:59:48,086] {dag.py:2371} INFO - Sync 1 DAGs
[2023-03-13 23:59:48,106] {logging_mixin.py:115} INFO - [2023-03-13 23:59:48,106] {dag.py:2919} INFO - Setting next_dagrun for xcom_dag to 2023-03-12T00:00:00+00:00, run_after=2023-03-13T00:00:00+00:00
[2023-03-13 23:59:48,115] {processor.py:161} INFO - Processing /opt/airflow/dags/xcom_dag.py took 0.109 seconds
