[2022-09-13 18:52:32,507] {taskinstance.py:1159} INFO - Dependencies all met for <TaskInstance: example_bash_operator.runme_2 scheduled__2022-09-12T00:00:00+00:00 [queued]>
[2022-09-13 18:52:32,525] {taskinstance.py:1159} INFO - Dependencies all met for <TaskInstance: example_bash_operator.runme_2 scheduled__2022-09-12T00:00:00+00:00 [queued]>
[2022-09-13 18:52:32,526] {taskinstance.py:1356} INFO - 
--------------------------------------------------------------------------------
[2022-09-13 18:52:32,527] {taskinstance.py:1357} INFO - Starting attempt 1 of 1
[2022-09-13 18:52:32,529] {taskinstance.py:1358} INFO - 
--------------------------------------------------------------------------------
[2022-09-13 18:52:32,563] {taskinstance.py:1377} INFO - Executing <Task(BashOperator): runme_2> on 2022-09-12 00:00:00+00:00
[2022-09-13 18:52:32,571] {standard_task_runner.py:52} INFO - Started process 1260 to run task
[2022-09-13 18:52:32,577] {standard_task_runner.py:79} INFO - Running: ['***', 'tasks', 'run', 'example_bash_operator', 'runme_2', 'scheduled__2022-09-12T00:00:00+00:00', '--job-id', '9', '--raw', '--subdir', '/home/***/.local/lib/python3.7/site-packages/***/example_dags/example_bash_operator.py', '--cfg-path', '/tmp/tmpagigxoim', '--error-file', '/tmp/tmpsgf1kyid']
[2022-09-13 18:52:32,580] {standard_task_runner.py:80} INFO - Job 9: Subtask runme_2
[2022-09-13 18:52:32,686] {task_command.py:369} INFO - Running <TaskInstance: example_bash_operator.runme_2 scheduled__2022-09-12T00:00:00+00:00 [running]> on host 5282528dd996
[2022-09-13 18:52:32,820] {taskinstance.py:1571} INFO - Exporting the following env vars:
AIRFLOW_CTX_DAG_OWNER=***
AIRFLOW_CTX_DAG_ID=example_bash_operator
AIRFLOW_CTX_TASK_ID=runme_2
AIRFLOW_CTX_EXECUTION_DATE=2022-09-12T00:00:00+00:00
AIRFLOW_CTX_TRY_NUMBER=1
AIRFLOW_CTX_DAG_RUN_ID=scheduled__2022-09-12T00:00:00+00:00
[2022-09-13 18:52:32,823] {subprocess.py:62} INFO - Tmp dir root location: 
 /tmp
[2022-09-13 18:52:32,826] {subprocess.py:74} INFO - Running command: ['bash', '-c', 'echo "example_bash_operator__runme_2__20220912" && sleep 1']
[2022-09-13 18:52:32,841] {subprocess.py:85} INFO - Output:
[2022-09-13 18:52:32,844] {subprocess.py:92} INFO - example_bash_operator__runme_2__20220912
[2022-09-13 18:52:33,849] {subprocess.py:96} INFO - Command exited with return code 0
[2022-09-13 18:52:33,896] {taskinstance.py:1400} INFO - Marking task as SUCCESS. dag_id=example_bash_operator, task_id=runme_2, execution_date=20220912T000000, start_date=20220913T185232, end_date=20220913T185233
[2022-09-13 18:52:33,923] {local_task_job.py:156} INFO - Task exited with return code 0
[2022-09-13 18:52:33,970] {local_task_job.py:273} INFO - 1 downstream tasks scheduled from follow-on schedule check
