[2023-03-13 22:45:01,858] {taskinstance.py:1159} INFO - Dependencies all met for <TaskInstance: group_dag.check_files manual__2023-03-13T22:44:48.215198+00:00 [queued]>
[2023-03-13 22:45:01,871] {taskinstance.py:1159} INFO - Dependencies all met for <TaskInstance: group_dag.check_files manual__2023-03-13T22:44:48.215198+00:00 [queued]>
[2023-03-13 22:45:01,872] {taskinstance.py:1356} INFO - 
--------------------------------------------------------------------------------
[2023-03-13 22:45:01,872] {taskinstance.py:1357} INFO - Starting attempt 1 of 1
[2023-03-13 22:45:01,873] {taskinstance.py:1358} INFO - 
--------------------------------------------------------------------------------
[2023-03-13 22:45:01,884] {taskinstance.py:1377} INFO - Executing <Task(BashOperator): check_files> on 2023-03-13 22:44:48.215198+00:00
[2023-03-13 22:45:01,889] {standard_task_runner.py:52} INFO - Started process 9098 to run task
[2023-03-13 22:45:01,894] {standard_task_runner.py:79} INFO - Running: ['***', 'tasks', 'run', 'group_dag', 'check_files', 'manual__2023-03-13T22:44:48.215198+00:00', '--job-id', '174', '--raw', '--subdir', 'DAGS_FOLDER/group_dag.py', '--cfg-path', '/tmp/tmpdqe5c285', '--error-file', '/tmp/tmpym1z524i']
[2023-03-13 22:45:01,895] {standard_task_runner.py:80} INFO - Job 174: Subtask check_files
[2023-03-13 22:45:01,962] {task_command.py:369} INFO - Running <TaskInstance: group_dag.check_files manual__2023-03-13T22:44:48.215198+00:00 [running]> on host 5282528dd996
[2023-03-13 22:45:02,053] {taskinstance.py:1571} INFO - Exporting the following env vars:
AIRFLOW_CTX_DAG_OWNER=***
AIRFLOW_CTX_DAG_ID=group_dag
AIRFLOW_CTX_TASK_ID=check_files
AIRFLOW_CTX_EXECUTION_DATE=2023-03-13T22:44:48.215198+00:00
AIRFLOW_CTX_TRY_NUMBER=1
AIRFLOW_CTX_DAG_RUN_ID=manual__2023-03-13T22:44:48.215198+00:00
[2023-03-13 22:45:02,056] {subprocess.py:62} INFO - Tmp dir root location: 
 /tmp
[2023-03-13 22:45:02,057] {subprocess.py:74} INFO - Running command: ['bash', '-c', 'sleep 10']
[2023-03-13 22:45:02,068] {subprocess.py:85} INFO - Output:
[2023-03-13 22:45:12,080] {subprocess.py:96} INFO - Command exited with return code 0
[2023-03-13 22:45:12,167] {taskinstance.py:1400} INFO - Marking task as SUCCESS. dag_id=group_dag, task_id=check_files, execution_date=20230313T224448, start_date=20230313T224501, end_date=20230313T224512
[2023-03-13 22:45:12,225] {local_task_job.py:156} INFO - Task exited with return code 0
[2023-03-13 22:45:12,265] {local_task_job.py:273} INFO - 3 downstream tasks scheduled from follow-on schedule check
