[2022-10-18 05:54:50,035] {taskinstance.py:1159} INFO - Dependencies all met for <TaskInstance: user_processing.extract_user scheduled__2022-10-17T00:00:00+00:00 [queued]>
[2022-10-18 05:54:50,051] {taskinstance.py:1159} INFO - Dependencies all met for <TaskInstance: user_processing.extract_user scheduled__2022-10-17T00:00:00+00:00 [queued]>
[2022-10-18 05:54:50,052] {taskinstance.py:1356} INFO - 
--------------------------------------------------------------------------------
[2022-10-18 05:54:50,053] {taskinstance.py:1357} INFO - Starting attempt 1 of 1
[2022-10-18 05:54:50,055] {taskinstance.py:1358} INFO - 
--------------------------------------------------------------------------------
[2022-10-18 05:54:50,080] {taskinstance.py:1377} INFO - Executing <Task(SimpleHttpOperator): extract_user> on 2022-10-17 00:00:00+00:00
[2022-10-18 05:54:50,088] {standard_task_runner.py:52} INFO - Started process 1278 to run task
[2022-10-18 05:54:50,094] {standard_task_runner.py:79} INFO - Running: ['***', 'tasks', 'run', 'user_processing', 'extract_user', 'scheduled__2022-10-17T00:00:00+00:00', '--job-id', '59', '--raw', '--subdir', 'DAGS_FOLDER/user_processing.py', '--cfg-path', '/tmp/tmp0ve7v3uk', '--error-file', '/tmp/tmphd3hzio9']
[2022-10-18 05:54:50,103] {standard_task_runner.py:80} INFO - Job 59: Subtask extract_user
[2022-10-18 05:54:50,225] {task_command.py:369} INFO - Running <TaskInstance: user_processing.extract_user scheduled__2022-10-17T00:00:00+00:00 [running]> on host 5282528dd996
[2022-10-18 05:54:50,341] {taskinstance.py:1571} INFO - Exporting the following env vars:
AIRFLOW_CTX_DAG_OWNER=***
AIRFLOW_CTX_DAG_ID=user_processing
AIRFLOW_CTX_TASK_ID=extract_user
AIRFLOW_CTX_EXECUTION_DATE=2022-10-17T00:00:00+00:00
AIRFLOW_CTX_TRY_NUMBER=1
AIRFLOW_CTX_DAG_RUN_ID=scheduled__2022-10-17T00:00:00+00:00
[2022-10-18 05:54:50,348] {http.py:102} INFO - Calling HTTP method
[2022-10-18 05:54:50,368] {base.py:68} INFO - Using connection ID 'user_api' for task execution.
[2022-10-18 05:54:50,379] {http.py:129} INFO - Sending 'GET' to url: https://randomuser.me/api/
[2022-10-18 05:54:50,637] {http.py:106} INFO - {"results":[{"gender":"female","name":{"title":"Miss","first":"Rosava","last":"Ribalka"},"location":{"street":{"number":745,"name":"Yarkivska"},"city":"Radiviliv","state":"Vinnicka","country":"Ukraine","postcode":71907,"coordinates":{"latitude":"73.3083","longitude":"57.6165"},"timezone":{"offset":"+9:00","description":"Tokyo, Seoul, Osaka, Sapporo, Yakutsk"}},"email":"rosava.ribalka@example.com","login":{"uuid":"bb4e13b0-b7e4-4165-ba43-c865cb995da4","username":"brownrabbit574","password":"cyclops","salt":"B4rhxw0O","md5":"3f1079189c74f485f192f0879509f5f8","sha1":"eeada4619430bd9d269d9640fcf6b52ae94c8339","sha256":"cd9e4b5c107c7c14b03d47b4f1aa7c4c34dd118e8a21b99860ec140f76a34345"},"dob":{"date":"1966-12-07T18:18:15.579Z","age":55},"registered":{"date":"2009-06-30T00:56:22.545Z","age":13},"phone":"(098) O63-8621","cell":"(096) X46-9765","id":{"name":"","value":null},"picture":{"large":"https://randomuser.me/api/portraits/women/78.jpg","medium":"https://randomuser.me/api/portraits/med/women/78.jpg","thumbnail":"https://randomuser.me/api/portraits/thumb/women/78.jpg"},"nat":"UA"}],"info":{"seed":"c41caf43023e774e","results":1,"page":1,"version":"1.4"}}
[2022-10-18 05:54:50,795] {taskinstance.py:1400} INFO - Marking task as SUCCESS. dag_id=user_processing, task_id=extract_user, execution_date=20221017T000000, start_date=20221018T055450, end_date=20221018T055450
[2022-10-18 05:54:50,895] {local_task_job.py:156} INFO - Task exited with return code 0
[2022-10-18 05:54:51,022] {local_task_job.py:273} INFO - 0 downstream tasks scheduled from follow-on schedule check
