[2023-03-15 00:00:23,928] {processor.py:153} INFO - Started process (PID=87123) to work on /opt/airflow/dags/group_dag.py
[2023-03-15 00:00:23,929] {processor.py:641} INFO - Processing file /opt/airflow/dags/group_dag.py for tasks to queue
[2023-03-15 00:00:23,931] {logging_mixin.py:115} INFO - [2023-03-15 00:00:23,931] {dagbag.py:507} INFO - Filling up the DagBag from /opt/airflow/dags/group_dag.py
[2023-03-15 00:00:23,955] {processor.py:651} INFO - DAG(s) dict_keys(['group_dag']) retrieved from /opt/airflow/dags/group_dag.py
[2023-03-15 00:00:24,018] {logging_mixin.py:115} INFO - [2023-03-15 00:00:24,018] {dag.py:2371} INFO - Sync 1 DAGs
[2023-03-15 00:00:24,040] {logging_mixin.py:115} INFO - [2023-03-15 00:00:24,040] {dag.py:2919} INFO - Setting next_dagrun for group_dag to 2023-03-14T00:00:00+00:00, run_after=2023-03-15T00:00:00+00:00
[2023-03-15 00:00:24,050] {processor.py:161} INFO - Processing /opt/airflow/dags/group_dag.py took 0.130 seconds
[2023-03-15 00:00:54,919] {processor.py:153} INFO - Started process (PID=87191) to work on /opt/airflow/dags/group_dag.py
[2023-03-15 00:00:54,921] {processor.py:641} INFO - Processing file /opt/airflow/dags/group_dag.py for tasks to queue
[2023-03-15 00:00:54,922] {logging_mixin.py:115} INFO - [2023-03-15 00:00:54,922] {dagbag.py:507} INFO - Filling up the DagBag from /opt/airflow/dags/group_dag.py
[2023-03-15 00:00:54,932] {processor.py:651} INFO - DAG(s) dict_keys(['group_dag']) retrieved from /opt/airflow/dags/group_dag.py
[2023-03-15 00:00:54,958] {logging_mixin.py:115} INFO - [2023-03-15 00:00:54,958] {dag.py:2371} INFO - Sync 1 DAGs
[2023-03-15 00:00:54,973] {logging_mixin.py:115} INFO - [2023-03-15 00:00:54,973] {dag.py:2919} INFO - Setting next_dagrun for group_dag to 2023-03-14T00:00:00+00:00, run_after=2023-03-15T00:00:00+00:00
[2023-03-15 00:00:54,981] {processor.py:161} INFO - Processing /opt/airflow/dags/group_dag.py took 0.065 seconds
[2023-03-15 00:01:26,008] {processor.py:153} INFO - Started process (PID=87258) to work on /opt/airflow/dags/group_dag.py
[2023-03-15 00:01:26,010] {processor.py:641} INFO - Processing file /opt/airflow/dags/group_dag.py for tasks to queue
[2023-03-15 00:01:26,010] {logging_mixin.py:115} INFO - [2023-03-15 00:01:26,010] {dagbag.py:507} INFO - Filling up the DagBag from /opt/airflow/dags/group_dag.py
[2023-03-15 00:01:26,019] {processor.py:651} INFO - DAG(s) dict_keys(['group_dag']) retrieved from /opt/airflow/dags/group_dag.py
[2023-03-15 00:01:26,041] {logging_mixin.py:115} INFO - [2023-03-15 00:01:26,040] {dag.py:2371} INFO - Sync 1 DAGs
[2023-03-15 00:01:26,056] {logging_mixin.py:115} INFO - [2023-03-15 00:01:26,056] {dag.py:2919} INFO - Setting next_dagrun for group_dag to 2023-03-14T00:00:00+00:00, run_after=2023-03-15T00:00:00+00:00
[2023-03-15 00:01:26,064] {processor.py:161} INFO - Processing /opt/airflow/dags/group_dag.py took 0.058 seconds
[2023-03-15 00:01:57,276] {processor.py:153} INFO - Started process (PID=87316) to work on /opt/airflow/dags/group_dag.py
[2023-03-15 00:01:57,278] {processor.py:641} INFO - Processing file /opt/airflow/dags/group_dag.py for tasks to queue
[2023-03-15 00:01:57,280] {logging_mixin.py:115} INFO - [2023-03-15 00:01:57,280] {dagbag.py:507} INFO - Filling up the DagBag from /opt/airflow/dags/group_dag.py
[2023-03-15 00:01:57,294] {processor.py:651} INFO - DAG(s) dict_keys(['group_dag']) retrieved from /opt/airflow/dags/group_dag.py
[2023-03-15 00:01:57,319] {logging_mixin.py:115} INFO - [2023-03-15 00:01:57,319] {dag.py:2371} INFO - Sync 1 DAGs
[2023-03-15 00:01:57,338] {logging_mixin.py:115} INFO - [2023-03-15 00:01:57,338] {dag.py:2919} INFO - Setting next_dagrun for group_dag to 2023-03-14T00:00:00+00:00, run_after=2023-03-15T00:00:00+00:00
[2023-03-15 00:01:57,346] {processor.py:161} INFO - Processing /opt/airflow/dags/group_dag.py took 0.073 seconds
[2023-03-15 00:02:27,790] {processor.py:153} INFO - Started process (PID=87383) to work on /opt/airflow/dags/group_dag.py
[2023-03-15 00:02:27,792] {processor.py:641} INFO - Processing file /opt/airflow/dags/group_dag.py for tasks to queue
[2023-03-15 00:02:27,794] {logging_mixin.py:115} INFO - [2023-03-15 00:02:27,794] {dagbag.py:507} INFO - Filling up the DagBag from /opt/airflow/dags/group_dag.py
[2023-03-15 00:02:27,804] {processor.py:651} INFO - DAG(s) dict_keys(['group_dag']) retrieved from /opt/airflow/dags/group_dag.py
[2023-03-15 00:02:27,828] {logging_mixin.py:115} INFO - [2023-03-15 00:02:27,828] {dag.py:2371} INFO - Sync 1 DAGs
[2023-03-15 00:02:27,846] {logging_mixin.py:115} INFO - [2023-03-15 00:02:27,846] {dag.py:2919} INFO - Setting next_dagrun for group_dag to 2023-03-14T00:00:00+00:00, run_after=2023-03-15T00:00:00+00:00
[2023-03-15 00:02:27,854] {processor.py:161} INFO - Processing /opt/airflow/dags/group_dag.py took 0.069 seconds
[2023-03-15 00:02:57,968] {processor.py:153} INFO - Started process (PID=87447) to work on /opt/airflow/dags/group_dag.py
[2023-03-15 00:02:57,969] {processor.py:641} INFO - Processing file /opt/airflow/dags/group_dag.py for tasks to queue
[2023-03-15 00:02:57,970] {logging_mixin.py:115} INFO - [2023-03-15 00:02:57,970] {dagbag.py:507} INFO - Filling up the DagBag from /opt/airflow/dags/group_dag.py
[2023-03-15 00:02:57,977] {processor.py:651} INFO - DAG(s) dict_keys(['group_dag']) retrieved from /opt/airflow/dags/group_dag.py
[2023-03-15 00:02:57,997] {logging_mixin.py:115} INFO - [2023-03-15 00:02:57,997] {dag.py:2371} INFO - Sync 1 DAGs
[2023-03-15 00:02:58,011] {logging_mixin.py:115} INFO - [2023-03-15 00:02:58,010] {dag.py:2919} INFO - Setting next_dagrun for group_dag to 2023-03-14T00:00:00+00:00, run_after=2023-03-15T00:00:00+00:00
[2023-03-15 00:02:58,017] {processor.py:161} INFO - Processing /opt/airflow/dags/group_dag.py took 0.051 seconds
[2023-03-15 00:03:28,256] {processor.py:153} INFO - Started process (PID=87514) to work on /opt/airflow/dags/group_dag.py
[2023-03-15 00:03:28,260] {processor.py:641} INFO - Processing file /opt/airflow/dags/group_dag.py for tasks to queue
[2023-03-15 00:03:28,262] {logging_mixin.py:115} INFO - [2023-03-15 00:03:28,262] {dagbag.py:507} INFO - Filling up the DagBag from /opt/airflow/dags/group_dag.py
[2023-03-15 00:03:28,274] {processor.py:651} INFO - DAG(s) dict_keys(['group_dag']) retrieved from /opt/airflow/dags/group_dag.py
[2023-03-15 00:03:28,313] {logging_mixin.py:115} INFO - [2023-03-15 00:03:28,313] {dag.py:2371} INFO - Sync 1 DAGs
[2023-03-15 00:03:28,328] {logging_mixin.py:115} INFO - [2023-03-15 00:03:28,328] {dag.py:2919} INFO - Setting next_dagrun for group_dag to 2023-03-14T00:00:00+00:00, run_after=2023-03-15T00:00:00+00:00
[2023-03-15 00:03:28,335] {processor.py:161} INFO - Processing /opt/airflow/dags/group_dag.py took 0.093 seconds
[2023-03-15 00:03:59,051] {processor.py:153} INFO - Started process (PID=87574) to work on /opt/airflow/dags/group_dag.py
[2023-03-15 00:03:59,052] {processor.py:641} INFO - Processing file /opt/airflow/dags/group_dag.py for tasks to queue
[2023-03-15 00:03:59,053] {logging_mixin.py:115} INFO - [2023-03-15 00:03:59,053] {dagbag.py:507} INFO - Filling up the DagBag from /opt/airflow/dags/group_dag.py
[2023-03-15 00:03:59,065] {processor.py:651} INFO - DAG(s) dict_keys(['group_dag']) retrieved from /opt/airflow/dags/group_dag.py
[2023-03-15 00:03:59,096] {logging_mixin.py:115} INFO - [2023-03-15 00:03:59,096] {dag.py:2371} INFO - Sync 1 DAGs
[2023-03-15 00:03:59,131] {logging_mixin.py:115} INFO - [2023-03-15 00:03:59,131] {dag.py:2919} INFO - Setting next_dagrun for group_dag to 2023-03-14T00:00:00+00:00, run_after=2023-03-15T00:00:00+00:00
[2023-03-15 00:03:59,143] {processor.py:161} INFO - Processing /opt/airflow/dags/group_dag.py took 0.095 seconds
[2023-03-15 00:04:29,592] {processor.py:153} INFO - Started process (PID=87641) to work on /opt/airflow/dags/group_dag.py
[2023-03-15 00:04:29,593] {processor.py:641} INFO - Processing file /opt/airflow/dags/group_dag.py for tasks to queue
[2023-03-15 00:04:29,594] {logging_mixin.py:115} INFO - [2023-03-15 00:04:29,594] {dagbag.py:507} INFO - Filling up the DagBag from /opt/airflow/dags/group_dag.py
[2023-03-15 00:04:29,602] {processor.py:651} INFO - DAG(s) dict_keys(['group_dag']) retrieved from /opt/airflow/dags/group_dag.py
[2023-03-15 00:04:29,626] {logging_mixin.py:115} INFO - [2023-03-15 00:04:29,626] {dag.py:2371} INFO - Sync 1 DAGs
[2023-03-15 00:04:29,643] {logging_mixin.py:115} INFO - [2023-03-15 00:04:29,643] {dag.py:2919} INFO - Setting next_dagrun for group_dag to 2023-03-14T00:00:00+00:00, run_after=2023-03-15T00:00:00+00:00
[2023-03-15 00:04:29,652] {processor.py:161} INFO - Processing /opt/airflow/dags/group_dag.py took 0.062 seconds
[2023-03-15 00:05:00,423] {processor.py:153} INFO - Started process (PID=87708) to work on /opt/airflow/dags/group_dag.py
[2023-03-15 00:05:00,424] {processor.py:641} INFO - Processing file /opt/airflow/dags/group_dag.py for tasks to queue
[2023-03-15 00:05:00,425] {logging_mixin.py:115} INFO - [2023-03-15 00:05:00,425] {dagbag.py:507} INFO - Filling up the DagBag from /opt/airflow/dags/group_dag.py
[2023-03-15 00:05:00,434] {processor.py:651} INFO - DAG(s) dict_keys(['group_dag']) retrieved from /opt/airflow/dags/group_dag.py
[2023-03-15 00:05:00,457] {logging_mixin.py:115} INFO - [2023-03-15 00:05:00,457] {dag.py:2371} INFO - Sync 1 DAGs
[2023-03-15 00:05:00,472] {logging_mixin.py:115} INFO - [2023-03-15 00:05:00,472] {dag.py:2919} INFO - Setting next_dagrun for group_dag to 2023-03-14T00:00:00+00:00, run_after=2023-03-15T00:00:00+00:00
[2023-03-15 00:05:00,481] {processor.py:161} INFO - Processing /opt/airflow/dags/group_dag.py took 0.060 seconds
[2023-03-15 00:05:30,546] {processor.py:153} INFO - Started process (PID=87764) to work on /opt/airflow/dags/group_dag.py
[2023-03-15 00:05:30,548] {processor.py:641} INFO - Processing file /opt/airflow/dags/group_dag.py for tasks to queue
[2023-03-15 00:05:30,549] {logging_mixin.py:115} INFO - [2023-03-15 00:05:30,549] {dagbag.py:507} INFO - Filling up the DagBag from /opt/airflow/dags/group_dag.py
[2023-03-15 00:05:30,567] {processor.py:651} INFO - DAG(s) dict_keys(['group_dag']) retrieved from /opt/airflow/dags/group_dag.py
[2023-03-15 00:05:30,615] {logging_mixin.py:115} INFO - [2023-03-15 00:05:30,615] {dag.py:2371} INFO - Sync 1 DAGs
[2023-03-15 00:05:30,641] {logging_mixin.py:115} INFO - [2023-03-15 00:05:30,640] {dag.py:2919} INFO - Setting next_dagrun for group_dag to 2023-03-14T00:00:00+00:00, run_after=2023-03-15T00:00:00+00:00
[2023-03-15 00:05:30,649] {processor.py:161} INFO - Processing /opt/airflow/dags/group_dag.py took 0.108 seconds
[2023-03-15 00:06:01,285] {processor.py:153} INFO - Started process (PID=87834) to work on /opt/airflow/dags/group_dag.py
[2023-03-15 00:06:01,286] {processor.py:641} INFO - Processing file /opt/airflow/dags/group_dag.py for tasks to queue
[2023-03-15 00:06:01,288] {logging_mixin.py:115} INFO - [2023-03-15 00:06:01,288] {dagbag.py:507} INFO - Filling up the DagBag from /opt/airflow/dags/group_dag.py
[2023-03-15 00:06:01,297] {processor.py:651} INFO - DAG(s) dict_keys(['group_dag']) retrieved from /opt/airflow/dags/group_dag.py
[2023-03-15 00:06:01,323] {logging_mixin.py:115} INFO - [2023-03-15 00:06:01,323] {dag.py:2371} INFO - Sync 1 DAGs
[2023-03-15 00:06:01,374] {logging_mixin.py:115} INFO - [2023-03-15 00:06:01,374] {dag.py:2919} INFO - Setting next_dagrun for group_dag to 2023-03-14T00:00:00+00:00, run_after=2023-03-15T00:00:00+00:00
[2023-03-15 00:06:01,386] {processor.py:161} INFO - Processing /opt/airflow/dags/group_dag.py took 0.104 seconds
[2023-03-15 00:06:32,010] {processor.py:153} INFO - Started process (PID=87902) to work on /opt/airflow/dags/group_dag.py
[2023-03-15 00:06:32,012] {processor.py:641} INFO - Processing file /opt/airflow/dags/group_dag.py for tasks to queue
[2023-03-15 00:06:32,013] {logging_mixin.py:115} INFO - [2023-03-15 00:06:32,013] {dagbag.py:507} INFO - Filling up the DagBag from /opt/airflow/dags/group_dag.py
[2023-03-15 00:06:32,023] {processor.py:651} INFO - DAG(s) dict_keys(['group_dag']) retrieved from /opt/airflow/dags/group_dag.py
[2023-03-15 00:06:32,047] {logging_mixin.py:115} INFO - [2023-03-15 00:06:32,047] {dag.py:2371} INFO - Sync 1 DAGs
[2023-03-15 00:06:32,064] {logging_mixin.py:115} INFO - [2023-03-15 00:06:32,064] {dag.py:2919} INFO - Setting next_dagrun for group_dag to 2023-03-14T00:00:00+00:00, run_after=2023-03-15T00:00:00+00:00
[2023-03-15 00:06:32,073] {processor.py:161} INFO - Processing /opt/airflow/dags/group_dag.py took 0.066 seconds
[2023-03-15 00:07:03,144] {processor.py:153} INFO - Started process (PID=87970) to work on /opt/airflow/dags/group_dag.py
[2023-03-15 00:07:03,147] {processor.py:641} INFO - Processing file /opt/airflow/dags/group_dag.py for tasks to queue
[2023-03-15 00:07:03,148] {logging_mixin.py:115} INFO - [2023-03-15 00:07:03,148] {dagbag.py:507} INFO - Filling up the DagBag from /opt/airflow/dags/group_dag.py
[2023-03-15 00:07:03,163] {processor.py:651} INFO - DAG(s) dict_keys(['group_dag']) retrieved from /opt/airflow/dags/group_dag.py
[2023-03-15 00:07:03,189] {logging_mixin.py:115} INFO - [2023-03-15 00:07:03,189] {dag.py:2371} INFO - Sync 1 DAGs
[2023-03-15 00:07:03,206] {logging_mixin.py:115} INFO - [2023-03-15 00:07:03,206] {dag.py:2919} INFO - Setting next_dagrun for group_dag to 2023-03-14T00:00:00+00:00, run_after=2023-03-15T00:00:00+00:00
[2023-03-15 00:07:03,214] {processor.py:161} INFO - Processing /opt/airflow/dags/group_dag.py took 0.074 seconds
[2023-03-15 00:07:33,398] {processor.py:153} INFO - Started process (PID=88035) to work on /opt/airflow/dags/group_dag.py
[2023-03-15 00:07:33,399] {processor.py:641} INFO - Processing file /opt/airflow/dags/group_dag.py for tasks to queue
[2023-03-15 00:07:33,400] {logging_mixin.py:115} INFO - [2023-03-15 00:07:33,400] {dagbag.py:507} INFO - Filling up the DagBag from /opt/airflow/dags/group_dag.py
[2023-03-15 00:07:33,412] {processor.py:651} INFO - DAG(s) dict_keys(['group_dag']) retrieved from /opt/airflow/dags/group_dag.py
[2023-03-15 00:07:33,445] {logging_mixin.py:115} INFO - [2023-03-15 00:07:33,444] {dag.py:2371} INFO - Sync 1 DAGs
[2023-03-15 00:07:33,477] {logging_mixin.py:115} INFO - [2023-03-15 00:07:33,476] {dag.py:2919} INFO - Setting next_dagrun for group_dag to 2023-03-14T00:00:00+00:00, run_after=2023-03-15T00:00:00+00:00
[2023-03-15 00:07:33,488] {processor.py:161} INFO - Processing /opt/airflow/dags/group_dag.py took 0.094 seconds
