[2023-03-15 00:00:23,928] {processor.py:153} INFO - Started process (PID=87122) to work on /opt/airflow/dags/xcom_dag.py
[2023-03-15 00:00:23,929] {processor.py:641} INFO - Processing file /opt/airflow/dags/xcom_dag.py for tasks to queue
[2023-03-15 00:00:23,931] {logging_mixin.py:115} INFO - [2023-03-15 00:00:23,931] {dagbag.py:507} INFO - Filling up the DagBag from /opt/airflow/dags/xcom_dag.py
[2023-03-15 00:00:23,964] {processor.py:651} INFO - DAG(s) dict_keys(['xcom_dag']) retrieved from /opt/airflow/dags/xcom_dag.py
[2023-03-15 00:00:24,018] {logging_mixin.py:115} INFO - [2023-03-15 00:00:24,018] {dag.py:2371} INFO - Sync 1 DAGs
[2023-03-15 00:00:24,040] {logging_mixin.py:115} INFO - [2023-03-15 00:00:24,040] {dag.py:2919} INFO - Setting next_dagrun for xcom_dag to 2023-03-14T00:00:00+00:00, run_after=2023-03-15T00:00:00+00:00
[2023-03-15 00:00:24,050] {processor.py:161} INFO - Processing /opt/airflow/dags/xcom_dag.py took 0.132 seconds
[2023-03-15 00:00:54,778] {processor.py:153} INFO - Started process (PID=87189) to work on /opt/airflow/dags/xcom_dag.py
[2023-03-15 00:00:54,780] {processor.py:641} INFO - Processing file /opt/airflow/dags/xcom_dag.py for tasks to queue
[2023-03-15 00:00:54,781] {logging_mixin.py:115} INFO - [2023-03-15 00:00:54,781] {dagbag.py:507} INFO - Filling up the DagBag from /opt/airflow/dags/xcom_dag.py
[2023-03-15 00:00:54,831] {processor.py:651} INFO - DAG(s) dict_keys(['xcom_dag']) retrieved from /opt/airflow/dags/xcom_dag.py
[2023-03-15 00:00:54,867] {logging_mixin.py:115} INFO - [2023-03-15 00:00:54,867] {dag.py:2371} INFO - Sync 1 DAGs
[2023-03-15 00:00:54,888] {logging_mixin.py:115} INFO - [2023-03-15 00:00:54,888] {dag.py:2919} INFO - Setting next_dagrun for xcom_dag to 2023-03-14T00:00:00+00:00, run_after=2023-03-15T00:00:00+00:00
[2023-03-15 00:00:54,897] {processor.py:161} INFO - Processing /opt/airflow/dags/xcom_dag.py took 0.124 seconds
[2023-03-15 00:01:25,866] {processor.py:153} INFO - Started process (PID=87256) to work on /opt/airflow/dags/xcom_dag.py
[2023-03-15 00:01:25,867] {processor.py:641} INFO - Processing file /opt/airflow/dags/xcom_dag.py for tasks to queue
[2023-03-15 00:01:25,869] {logging_mixin.py:115} INFO - [2023-03-15 00:01:25,869] {dagbag.py:507} INFO - Filling up the DagBag from /opt/airflow/dags/xcom_dag.py
[2023-03-15 00:01:25,902] {processor.py:651} INFO - DAG(s) dict_keys(['xcom_dag']) retrieved from /opt/airflow/dags/xcom_dag.py
[2023-03-15 00:01:25,953] {logging_mixin.py:115} INFO - [2023-03-15 00:01:25,953] {dag.py:2371} INFO - Sync 1 DAGs
[2023-03-15 00:01:25,975] {logging_mixin.py:115} INFO - [2023-03-15 00:01:25,975] {dag.py:2919} INFO - Setting next_dagrun for xcom_dag to 2023-03-14T00:00:00+00:00, run_after=2023-03-15T00:00:00+00:00
[2023-03-15 00:01:25,985] {processor.py:161} INFO - Processing /opt/airflow/dags/xcom_dag.py took 0.126 seconds
[2023-03-15 00:01:57,096] {processor.py:153} INFO - Started process (PID=87314) to work on /opt/airflow/dags/xcom_dag.py
[2023-03-15 00:01:57,098] {processor.py:641} INFO - Processing file /opt/airflow/dags/xcom_dag.py for tasks to queue
[2023-03-15 00:01:57,100] {logging_mixin.py:115} INFO - [2023-03-15 00:01:57,100] {dagbag.py:507} INFO - Filling up the DagBag from /opt/airflow/dags/xcom_dag.py
[2023-03-15 00:01:57,136] {processor.py:651} INFO - DAG(s) dict_keys(['xcom_dag']) retrieved from /opt/airflow/dags/xcom_dag.py
[2023-03-15 00:01:57,201] {logging_mixin.py:115} INFO - [2023-03-15 00:01:57,201] {dag.py:2371} INFO - Sync 1 DAGs
[2023-03-15 00:01:57,236] {logging_mixin.py:115} INFO - [2023-03-15 00:01:57,236] {dag.py:2919} INFO - Setting next_dagrun for xcom_dag to 2023-03-14T00:00:00+00:00, run_after=2023-03-15T00:00:00+00:00
[2023-03-15 00:01:57,251] {processor.py:161} INFO - Processing /opt/airflow/dags/xcom_dag.py took 0.166 seconds
[2023-03-15 00:02:27,600] {processor.py:153} INFO - Started process (PID=87381) to work on /opt/airflow/dags/xcom_dag.py
[2023-03-15 00:02:27,603] {processor.py:641} INFO - Processing file /opt/airflow/dags/xcom_dag.py for tasks to queue
[2023-03-15 00:02:27,605] {logging_mixin.py:115} INFO - [2023-03-15 00:02:27,605] {dagbag.py:507} INFO - Filling up the DagBag from /opt/airflow/dags/xcom_dag.py
[2023-03-15 00:02:27,637] {processor.py:651} INFO - DAG(s) dict_keys(['xcom_dag']) retrieved from /opt/airflow/dags/xcom_dag.py
[2023-03-15 00:02:27,710] {logging_mixin.py:115} INFO - [2023-03-15 00:02:27,710] {dag.py:2371} INFO - Sync 1 DAGs
[2023-03-15 00:02:27,752] {logging_mixin.py:115} INFO - [2023-03-15 00:02:27,752] {dag.py:2919} INFO - Setting next_dagrun for xcom_dag to 2023-03-14T00:00:00+00:00, run_after=2023-03-15T00:00:00+00:00
[2023-03-15 00:02:27,763] {processor.py:161} INFO - Processing /opt/airflow/dags/xcom_dag.py took 0.181 seconds
[2023-03-15 00:02:57,850] {processor.py:153} INFO - Started process (PID=87446) to work on /opt/airflow/dags/xcom_dag.py
[2023-03-15 00:02:57,851] {processor.py:641} INFO - Processing file /opt/airflow/dags/xcom_dag.py for tasks to queue
[2023-03-15 00:02:57,853] {logging_mixin.py:115} INFO - [2023-03-15 00:02:57,853] {dagbag.py:507} INFO - Filling up the DagBag from /opt/airflow/dags/xcom_dag.py
[2023-03-15 00:02:57,879] {processor.py:651} INFO - DAG(s) dict_keys(['xcom_dag']) retrieved from /opt/airflow/dags/xcom_dag.py
[2023-03-15 00:02:57,917] {logging_mixin.py:115} INFO - [2023-03-15 00:02:57,917] {dag.py:2371} INFO - Sync 1 DAGs
[2023-03-15 00:02:57,939] {logging_mixin.py:115} INFO - [2023-03-15 00:02:57,938] {dag.py:2919} INFO - Setting next_dagrun for xcom_dag to 2023-03-14T00:00:00+00:00, run_after=2023-03-15T00:00:00+00:00
[2023-03-15 00:02:57,947] {processor.py:161} INFO - Processing /opt/airflow/dags/xcom_dag.py took 0.106 seconds
[2023-03-15 00:03:28,041] {processor.py:153} INFO - Started process (PID=87513) to work on /opt/airflow/dags/xcom_dag.py
[2023-03-15 00:03:28,044] {processor.py:641} INFO - Processing file /opt/airflow/dags/xcom_dag.py for tasks to queue
[2023-03-15 00:03:28,045] {logging_mixin.py:115} INFO - [2023-03-15 00:03:28,045] {dagbag.py:507} INFO - Filling up the DagBag from /opt/airflow/dags/xcom_dag.py
[2023-03-15 00:03:28,070] {processor.py:651} INFO - DAG(s) dict_keys(['xcom_dag']) retrieved from /opt/airflow/dags/xcom_dag.py
[2023-03-15 00:03:28,143] {logging_mixin.py:115} INFO - [2023-03-15 00:03:28,143] {dag.py:2371} INFO - Sync 1 DAGs
[2023-03-15 00:03:28,180] {logging_mixin.py:115} INFO - [2023-03-15 00:03:28,180] {dag.py:2919} INFO - Setting next_dagrun for xcom_dag to 2023-03-14T00:00:00+00:00, run_after=2023-03-15T00:00:00+00:00
[2023-03-15 00:03:28,195] {processor.py:161} INFO - Processing /opt/airflow/dags/xcom_dag.py took 0.182 seconds
[2023-03-15 00:03:58,814] {processor.py:153} INFO - Started process (PID=87572) to work on /opt/airflow/dags/xcom_dag.py
[2023-03-15 00:03:58,817] {processor.py:641} INFO - Processing file /opt/airflow/dags/xcom_dag.py for tasks to queue
[2023-03-15 00:03:58,820] {logging_mixin.py:115} INFO - [2023-03-15 00:03:58,819] {dagbag.py:507} INFO - Filling up the DagBag from /opt/airflow/dags/xcom_dag.py
[2023-03-15 00:03:58,887] {processor.py:651} INFO - DAG(s) dict_keys(['xcom_dag']) retrieved from /opt/airflow/dags/xcom_dag.py
[2023-03-15 00:03:58,979] {logging_mixin.py:115} INFO - [2023-03-15 00:03:58,979] {dag.py:2371} INFO - Sync 1 DAGs
[2023-03-15 00:03:59,009] {logging_mixin.py:115} INFO - [2023-03-15 00:03:59,009] {dag.py:2919} INFO - Setting next_dagrun for xcom_dag to 2023-03-14T00:00:00+00:00, run_after=2023-03-15T00:00:00+00:00
[2023-03-15 00:03:59,022] {processor.py:161} INFO - Processing /opt/airflow/dags/xcom_dag.py took 0.217 seconds
[2023-03-15 00:04:29,424] {processor.py:153} INFO - Started process (PID=87639) to work on /opt/airflow/dags/xcom_dag.py
[2023-03-15 00:04:29,426] {processor.py:641} INFO - Processing file /opt/airflow/dags/xcom_dag.py for tasks to queue
[2023-03-15 00:04:29,428] {logging_mixin.py:115} INFO - [2023-03-15 00:04:29,428] {dagbag.py:507} INFO - Filling up the DagBag from /opt/airflow/dags/xcom_dag.py
[2023-03-15 00:04:29,455] {processor.py:651} INFO - DAG(s) dict_keys(['xcom_dag']) retrieved from /opt/airflow/dags/xcom_dag.py
[2023-03-15 00:04:29,521] {logging_mixin.py:115} INFO - [2023-03-15 00:04:29,521] {dag.py:2371} INFO - Sync 1 DAGs
[2023-03-15 00:04:29,546] {logging_mixin.py:115} INFO - [2023-03-15 00:04:29,546] {dag.py:2919} INFO - Setting next_dagrun for xcom_dag to 2023-03-14T00:00:00+00:00, run_after=2023-03-15T00:00:00+00:00
[2023-03-15 00:04:29,563] {processor.py:161} INFO - Processing /opt/airflow/dags/xcom_dag.py took 0.146 seconds
[2023-03-15 00:05:00,284] {processor.py:153} INFO - Started process (PID=87706) to work on /opt/airflow/dags/xcom_dag.py
[2023-03-15 00:05:00,286] {processor.py:641} INFO - Processing file /opt/airflow/dags/xcom_dag.py for tasks to queue
[2023-03-15 00:05:00,291] {logging_mixin.py:115} INFO - [2023-03-15 00:05:00,290] {dagbag.py:507} INFO - Filling up the DagBag from /opt/airflow/dags/xcom_dag.py
[2023-03-15 00:05:00,316] {processor.py:651} INFO - DAG(s) dict_keys(['xcom_dag']) retrieved from /opt/airflow/dags/xcom_dag.py
[2023-03-15 00:05:00,346] {logging_mixin.py:115} INFO - [2023-03-15 00:05:00,346] {dag.py:2371} INFO - Sync 1 DAGs
[2023-03-15 00:05:00,385] {logging_mixin.py:115} INFO - [2023-03-15 00:05:00,385] {dag.py:2919} INFO - Setting next_dagrun for xcom_dag to 2023-03-14T00:00:00+00:00, run_after=2023-03-15T00:00:00+00:00
[2023-03-15 00:05:00,396] {processor.py:161} INFO - Processing /opt/airflow/dags/xcom_dag.py took 0.127 seconds
[2023-03-15 00:05:30,545] {processor.py:153} INFO - Started process (PID=87763) to work on /opt/airflow/dags/xcom_dag.py
[2023-03-15 00:05:30,547] {processor.py:641} INFO - Processing file /opt/airflow/dags/xcom_dag.py for tasks to queue
[2023-03-15 00:05:30,548] {logging_mixin.py:115} INFO - [2023-03-15 00:05:30,548] {dagbag.py:507} INFO - Filling up the DagBag from /opt/airflow/dags/xcom_dag.py
[2023-03-15 00:05:30,570] {processor.py:651} INFO - DAG(s) dict_keys(['xcom_dag']) retrieved from /opt/airflow/dags/xcom_dag.py
[2023-03-15 00:05:30,615] {logging_mixin.py:115} INFO - [2023-03-15 00:05:30,615] {dag.py:2371} INFO - Sync 1 DAGs
[2023-03-15 00:05:30,641] {logging_mixin.py:115} INFO - [2023-03-15 00:05:30,640] {dag.py:2919} INFO - Setting next_dagrun for xcom_dag to 2023-03-14T00:00:00+00:00, run_after=2023-03-15T00:00:00+00:00
[2023-03-15 00:05:30,649] {processor.py:161} INFO - Processing /opt/airflow/dags/xcom_dag.py took 0.113 seconds
[2023-03-15 00:06:01,126] {processor.py:153} INFO - Started process (PID=87832) to work on /opt/airflow/dags/xcom_dag.py
[2023-03-15 00:06:01,129] {processor.py:641} INFO - Processing file /opt/airflow/dags/xcom_dag.py for tasks to queue
[2023-03-15 00:06:01,130] {logging_mixin.py:115} INFO - [2023-03-15 00:06:01,130] {dagbag.py:507} INFO - Filling up the DagBag from /opt/airflow/dags/xcom_dag.py
[2023-03-15 00:06:01,163] {processor.py:651} INFO - DAG(s) dict_keys(['xcom_dag']) retrieved from /opt/airflow/dags/xcom_dag.py
[2023-03-15 00:06:01,211] {logging_mixin.py:115} INFO - [2023-03-15 00:06:01,211] {dag.py:2371} INFO - Sync 1 DAGs
[2023-03-15 00:06:01,251] {logging_mixin.py:115} INFO - [2023-03-15 00:06:01,251] {dag.py:2919} INFO - Setting next_dagrun for xcom_dag to 2023-03-14T00:00:00+00:00, run_after=2023-03-15T00:00:00+00:00
[2023-03-15 00:06:01,263] {processor.py:161} INFO - Processing /opt/airflow/dags/xcom_dag.py took 0.146 seconds
[2023-03-15 00:06:31,868] {processor.py:153} INFO - Started process (PID=87900) to work on /opt/airflow/dags/xcom_dag.py
[2023-03-15 00:06:31,869] {processor.py:641} INFO - Processing file /opt/airflow/dags/xcom_dag.py for tasks to queue
[2023-03-15 00:06:31,871] {logging_mixin.py:115} INFO - [2023-03-15 00:06:31,871] {dagbag.py:507} INFO - Filling up the DagBag from /opt/airflow/dags/xcom_dag.py
[2023-03-15 00:06:31,918] {processor.py:651} INFO - DAG(s) dict_keys(['xcom_dag']) retrieved from /opt/airflow/dags/xcom_dag.py
[2023-03-15 00:06:31,954] {logging_mixin.py:115} INFO - [2023-03-15 00:06:31,954] {dag.py:2371} INFO - Sync 1 DAGs
[2023-03-15 00:06:31,976] {logging_mixin.py:115} INFO - [2023-03-15 00:06:31,976] {dag.py:2919} INFO - Setting next_dagrun for xcom_dag to 2023-03-14T00:00:00+00:00, run_after=2023-03-15T00:00:00+00:00
[2023-03-15 00:06:31,986] {processor.py:161} INFO - Processing /opt/airflow/dags/xcom_dag.py took 0.125 seconds
[2023-03-15 00:07:03,009] {processor.py:153} INFO - Started process (PID=87968) to work on /opt/airflow/dags/xcom_dag.py
[2023-03-15 00:07:03,013] {processor.py:641} INFO - Processing file /opt/airflow/dags/xcom_dag.py for tasks to queue
[2023-03-15 00:07:03,015] {logging_mixin.py:115} INFO - [2023-03-15 00:07:03,015] {dagbag.py:507} INFO - Filling up the DagBag from /opt/airflow/dags/xcom_dag.py
[2023-03-15 00:07:03,039] {processor.py:651} INFO - DAG(s) dict_keys(['xcom_dag']) retrieved from /opt/airflow/dags/xcom_dag.py
[2023-03-15 00:07:03,088] {logging_mixin.py:115} INFO - [2023-03-15 00:07:03,088] {dag.py:2371} INFO - Sync 1 DAGs
[2023-03-15 00:07:03,109] {logging_mixin.py:115} INFO - [2023-03-15 00:07:03,109] {dag.py:2919} INFO - Setting next_dagrun for xcom_dag to 2023-03-14T00:00:00+00:00, run_after=2023-03-15T00:00:00+00:00
[2023-03-15 00:07:03,119] {processor.py:161} INFO - Processing /opt/airflow/dags/xcom_dag.py took 0.127 seconds
[2023-03-15 00:07:33,219] {processor.py:153} INFO - Started process (PID=88026) to work on /opt/airflow/dags/xcom_dag.py
[2023-03-15 00:07:33,222] {processor.py:641} INFO - Processing file /opt/airflow/dags/xcom_dag.py for tasks to queue
[2023-03-15 00:07:33,227] {logging_mixin.py:115} INFO - [2023-03-15 00:07:33,226] {dagbag.py:507} INFO - Filling up the DagBag from /opt/airflow/dags/xcom_dag.py
[2023-03-15 00:07:33,271] {processor.py:651} INFO - DAG(s) dict_keys(['xcom_dag']) retrieved from /opt/airflow/dags/xcom_dag.py
[2023-03-15 00:07:33,329] {logging_mixin.py:115} INFO - [2023-03-15 00:07:33,329] {dag.py:2371} INFO - Sync 1 DAGs
[2023-03-15 00:07:33,352] {logging_mixin.py:115} INFO - [2023-03-15 00:07:33,352] {dag.py:2919} INFO - Setting next_dagrun for xcom_dag to 2023-03-14T00:00:00+00:00, run_after=2023-03-15T00:00:00+00:00
[2023-03-15 00:07:33,363] {processor.py:161} INFO - Processing /opt/airflow/dags/xcom_dag.py took 0.154 seconds
