[2022-09-14 05:14:38,422] {taskinstance.py:1159} INFO - Dependencies all met for <TaskInstance: user_processing.process_user __airflow_temporary_run_2022-09-14T05:14:37.073860+00:00__ [queued]>
[2022-09-14 05:14:38,430] {taskinstance.py:1159} INFO - Dependencies all met for <TaskInstance: user_processing.process_user __airflow_temporary_run_2022-09-14T05:14:37.073860+00:00__ [queued]>
[2022-09-14 05:14:38,432] {taskinstance.py:1356} INFO - 
--------------------------------------------------------------------------------
[2022-09-14 05:14:38,435] {taskinstance.py:1357} INFO - Starting attempt 1 of 1
[2022-09-14 05:14:38,436] {taskinstance.py:1358} INFO - 
--------------------------------------------------------------------------------
[2022-09-14 05:14:38,455] {taskinstance.py:1377} INFO - Executing <Task(PythonOperator): process_user> on 2022-09-14 00:00:00+00:00
[2022-09-14 05:14:38,463] {standard_task_runner.py:52} INFO - Started process 14317 to run task
[2022-09-14 05:14:38,477] {standard_task_runner.py:79} INFO - Running: ['***', 'tasks', 'run', 'user_processing', 'process_user', '__***_temporary_run_2022-09-14T05:14:37.073860+00:00__', '--job-id', '49', '--raw', '--subdir', 'DAGS_FOLDER/user_processing.py', '--cfg-path', '/tmp/tmp8joa7g2x', '--error-file', '/tmp/tmpnw0a5ut5']
[2022-09-14 05:14:38,480] {standard_task_runner.py:80} INFO - Job 49: Subtask process_user
[2022-09-14 05:14:38,577] {task_command.py:369} INFO - Running <TaskInstance: user_processing.process_user __airflow_temporary_run_2022-09-14T05:14:37.073860+00:00__ [running]> on host 5282528dd996
[2022-09-14 05:14:38,715] {taskinstance.py:1571} INFO - Exporting the following env vars:
AIRFLOW_CTX_DAG_OWNER=***
AIRFLOW_CTX_DAG_ID=user_processing
AIRFLOW_CTX_TASK_ID=process_user
AIRFLOW_CTX_EXECUTION_DATE=2022-09-14T00:00:00+00:00
AIRFLOW_CTX_TRY_NUMBER=1
AIRFLOW_CTX_DAG_RUN_ID=__***_temporary_run_2022-09-14T05:14:37.073860+00:00__
[2022-09-14 05:14:38,724] {taskinstance.py:1889} ERROR - Task failed with exception
Traceback (most recent call last):
  File "/home/airflow/.local/lib/python3.7/site-packages/airflow/operators/python.py", line 171, in execute
    return_value = self.execute_callable()
  File "/home/airflow/.local/lib/python3.7/site-packages/airflow/operators/python.py", line 189, in execute_callable
    return self.python_callable(*self.op_args, **self.op_kwargs)
  File "/opt/airflow/dags/user_processing.py", line 14, in _process_user
    user= user['results'][0]
TypeError: 'NoneType' object is not subscriptable
[2022-09-14 05:14:38,733] {taskinstance.py:1400} INFO - Marking task as FAILED. dag_id=user_processing, task_id=process_user, execution_date=20220914T000000, start_date=20220914T051438, end_date=20220914T051438
[2022-09-14 05:14:38,745] {standard_task_runner.py:97} ERROR - Failed to execute job 49 for task process_user ('NoneType' object is not subscriptable; 14317)
[2022-09-14 05:14:38,772] {local_task_job.py:156} INFO - Task exited with return code 1
[2022-09-14 05:14:38,809] {local_task_job.py:273} INFO - 0 downstream tasks scheduled from follow-on schedule check
