[2022-10-18 06:13:28,769] {taskinstance.py:1159} INFO - Dependencies all met for <TaskInstance: user_processing.create_table manual__2022-10-18T06:13:27.731070+00:00 [queued]>
[2022-10-18 06:13:28,776] {taskinstance.py:1159} INFO - Dependencies all met for <TaskInstance: user_processing.create_table manual__2022-10-18T06:13:27.731070+00:00 [queued]>
[2022-10-18 06:13:28,777] {taskinstance.py:1356} INFO - 
--------------------------------------------------------------------------------
[2022-10-18 06:13:28,777] {taskinstance.py:1357} INFO - Starting attempt 1 of 1
[2022-10-18 06:13:28,778] {taskinstance.py:1358} INFO - 
--------------------------------------------------------------------------------
[2022-10-18 06:13:28,786] {taskinstance.py:1377} INFO - Executing <Task(PostgresOperator): create_table> on 2022-10-18 06:13:27.731070+00:00
[2022-10-18 06:13:28,792] {standard_task_runner.py:52} INFO - Started process 2183 to run task
[2022-10-18 06:13:28,796] {standard_task_runner.py:79} INFO - Running: ['***', 'tasks', 'run', 'user_processing', 'create_table', 'manual__2022-10-18T06:13:27.731070+00:00', '--job-id', '62', '--raw', '--subdir', 'DAGS_FOLDER/user_processing.py', '--cfg-path', '/tmp/tmp4x8kj0gl', '--error-file', '/tmp/tmp4vo4i5tz']
[2022-10-18 06:13:28,797] {standard_task_runner.py:80} INFO - Job 62: Subtask create_table
[2022-10-18 06:13:28,855] {task_command.py:369} INFO - Running <TaskInstance: user_processing.create_table manual__2022-10-18T06:13:27.731070+00:00 [running]> on host 5282528dd996
[2022-10-18 06:13:28,913] {taskinstance.py:1571} INFO - Exporting the following env vars:
AIRFLOW_CTX_DAG_OWNER=***
AIRFLOW_CTX_DAG_ID=user_processing
AIRFLOW_CTX_TASK_ID=create_table
AIRFLOW_CTX_EXECUTION_DATE=2022-10-18T06:13:27.731070+00:00
AIRFLOW_CTX_TRY_NUMBER=1
AIRFLOW_CTX_DAG_RUN_ID=manual__2022-10-18T06:13:27.731070+00:00
[2022-10-18 06:13:28,923] {base.py:68} INFO - Using connection ID 'postgres' for task execution.
[2022-10-18 06:13:28,931] {dbapi.py:208} INFO - Running statement: 
            create table if not exists users(
                firstname TEXT NOT NULL,
                lastname TEXT NOT NULL,
                country TEXT NOT NULL,
                username TEXT NOT NULL,
                password TEXT NOT NULL,
                email TEXT NOT NULL
            );
        , parameters: None
[2022-10-18 06:13:28,933] {postgres.py:94} INFO - NOTICE:  relation "users" already exists, skipping

[2022-10-18 06:13:28,941] {taskinstance.py:1400} INFO - Marking task as SUCCESS. dag_id=user_processing, task_id=create_table, execution_date=20221018T061327, start_date=20221018T061328, end_date=20221018T061328
[2022-10-18 06:13:28,968] {local_task_job.py:156} INFO - Task exited with return code 0
[2022-10-18 06:13:28,994] {local_task_job.py:273} INFO - 1 downstream tasks scheduled from follow-on schedule check
