[2023-03-13 22:45:13,481] {taskinstance.py:1159} INFO - Dependencies all met for <TaskInstance: group_dag.transform_a manual__2023-03-13T22:44:48.215198+00:00 [queued]>
[2023-03-13 22:45:13,500] {taskinstance.py:1159} INFO - Dependencies all met for <TaskInstance: group_dag.transform_a manual__2023-03-13T22:44:48.215198+00:00 [queued]>
[2023-03-13 22:45:13,502] {taskinstance.py:1356} INFO - 
--------------------------------------------------------------------------------
[2023-03-13 22:45:13,504] {taskinstance.py:1357} INFO - Starting attempt 1 of 1
[2023-03-13 22:45:13,505] {taskinstance.py:1358} INFO - 
--------------------------------------------------------------------------------
[2023-03-13 22:45:13,525] {taskinstance.py:1377} INFO - Executing <Task(BashOperator): transform_a> on 2023-03-13 22:44:48.215198+00:00
[2023-03-13 22:45:13,539] {standard_task_runner.py:52} INFO - Started process 9121 to run task
[2023-03-13 22:45:13,555] {standard_task_runner.py:79} INFO - Running: ['***', 'tasks', 'run', 'group_dag', 'transform_a', 'manual__2023-03-13T22:44:48.215198+00:00', '--job-id', '180', '--raw', '--subdir', 'DAGS_FOLDER/group_dag.py', '--cfg-path', '/tmp/tmpva1yxoxj', '--error-file', '/tmp/tmpyl9uxexl']
[2023-03-13 22:45:13,557] {standard_task_runner.py:80} INFO - Job 180: Subtask transform_a
[2023-03-13 22:45:13,739] {task_command.py:369} INFO - Running <TaskInstance: group_dag.transform_a manual__2023-03-13T22:44:48.215198+00:00 [running]> on host 5282528dd996
[2023-03-13 22:45:13,881] {taskinstance.py:1571} INFO - Exporting the following env vars:
AIRFLOW_CTX_DAG_OWNER=***
AIRFLOW_CTX_DAG_ID=group_dag
AIRFLOW_CTX_TASK_ID=transform_a
AIRFLOW_CTX_EXECUTION_DATE=2023-03-13T22:44:48.215198+00:00
AIRFLOW_CTX_TRY_NUMBER=1
AIRFLOW_CTX_DAG_RUN_ID=manual__2023-03-13T22:44:48.215198+00:00
[2023-03-13 22:45:13,883] {subprocess.py:62} INFO - Tmp dir root location: 
 /tmp
[2023-03-13 22:45:13,884] {subprocess.py:74} INFO - Running command: ['bash', '-c', 'sleep 10']
[2023-03-13 22:45:13,894] {subprocess.py:85} INFO - Output:
[2023-03-13 22:45:23,899] {subprocess.py:96} INFO - Command exited with return code 0
[2023-03-13 22:45:24,071] {taskinstance.py:1400} INFO - Marking task as SUCCESS. dag_id=group_dag, task_id=transform_a, execution_date=20230313T224448, start_date=20230313T224513, end_date=20230313T224524
[2023-03-13 22:45:24,169] {local_task_job.py:156} INFO - Task exited with return code 0
[2023-03-13 22:45:24,259] {local_task_job.py:273} INFO - 0 downstream tasks scheduled from follow-on schedule check
